nohup: ignoring input

Attaching package: ‘dplyr’

The following objects are masked from ‘package:stats’:

    filter, lag

The following objects are masked from ‘package:base’:

    intersect, setdiff, setequal, union


Attaching package: ‘data.table’

The following objects are masked from ‘package:dplyr’:

    between, first, last

ℹ Updating SigBridgeR documentation
ℹ Loading SigBridgeR
✔ SigBridgeR v2.5.4 loaded
ℹ [2025/12/05 10:09:45] Scissor start...
ℹ [2025/12/05 10:09:45] Start from raw data...
ℹ Using "RNA_snn" graph for network.
Warning in asMethod(object) :
  sparse->dense coercion: allocating vector of size 22.3 GiB
ℹ [2025/12/05 10:10:05] Normalizing quantiles of data
Warning in asMethod(object) :
  sparse->dense coercion: allocating vector of size 5.0 GiB
ℹ [2025/12/05 10:11:36] Subsetting data
ℹ [2025/12/05 10:11:43] Calculating correlation
----------------------------------------
Five-number summary of correlations:
0.404462 0.437457 0.448374 0.458635 0.486082
----------------------------------------
ℹ Current phenotype contains 111 relapse_Negative and 22 relapse_Positive samples.
ℹ [2025/12/05 10:14:21] Perform logistic regression on the given phenotypes...
ℹ [2025/12/05 10:14:21] Screening...

── At alpha = 0.005 ──

Scissor identified 1 Scissor+ cells and 0 Scissor- cells.
The percentage of selected cell is: 0.002%
ℹ [2025/12/05 10:43:14] Scissor Ended.
