nohup: ignoring input

Attaching package: ‘dplyr’

The following objects are masked from ‘package:stats’:

    filter, lag

The following objects are masked from ‘package:base’:

    intersect, setdiff, setequal, union


Attaching package: ‘data.table’

The following objects are masked from ‘package:dplyr’:

    between, first, last

✔ ScPP v0.0.2 loaded
ℹ Updating SigBridgeR documentation
ℹ Loading SigBridgeR
✔ SigBridgeR v2.5.4 loaded
ℹ [2025/12/15 15:23:17] Start scPP screening.
ℹ [2025/12/15 15:23:17] Finding overall markers...
ℹ [2025/12/15 15:23:18] Screening...
ℹ [2025/12/15 15:23:18] Running fixed threshold mode with prob = 0.47
ℹ [2025/12/15 15:23:19] Computing AUC scores...
Registered S3 methods overwritten by 'Seqinfo':
  method                from        
  as.data.frame.Seqinfo GenomeInfoDb
  merge.Seqinfo         GenomeInfoDb
  summary.Seqinfo       GenomeInfoDb
Genes in the gene sets NOT available in the dataset: 
	gene_pos: 	289 (70% of 411)
	gene_neg: 	1430 (73% of 1970)
✔ [2025/12/15 15:24:20] Classified 14262 Positive, 14106 Negative cells
ℹ [2025/12/15 15:24:20] Finding markers between `Positive` and `Negative` group...
✔ [2025/12/15 15:24:32] Found 1625 positive markers, 1341 negative markers
Warning: stack imbalance in '<-', 133 then 135
✔ [2025/12/15 15:24:32] scPP screening done.
Warning: stack imbalance in '{', 129 then 131
Warning: stack imbalance in '{', 122 then 124
Warning: stack imbalance in 'switch', 118 then 120
Warning: stack imbalance in '{', 114 then 116
! scPP result is not complete, maybe not suitable for this parameter pair, using default FALSE.prob = 0.47, Log2FC_cutoff = 0.211, process_27
ℹ [2025/12/15 15:24:34] Start scPP screening.
ℹ [2025/12/15 15:24:34] Finding overall markers...
ℹ [2025/12/15 15:24:35] Screening...
ℹ [2025/12/15 15:24:35] Running fixed threshold mode with prob = 0.43
ℹ [2025/12/15 15:24:36] Computing AUC scores...
Genes in the gene sets NOT available in the dataset: 
	gene_pos: 	237 (70% of 339)
	gene_neg: 	801 (70% of 1142)
✔ [2025/12/15 15:25:28] Classified 11905 Positive, 11585 Negative cells
ℹ [2025/12/15 15:25:28] Finding markers between `Positive` and `Negative` group...
✔ [2025/12/15 15:25:38] Found 1638 positive markers, 1435 negative markers
✔ [2025/12/15 15:25:38] scPP screening done.
! scPP result is not complete, maybe not suitable for this parameter pair, using default FALSE.prob = 0.43, Log2FC_cutoff = 0.27, process_28
ℹ [2025/12/15 15:25:40] Start scPP screening.
ℹ [2025/12/15 15:25:40] Finding overall markers...
ℹ [2025/12/15 15:25:41] Screening...
ℹ [2025/12/15 15:25:41] Running fixed threshold mode with prob = 0.02
ℹ [2025/12/15 15:25:42] Computing AUC scores...
Genes in the gene sets NOT available in the dataset: 
	gene_pos: 	319 (70% of 457)
	gene_neg: 	2362 (76% of 3100)
✔ [2025/12/15 15:26:34] Classified 260 Positive, 28 Negative cells
ℹ [2025/12/15 15:26:34] Finding markers between `Positive` and `Negative` group...
✔ [2025/12/15 15:26:37] Found 130 positive markers, 201 negative markers
✔ [2025/12/15 15:26:37] scPP screening done.
! scPP result is not complete, maybe not suitable for this parameter pair, using default FALSE.prob = 0.02, Log2FC_cutoff = 0.174, process_29
ℹ [2025/12/15 15:26:38] Start scPP screening.
ℹ [2025/12/15 15:26:38] Finding overall markers...
ℹ [2025/12/15 15:26:39] Screening...
ℹ [2025/12/15 15:26:39] Running fixed threshold mode with prob = 0.46
ℹ [2025/12/15 15:26:40] Computing AUC scores...
Genes in the gene sets NOT available in the dataset: 
	gene_pos: 	93 (67% of 139)
	gene_neg: 	142 (64% of 223)
✔ [2025/12/15 15:27:29] Classified 11829 Positive, 11689 Negative cells
ℹ [2025/12/15 15:27:29] Finding markers between `Positive` and `Negative` group...
✔ [2025/12/15 15:27:40] Found 2292 positive markers, 1573 negative markers
✔ [2025/12/15 15:27:40] scPP screening done.
! scPP result is not complete, maybe not suitable for this parameter pair, using default FALSE.prob = 0.46, Log2FC_cutoff = 0.465, process_30
ℹ [2025/12/15 15:27:42] Start scPP screening.
ℹ [2025/12/15 15:27:42] Finding overall markers...
ℹ [2025/12/15 15:27:42] Screening...
ℹ [2025/12/15 15:27:42] Running fixed threshold mode with prob = 0.43
ℹ [2025/12/15 15:27:43] Computing AUC scores...
Genes in the gene sets NOT available in the dataset: 
	gene_pos: 	6 (43% of 14)
	gene_neg: 	6 (46% of 13)
✔ [2025/12/15 15:28:31] Classified 19984 Positive, 23510 Negative cells
ℹ [2025/12/15 15:28:31] Finding markers between `Positive` and `Negative` group...
✔ [2025/12/15 15:28:46] Found 308 positive markers, 145 negative markers
✔ [2025/12/15 15:28:46] scPP screening done.
! scPP result is not complete, maybe not suitable for this parameter pair, using default FALSE.prob = 0.43, Log2FC_cutoff = 0.845, process_31
ℹ [2025/12/15 15:28:48] Start scPP screening.
ℹ [2025/12/15 15:28:48] Finding overall markers...
ℹ [2025/12/15 15:28:49] Screening...
ℹ [2025/12/15 15:28:49] Running fixed threshold mode with prob = 0.09
ℹ [2025/12/15 15:28:50] Computing AUC scores...
Genes in the gene sets NOT available in the dataset: 
	gene_pos: 	53 (64% of 83)
	gene_neg: 	74 (63% of 118)
✔ [2025/12/15 15:29:38] Classified 382 Positive, 399 Negative cells
ℹ [2025/12/15 15:29:38] Finding markers between `Positive` and `Negative` group...
✔ [2025/12/15 15:29:41] Found 1091 positive markers, 407 negative markers
✔ [2025/12/15 15:29:41] scPP screening done.
! scPP result is not complete, maybe not suitable for this parameter pair, using default FALSE.prob = 0.09, Log2FC_cutoff = 0.545, process_32
ℹ [2025/12/15 15:29:43] Start scPP screening.
ℹ [2025/12/15 15:29:43] Finding overall markers...
ℹ [2025/12/15 15:29:43] Screening...
ℹ [2025/12/15 15:29:43] Running fixed threshold mode with prob = 0.3
ℹ [2025/12/15 15:29:44] Computing AUC scores...
Genes in the gene sets NOT available in the dataset: 
	gene_pos: 	9 (47% of 19)
	gene_neg: 	12 (44% of 27)
✔ [2025/12/15 15:30:33] Classified 9396 Positive, 4598 Negative cells
ℹ [2025/12/15 15:30:33] Finding markers between `Positive` and `Negative` group...
✔ [2025/12/15 15:30:39] Found 1331 positive markers, 653 negative markers
✔ [2025/12/15 15:30:39] scPP screening done.
! scPP result is not complete, maybe not suitable for this parameter pair, using default FALSE.prob = 0.3, Log2FC_cutoff = 0.765, process_33
ℹ [2025/12/15 15:30:41] Start scPP screening.
ℹ [2025/12/15 15:30:41] Finding overall markers...
ℹ [2025/12/15 15:30:42] Screening...
ℹ [2025/12/15 15:30:42] Running fixed threshold mode with prob = 0.33
ℹ [2025/12/15 15:30:43] Computing AUC scores...
Genes in the gene sets NOT available in the dataset: 
	gene_pos: 	296 (71% of 419)
	gene_neg: 	1545 (73% of 2120)
✔ [2025/12/15 15:31:34] Classified 8002 Positive, 7384 Negative cells
ℹ [2025/12/15 15:31:34] Finding markers between `Positive` and `Negative` group...
✔ [2025/12/15 15:31:42] Found 1803 positive markers, 1437 negative markers
✔ [2025/12/15 15:31:42] scPP screening done.
! scPP result is not complete, maybe not suitable for this parameter pair, using default FALSE.prob = 0.33, Log2FC_cutoff = 0.204, process_34
ℹ [2025/12/15 15:31:44] Start scPP screening.
ℹ [2025/12/15 15:31:44] Finding overall markers...
ℹ [2025/12/15 15:31:44] Screening...
ℹ [2025/12/15 15:31:44] Running fixed threshold mode with prob = 0.35
ℹ [2025/12/15 15:31:45] Computing AUC scores...
Genes in the gene sets NOT available in the dataset: 
	gene_pos: 	28 (62% of 45)
	gene_neg: 	35 (58% of 60)
✔ [2025/12/15 15:32:34] Classified 5967 Positive, 6140 Negative cells
ℹ [2025/12/15 15:32:34] Finding markers between `Positive` and `Negative` group...
✔ [2025/12/15 15:32:39] Found 678 positive markers, 587 negative markers
✔ [2025/12/15 15:32:39] scPP screening done.
! scPP result is not complete, maybe not suitable for this parameter pair, using default FALSE.prob = 0.35, Log2FC_cutoff = 0.636, process_35
ℹ [2025/12/15 15:32:41] Start scPP screening.
ℹ [2025/12/15 15:32:41] Finding overall markers...
ℹ [2025/12/15 15:32:41] Screening...
ℹ [2025/12/15 15:32:41] Running fixed threshold mode with prob = 0.25
ℹ [2025/12/15 15:32:42] Computing AUC scores...
Genes in the gene sets NOT available in the dataset: 
	gene_pos: 	10 (48% of 21)
	gene_neg: 	14 (48% of 29)
✔ [2025/12/15 15:33:31] Classified 7712 Positive, 3108 Negative cells
ℹ [2025/12/15 15:33:31] Finding markers between `Positive` and `Negative` group...
✔ [2025/12/15 15:33:36] Found 1570 positive markers, 707 negative markers
✔ [2025/12/15 15:33:36] scPP screening done.
! scPP result is not complete, maybe not suitable for this parameter pair, using default FALSE.prob = 0.25, Log2FC_cutoff = 0.755, process_36
ℹ [2025/12/15 15:33:38] Start scPP screening.
ℹ [2025/12/15 15:33:38] Finding overall markers...
ℹ [2025/12/15 15:33:38] Screening...
ℹ [2025/12/15 15:33:38] Running fixed threshold mode with prob = 0.45
ℹ [2025/12/15 15:33:39] Computing AUC scores...
Warning in .AUCell_calcAUC(geneSets = geneSets, rankings = rankings, nCores = nCores,  :
  The following gene sets will be excluded from the analysis(less than 20% of their genes are available):
gene_neg
Genes in the gene sets NOT available in the dataset: 
	gene_pos: 	341 (70% of 485)
Warning: AUC calculation did not return expected gene sets.  This may result from
inproper parameters, or missing genes in the dataset. returning empty results.
✔ [2025/12/15 15:34:31] scPP screening done.
! scPP result is not complete, maybe not suitable for this parameter pair, using default FALSE.prob = 0.45, Log2FC_cutoff = 0.134, process_37
ℹ [2025/12/15 15:34:33] Start scPP screening.
ℹ [2025/12/15 15:34:33] Finding overall markers...
ℹ [2025/12/15 15:34:33] Screening...
ℹ [2025/12/15 15:34:33] Running fixed threshold mode with prob = 0.49
ℹ [2025/12/15 15:34:34] Computing AUC scores...
Genes in the gene sets NOT available in the dataset: 
	gene_pos: 	26 (60% of 43)
	gene_neg: 	35 (59% of 59)
✔ [2025/12/15 15:35:21] Classified 12503 Positive, 12555 Negative cells
ℹ [2025/12/15 15:35:21] Finding markers between `Positive` and `Negative` group...
✔ [2025/12/15 15:35:31] Found 439 positive markers, 369 negative markers
✔ [2025/12/15 15:35:31] scPP screening done.
! scPP result is not complete, maybe not suitable for this parameter pair, using default FALSE.prob = 0.49, Log2FC_cutoff = 0.642, process_38
ℹ [2025/12/15 15:35:33] Start scPP screening.
ℹ [2025/12/15 15:35:33] Finding overall markers...
ℹ [2025/12/15 15:35:33] Screening...
ℹ [2025/12/15 15:35:33] Running fixed threshold mode with prob = 0.39
ℹ [2025/12/15 15:35:34] Computing AUC scores...
Warning in .AUCell_calcAUC(geneSets = geneSets, rankings = rankings, nCores = nCores,  :
  The following gene sets will be excluded from the analysis(less than 20% of their genes are available):
gene_neg
Genes in the gene sets NOT available in the dataset: 
	gene_pos: 	358 (71% of 506)
Warning: AUC calculation did not return expected gene sets.  This may result from
inproper parameters, or missing genes in the dataset. returning empty results.
✔ [2025/12/15 15:36:27] scPP screening done.
! scPP result is not complete, maybe not suitable for this parameter pair, using default FALSE.prob = 0.39, Log2FC_cutoff = 0.056, process_39
ℹ [2025/12/15 15:36:28] Start scPP screening.
ℹ [2025/12/15 15:36:28] Finding overall markers...
ℹ [2025/12/15 15:36:28] Screening...
ℹ [2025/12/15 15:36:28] Running fixed threshold mode with prob = 0.07
ℹ [2025/12/15 15:36:29] Computing AUC scores...
Genes in the gene sets NOT available in the dataset: 
	gene_pos: 	228 (70% of 325)
	gene_neg: 	768 (71% of 1084)
✔ [2025/12/15 15:37:19] Classified 569 Positive, 258 Negative cells
ℹ [2025/12/15 15:37:19] Finding markers between `Positive` and `Negative` group...
✔ [2025/12/15 15:37:22] Found 835 positive markers, 408 negative markers
✔ [2025/12/15 15:37:22] scPP screening done.
! scPP result is not complete, maybe not suitable for this parameter pair, using default FALSE.prob = 0.07, Log2FC_cutoff = 0.277, process_40
ℹ [2025/12/15 15:37:23] Start scPP screening.
ℹ [2025/12/15 15:37:23] Finding overall markers...
ℹ [2025/12/15 15:37:24] Screening...
ℹ [2025/12/15 15:37:24] Running fixed threshold mode with prob = 0.45
ℹ [2025/12/15 15:37:24] Computing AUC scores...
Genes in the gene sets NOT available in the dataset: 
	gene_pos: 	331 (70% of 472)
	gene_neg: 	3158 (79% of 4003)
✔ [2025/12/15 15:38:16] Classified 13693 Positive, 13399 Negative cells
ℹ [2025/12/15 15:38:16] Finding markers between `Positive` and `Negative` group...
✔ [2025/12/15 15:38:27] Found 1767 positive markers, 1230 negative markers
✔ [2025/12/15 15:38:28] scPP screening done.
! scPP result is not complete, maybe not suitable for this parameter pair, using default FALSE.prob = 0.45, Log2FC_cutoff = 0.157, process_41
ℹ [2025/12/15 15:38:29] Start scPP screening.
ℹ [2025/12/15 15:38:29] Finding overall markers...
ℹ [2025/12/15 15:38:30] Screening...
ℹ [2025/12/15 15:38:30] Running fixed threshold mode with prob = 0.3
ℹ [2025/12/15 15:38:30] Computing AUC scores...
Warning in .AUCell_calcAUC(geneSets = geneSets, rankings = rankings, nCores = nCores,  :
  The following gene sets will be excluded from the analysis(less than 20% of their genes are available):
gene_neg
Genes in the gene sets NOT available in the dataset: 
	gene_pos: 	358 (71% of 506)
Warning: AUC calculation did not return expected gene sets.  This may result from
inproper parameters, or missing genes in the dataset. returning empty results.
✔ [2025/12/15 15:39:22] scPP screening done.
! scPP result is not complete, maybe not suitable for this parameter pair, using default FALSE.prob = 0.3, Log2FC_cutoff = 0.009, process_42
ℹ [2025/12/15 15:39:23] Start scPP screening.
ℹ [2025/12/15 15:39:23] Finding overall markers...
ℹ [2025/12/15 15:39:23] Screening...
ℹ [2025/12/15 15:39:23] Running fixed threshold mode with prob = 0.08
ℹ [2025/12/15 15:39:24] Computing AUC scores...
Genes in the gene sets NOT available in the dataset: 
	gene_pos: 	13 (52% of 25)
	gene_neg: 	18 (51% of 35)
✔ [2025/12/15 15:40:12] Classified 2229 Positive, 280 Negative cells
ℹ [2025/12/15 15:40:12] Finding markers between `Positive` and `Negative` group...
✔ [2025/12/15 15:40:15] Found 762 positive markers, 683 negative markers
✔ [2025/12/15 15:40:15] scPP screening done.
! scPP result is not complete, maybe not suitable for this parameter pair, using default FALSE.prob = 0.08, Log2FC_cutoff = 0.725, process_43
ℹ [2025/12/15 15:40:16] Start scPP screening.
ℹ [2025/12/15 15:40:16] Finding overall markers...
ℹ [2025/12/15 15:40:17] Screening...
ℹ [2025/12/15 15:40:17] Running fixed threshold mode with prob = 0.36
ℹ [2025/12/15 15:40:17] Computing AUC scores...
Genes in the gene sets NOT available in the dataset: 
	gene_pos: 	323 (70% of 462)
	gene_neg: 	2610 (77% of 3387)
✔ [2025/12/15 15:41:08] Classified 9860 Positive, 8925 Negative cells
ℹ [2025/12/15 15:41:08] Finding markers between `Positive` and `Negative` group...
✔ [2025/12/15 15:41:17] Found 2094 positive markers, 1555 negative markers
✔ [2025/12/15 15:41:17] scPP screening done.
! scPP result is not complete, maybe not suitable for this parameter pair, using default FALSE.prob = 0.36, Log2FC_cutoff = 0.168, process_44
ℹ [2025/12/15 15:41:19] Start scPP screening.
ℹ [2025/12/15 15:41:19] Finding overall markers...
ℹ [2025/12/15 15:41:19] Screening...
ℹ [2025/12/15 15:41:19] Running fixed threshold mode with prob = 0.26
ℹ [2025/12/15 15:41:19] Computing AUC scores...
Genes in the gene sets NOT available in the dataset: 
	gene_pos: 	88 (67% of 131)
	gene_neg: 	129 (63% of 206)
✔ [2025/12/15 15:42:08] Classified 3610 Positive, 3388 Negative cells
ℹ [2025/12/15 15:42:08] Finding markers between `Positive` and `Negative` group...
✔ [2025/12/15 15:42:12] Found 2869 positive markers, 1338 negative markers
✔ [2025/12/15 15:42:12] scPP screening done.
! scPP result is not complete, maybe not suitable for this parameter pair, using default FALSE.prob = 0.26, Log2FC_cutoff = 0.475, process_45
ℹ [2025/12/15 15:42:14] Start scPP screening.
ℹ [2025/12/15 15:42:14] Finding overall markers...
ℹ [2025/12/15 15:42:14] Screening...
ℹ [2025/12/15 15:42:14] Running fixed threshold mode with prob = 0.31
ℹ [2025/12/15 15:42:14] Computing AUC scores...
Genes in the gene sets NOT available in the dataset: 
	gene_pos: 	2 (29% of 7)
	gene_neg: 	3 (50% of 6)
✔ [2025/12/15 15:43:02] Classified 16040 Positive, 16966 Negative cells
ℹ [2025/12/15 15:43:02] Finding markers between `Positive` and `Negative` group...
✔ [2025/12/15 15:43:14] Found 586 positive markers, 251 negative markers
✔ [2025/12/15 15:43:14] scPP screening done.
! scPP result is not complete, maybe not suitable for this parameter pair, using default FALSE.prob = 0.31, Log2FC_cutoff = 0.988, process_46
ℹ [2025/12/15 15:43:16] Start scPP screening.
ℹ [2025/12/15 15:43:16] Finding overall markers...
ℹ [2025/12/15 15:43:16] Screening...
ℹ [2025/12/15 15:43:16] Running fixed threshold mode with prob = 0.07
ℹ [2025/12/15 15:43:16] Computing AUC scores...
Genes in the gene sets NOT available in the dataset: 
	gene_pos: 	48 (64% of 75)
	gene_neg: 	66 (64% of 103)
✔ [2025/12/15 15:44:04] Classified 236 Positive, 297 Negative cells
ℹ [2025/12/15 15:44:04] Finding markers between `Positive` and `Negative` group...
✔ [2025/12/15 15:44:07] Found 768 positive markers, 296 negative markers
✔ [2025/12/15 15:44:07] scPP screening done.
! scPP result is not complete, maybe not suitable for this parameter pair, using default FALSE.prob = 0.07, Log2FC_cutoff = 0.562, process_47
ℹ [2025/12/15 15:44:08] Start scPP screening.
ℹ [2025/12/15 15:44:08] Finding overall markers...
ℹ [2025/12/15 15:44:09] Screening...
ℹ [2025/12/15 15:44:09] Running fixed threshold mode with prob = 0.09
ℹ [2025/12/15 15:44:09] Computing AUC scores...
Genes in the gene sets NOT available in the dataset: 
	gene_pos: 	54 (64% of 84)
	gene_neg: 	74 (63% of 118)
✔ [2025/12/15 15:44:57] Classified 382 Positive, 399 Negative cells
ℹ [2025/12/15 15:44:57] Finding markers between `Positive` and `Negative` group...
✔ [2025/12/15 15:44:59] Found 1091 positive markers, 407 negative markers
✔ [2025/12/15 15:45:00] scPP screening done.
! scPP result is not complete, maybe not suitable for this parameter pair, using default FALSE.prob = 0.09, Log2FC_cutoff = 0.544, process_48
ℹ [2025/12/15 15:45:01] Start scPP screening.
ℹ [2025/12/15 15:45:01] Finding overall markers...
ℹ [2025/12/15 15:45:01] Screening...
ℹ [2025/12/15 15:45:01] Running fixed threshold mode with prob = 0.09
ℹ [2025/12/15 15:45:02] Computing AUC scores...
Genes in the gene sets NOT available in the dataset: 
	gene_pos: 	166 (69% of 239)
	gene_neg: 	387 (68% of 565)
✔ [2025/12/15 15:45:51] Classified 485 Positive, 362 Negative cells
ℹ [2025/12/15 15:45:52] Finding markers between `Positive` and `Negative` group...
✔ [2025/12/15 15:45:54] Found 1119 positive markers, 340 negative markers
✔ [2025/12/15 15:45:54] scPP screening done.
! scPP result is not complete, maybe not suitable for this parameter pair, using default FALSE.prob = 0.09, Log2FC_cutoff = 0.353, process_49
ℹ [2025/12/15 15:45:55] Start scPP screening.
ℹ [2025/12/15 15:45:55] Finding overall markers...
ℹ [2025/12/15 15:45:56] Screening...
ℹ [2025/12/15 15:45:56] Running fixed threshold mode with prob = 0.29
ℹ [2025/12/15 15:45:56] Computing AUC scores...
Genes in the gene sets NOT available in the dataset: 
	gene_pos: 	269 (70% of 383)
	gene_neg: 	1173 (71% of 1648)
✔ [2025/12/15 15:46:47] Classified 6372 Positive, 5716 Negative cells
ℹ [2025/12/15 15:46:47] Finding markers between `Positive` and `Negative` group...
✔ [2025/12/15 15:46:53] Found 1997 positive markers, 1438 negative markers
✔ [2025/12/15 15:46:53] scPP screening done.
! scPP result is not complete, maybe not suitable for this parameter pair, using default FALSE.prob = 0.29, Log2FC_cutoff = 0.227, process_50
ℹ [2025/12/15 15:46:54] Start scPP screening.
ℹ [2025/12/15 15:46:54] Finding overall markers...
ℹ [2025/12/15 15:46:55] Screening...
ℹ [2025/12/15 15:46:55] Running fixed threshold mode with prob = 0.2
ℹ [2025/12/15 15:46:55] Computing AUC scores...
Genes in the gene sets NOT available in the dataset: 
	gene_pos: 	41 (61% of 67)
	gene_neg: 	53 (63% of 84)
✔ [2025/12/15 15:47:43] Classified 1700 Positive, 1775 Negative cells
ℹ [2025/12/15 15:47:43] Finding markers between `Positive` and `Negative` group...
✔ [2025/12/15 15:47:46] Found 996 positive markers, 680 negative markers
✔ [2025/12/15 15:47:46] scPP screening done.
! scPP result is not complete, maybe not suitable for this parameter pair, using default FALSE.prob = 0.2, Log2FC_cutoff = 0.585, process_51

ℹ [2025/12/15 15:23:17] Start scPP screening.
ℹ [2025/12/15 15:23:17] Finding overall markers...
ℹ [2025/12/15 15:23:18] Screening...
ℹ [2025/12/15 15:23:18] Running fixed threshold mode with prob = 0.45
ℹ [2025/12/15 15:23:19] Computing AUC scores...
Registered S3 methods overwritten by 'Seqinfo':
  method                from        
  as.data.frame.Seqinfo GenomeInfoDb
  merge.Seqinfo         GenomeInfoDb
  summary.Seqinfo       GenomeInfoDb
Genes in the gene sets NOT available in the dataset: 
	gene_pos: 	77 (66% of 116)
	gene_neg: 	111 (62% of 179)
✔ [2025/12/15 15:24:19] Classified 11322 Positive, 11130 Negative cells
ℹ [2025/12/15 15:24:19] Finding markers between `Positive` and `Negative` group...
✔ [2025/12/15 15:24:30] Found 2213 positive markers, 1483 negative markers
Warning: stack imbalance in '<-', 133 then 135
✔ [2025/12/15 15:24:30] scPP screening done.
Warning: stack imbalance in '{', 129 then 131
Warning: stack imbalance in '{', 122 then 124
Warning: stack imbalance in 'switch', 118 then 120
Warning: stack imbalance in '{', 114 then 116
! scPP result is not complete, maybe not suitable for this parameter pair, using default FALSE.prob = 0.45, Log2FC_cutoff = 0.488, process_1
ℹ [2025/12/15 15:24:32] Start scPP screening.
ℹ [2025/12/15 15:24:32] Finding overall markers...
ℹ [2025/12/15 15:24:32] Screening...
ℹ [2025/12/15 15:24:32] Running fixed threshold mode with prob = 0.32
ℹ [2025/12/15 15:24:33] Computing AUC scores...
Warning in .AUCell_calcAUC(geneSets = geneSets, rankings = rankings, nCores = nCores,  :
  The following gene sets will be excluded from the analysis(less than 20% of their genes are available):
gene_neg
Genes in the gene sets NOT available in the dataset: 
	gene_pos: 	358 (71% of 506)
Warning: AUC calculation did not return expected gene sets.  This may result from
inproper parameters, or missing genes in the dataset. returning empty results.
✔ [2025/12/15 15:25:26] scPP screening done.
! scPP result is not complete, maybe not suitable for this parameter pair, using default FALSE.prob = 0.32, Log2FC_cutoff = 0.072, process_2
ℹ [2025/12/15 15:25:27] Start scPP screening.
ℹ [2025/12/15 15:25:27] Finding overall markers...
ℹ [2025/12/15 15:25:28] Screening...
ℹ [2025/12/15 15:25:28] Running fixed threshold mode with prob = 0.38
ℹ [2025/12/15 15:25:29] Computing AUC scores...
Genes in the gene sets NOT available in the dataset: 
	gene_pos: 	199 (70% of 285)
	gene_neg: 	583 (71% of 826)
✔ [2025/12/15 15:26:20] Classified 9506 Positive, 8886 Negative cells
ℹ [2025/12/15 15:26:20] Finding markers between `Positive` and `Negative` group...
✔ [2025/12/15 15:26:28] Found 1927 positive markers, 1685 negative markers
✔ [2025/12/15 15:26:28] scPP screening done.
! scPP result is not complete, maybe not suitable for this parameter pair, using default FALSE.prob = 0.38, Log2FC_cutoff = 0.311, process_3
ℹ [2025/12/15 15:26:30] Start scPP screening.
ℹ [2025/12/15 15:26:30] Finding overall markers...
ℹ [2025/12/15 15:26:30] Screening...
ℹ [2025/12/15 15:26:30] Running fixed threshold mode with prob = 0.43
ℹ [2025/12/15 15:26:31] Computing AUC scores...
Genes in the gene sets NOT available in the dataset: 
	gene_pos: 	153 (69% of 221)
	gene_neg: 	325 (67% of 483)
✔ [2025/12/15 15:27:22] Classified 11402 Positive, 11059 Negative cells
ℹ [2025/12/15 15:27:22] Finding markers between `Positive` and `Negative` group...
✔ [2025/12/15 15:27:32] Found 2295 positive markers, 1782 negative markers
✔ [2025/12/15 15:27:32] scPP screening done.
! scPP result is not complete, maybe not suitable for this parameter pair, using default FALSE.prob = 0.43, Log2FC_cutoff = 0.373, process_4
ℹ [2025/12/15 15:27:33] Start scPP screening.
ℹ [2025/12/15 15:27:33] Finding overall markers...
ℹ [2025/12/15 15:27:34] Screening...
ℹ [2025/12/15 15:27:34] Running fixed threshold mode with prob = 0.35
ℹ [2025/12/15 15:27:35] Computing AUC scores...
Genes in the gene sets NOT available in the dataset: 
	gene_pos: 	177 (70% of 253)
	gene_neg: 	426 (70% of 612)
✔ [2025/12/15 15:28:25] Classified 7646 Positive, 7125 Negative cells
ℹ [2025/12/15 15:28:25] Finding markers between `Positive` and `Negative` group...
✔ [2025/12/15 15:28:33] Found 2328 positive markers, 1554 negative markers
✔ [2025/12/15 15:28:33] scPP screening done.
! scPP result is not complete, maybe not suitable for this parameter pair, using default FALSE.prob = 0.35, Log2FC_cutoff = 0.343, process_5
ℹ [2025/12/15 15:28:35] Start scPP screening.
ℹ [2025/12/15 15:28:35] Finding overall markers...
ℹ [2025/12/15 15:28:35] Screening...
ℹ [2025/12/15 15:28:35] Running fixed threshold mode with prob = 0.11
ℹ [2025/12/15 15:28:36] Computing AUC scores...
Genes in the gene sets NOT available in the dataset: 
	gene_pos: 	15 (56% of 27)
	gene_neg: 	20 (53% of 38)
✔ [2025/12/15 15:29:24] Classified 2961 Positive, 448 Negative cells
ℹ [2025/12/15 15:29:24] Finding markers between `Positive` and `Negative` group...
✔ [2025/12/15 15:29:28] Found 1006 positive markers, 663 negative markers
✔ [2025/12/15 15:29:28] scPP screening done.
! scPP result is not complete, maybe not suitable for this parameter pair, using default FALSE.prob = 0.11, Log2FC_cutoff = 0.716, process_6
ℹ [2025/12/15 15:29:29] Start scPP screening.
ℹ [2025/12/15 15:29:29] Finding overall markers...
ℹ [2025/12/15 15:29:30] Screening...
ℹ [2025/12/15 15:29:30] Running fixed threshold mode with prob = 0.19
ℹ [2025/12/15 15:29:30] Computing AUC scores...
Genes in the gene sets NOT available in the dataset: 
	gene_pos: 	195 (70% of 280)
	gene_neg: 	556 (71% of 787)
✔ [2025/12/15 15:30:22] Classified 2655 Positive, 2159 Negative cells
ℹ [2025/12/15 15:30:22] Finding markers between `Positive` and `Negative` group...
✔ [2025/12/15 15:30:26] Found 1846 positive markers, 1132 negative markers
✔ [2025/12/15 15:30:26] scPP screening done.
! scPP result is not complete, maybe not suitable for this parameter pair, using default FALSE.prob = 0.19, Log2FC_cutoff = 0.315, process_7
ℹ [2025/12/15 15:30:28] Start scPP screening.
ℹ [2025/12/15 15:30:28] Finding overall markers...
ℹ [2025/12/15 15:30:28] Screening...
ℹ [2025/12/15 15:30:28] Running fixed threshold mode with prob = 0.48
ℹ [2025/12/15 15:30:29] Computing AUC scores...
Genes in the gene sets NOT available in the dataset: 
	gene_pos: 	25 (64% of 39)
	gene_neg: 	34 (61% of 56)
✔ [2025/12/15 15:31:17] Classified 11928 Positive, 11949 Negative cells
ℹ [2025/12/15 15:31:17] Finding markers between `Positive` and `Negative` group...
✔ [2025/12/15 15:31:27] Found 421 positive markers, 349 negative markers
✔ [2025/12/15 15:31:27] scPP screening done.
! scPP result is not complete, maybe not suitable for this parameter pair, using default FALSE.prob = 0.48, Log2FC_cutoff = 0.649, process_8
ℹ [2025/12/15 15:31:28] Start scPP screening.
ℹ [2025/12/15 15:31:28] Finding overall markers...
ℹ [2025/12/15 15:31:29] Screening...
ℹ [2025/12/15 15:31:29] Running fixed threshold mode with prob = 0.04
ℹ [2025/12/15 15:31:30] Computing AUC scores...
Genes in the gene sets NOT available in the dataset: 
	gene_pos: 	57 (66% of 87)
	gene_neg: 	81 (62% of 130)
✔ [2025/12/15 15:32:19] Classified 86 Positive, 134 Negative cells
ℹ [2025/12/15 15:32:19] Finding markers between `Positive` and `Negative` group...
✔ [2025/12/15 15:32:21] Found 317 positive markers, 91 negative markers
✔ [2025/12/15 15:32:21] scPP screening done.
! scPP result is not complete, maybe not suitable for this parameter pair, using default FALSE.prob = 0.04, Log2FC_cutoff = 0.538, process_9
ℹ [2025/12/15 15:32:23] Start scPP screening.
ℹ [2025/12/15 15:32:23] Finding overall markers...
ℹ [2025/12/15 15:32:23] Screening...
ℹ [2025/12/15 15:32:23] Running fixed threshold mode with prob = 0.29
ℹ [2025/12/15 15:32:24] Computing AUC scores...
Genes in the gene sets NOT available in the dataset: 
	gene_pos: 	6 (46% of 13)
	gene_neg: 	5 (45% of 11)
✔ [2025/12/15 15:33:12] Classified 13769 Positive, 15878 Negative cells
ℹ [2025/12/15 15:33:12] Finding markers between `Positive` and `Negative` group...
✔ [2025/12/15 15:33:23] Found 579 positive markers, 211 negative markers
✔ [2025/12/15 15:33:23] scPP screening done.
! scPP result is not complete, maybe not suitable for this parameter pair, using default FALSE.prob = 0.29, Log2FC_cutoff = 0.858, process_10
ℹ [2025/12/15 15:33:24] Start scPP screening.
ℹ [2025/12/15 15:33:24] Finding overall markers...
ℹ [2025/12/15 15:33:25] Screening...
ℹ [2025/12/15 15:33:25] Running fixed threshold mode with prob = 0.49
ℹ [2025/12/15 15:33:25] Computing AUC scores...
Genes in the gene sets NOT available in the dataset: 
	gene_pos: 	7 (47% of 15)
	gene_neg: 	8 (47% of 17)
✔ [2025/12/15 15:34:13] Classified 20827 Positive, 26821 Negative cells
ℹ [2025/12/15 15:34:13] Finding markers between `Positive` and `Negative` group...
✔ [2025/12/15 15:34:29] Found 247 positive markers, 125 negative markers
✔ [2025/12/15 15:34:29] scPP screening done.
! scPP result is not complete, maybe not suitable for this parameter pair, using default FALSE.prob = 0.49, Log2FC_cutoff = 0.824, process_11
ℹ [2025/12/15 15:34:31] Start scPP screening.
ℹ [2025/12/15 15:34:31] Finding overall markers...
ℹ [2025/12/15 15:34:31] Screening...
ℹ [2025/12/15 15:34:31] Running fixed threshold mode with prob = 0.07
ℹ [2025/12/15 15:34:32] Computing AUC scores...
Genes in the gene sets NOT available in the dataset: 
	gene_pos: 	5 (45% of 11)
	gene_neg: 	4 (40% of 10)
✔ [2025/12/15 15:35:20] Classified 3257 Positive, 685 Negative cells
ℹ [2025/12/15 15:35:20] Finding markers between `Positive` and `Negative` group...
✔ [2025/12/15 15:35:23] Found 619 positive markers, 88 negative markers
✔ [2025/12/15 15:35:23] scPP screening done.
! scPP result is not complete, maybe not suitable for this parameter pair, using default FALSE.prob = 0.07, Log2FC_cutoff = 0.916, process_12
ℹ [2025/12/15 15:35:24] Start scPP screening.
ℹ [2025/12/15 15:35:24] Finding overall markers...
ℹ [2025/12/15 15:35:25] Screening...
ℹ [2025/12/15 15:35:25] Running fixed threshold mode with prob = 0.39
ℹ [2025/12/15 15:35:25] Computing AUC scores...
Genes in the gene sets NOT available in the dataset: 
	gene_pos: 	251 (70% of 357)
	gene_neg: 	955 (70% of 1356)
✔ [2025/12/15 15:36:16] Classified 10301 Positive, 9807 Negative cells
ℹ [2025/12/15 15:36:16] Finding markers between `Positive` and `Negative` group...
✔ [2025/12/15 15:36:25] Found 1718 positive markers, 1529 negative markers
✔ [2025/12/15 15:36:25] scPP screening done.
! scPP result is not complete, maybe not suitable for this parameter pair, using default FALSE.prob = 0.39, Log2FC_cutoff = 0.248, process_13
ℹ [2025/12/15 15:36:26] Start scPP screening.
ℹ [2025/12/15 15:36:26] Finding overall markers...
ℹ [2025/12/15 15:36:27] Screening...
ℹ [2025/12/15 15:36:27] Running fixed threshold mode with prob = 0.26
ℹ [2025/12/15 15:36:27] Computing AUC scores...
Genes in the gene sets NOT available in the dataset: 
	gene_pos: 	105 (67% of 157)
	gene_neg: 	197 (66% of 299)
✔ [2025/12/15 15:37:17] Classified 3755 Positive, 3609 Negative cells
ℹ [2025/12/15 15:37:17] Finding markers between `Positive` and `Negative` group...
✔ [2025/12/15 15:37:21] Found 2923 positive markers, 1159 negative markers
✔ [2025/12/15 15:37:21] scPP screening done.
! scPP result is not complete, maybe not suitable for this parameter pair, using default FALSE.prob = 0.26, Log2FC_cutoff = 0.433, process_14
ℹ [2025/12/15 15:37:22] Start scPP screening.
ℹ [2025/12/15 15:37:22] Finding overall markers...
ℹ [2025/12/15 15:37:22] Screening...
ℹ [2025/12/15 15:37:22] Running fixed threshold mode with prob = 0.02
ℹ [2025/12/15 15:37:23] Computing AUC scores...
Genes in the gene sets NOT available in the dataset: 
	gene_pos: 	322 (70% of 461)
	gene_neg: 	2565 (77% of 3332)
✔ [2025/12/15 15:38:14] Classified 242 Positive, 28 Negative cells
ℹ [2025/12/15 15:38:14] Finding markers between `Positive` and `Negative` group...
✔ [2025/12/15 15:38:17] Found 132 positive markers, 212 negative markers
✔ [2025/12/15 15:38:17] scPP screening done.
! scPP result is not complete, maybe not suitable for this parameter pair, using default FALSE.prob = 0.02, Log2FC_cutoff = 0.169, process_15
ℹ [2025/12/15 15:38:18] Start scPP screening.
ℹ [2025/12/15 15:38:18] Finding overall markers...
ℹ [2025/12/15 15:38:19] Screening...
ℹ [2025/12/15 15:38:19] Running fixed threshold mode with prob = 0.05
ℹ [2025/12/15 15:38:19] Computing AUC scores...
Genes in the gene sets NOT available in the dataset: 
	gene_pos: 	7 (44% of 16)
	gene_neg: 	12 (48% of 25)
✔ [2025/12/15 15:39:07] Classified 1415 Positive, 183 Negative cells
ℹ [2025/12/15 15:39:07] Finding markers between `Positive` and `Negative` group...
✔ [2025/12/15 15:39:10] Found 408 positive markers, 411 negative markers
✔ [2025/12/15 15:39:10] scPP screening done.
! scPP result is not complete, maybe not suitable for this parameter pair, using default FALSE.prob = 0.05, Log2FC_cutoff = 0.776, process_16
ℹ [2025/12/15 15:39:11] Start scPP screening.
ℹ [2025/12/15 15:39:11] Finding overall markers...
ℹ [2025/12/15 15:39:12] Screening...
ℹ [2025/12/15 15:39:12] Running fixed threshold mode with prob = 0.25
ℹ [2025/12/15 15:39:13] Computing AUC scores...
Genes in the gene sets NOT available in the dataset: 
	gene_pos: 	16 (57% of 28)
	gene_neg: 	20 (50% of 40)
✔ [2025/12/15 15:40:01] Classified 6714 Positive, 3038 Negative cells
ℹ [2025/12/15 15:40:01] Finding markers between `Positive` and `Negative` group...
✔ [2025/12/15 15:40:06] Found 1682 positive markers, 823 negative markers
✔ [2025/12/15 15:40:06] scPP screening done.
! scPP result is not complete, maybe not suitable for this parameter pair, using default FALSE.prob = 0.25, Log2FC_cutoff = 0.701, process_17
ℹ [2025/12/15 15:40:08] Start scPP screening.
ℹ [2025/12/15 15:40:08] Finding overall markers...
ℹ [2025/12/15 15:40:08] Screening...
ℹ [2025/12/15 15:40:08] Running fixed threshold mode with prob = 0.04
ℹ [2025/12/15 15:40:09] Computing AUC scores...
Warning in .AUCell_calcAUC(geneSets = geneSets, rankings = rankings, nCores = nCores,  :
  The following gene sets will be excluded from the analysis(less than 20% of their genes are available):
gene_neg
Genes in the gene sets NOT available in the dataset: 
	gene_pos: 	358 (71% of 506)
Warning: AUC calculation did not return expected gene sets.  This may result from
inproper parameters, or missing genes in the dataset. returning empty results.
✔ [2025/12/15 15:41:00] scPP screening done.
! scPP result is not complete, maybe not suitable for this parameter pair, using default FALSE.prob = 0.04, Log2FC_cutoff = 0.08, process_18
ℹ [2025/12/15 15:41:01] Start scPP screening.
ℹ [2025/12/15 15:41:01] Finding overall markers...
ℹ [2025/12/15 15:41:02] Screening...
ℹ [2025/12/15 15:41:02] Running fixed threshold mode with prob = 0.11
ℹ [2025/12/15 15:41:03] Computing AUC scores...
Warning in .AUCell_calcAUC(geneSets = geneSets, rankings = rankings, nCores = nCores,  :
  The following gene sets will be excluded from the analysis(less than 20% of their genes are available):
gene_neg
Genes in the gene sets NOT available in the dataset: 
	gene_pos: 	358 (71% of 506)
Warning: AUC calculation did not return expected gene sets.  This may result from
inproper parameters, or missing genes in the dataset. returning empty results.
✔ [2025/12/15 15:41:54] scPP screening done.
! scPP result is not complete, maybe not suitable for this parameter pair, using default FALSE.prob = 0.11, Log2FC_cutoff = 0.016, process_19
ℹ [2025/12/15 15:41:55] Start scPP screening.
ℹ [2025/12/15 15:41:55] Finding overall markers...
ℹ [2025/12/15 15:41:55] Screening...
ℹ [2025/12/15 15:41:55] Running fixed threshold mode with prob = 0.03
ℹ [2025/12/15 15:41:56] Computing AUC scores...
Genes in the gene sets NOT available in the dataset: 
	gene_pos: 	7 (44% of 16)
	gene_neg: 	12 (48% of 25)
✔ [2025/12/15 15:42:43] Classified 883 Positive, 98 Negative cells
ℹ [2025/12/15 15:42:43] Finding markers between `Positive` and `Negative` group...
✔ [2025/12/15 15:42:46] Found 288 positive markers, 472 negative markers
✔ [2025/12/15 15:42:46] scPP screening done.
! scPP result is not complete, maybe not suitable for this parameter pair, using default FALSE.prob = 0.03, Log2FC_cutoff = 0.776, process_20
ℹ [2025/12/15 15:42:47] Start scPP screening.
ℹ [2025/12/15 15:42:47] Finding overall markers...
ℹ [2025/12/15 15:42:48] Screening...
ℹ [2025/12/15 15:42:48] Running fixed threshold mode with prob = 0.26
ℹ [2025/12/15 15:42:49] Computing AUC scores...
Genes in the gene sets NOT available in the dataset: 
	gene_pos: 	17 (59% of 29)
	gene_neg: 	21 (51% of 41)
✔ [2025/12/15 15:43:36] Classified 6978 Positive, 3316 Negative cells
ℹ [2025/12/15 15:43:36] Finding markers between `Positive` and `Negative` group...
✔ [2025/12/15 15:43:41] Found 1644 positive markers, 821 negative markers
✔ [2025/12/15 15:43:41] scPP screening done.
! scPP result is not complete, maybe not suitable for this parameter pair, using default FALSE.prob = 0.26, Log2FC_cutoff = 0.696, process_21
ℹ [2025/12/15 15:43:42] Start scPP screening.
ℹ [2025/12/15 15:43:42] Finding overall markers...
ℹ [2025/12/15 15:43:43] Screening...
ℹ [2025/12/15 15:43:43] Running fixed threshold mode with prob = 0.36
ℹ [2025/12/15 15:43:44] Computing AUC scores...
Genes in the gene sets NOT available in the dataset: 
	gene_pos: 	59 (66% of 89)
	gene_neg: 	84 (63% of 133)
✔ [2025/12/15 15:44:32] Classified 6911 Positive, 7128 Negative cells
ℹ [2025/12/15 15:44:32] Finding markers between `Positive` and `Negative` group...
✔ [2025/12/15 15:44:38] Found 2303 positive markers, 1128 negative markers
✔ [2025/12/15 15:44:38] scPP screening done.
! scPP result is not complete, maybe not suitable for this parameter pair, using default FALSE.prob = 0.36, Log2FC_cutoff = 0.532, process_22
ℹ [2025/12/15 15:44:39] Start scPP screening.
ℹ [2025/12/15 15:44:39] Finding overall markers...
ℹ [2025/12/15 15:44:40] Screening...
ℹ [2025/12/15 15:44:40] Running fixed threshold mode with prob = 0.06
ℹ [2025/12/15 15:44:40] Computing AUC scores...
Genes in the gene sets NOT available in the dataset: 
	gene_pos: 	44 (63% of 70)
	gene_neg: 	55 (62% of 89)
✔ [2025/12/15 15:45:28] Classified 183 Positive, 269 Negative cells
ℹ [2025/12/15 15:45:28] Finding markers between `Positive` and `Negative` group...
✔ [2025/12/15 15:45:31] Found 699 positive markers, 239 negative markers
✔ [2025/12/15 15:45:31] scPP screening done.
! scPP result is not complete, maybe not suitable for this parameter pair, using default FALSE.prob = 0.06, Log2FC_cutoff = 0.581, process_23
ℹ [2025/12/15 15:45:32] Start scPP screening.
ℹ [2025/12/15 15:45:32] Finding overall markers...
ℹ [2025/12/15 15:45:32] Screening...
ℹ [2025/12/15 15:45:32] Running fixed threshold mode with prob = 0.01
ℹ [2025/12/15 15:45:33] Computing AUC scores...
Genes in the gene sets NOT available in the dataset: 
	gene_pos: 	138 (68% of 203)
	gene_neg: 	286 (68% of 423)
✔ [2025/12/15 15:46:23] Classified 6 Positive, 8 Negative cells
ℹ [2025/12/15 15:46:23] Finding markers between `Positive` and `Negative` group...
Warning: There are no genes significantly upregulated in `Positive` compared to
`Negative`.
Warning: There are no genes significantly upregulated in `Negative` compared to
`Positive`.
✔ [2025/12/15 15:46:25] Found 0 positive markers, 0 negative markers
✔ [2025/12/15 15:46:26] scPP screening done.
! scPP result is not complete, maybe not suitable for this parameter pair, using default FALSE.prob = 0.01, Log2FC_cutoff = 0.388, process_24
ℹ [2025/12/15 15:46:27] Start scPP screening.
ℹ [2025/12/15 15:46:27] Finding overall markers...
ℹ [2025/12/15 15:46:27] Screening...
ℹ [2025/12/15 15:46:27] Running fixed threshold mode with prob = 0.07
ℹ [2025/12/15 15:46:28] Computing AUC scores...
Genes in the gene sets NOT available in the dataset: 
	gene_pos: 	33 (63% of 52)
	gene_neg: 	40 (60% of 67)
✔ [2025/12/15 15:47:15] Classified 170 Positive, 263 Negative cells
ℹ [2025/12/15 15:47:15] Finding markers between `Positive` and `Negative` group...
✔ [2025/12/15 15:47:18] Found 249 positive markers, 202 negative markers
✔ [2025/12/15 15:47:18] scPP screening done.
! scPP result is not complete, maybe not suitable for this parameter pair, using default FALSE.prob = 0.07, Log2FC_cutoff = 0.614, process_25
ℹ [2025/12/15 15:47:19] Start scPP screening.
ℹ [2025/12/15 15:47:19] Finding overall markers...
ℹ [2025/12/15 15:47:20] Screening...
ℹ [2025/12/15 15:47:20] Running fixed threshold mode with prob = 0.47
ℹ [2025/12/15 15:47:20] Computing AUC scores...
Genes in the gene sets NOT available in the dataset: 
	gene_pos: 	274 (70% of 393)
	gene_neg: 	1253 (72% of 1751)
✔ [2025/12/15 15:48:12] Classified 14231 Positive, 14106 Negative cells
ℹ [2025/12/15 15:48:12] Finding markers between `Positive` and `Negative` group...
✔ [2025/12/15 15:48:24] Found 1491 positive markers, 1227 negative markers
✔ [2025/12/15 15:48:24] scPP screening done.
! scPP result is not complete, maybe not suitable for this parameter pair, using default FALSE.prob = 0.47, Log2FC_cutoff = 0.221, process_26

            used   (Mb) gc trigger   (Mb)  max used   (Mb)
Ncells   4107542  219.4    7777477  415.4   5366531  286.7
Vcells 421201453 3213.6  695914110 5309.5 422950152 3226.9
✔ scPP random search completed.
