nohup: ignoring input

Attaching package: ‘dplyr’

The following objects are masked from ‘package:stats’:

    filter, lag

The following objects are masked from ‘package:base’:

    intersect, setdiff, setequal, union

Loading required package: SeuratObject
Loading required package: sp
‘SeuratObject’ was built under R 4.5.0 but the current version is
4.5.1; it is recomended that you reinstall ‘SeuratObject’ as the ABI
for R may have changed
‘SeuratObject’ was built with package ‘Matrix’ 1.7.3 but the current
version is 1.7.4; it is recomended that you reinstall ‘SeuratObject’ as
the ABI for ‘Matrix’ may have changed

Attaching package: ‘SeuratObject’

The following objects are masked from ‘package:base’:

    intersect, t

✔ scAB v1.0.2 loaded
ℹ Updating SigBridgeR documentation
ℹ Loading SigBridgeR
✔ SigBridgeR v2.5.4 loaded
ℹ  Using "RNA_snn" graph for network.
ℹ [2025/12/09 10:10:27] Calculating L, D and A
ℹ [2025/12/09 10:10:37] Normalizing quantiles of data
Warning in asMethod(object) :
  sparse->dense coercion: allocating vector of size 5.3 GiB
ℹ [2025/12/09 10:12:28] Calculating correlation
ℹ [2025/12/09 10:35:37] Guanranking
loss of 2: 0.0130858
loss of 3: 0.00770708
loss of 4: 0.00558803
loss of 5: 0.00407726
loss of 6: 0.00326789
loss of 7: 0.00292625
✔ Optimal K = 6
Error in select_alpha.optimized(Object = scab_obj, method = "binary",  : 
  unused argument (workers = 2)
Execution halted
