nohup: ignoring input

Attaching package: ‘dplyr’

The following objects are masked from ‘package:stats’:

    filter, lag

The following objects are masked from ‘package:base’:

    intersect, setdiff, setequal, union


Attaching package: ‘data.table’

The following objects are masked from ‘package:dplyr’:

    between, first, last

✔ ScPP v0.0.2 loaded
ℹ Updating SigBridgeR documentation
ℹ Loading SigBridgeR
✔ SigBridgeR v2.5.4 loaded
ℹ [2025/12/09 19:17:01] Start scPP screening.
ℹ [2025/12/09 19:17:01] Finding overall markers...
Warning: row_t_welch: 2613 of the rows had essentially constant values.
First occurrence at row 25
ℹ [2025/12/09 19:17:04] Screening...
ℹ [2025/12/09 19:17:04] Running fixed threshold mode with prob = 0.14
ℹ [2025/12/09 19:17:05] Computing AUC scores...
Registered S3 methods overwritten by 'Seqinfo':
  method                from        
  as.data.frame.Seqinfo GenomeInfoDb
  merge.Seqinfo         GenomeInfoDb
  summary.Seqinfo       GenomeInfoDb
Genes in the gene sets NOT available in the dataset: 
	gene_pos: 	9732 (58% of 16747)
	gene_neg: 	6163 (64% of 9671)
✔ [2025/12/09 19:18:14] Classified 5935 Positive, 6229 Negative cells
ℹ [2025/12/09 19:18:14] Finding markers between `Positive` and `Negative` group...
✔ [2025/12/09 19:18:21] Found 3377 positive markers, 1994 negative markers
Warning: stack imbalance in '<-', 41 then 43
✔ [2025/12/09 19:18:21] scPP screening done.
Warning: stack imbalance in '{', 37 then 39
Warning: stack imbalance in '{', 30 then 32
Warning: stack imbalance in 'switch', 26 then 28
Warning: stack imbalance in '{', 22 then 24
! scPP result is not complete, maybe not suitable for this parameter pair, using default FALSE.prob = 0.14, Log2FC_cutoff = 0.792, process_1
ℹ [2025/12/09 19:18:24] Start scPP screening.
ℹ [2025/12/09 19:18:24] Finding overall markers...
Warning: row_t_welch: 2613 of the rows had essentially constant values.
First occurrence at row 25
ℹ [2025/12/09 19:18:26] Screening...
ℹ [2025/12/09 19:18:26] Running fixed threshold mode with prob = 0.16
ℹ [2025/12/09 19:18:27] Computing AUC scores...
Genes in the gene sets NOT available in the dataset: 
	gene_pos: 	13014 (65% of 20036)
	gene_neg: 	7183 (67% of 10693)
✔ [2025/12/09 19:19:26] Classified 6896 Positive, 7137 Negative cells
ℹ [2025/12/09 19:19:26] Finding markers between `Positive` and `Negative` group...
✔ [2025/12/09 19:19:35] Found 3367 positive markers, 2034 negative markers
✔ [2025/12/09 19:19:35] scPP screening done.
! scPP result is not complete, maybe not suitable for this parameter pair, using default FALSE.prob = 0.16, Log2FC_cutoff = 0.259, process_2
ℹ [2025/12/09 19:19:37] Start scPP screening.
ℹ [2025/12/09 19:19:37] Finding overall markers...
Warning: row_t_welch: 2613 of the rows had essentially constant values.
First occurrence at row 25
ℹ [2025/12/09 19:19:40] Screening...
ℹ [2025/12/09 19:19:40] Running fixed threshold mode with prob = 0.27
ℹ [2025/12/09 19:19:41] Computing AUC scores...
Genes in the gene sets NOT available in the dataset: 
	gene_pos: 	9052 (56% of 16065)
	gene_neg: 	5902 (63% of 9409)
✔ [2025/12/09 19:20:39] Classified 12407 Positive, 12577 Negative cells
ℹ [2025/12/09 19:20:39] Finding markers between `Positive` and `Negative` group...
✔ [2025/12/09 19:20:52] Found 3112 positive markers, 2166 negative markers
✔ [2025/12/09 19:20:52] scPP screening done.
! scPP result is not complete, maybe not suitable for this parameter pair, using default FALSE.prob = 0.27, Log2FC_cutoff = 0.986, process_3
ℹ [2025/12/09 19:20:54] Start scPP screening.
ℹ [2025/12/09 19:20:54] Finding overall markers...
Warning: row_t_welch: 2613 of the rows had essentially constant values.
First occurrence at row 25
ℹ [2025/12/09 19:20:57] Screening...
ℹ [2025/12/09 19:20:57] Running fixed threshold mode with prob = 0.29
ℹ [2025/12/09 19:20:58] Computing AUC scores...
Genes in the gene sets NOT available in the dataset: 
	gene_pos: 	9855 (58% of 16870)
	gene_neg: 	6206 (64% of 9714)
✔ [2025/12/09 19:21:58] Classified 13431 Positive, 13626 Negative cells
ℹ [2025/12/09 19:21:58] Finding markers between `Positive` and `Negative` group...
✔ [2025/12/09 19:22:11] Found 3069 positive markers, 2183 negative markers
✔ [2025/12/09 19:22:11] scPP screening done.
! scPP result is not complete, maybe not suitable for this parameter pair, using default FALSE.prob = 0.29, Log2FC_cutoff = 0.757, process_4
ℹ [2025/12/09 19:22:14] Start scPP screening.
ℹ [2025/12/09 19:22:14] Finding overall markers...
Warning: row_t_welch: 2613 of the rows had essentially constant values.
First occurrence at row 25
ℹ [2025/12/09 19:22:16] Screening...
ℹ [2025/12/09 19:22:16] Running fixed threshold mode with prob = 0.24
ℹ [2025/12/09 19:22:17] Computing AUC scores...
Genes in the gene sets NOT available in the dataset: 
	gene_pos: 	9076 (56% of 16089)
	gene_neg: 	5909 (63% of 9416)
✔ [2025/12/09 19:23:16] Classified 10891 Positive, 11089 Negative cells
ℹ [2025/12/09 19:23:16] Finding markers between `Positive` and `Negative` group...
✔ [2025/12/09 19:23:28] Found 3172 positive markers, 2128 negative markers
✔ [2025/12/09 19:23:28] scPP screening done.
! scPP result is not complete, maybe not suitable for this parameter pair, using default FALSE.prob = 0.24, Log2FC_cutoff = 0.98, process_5
ℹ [2025/12/09 19:23:30] Start scPP screening.
ℹ [2025/12/09 19:23:30] Finding overall markers...
Warning: row_t_welch: 2613 of the rows had essentially constant values.
First occurrence at row 25
ℹ [2025/12/09 19:23:33] Screening...
ℹ [2025/12/09 19:23:33] Running fixed threshold mode with prob = 0.3
ℹ [2025/12/09 19:23:34] Computing AUC scores...
Genes in the gene sets NOT available in the dataset: 
	gene_pos: 	13458 (66% of 20481)
	gene_neg: 	7276 (67% of 10786)
✔ [2025/12/09 19:24:33] Classified 13944 Positive, 14096 Negative cells
ℹ [2025/12/09 19:24:33] Finding markers between `Positive` and `Negative` group...
✔ [2025/12/09 19:24:47] Found 3053 positive markers, 2173 negative markers
✔ [2025/12/09 19:24:47] scPP screening done.
! scPP result is not complete, maybe not suitable for this parameter pair, using default FALSE.prob = 0.3, Log2FC_cutoff = 0.219, process_6
ℹ [2025/12/09 19:24:49] Start scPP screening.
ℹ [2025/12/09 19:24:49] Finding overall markers...
Warning: row_t_welch: 2613 of the rows had essentially constant values.
First occurrence at row 25
ℹ [2025/12/09 19:24:52] Screening...
ℹ [2025/12/09 19:24:52] Running fixed threshold mode with prob = 0.11
ℹ [2025/12/09 19:24:53] Computing AUC scores...
Genes in the gene sets NOT available in the dataset: 
	gene_pos: 	9179 (57% of 16192)
	gene_neg: 	5945 (63% of 9453)
✔ [2025/12/09 19:25:52] Classified 4519 Positive, 4799 Negative cells
ℹ [2025/12/09 19:25:52] Finding markers between `Positive` and `Negative` group...
✔ [2025/12/09 19:25:59] Found 3397 positive markers, 1964 negative markers
✔ [2025/12/09 19:25:59] scPP screening done.
! scPP result is not complete, maybe not suitable for this parameter pair, using default FALSE.prob = 0.11, Log2FC_cutoff = 0.949, process_7
ℹ [2025/12/09 19:26:01] Start scPP screening.
ℹ [2025/12/09 19:26:01] Finding overall markers...
Warning: row_t_welch: 2613 of the rows had essentially constant values.
First occurrence at row 25
ℹ [2025/12/09 19:26:04] Screening...
ℹ [2025/12/09 19:26:04] Running fixed threshold mode with prob = 0.33
ℹ [2025/12/09 19:26:05] Computing AUC scores...
Genes in the gene sets NOT available in the dataset: 
	gene_pos: 	14307 (67% of 21330)
	gene_neg: 	7454 (68% of 10964)
✔ [2025/12/09 19:27:04] Classified 15534 Positive, 15683 Negative cells
ℹ [2025/12/09 19:27:04] Finding markers between `Positive` and `Negative` group...
✔ [2025/12/09 19:27:19] Found 2970 positive markers, 2197 negative markers
✔ [2025/12/09 19:27:19] scPP screening done.
! scPP result is not complete, maybe not suitable for this parameter pair, using default FALSE.prob = 0.33, Log2FC_cutoff = 0.149, process_8
ℹ [2025/12/09 19:27:21] Start scPP screening.
ℹ [2025/12/09 19:27:21] Finding overall markers...
Warning: row_t_welch: 2613 of the rows had essentially constant values.
First occurrence at row 25
ℹ [2025/12/09 19:27:24] Screening...
ℹ [2025/12/09 19:27:24] Running fixed threshold mode with prob = 0.24
ℹ [2025/12/09 19:27:25] Computing AUC scores...
Genes in the gene sets NOT available in the dataset: 
	gene_pos: 	10569 (60% of 17587)
	gene_neg: 	6460 (65% of 9968)
✔ [2025/12/09 19:28:25] Classified 10898 Positive, 11101 Negative cells
ℹ [2025/12/09 19:28:25] Finding markers between `Positive` and `Negative` group...
✔ [2025/12/09 19:28:36] Found 3168 positive markers, 2138 negative markers
✔ [2025/12/09 19:28:36] scPP screening done.
! scPP result is not complete, maybe not suitable for this parameter pair, using default FALSE.prob = 0.24, Log2FC_cutoff = 0.6, process_9
ℹ [2025/12/09 19:28:39] Start scPP screening.
ℹ [2025/12/09 19:28:39] Finding overall markers...
Warning: row_t_welch: 2613 of the rows had essentially constant values.
First occurrence at row 25
ℹ [2025/12/09 19:28:41] Screening...
ℹ [2025/12/09 19:28:41] Running fixed threshold mode with prob = 0.02
ℹ [2025/12/09 19:28:42] Computing AUC scores...
Genes in the gene sets NOT available in the dataset: 
	gene_pos: 	9187 (57% of 16200)
	gene_neg: 	5950 (63% of 9458)
✔ [2025/12/09 19:29:41] Classified 641 Positive, 870 Negative cells
ℹ [2025/12/09 19:29:42] Finding markers between `Positive` and `Negative` group...
✔ [2025/12/09 19:29:45] Found 2868 positive markers, 1322 negative markers
✔ [2025/12/09 19:29:45] scPP screening done.
! scPP result is not complete, maybe not suitable for this parameter pair, using default FALSE.prob = 0.02, Log2FC_cutoff = 0.946, process_10
ℹ [2025/12/09 19:29:47] Start scPP screening.
ℹ [2025/12/09 19:29:47] Finding overall markers...
Warning: row_t_welch: 2613 of the rows had essentially constant values.
First occurrence at row 25
ℹ [2025/12/09 19:29:50] Screening...
ℹ [2025/12/09 19:29:50] Running fixed threshold mode with prob = 0.22
ℹ [2025/12/09 19:29:51] Computing AUC scores...
Genes in the gene sets NOT available in the dataset: 
	gene_pos: 	10142 (59% of 17158)
	gene_neg: 	6318 (64% of 9826)
✔ [2025/12/09 19:30:49] Classified 9895 Positive, 10107 Negative cells
ℹ [2025/12/09 19:30:49] Finding markers between `Positive` and `Negative` group...
✔ [2025/12/09 19:31:01] Found 3222 positive markers, 2126 negative markers
✔ [2025/12/09 19:31:01] scPP screening done.
! scPP result is not complete, maybe not suitable for this parameter pair, using default FALSE.prob = 0.22, Log2FC_cutoff = 0.688, process_11
ℹ [2025/12/09 19:31:03] Start scPP screening.
ℹ [2025/12/09 19:31:03] Finding overall markers...
Warning: row_t_welch: 2613 of the rows had essentially constant values.
First occurrence at row 25
ℹ [2025/12/09 19:31:06] Screening...
ℹ [2025/12/09 19:31:06] Running fixed threshold mode with prob = 0.11
ℹ [2025/12/09 19:31:07] Computing AUC scores...
Genes in the gene sets NOT available in the dataset: 
	gene_pos: 	11077 (61% of 18097)
	gene_neg: 	6621 (65% of 10130)
✔ [2025/12/09 19:32:06] Classified 4526 Positive, 4802 Negative cells
ℹ [2025/12/09 19:32:06] Finding markers between `Positive` and `Negative` group...
✔ [2025/12/09 19:32:12] Found 3399 positive markers, 1961 negative markers
✔ [2025/12/09 19:32:12] scPP screening done.
! scPP result is not complete, maybe not suitable for this parameter pair, using default FALSE.prob = 0.11, Log2FC_cutoff = 0.506, process_12
ℹ [2025/12/09 19:32:14] Start scPP screening.
ℹ [2025/12/09 19:32:14] Finding overall markers...
Warning: row_t_welch: 2613 of the rows had essentially constant values.
First occurrence at row 25
ℹ [2025/12/09 19:32:17] Screening...
ℹ [2025/12/09 19:32:17] Running fixed threshold mode with prob = 0.39
ℹ [2025/12/09 19:32:18] Computing AUC scores...
Genes in the gene sets NOT available in the dataset: 
	gene_pos: 	12013 (63% of 19034)
	gene_neg: 	6898 (66% of 10408)
✔ [2025/12/09 19:33:17] Classified 18742 Positive, 18914 Negative cells
ℹ [2025/12/09 19:33:17] Finding markers between `Positive` and `Negative` group...
✔ [2025/12/09 19:33:35] Found 2701 positive markers, 2198 negative markers
✔ [2025/12/09 19:33:35] scPP screening done.
! scPP result is not complete, maybe not suitable for this parameter pair, using default FALSE.prob = 0.39, Log2FC_cutoff = 0.373, process_13
ℹ [2025/12/09 19:33:38] Start scPP screening.
ℹ [2025/12/09 19:33:38] Finding overall markers...
Warning: row_t_welch: 2613 of the rows had essentially constant values.
First occurrence at row 25
ℹ [2025/12/09 19:33:40] Screening...
ℹ [2025/12/09 19:33:40] Running fixed threshold mode with prob = 0.4
ℹ [2025/12/09 19:33:41] Computing AUC scores...
Genes in the gene sets NOT available in the dataset: 
	gene_pos: 	12317 (64% of 19338)
	gene_neg: 	7000 (67% of 10510)
✔ [2025/12/09 19:34:40] Classified 19281 Positive, 19426 Negative cells
ℹ [2025/12/09 19:34:40] Finding markers between `Positive` and `Negative` group...
✔ [2025/12/09 19:34:59] Found 2651 positive markers, 2196 negative markers
✔ [2025/12/09 19:34:59] scPP screening done.
! scPP result is not complete, maybe not suitable for this parameter pair, using default FALSE.prob = 0.4, Log2FC_cutoff = 0.336, process_14
ℹ [2025/12/09 19:35:01] Start scPP screening.
ℹ [2025/12/09 19:35:01] Finding overall markers...
Warning: row_t_welch: 2613 of the rows had essentially constant values.
First occurrence at row 25
ℹ [2025/12/09 19:35:03] Screening...
ℹ [2025/12/09 19:35:03] Running fixed threshold mode with prob = 0.31
ℹ [2025/12/09 19:35:04] Computing AUC scores...
Genes in the gene sets NOT available in the dataset: 
	gene_pos: 	16142 (70% of 23165)
	gene_neg: 	7612 (68% of 11122)
✔ [2025/12/09 19:36:03] Classified 14471 Positive, 14626 Negative cells
ℹ [2025/12/09 19:36:03] Finding markers between `Positive` and `Negative` group...
✔ [2025/12/09 19:36:19] Found 3022 positive markers, 2165 negative markers
✔ [2025/12/09 19:36:19] scPP screening done.
! scPP result is not complete, maybe not suitable for this parameter pair, using default FALSE.prob = 0.31, Log2FC_cutoff = 0.048, process_15
ℹ [2025/12/09 19:36:21] Start scPP screening.
ℹ [2025/12/09 19:36:21] Finding overall markers...
Warning: row_t_welch: 2613 of the rows had essentially constant values.
First occurrence at row 25
ℹ [2025/12/09 19:36:23] Screening...
ℹ [2025/12/09 19:36:23] Running fixed threshold mode with prob = 0.1
ℹ [2025/12/09 19:36:24] Computing AUC scores...
Genes in the gene sets NOT available in the dataset: 
	gene_pos: 	10474 (60% of 17492)
	gene_neg: 	6430 (65% of 9938)
✔ [2025/12/09 19:37:23] Classified 4064 Positive, 4358 Negative cells
ℹ [2025/12/09 19:37:23] Finding markers between `Positive` and `Negative` group...
✔ [2025/12/09 19:37:31] Found 3375 positive markers, 1947 negative markers
✔ [2025/12/09 19:37:31] scPP screening done.
! scPP result is not complete, maybe not suitable for this parameter pair, using default FALSE.prob = 0.1, Log2FC_cutoff = 0.619, process_16
ℹ [2025/12/09 19:37:32] Start scPP screening.
ℹ [2025/12/09 19:37:32] Finding overall markers...
Warning: row_t_welch: 2613 of the rows had essentially constant values.
First occurrence at row 25
ℹ [2025/12/09 19:37:35] Screening...
ℹ [2025/12/09 19:37:35] Running fixed threshold mode with prob = 0.17
ℹ [2025/12/09 19:37:36] Computing AUC scores...
Genes in the gene sets NOT available in the dataset: 
	gene_pos: 	9143 (57% of 16156)
	gene_neg: 	5932 (63% of 9440)
✔ [2025/12/09 19:38:36] Classified 7366 Positive, 7630 Negative cells
ℹ [2025/12/09 19:38:36] Finding markers between `Positive` and `Negative` group...
✔ [2025/12/09 19:38:44] Found 3339 positive markers, 2079 negative markers
✔ [2025/12/09 19:38:44] scPP screening done.
! scPP result is not complete, maybe not suitable for this parameter pair, using default FALSE.prob = 0.17, Log2FC_cutoff = 0.961, process_17
ℹ [2025/12/09 19:38:46] Start scPP screening.
ℹ [2025/12/09 19:38:46] Finding overall markers...
Warning: row_t_welch: 2613 of the rows had essentially constant values.
First occurrence at row 25
ℹ [2025/12/09 19:38:49] Screening...
ℹ [2025/12/09 19:38:49] Running fixed threshold mode with prob = 0.33
ℹ [2025/12/09 19:38:50] Computing AUC scores...
Genes in the gene sets NOT available in the dataset: 
	gene_pos: 	10293 (59% of 17310)
	gene_neg: 	6371 (64% of 9879)
✔ [2025/12/09 19:39:48] Classified 15559 Positive, 15721 Negative cells
ℹ [2025/12/09 19:39:48] Finding markers between `Positive` and `Negative` group...
✔ [2025/12/09 19:40:03] Found 2950 positive markers, 2216 negative markers
✔ [2025/12/09 19:40:03] scPP screening done.
! scPP result is not complete, maybe not suitable for this parameter pair, using default FALSE.prob = 0.33, Log2FC_cutoff = 0.655, process_18
ℹ [2025/12/09 19:40:05] Start scPP screening.
ℹ [2025/12/09 19:40:05] Finding overall markers...
Warning: row_t_welch: 2613 of the rows had essentially constant values.
First occurrence at row 25
ℹ [2025/12/09 19:40:08] Screening...
ℹ [2025/12/09 19:40:08] Running fixed threshold mode with prob = 0.41
ℹ [2025/12/09 19:40:09] Computing AUC scores...
Genes in the gene sets NOT available in the dataset: 
	gene_pos: 	11062 (61% of 18082)
	gene_neg: 	6612 (65% of 10121)
✔ [2025/12/09 19:41:08] Classified 19824 Positive, 19980 Negative cells
ℹ [2025/12/09 19:41:08] Finding markers between `Positive` and `Negative` group...
✔ [2025/12/09 19:41:27] Found 2614 positive markers, 2186 negative markers
✔ [2025/12/09 19:41:27] scPP screening done.
! scPP result is not complete, maybe not suitable for this parameter pair, using default FALSE.prob = 0.41, Log2FC_cutoff = 0.51, process_19
ℹ [2025/12/09 19:41:29] Start scPP screening.
ℹ [2025/12/09 19:41:29] Finding overall markers...
Warning: row_t_welch: 2613 of the rows had essentially constant values.
First occurrence at row 25
ℹ [2025/12/09 19:41:32] Screening...
ℹ [2025/12/09 19:41:32] Running fixed threshold mode with prob = 0.4
ℹ [2025/12/09 19:41:33] Computing AUC scores...
Genes in the gene sets NOT available in the dataset: 
	gene_pos: 	14290 (67% of 21313)
	gene_neg: 	7453 (68% of 10963)
✔ [2025/12/09 19:42:32] Classified 19238 Positive, 19388 Negative cells
ℹ [2025/12/09 19:42:32] Finding markers between `Positive` and `Negative` group...
✔ [2025/12/09 19:42:51] Found 2674 positive markers, 2177 negative markers
✔ [2025/12/09 19:42:51] scPP screening done.
! scPP result is not complete, maybe not suitable for this parameter pair, using default FALSE.prob = 0.4, Log2FC_cutoff = 0.15, process_20
ℹ [2025/12/09 19:42:53] Start scPP screening.
ℹ [2025/12/09 19:42:53] Finding overall markers...
Warning: row_t_welch: 2613 of the rows had essentially constant values.
First occurrence at row 25
ℹ [2025/12/09 19:42:56] Screening...
ℹ [2025/12/09 19:42:56] Running fixed threshold mode with prob = 0.39
ℹ [2025/12/09 19:42:57] Computing AUC scores...
Genes in the gene sets NOT available in the dataset: 
	gene_pos: 	9434 (57% of 16447)
	gene_neg: 	6044 (63% of 9552)
✔ [2025/12/09 19:43:57] Classified 18733 Positive, 18909 Negative cells
ℹ [2025/12/09 19:43:57] Finding markers between `Positive` and `Negative` group...
✔ [2025/12/09 19:44:16] Found 2699 positive markers, 2196 negative markers
✔ [2025/12/09 19:44:16] scPP screening done.
! scPP result is not complete, maybe not suitable for this parameter pair, using default FALSE.prob = 0.39, Log2FC_cutoff = 0.87, process_21
ℹ [2025/12/09 19:44:18] Start scPP screening.
ℹ [2025/12/09 19:44:18] Finding overall markers...
Warning: row_t_welch: 2613 of the rows had essentially constant values.
First occurrence at row 25
ℹ [2025/12/09 19:44:20] Screening...
ℹ [2025/12/09 19:44:20] Running fixed threshold mode with prob = 0.31
ℹ [2025/12/09 19:44:21] Computing AUC scores...
Genes in the gene sets NOT available in the dataset: 
	gene_pos: 	11037 (61% of 18057)
	gene_neg: 	6612 (65% of 10121)
✔ [2025/12/09 19:45:19] Classified 14508 Positive, 14677 Negative cells
ℹ [2025/12/09 19:45:20] Finding markers between `Positive` and `Negative` group...
✔ [2025/12/09 19:45:35] Found 3012 positive markers, 2186 negative markers
✔ [2025/12/09 19:45:35] scPP screening done.
! scPP result is not complete, maybe not suitable for this parameter pair, using default FALSE.prob = 0.31, Log2FC_cutoff = 0.514, process_22
ℹ [2025/12/09 19:45:37] Start scPP screening.
ℹ [2025/12/09 19:45:37] Finding overall markers...
Warning: row_t_welch: 2613 of the rows had essentially constant values.
First occurrence at row 25
ℹ [2025/12/09 19:45:40] Screening...
ℹ [2025/12/09 19:45:40] Running fixed threshold mode with prob = 0.01
ℹ [2025/12/09 19:45:41] Computing AUC scores...
Genes in the gene sets NOT available in the dataset: 
	gene_pos: 	17739 (72% of 24763)
	gene_neg: 	7613 (68% of 11123)
✔ [2025/12/09 19:46:39] Classified 296 Positive, 423 Negative cells
ℹ [2025/12/09 19:46:39] Finding markers between `Positive` and `Negative` group...
✔ [2025/12/09 19:46:43] Found 2499 positive markers, 1017 negative markers
✔ [2025/12/09 19:46:43] scPP screening done.
! scPP result is not complete, maybe not suitable for this parameter pair, using default FALSE.prob = 0.01, Log2FC_cutoff = 0.009, process_23
ℹ [2025/12/09 19:46:44] Start scPP screening.
ℹ [2025/12/09 19:46:44] Finding overall markers...
Warning: row_t_welch: 2613 of the rows had essentially constant values.
First occurrence at row 25
ℹ [2025/12/09 19:46:47] Screening...
ℹ [2025/12/09 19:46:47] Running fixed threshold mode with prob = 0.12
ℹ [2025/12/09 19:46:48] Computing AUC scores...
Genes in the gene sets NOT available in the dataset: 
	gene_pos: 	17155 (71% of 24178)
	gene_neg: 	7613 (68% of 11123)
✔ [2025/12/09 19:47:47] Classified 4986 Positive, 5252 Negative cells
ℹ [2025/12/09 19:47:47] Finding markers between `Positive` and `Negative` group...
✔ [2025/12/09 19:47:54] Found 3393 positive markers, 1967 negative markers
✔ [2025/12/09 19:47:54] scPP screening done.
! scPP result is not complete, maybe not suitable for this parameter pair, using default FALSE.prob = 0.12, Log2FC_cutoff = 0.019, process_24
ℹ [2025/12/09 19:47:56] Start scPP screening.
ℹ [2025/12/09 19:47:56] Finding overall markers...
Warning: row_t_welch: 2613 of the rows had essentially constant values.
First occurrence at row 25
ℹ [2025/12/09 19:47:59] Screening...
ℹ [2025/12/09 19:47:59] Running fixed threshold mode with prob = 0.2
ℹ [2025/12/09 19:48:00] Computing AUC scores...
Genes in the gene sets NOT available in the dataset: 
	gene_pos: 	14371 (67% of 21394)
	gene_neg: 	7463 (68% of 10973)
✔ [2025/12/09 19:48:58] Classified 8804 Positive, 9102 Negative cells
ℹ [2025/12/09 19:48:58] Finding markers between `Positive` and `Negative` group...
✔ [2025/12/09 19:49:10] Found 3307 positive markers, 2094 negative markers
✔ [2025/12/09 19:49:10] scPP screening done.
! scPP result is not complete, maybe not suitable for this parameter pair, using default FALSE.prob = 0.2, Log2FC_cutoff = 0.145, process_25
ℹ [2025/12/09 19:49:11] Start scPP screening.
ℹ [2025/12/09 19:49:11] Finding overall markers...
Warning: row_t_welch: 2613 of the rows had essentially constant values.
First occurrence at row 25
ℹ [2025/12/09 19:49:14] Screening...
ℹ [2025/12/09 19:49:14] Running fixed threshold mode with prob = 0.08
ℹ [2025/12/09 19:49:15] Computing AUC scores...
Genes in the gene sets NOT available in the dataset: 
	gene_pos: 	12579 (64% of 19600)
	gene_neg: 	7071 (67% of 10581)
✔ [2025/12/09 19:50:14] Classified 3148 Positive, 3439 Negative cells
ℹ [2025/12/09 19:50:14] Finding markers between `Positive` and `Negative` group...
✔ [2025/12/09 19:50:20] Found 3370 positive markers, 1864 negative markers
✔ [2025/12/09 19:50:20] scPP screening done.
! scPP result is not complete, maybe not suitable for this parameter pair, using default FALSE.prob = 0.08, Log2FC_cutoff = 0.305, process_26
ℹ [2025/12/09 19:50:22] Start scPP screening.
ℹ [2025/12/09 19:50:22] Finding overall markers...
Warning: row_t_welch: 2613 of the rows had essentially constant values.
First occurrence at row 25
ℹ [2025/12/09 19:50:24] Screening...
ℹ [2025/12/09 19:50:24] Running fixed threshold mode with prob = 0.12
ℹ [2025/12/09 19:50:25] Computing AUC scores...
Genes in the gene sets NOT available in the dataset: 
	gene_pos: 	9596 (58% of 16610)
	gene_neg: 	6105 (64% of 9613)
✔ [2025/12/09 19:51:24] Classified 4985 Positive, 5254 Negative cells
ℹ [2025/12/09 19:51:24] Finding markers between `Positive` and `Negative` group...
✔ [2025/12/09 19:51:31] Found 3393 positive markers, 1964 negative markers
✔ [2025/12/09 19:51:31] scPP screening done.
! scPP result is not complete, maybe not suitable for this parameter pair, using default FALSE.prob = 0.12, Log2FC_cutoff = 0.826, process_27
ℹ [2025/12/09 19:51:33] Start scPP screening.
ℹ [2025/12/09 19:51:33] Finding overall markers...
Warning: row_t_welch: 2613 of the rows had essentially constant values.
First occurrence at row 25
ℹ [2025/12/09 19:51:36] Screening...
ℹ [2025/12/09 19:51:36] Running fixed threshold mode with prob = 0.03
ℹ [2025/12/09 19:51:37] Computing AUC scores...
Genes in the gene sets NOT available in the dataset: 
	gene_pos: 	11106 (61% of 18126)
	gene_neg: 	6634 (65% of 10143)
✔ [2025/12/09 19:52:36] Classified 1022 Positive, 1291 Negative cells
ℹ [2025/12/09 19:52:36] Finding markers between `Positive` and `Negative` group...
✔ [2025/12/09 19:52:39] Found 3083 positive markers, 1586 negative markers
✔ [2025/12/09 19:52:39] scPP screening done.
! scPP result is not complete, maybe not suitable for this parameter pair, using default FALSE.prob = 0.03, Log2FC_cutoff = 0.502, process_28
ℹ [2025/12/09 19:52:41] Start scPP screening.
ℹ [2025/12/09 19:52:41] Finding overall markers...
Warning: row_t_welch: 2613 of the rows had essentially constant values.
First occurrence at row 25
ℹ [2025/12/09 19:52:44] Screening...
ℹ [2025/12/09 19:52:44] Running fixed threshold mode with prob = 0.09
ℹ [2025/12/09 19:52:45] Computing AUC scores...
Genes in the gene sets NOT available in the dataset: 
	gene_pos: 	9692 (58% of 16706)
	gene_neg: 	6140 (64% of 9648)
✔ [2025/12/09 19:53:45] Classified 3587 Positive, 3871 Negative cells
ℹ [2025/12/09 19:53:45] Finding markers between `Positive` and `Negative` group...
✔ [2025/12/09 19:53:51] Found 3370 positive markers, 1896 negative markers
✔ [2025/12/09 19:53:51] scPP screening done.
! scPP result is not complete, maybe not suitable for this parameter pair, using default FALSE.prob = 0.09, Log2FC_cutoff = 0.804, process_29
ℹ [2025/12/09 19:53:53] Start scPP screening.
ℹ [2025/12/09 19:53:53] Finding overall markers...
Warning: row_t_welch: 2613 of the rows had essentially constant values.
First occurrence at row 25
ℹ [2025/12/09 19:53:56] Screening...
ℹ [2025/12/09 19:53:56] Running fixed threshold mode with prob = 0.14
ℹ [2025/12/09 19:53:57] Computing AUC scores...
Genes in the gene sets NOT available in the dataset: 
	gene_pos: 	15826 (69% of 22849)
	gene_neg: 	7609 (68% of 11119)
✔ [2025/12/09 19:54:56] Classified 5920 Positive, 6221 Negative cells
ℹ [2025/12/09 19:54:56] Finding markers between `Positive` and `Negative` group...
✔ [2025/12/09 19:55:04] Found 3380 positive markers, 1988 negative markers
✔ [2025/12/09 19:55:04] scPP screening done.
! scPP result is not complete, maybe not suitable for this parameter pair, using default FALSE.prob = 0.14, Log2FC_cutoff = 0.061, process_30
ℹ [2025/12/09 19:55:06] Start scPP screening.
ℹ [2025/12/09 19:55:06] Finding overall markers...
Warning: row_t_welch: 2613 of the rows had essentially constant values.
First occurrence at row 25
ℹ [2025/12/09 19:55:09] Screening...
ℹ [2025/12/09 19:55:09] Running fixed threshold mode with prob = 0.13
ℹ [2025/12/09 19:55:10] Computing AUC scores...
Genes in the gene sets NOT available in the dataset: 
	gene_pos: 	9235 (57% of 16248)
	gene_neg: 	5971 (63% of 9479)
✔ [2025/12/09 19:56:10] Classified 5448 Positive, 5731 Negative cells
ℹ [2025/12/09 19:56:10] Finding markers between `Positive` and `Negative` group...
✔ [2025/12/09 19:56:17] Found 3391 positive markers, 1984 negative markers
✔ [2025/12/09 19:56:17] scPP screening done.
! scPP result is not complete, maybe not suitable for this parameter pair, using default FALSE.prob = 0.13, Log2FC_cutoff = 0.928, process_31
ℹ [2025/12/09 19:56:19] Start scPP screening.
ℹ [2025/12/09 19:56:19] Finding overall markers...
Warning: row_t_welch: 2613 of the rows had essentially constant values.
First occurrence at row 25
ℹ [2025/12/09 19:56:22] Screening...
ℹ [2025/12/09 19:56:22] Running fixed threshold mode with prob = 0.2
ℹ [2025/12/09 19:56:23] Computing AUC scores...
Genes in the gene sets NOT available in the dataset: 
	gene_pos: 	9675 (58% of 16689)
	gene_neg: 	6133 (64% of 9641)
✔ [2025/12/09 19:57:24] Classified 8841 Positive, 9123 Negative cells
ℹ [2025/12/09 19:57:24] Finding markers between `Positive` and `Negative` group...
✔ [2025/12/09 19:57:34] Found 3293 positive markers, 2100 negative markers
✔ [2025/12/09 19:57:34] scPP screening done.
! scPP result is not complete, maybe not suitable for this parameter pair, using default FALSE.prob = 0.2, Log2FC_cutoff = 0.808, process_32
ℹ [2025/12/09 19:57:36] Start scPP screening.
ℹ [2025/12/09 19:57:36] Finding overall markers...
Warning: row_t_welch: 2613 of the rows had essentially constant values.
First occurrence at row 25
ℹ [2025/12/09 19:57:39] Screening...
ℹ [2025/12/09 19:57:39] Running fixed threshold mode with prob = 0.43
ℹ [2025/12/09 19:57:40] Computing AUC scores...
Genes in the gene sets NOT available in the dataset: 
	gene_pos: 	15463 (69% of 22486)
	gene_neg: 	7595 (68% of 11105)
✔ [2025/12/09 19:58:39] Classified 20881 Positive, 20994 Negative cells
ℹ [2025/12/09 19:58:39] Finding markers between `Positive` and `Negative` group...
✔ [2025/12/09 19:58:59] Found 2546 positive markers, 2159 negative markers
✔ [2025/12/09 19:58:59] scPP screening done.
! scPP result is not complete, maybe not suitable for this parameter pair, using default FALSE.prob = 0.43, Log2FC_cutoff = 0.079, process_33
ℹ [2025/12/09 19:59:02] Start scPP screening.
ℹ [2025/12/09 19:59:02] Finding overall markers...
Warning: row_t_welch: 2613 of the rows had essentially constant values.
First occurrence at row 25
ℹ [2025/12/09 19:59:05] Screening...
ℹ [2025/12/09 19:59:05] Running fixed threshold mode with prob = 0.16
ℹ [2025/12/09 19:59:06] Computing AUC scores...
Genes in the gene sets NOT available in the dataset: 
	gene_pos: 	10569 (60% of 17587)
	gene_neg: 	6458 (65% of 9966)
✔ [2025/12/09 20:00:05] Classified 6906 Positive, 7153 Negative cells
ℹ [2025/12/09 20:00:05] Finding markers between `Positive` and `Negative` group...
✔ [2025/12/09 20:00:14] Found 3356 positive markers, 2039 negative markers
✔ [2025/12/09 20:00:14] scPP screening done.
! scPP result is not complete, maybe not suitable for this parameter pair, using default FALSE.prob = 0.16, Log2FC_cutoff = 0.601, process_34
ℹ [2025/12/09 20:00:16] Start scPP screening.
ℹ [2025/12/09 20:00:16] Finding overall markers...
Warning: row_t_welch: 2613 of the rows had essentially constant values.
First occurrence at row 25
ℹ [2025/12/09 20:00:19] Screening...
ℹ [2025/12/09 20:00:19] Running fixed threshold mode with prob = 0.16
ℹ [2025/12/09 20:00:20] Computing AUC scores...
Genes in the gene sets NOT available in the dataset: 
	gene_pos: 	10032 (59% of 17047)
	gene_neg: 	6275 (64% of 9783)
✔ [2025/12/09 20:01:21] Classified 6897 Positive, 7155 Negative cells
ℹ [2025/12/09 20:01:21] Finding markers between `Positive` and `Negative` group...
✔ [2025/12/09 20:01:29] Found 3359 positive markers, 2044 negative markers
✔ [2025/12/09 20:01:29] scPP screening done.
! scPP result is not complete, maybe not suitable for this parameter pair, using default FALSE.prob = 0.16, Log2FC_cutoff = 0.715, process_35
ℹ [2025/12/09 20:01:31] Start scPP screening.
ℹ [2025/12/09 20:01:31] Finding overall markers...
Warning: row_t_welch: 2613 of the rows had essentially constant values.
First occurrence at row 25
ℹ [2025/12/09 20:01:34] Screening...
ℹ [2025/12/09 20:01:34] Running fixed threshold mode with prob = 0.33
ℹ [2025/12/09 20:01:35] Computing AUC scores...
Genes in the gene sets NOT available in the dataset: 
	gene_pos: 	11037 (61% of 18057)
	gene_neg: 	6612 (65% of 10121)
✔ [2025/12/09 20:02:34] Classified 15567 Positive, 15725 Negative cells
ℹ [2025/12/09 20:02:34] Finding markers between `Positive` and `Negative` group...
✔ [2025/12/09 20:02:50] Found 2948 positive markers, 2214 negative markers
✔ [2025/12/09 20:02:50] scPP screening done.
! scPP result is not complete, maybe not suitable for this parameter pair, using default FALSE.prob = 0.33, Log2FC_cutoff = 0.514, process_36
ℹ [2025/12/09 20:02:52] Start scPP screening.
ℹ [2025/12/09 20:02:52] Finding overall markers...
Warning: row_t_welch: 2613 of the rows had essentially constant values.
First occurrence at row 25
ℹ [2025/12/09 20:02:55] Screening...
ℹ [2025/12/09 20:02:55] Running fixed threshold mode with prob = 0.35
ℹ [2025/12/09 20:02:56] Computing AUC scores...
Genes in the gene sets NOT available in the dataset: 
	gene_pos: 	10006 (59% of 17021)
	gene_neg: 	6267 (64% of 9775)
✔ [2025/12/09 20:03:56] Classified 16634 Positive, 16792 Negative cells
ℹ [2025/12/09 20:03:56] Finding markers between `Positive` and `Negative` group...
✔ [2025/12/09 20:04:12] Found 2854 positive markers, 2213 negative markers
✔ [2025/12/09 20:04:12] scPP screening done.
! scPP result is not complete, maybe not suitable for this parameter pair, using default FALSE.prob = 0.35, Log2FC_cutoff = 0.72, process_37
ℹ [2025/12/09 20:04:15] Start scPP screening.
ℹ [2025/12/09 20:04:15] Finding overall markers...
Warning: row_t_welch: 2613 of the rows had essentially constant values.
First occurrence at row 25
ℹ [2025/12/09 20:04:18] Screening...
ℹ [2025/12/09 20:04:18] Running fixed threshold mode with prob = 0.42
ℹ [2025/12/09 20:04:19] Computing AUC scores...
Genes in the gene sets NOT available in the dataset: 
	gene_pos: 	9877 (58% of 16892)
	gene_neg: 	6221 (64% of 9729)
✔ [2025/12/09 20:05:18] Classified 20379 Positive, 20510 Negative cells
ℹ [2025/12/09 20:05:18] Finding markers between `Positive` and `Negative` group...
✔ [2025/12/09 20:05:38] Found 2579 positive markers, 2171 negative markers
✔ [2025/12/09 20:05:38] scPP screening done.
! scPP result is not complete, maybe not suitable for this parameter pair, using default FALSE.prob = 0.42, Log2FC_cutoff = 0.75, process_38
ℹ [2025/12/09 20:05:41] Start scPP screening.
ℹ [2025/12/09 20:05:41] Finding overall markers...
Warning: row_t_welch: 2613 of the rows had essentially constant values.
First occurrence at row 25
ℹ [2025/12/09 20:05:44] Screening...
ℹ [2025/12/09 20:05:44] Running fixed threshold mode with prob = 0.33
ℹ [2025/12/09 20:05:45] Computing AUC scores...
Genes in the gene sets NOT available in the dataset: 
	gene_pos: 	15130 (68% of 22153)
	gene_neg: 	7569 (68% of 11079)
✔ [2025/12/09 20:06:44] Classified 15534 Positive, 15683 Negative cells
ℹ [2025/12/09 20:06:44] Finding markers between `Positive` and `Negative` group...
✔ [2025/12/09 20:07:01] Found 2970 positive markers, 2197 negative markers
✔ [2025/12/09 20:07:01] scPP screening done.
! scPP result is not complete, maybe not suitable for this parameter pair, using default FALSE.prob = 0.33, Log2FC_cutoff = 0.096, process_39
ℹ [2025/12/09 20:07:03] Start scPP screening.
ℹ [2025/12/09 20:07:03] Finding overall markers...
Warning: row_t_welch: 2613 of the rows had essentially constant values.
First occurrence at row 25
ℹ [2025/12/09 20:07:06] Screening...
ℹ [2025/12/09 20:07:06] Running fixed threshold mode with prob = 0.26
ℹ [2025/12/09 20:07:07] Computing AUC scores...
Genes in the gene sets NOT available in the dataset: 
	gene_pos: 	11824 (63% of 18845)
	gene_neg: 	6829 (66% of 10339)
✔ [2025/12/09 20:08:07] Classified 11895 Positive, 12082 Negative cells
ℹ [2025/12/09 20:08:07] Finding markers between `Positive` and `Negative` group...
✔ [2025/12/09 20:08:19] Found 3115 positive markers, 2159 negative markers
✔ [2025/12/09 20:08:19] scPP screening done.
! scPP result is not complete, maybe not suitable for this parameter pair, using default FALSE.prob = 0.26, Log2FC_cutoff = 0.398, process_40
ℹ [2025/12/09 20:08:22] Start scPP screening.
ℹ [2025/12/09 20:08:22] Finding overall markers...
Warning: row_t_welch: 2613 of the rows had essentially constant values.
First occurrence at row 25
ℹ [2025/12/09 20:08:25] Screening...
ℹ [2025/12/09 20:08:25] Running fixed threshold mode with prob = 0.37
ℹ [2025/12/09 20:08:26] Computing AUC scores...
Genes in the gene sets NOT available in the dataset: 
	gene_pos: 	12678 (64% of 19699)
	gene_neg: 	7099 (67% of 10609)
✔ [2025/12/09 20:09:26] Classified 17672 Positive, 17857 Negative cells
ℹ [2025/12/09 20:09:26] Finding markers between `Positive` and `Negative` group...
✔ [2025/12/09 20:09:44] Found 2774 positive markers, 2200 negative markers
✔ [2025/12/09 20:09:44] scPP screening done.
! scPP result is not complete, maybe not suitable for this parameter pair, using default FALSE.prob = 0.37, Log2FC_cutoff = 0.294, process_41
ℹ [2025/12/09 20:09:46] Start scPP screening.
ℹ [2025/12/09 20:09:46] Finding overall markers...
Warning: row_t_welch: 2613 of the rows had essentially constant values.
First occurrence at row 25
ℹ [2025/12/09 20:09:49] Screening...
ℹ [2025/12/09 20:09:49] Running fixed threshold mode with prob = 0.41
ℹ [2025/12/09 20:09:50] Computing AUC scores...
Genes in the gene sets NOT available in the dataset: 
	gene_pos: 	10487 (60% of 17505)
	gene_neg: 	6433 (65% of 9941)
✔ [2025/12/09 20:10:50] Classified 19824 Positive, 19981 Negative cells
ℹ [2025/12/09 20:10:50] Finding markers between `Positive` and `Negative` group...
✔ [2025/12/09 20:11:09] Found 2616 positive markers, 2186 negative markers
✔ [2025/12/09 20:11:09] scPP screening done.
! scPP result is not complete, maybe not suitable for this parameter pair, using default FALSE.prob = 0.41, Log2FC_cutoff = 0.617, process_42
ℹ [2025/12/09 20:11:11] Start scPP screening.
ℹ [2025/12/09 20:11:11] Finding overall markers...
Warning: row_t_welch: 2613 of the rows had essentially constant values.
First occurrence at row 25
ℹ [2025/12/09 20:11:14] Screening...
ℹ [2025/12/09 20:11:14] Running fixed threshold mode with prob = 0.11
ℹ [2025/12/09 20:11:15] Computing AUC scores...
Genes in the gene sets NOT available in the dataset: 
	gene_pos: 	9096 (56% of 16109)
	gene_neg: 	5914 (63% of 9421)
✔ [2025/12/09 20:12:15] Classified 4514 Positive, 4794 Negative cells
ℹ [2025/12/09 20:12:15] Finding markers between `Positive` and `Negative` group...
✔ [2025/12/09 20:12:23] Found 3401 positive markers, 1959 negative markers
✔ [2025/12/09 20:12:23] scPP screening done.
! scPP result is not complete, maybe not suitable for this parameter pair, using default FALSE.prob = 0.11, Log2FC_cutoff = 0.974, process_43
ℹ [2025/12/09 20:12:25] Start scPP screening.
ℹ [2025/12/09 20:12:25] Finding overall markers...
Warning: row_t_welch: 2613 of the rows had essentially constant values.
First occurrence at row 25
ℹ [2025/12/09 20:12:28] Screening...
ℹ [2025/12/09 20:12:28] Running fixed threshold mode with prob = 0.39
ℹ [2025/12/09 20:12:29] Computing AUC scores...
Genes in the gene sets NOT available in the dataset: 
	gene_pos: 	10477 (60% of 17495)
	gene_neg: 	6433 (65% of 9941)
✔ [2025/12/09 20:13:29] Classified 18742 Positive, 18915 Negative cells
ℹ [2025/12/09 20:13:29] Finding markers between `Positive` and `Negative` group...
✔ [2025/12/09 20:13:47] Found 2700 positive markers, 2198 negative markers
✔ [2025/12/09 20:13:47] scPP screening done.
! scPP result is not complete, maybe not suitable for this parameter pair, using default FALSE.prob = 0.39, Log2FC_cutoff = 0.618, process_44
ℹ [2025/12/09 20:13:49] Start scPP screening.
ℹ [2025/12/09 20:13:49] Finding overall markers...
Warning: row_t_welch: 2613 of the rows had essentially constant values.
First occurrence at row 25
ℹ [2025/12/09 20:13:52] Screening...
ℹ [2025/12/09 20:13:52] Running fixed threshold mode with prob = 0.09
ℹ [2025/12/09 20:13:53] Computing AUC scores...
Genes in the gene sets NOT available in the dataset: 
	gene_pos: 	10996 (61% of 18016)
	gene_neg: 	6593 (65% of 10102)
✔ [2025/12/09 20:14:54] Classified 3592 Positive, 3873 Negative cells
ℹ [2025/12/09 20:14:54] Finding markers between `Positive` and `Negative` group...
✔ [2025/12/09 20:15:00] Found 3370 positive markers, 1908 negative markers
✔ [2025/12/09 20:15:00] scPP screening done.
! scPP result is not complete, maybe not suitable for this parameter pair, using default FALSE.prob = 0.09, Log2FC_cutoff = 0.521, process_45
ℹ [2025/12/09 20:15:02] Start scPP screening.
ℹ [2025/12/09 20:15:02] Finding overall markers...
Warning: row_t_welch: 2613 of the rows had essentially constant values.
First occurrence at row 25
ℹ [2025/12/09 20:15:05] Screening...
ℹ [2025/12/09 20:15:05] Running fixed threshold mode with prob = 0.05
ℹ [2025/12/09 20:15:06] Computing AUC scores...
Genes in the gene sets NOT available in the dataset: 
	gene_pos: 	9315 (57% of 16328)
	gene_neg: 	5998 (63% of 9506)
✔ [2025/12/09 20:16:04] Classified 1819 Positive, 2139 Negative cells
ℹ [2025/12/09 20:16:04] Finding markers between `Positive` and `Negative` group...
✔ [2025/12/09 20:16:08] Found 3263 positive markers, 1787 negative markers
✔ [2025/12/09 20:16:08] scPP screening done.
! scPP result is not complete, maybe not suitable for this parameter pair, using default FALSE.prob = 0.05, Log2FC_cutoff = 0.903, process_46
ℹ [2025/12/09 20:16:11] Start scPP screening.
ℹ [2025/12/09 20:16:11] Finding overall markers...
Warning: row_t_welch: 2613 of the rows had essentially constant values.
First occurrence at row 25
ℹ [2025/12/09 20:16:14] Screening...
ℹ [2025/12/09 20:16:14] Running fixed threshold mode with prob = 0.15
ℹ [2025/12/09 20:16:15] Computing AUC scores...
Genes in the gene sets NOT available in the dataset: 
	gene_pos: 	10391 (60% of 17409)
	gene_neg: 	6399 (65% of 9907)
✔ [2025/12/09 20:17:14] Classified 6406 Positive, 6688 Negative cells
ℹ [2025/12/09 20:17:14] Finding markers between `Positive` and `Negative` group...
✔ [2025/12/09 20:17:22] Found 3360 positive markers, 2018 negative markers
✔ [2025/12/09 20:17:22] scPP screening done.
! scPP result is not complete, maybe not suitable for this parameter pair, using default FALSE.prob = 0.15, Log2FC_cutoff = 0.637, process_47
ℹ [2025/12/09 20:17:25] Start scPP screening.
ℹ [2025/12/09 20:17:25] Finding overall markers...
Warning: row_t_welch: 2613 of the rows had essentially constant values.
First occurrence at row 25
ℹ [2025/12/09 20:17:28] Screening...
ℹ [2025/12/09 20:17:28] Running fixed threshold mode with prob = 0.19
ℹ [2025/12/09 20:17:29] Computing AUC scores...
Genes in the gene sets NOT available in the dataset: 
	gene_pos: 	9455 (57% of 16468)
	gene_neg: 	6051 (63% of 9559)
✔ [2025/12/09 20:18:29] Classified 8370 Positive, 8641 Negative cells
ℹ [2025/12/09 20:18:29] Finding markers between `Positive` and `Negative` group...
✔ [2025/12/09 20:18:40] Found 3308 positive markers, 2094 negative markers
✔ [2025/12/09 20:18:40] scPP screening done.
! scPP result is not complete, maybe not suitable for this parameter pair, using default FALSE.prob = 0.19, Log2FC_cutoff = 0.864, process_48
ℹ [2025/12/09 20:18:42] Start scPP screening.
ℹ [2025/12/09 20:18:42] Finding overall markers...
Warning: row_t_welch: 2613 of the rows had essentially constant values.
First occurrence at row 25
ℹ [2025/12/09 20:18:45] Screening...
ℹ [2025/12/09 20:18:45] Running fixed threshold mode with prob = 0.17
ℹ [2025/12/09 20:18:46] Computing AUC scores...
Genes in the gene sets NOT available in the dataset: 
	gene_pos: 	13086 (65% of 20108)
	gene_neg: 	7198 (67% of 10708)
✔ [2025/12/09 20:19:46] Classified 7358 Positive, 7622 Negative cells
ℹ [2025/12/09 20:19:46] Finding markers between `Positive` and `Negative` group...
✔ [2025/12/09 20:19:54] Found 3367 positive markers, 2054 negative markers
✔ [2025/12/09 20:19:55] scPP screening done.
! scPP result is not complete, maybe not suitable for this parameter pair, using default FALSE.prob = 0.17, Log2FC_cutoff = 0.251, process_49
ℹ [2025/12/09 20:19:57] Start scPP screening.
ℹ [2025/12/09 20:19:57] Finding overall markers...
Warning: row_t_welch: 2613 of the rows had essentially constant values.
First occurrence at row 25
ℹ [2025/12/09 20:20:00] Screening...
ℹ [2025/12/09 20:20:00] Running fixed threshold mode with prob = 0.17
ℹ [2025/12/09 20:20:01] Computing AUC scores...
Genes in the gene sets NOT available in the dataset: 
	gene_pos: 	13490 (66% of 20513)
	gene_neg: 	7290 (68% of 10800)
✔ [2025/12/09 20:21:01] Classified 7358 Positive, 7624 Negative cells
ℹ [2025/12/09 20:21:02] Finding markers between `Positive` and `Negative` group...
✔ [2025/12/09 20:21:10] Found 3366 positive markers, 2059 negative markers
✔ [2025/12/09 20:21:10] scPP screening done.
! scPP result is not complete, maybe not suitable for this parameter pair, using default FALSE.prob = 0.17, Log2FC_cutoff = 0.215, process_50
ℹ [2025/12/09 20:21:12] Start scPP screening.
ℹ [2025/12/09 20:21:12] Finding overall markers...
Warning: row_t_welch: 2613 of the rows had essentially constant values.
First occurrence at row 25
ℹ [2025/12/09 20:21:15] Screening...
ℹ [2025/12/09 20:21:15] Running fixed threshold mode with prob = 0.2
ℹ [2025/12/09 20:21:16] Computing AUC scores...
Genes in the gene sets NOT available in the dataset: 
	gene_pos: 	10648 (60% of 17666)
	gene_neg: 	6489 (65% of 9998)
✔ [2025/12/09 20:22:16] Classified 8844 Positive, 9124 Negative cells
ℹ [2025/12/09 20:22:16] Finding markers between `Positive` and `Negative` group...
✔ [2025/12/09 20:22:26] Found 3292 positive markers, 2104 negative markers
✔ [2025/12/09 20:22:26] scPP screening done.
! scPP result is not complete, maybe not suitable for this parameter pair, using default FALSE.prob = 0.2, Log2FC_cutoff = 0.585, process_51
Warning: stack imbalance in '.Call', 15 then 17
Warning: stack imbalance in '<-', 2 then 4
            used   (Mb) gc trigger    (Mb)   max used    (Mb)
Ncells  10412936  556.2   19709452  1052.6   19709452  1052.6
Vcells 462107521 3525.7 1391425281 10615.8 2069944785 15792.5
✔ scPP random search completed.
