nohup: ignoring input
Registered S3 methods overwritten by 'Seqinfo':
  method                from        
  as.data.frame.Seqinfo GenomeInfoDb
  merge.Seqinfo         GenomeInfoDb
  summary.Seqinfo       GenomeInfoDb

Attaching package: ‘dplyr’

The following objects are masked from ‘package:stats’:

    filter, lag

The following objects are masked from ‘package:base’:

    intersect, setdiff, setequal, union


Attaching package: ‘data.table’

The following objects are masked from ‘package:dplyr’:

    between, first, last

Warning in asMethod(object) :
  sparse->dense coercion: allocating vector of size 5.8 GiB
ℹ GSVA version 2.2.1
ℹ Using a MulticoreParam parallel back-end with 2 workers
ℹ Calculating GSVA ranks
ℹ kcdf='auto' (default)
ℹ GSVA dense (classical) algorithm
ℹ Direct row-wise ECDFs estimation
Estimating row ECDFs with 2 cores ■■■■■■■■■■                        30% | ETA: …
Estimating row ECDFs with 2 cores ■■■■■■■■■■■■■                     40% | ETA: …
Estimating row ECDFs with 2 cores ■■■■■■■■■■■■■■■■                  50% | ETA: …
Estimating row ECDFs with 2 cores ■■■■■■■■■■■■■■■■■■■               60% | ETA: …
Estimating row ECDFs with 2 cores ■■■■■■■■■■■■■■■■■■■■■■            70% | ETA: …
Estimating row ECDFs with 2 cores ■■■■■■■■■■■■■■■■■■■■■■■■■         80% | ETA: …
Estimating row ECDFs with 2 cores ■■■■■■■■■■■■■■■■■■■■■■■■■■■■      90% | ETA: …
Estimating row ECDFs with 2 cores ■■■■■■■■■■■■■■■■■■■■■■■■■■■■■■■  100% | ETA: …
⠙ Calculating GSVA column ranks 4 done (1.5/s) | 2.7s
⠹ Calculating GSVA column ranks 6 done (1.3/s) | 4.7s
⠸ Calculating GSVA column ranks 9 done (1.2/s) | 7.5s
⠼ Calculating GSVA column ranks 12 done (1.1/s) | 10.7s
⠴ Calculating GSVA column ranks 15 done (1.1/s) | 14.2s
⠦ Calculating GSVA column ranks 18 done (1/s) | 18s
⠧ Calculating GSVA column ranks 20 done (0.96/s) | 20.8s
⠇ Calculating GSVA column ranks 22 done (0.93/s) | 23.7s
⠏ Calculating GSVA column ranks 24 done (0.89/s) | 26.9s
⠋ Calculating GSVA column ranks 26 done (0.87/s) | 29.8s
⠙ Calculating GSVA column ranks 28 done (0.85/s) | 32.8s
⠹ Calculating GSVA column ranks 30 done (0.83/s) | 36.1s
⠸ Calculating GSVA column ranks 32 done (0.8/s) | 39.9s
⠼ Calculating GSVA column ranks 34 done (0.79/s) | 43.2s
⠴ Calculating GSVA column ranks 36 done (0.77/s) | 46.6s
⠦ Calculating GSVA column ranks 38 done (0.75/s) | 50.4s
⠧ Calculating GSVA column ranks 40 done (0.74/s) | 54.2s
⠇ Calculating GSVA column ranks 42 done (0.72/s) | 58.1s
⠏ Calculating GSVA column ranks 44 done (0.71/s) | 1m 1.7s
⠋ Calculating GSVA column ranks 45 done (0.71/s) | 1m 3.6s
⠙ Calculating GSVA column ranks 47 done (0.69/s) | 1m 7.7s
⠹ Calculating GSVA column ranks 48 done (0.69/s) | 1m 9.6s
⠸ Calculating GSVA column ranks 50 done (0.68/s) | 1m 13.9s
⠼ Calculating GSVA column ranks 51 done (0.67/s) | 1m 16.2s
⠴ Calculating GSVA column ranks 53 done (0.66/s) | 1m 20.6s
⠦ Calculating GSVA column ranks 54 done (0.63/s) | 1m 25s
⠧ Calculating GSVA column ranks 55 done (0.63/s) | 1m 26.9s
⠇ Calculating GSVA column ranks 56 done (0.63/s) | 1m 28.8s
⠏ Calculating GSVA column ranks 58 done (0.63/s) | 1m 32.7s
⠋ Calculating GSVA column ranks 59 done (0.62/s) | 1m 34.8s
⠙ Calculating GSVA column ranks 61 done (0.61/s) | 1m 39.8s
⠹ Calculating GSVA column ranks 62 done (0.61/s) | 1m 41.8s
⠸ Calculating GSVA column ranks 63 done (0.61/s) | 1m 44s
⠼ Calculating GSVA column ranks 65 done (0.6/s) | 1m 48.5s
⠴ Calculating GSVA column ranks 66 done (0.6/s) | 1m 50.7s
⠦ Calculating GSVA column ranks 67 done (0.59/s) | 1m 53.3s
⠧ Calculating GSVA column ranks 69 done (0.59/s) | 1m 57.8s
⠇ Calculating GSVA column ranks 70 done (0.58/s) | 2m 0.2s
⠏ Calculating GSVA column ranks 71 done (0.58/s) | 2m 2.9s
⠋ Calculating GSVA column ranks 73 done (0.57/s) | 2m 7.7s
⠙ Calculating GSVA column ranks 74 done (0.57/s) | 2m 10.6s
⠹ Calculating GSVA column ranks 75 done (0.56/s) | 2m 13s
⠸ Calculating GSVA column ranks 76 done (0.56/s) | 2m 15.5s
⠼ Calculating GSVA column ranks 77 done (0.56/s) | 2m 18.2s
⠴ Calculating GSVA column ranks 78 done (0.55/s) | 2m 21.1s
⠦ Calculating GSVA column ranks 80 done (0.55/s) | 2m 26.1s
⠧ Calculating GSVA column ranks 81 done (0.54/s) | 2m 29s
⠇ Calculating GSVA column ranks 82 done (0.54/s) | 2m 31.8s
⠏ Calculating GSVA column ranks 83 done (0.54/s) | 2m 35s
⠋ Calculating GSVA column ranks 84 done (0.53/s) | 2m 37.6s
⠙ Calculating GSVA column ranks 85 done (0.53/s) | 2m 40.2s
⠹ Calculating GSVA column ranks 86 done (0.53/s) | 2m 42.9s
⠸ Calculating GSVA column ranks 87 done (0.52/s) | 2m 45.9s
⠼ Calculating GSVA column ranks 88 done (0.52/s) | 2m 48.6s
⠴ Calculating GSVA column ranks 89 done (0.52/s) | 2m 51.4s
⠦ Calculating GSVA column ranks 90 done (0.52/s) | 2m 54.6s
⠧ Calculating GSVA column ranks 91 done (0.51/s) | 2m 57.3s
⠇ Calculating GSVA column ranks 93 done (0.51/s) | 3m 3.3s
⠏ Calculating GSVA column ranks 94 done (0.5/s) | 3m 6.2s
⠋ Calculating GSVA column ranks 95 done (0.5/s) | 3m 11.1s
⠙ Calculating GSVA column ranks 96 done (0.49/s) | 3m 14s
⠹ Calculating GSVA column ranks 97 done (0.49/s) | 3m 16.9s
⠸ Calculating GSVA column ranks 98 done (0.49/s) | 3m 19.7s
⠼ Calculating GSVA column ranks 99 done (0.49/s) | 3m 23s
⠴ Calculating GSVA column ranks 100 done (0.49/s) | 3m 25.9s
ℹ Using a MulticoreParam parallel back-end with 2 workers
ℹ Calculating GSVA scores
ℹ Calculating GSVA scores with 2 cores
✔ Calculations finished
✔ Done!
