nohup: ignoring input

Attaching package: ‘dplyr’

The following objects are masked from ‘package:stats’:

    filter, lag

The following objects are masked from ‘package:base’:

    intersect, setdiff, setequal, union

Loading required package: SeuratObject
Loading required package: sp
‘SeuratObject’ was built under R 4.5.0 but the current version is
4.5.1; it is recomended that you reinstall ‘SeuratObject’ as the ABI
for R may have changed
‘SeuratObject’ was built with package ‘Matrix’ 1.7.3 but the current
version is 1.7.4; it is recomended that you reinstall ‘SeuratObject’ as
the ABI for ‘Matrix’ may have changed

Attaching package: ‘SeuratObject’

The following objects are masked from ‘package:base’:

    intersect, t

✔ scAB v1.0.0 loaded
ℹ Updating SigBridgeR documentation
ℹ Loading SigBridgeR
✔ SigBridgeR v2.5.4 loaded
ℹ [2025/11/29 17:15:43] Selecting optimal `alpha` and `alpha_2`, this would take a while
Alpha = 0.0005, alpha_2 = 0.0005 ■■■■■■■                           20% | ETA: 1…
Alpha = 0.0005, alpha_2 = 0.0005 ■■■■■■■■■■■■■                     40% | ETA:  …
Alpha = 0.0005, alpha_2 = 0.0005 ■■■■■■■■■■■■■■■■■■■               60% | ETA:  …
Alpha = 0.0005, alpha_2 = 0.0005 ■■■■■■■■■■■■■■■■■■■■■■■■■         80% | ETA:  …
Alpha = 0.0005, alpha_2 = 0.0005 ■■■■■■■■■■■■■■■■■■■■■■■■■■■■■■■  100% | ETA:  …
Alpha = 0.001, alpha_2 = 0.0005 ■■■■■■■                           20% | ETA: 11m
Alpha = 0.001, alpha_2 = 0.0005 ■■■■■■■■■■■■■                     40% | ETA:  8m
Alpha = 0.001, alpha_2 = 0.0005 ■■■■■■■■■■■■■■■■■■■               60% | ETA:  6m
Alpha = 0.001, alpha_2 = 0.0005 ■■■■■■■■■■■■■■■■■■■■■■■■■         80% | ETA:  3m
Alpha = 0.001, alpha_2 = 0.0005 ■■■■■■■■■■■■■■■■■■■■■■■■■■■■■■■  100% | ETA:  0s
Alpha = 0.005, alpha_2 = 0.0005 ■■■■■■■                           20% | ETA:  9m
Alpha = 0.005, alpha_2 = 0.0005 ■■■■■■■■■■■■■                     40% | ETA:  8m
Alpha = 0.005, alpha_2 = 0.0005 ■■■■■■■■■■■■■■■■■■■               60% | ETA:  5m
Alpha = 0.005, alpha_2 = 0.0005 ■■■■■■■■■■■■■■■■■■■■■■■■■         80% | ETA:  3m
Alpha = 0.005, alpha_2 = 0.0005 ■■■■■■■■■■■■■■■■■■■■■■■■■■■■■■■  100% | ETA:  0s
Alpha = 0.01, alpha_2 = 0.0005 ■■■■■■■                           20% | ETA: 11m
Alpha = 0.01, alpha_2 = 0.0005 ■■■■■■■■■■■■■                     40% | ETA:  7m
Alpha = 0.01, alpha_2 = 0.0005 ■■■■■■■■■■■■■■■■■■■               60% | ETA:  5m
Alpha = 0.01, alpha_2 = 0.0005 ■■■■■■■■■■■■■■■■■■■■■■■■■         80% | ETA:  3m
Alpha = 0.01, alpha_2 = 0.0005 ■■■■■■■■■■■■■■■■■■■■■■■■■■■■■■■  100% | ETA:  0s
Alpha = 0.05, alpha_2 = 0.0005 ■■■■■■■                           20% | ETA: 11m
Alpha = 0.05, alpha_2 = 0.0005 ■■■■■■■■■■■■■                     40% | ETA:  8m
Alpha = 0.05, alpha_2 = 0.0005 ■■■■■■■■■■■■■■■■■■■               60% | ETA:  6m
Alpha = 0.05, alpha_2 = 0.0005 ■■■■■■■■■■■■■■■■■■■■■■■■■         80% | ETA:  3m
Alpha = 0.05, alpha_2 = 0.0005 ■■■■■■■■■■■■■■■■■■■■■■■■■■■■■■■  100% | ETA:  0s
Alpha = 0.0005, alpha_2 = 0.001 ■■■■■■■                           20% | ETA: 10m
Alpha = 0.0005, alpha_2 = 0.001 ■■■■■■■■■■■■■                     40% | ETA:  7m
Alpha = 0.0005, alpha_2 = 0.001 ■■■■■■■■■■■■■■■■■■■               60% | ETA:  5m
Alpha = 0.0005, alpha_2 = 0.001 ■■■■■■■■■■■■■■■■■■■■■■■■■         80% | ETA:  2m
Alpha = 0.0005, alpha_2 = 0.001 ■■■■■■■■■■■■■■■■■■■■■■■■■■■■■■■  100% | ETA:  0s
Alpha = 0.001, alpha_2 = 0.001 ■■■■■■■                           20% | ETA:  9m
Alpha = 0.001, alpha_2 = 0.001 ■■■■■■■■■■■■■                     40% | ETA:  6m
Alpha = 0.001, alpha_2 = 0.001 ■■■■■■■■■■■■■■■■■■■               60% | ETA:  4m
Alpha = 0.001, alpha_2 = 0.001 ■■■■■■■■■■■■■■■■■■■■■■■■■         80% | ETA:  2m
Alpha = 0.001, alpha_2 = 0.001 ■■■■■■■■■■■■■■■■■■■■■■■■■■■■■■■  100% | ETA:  0s
Alpha = 0.005, alpha_2 = 0.001 ■■■■■■■                           20% | ETA:  9m
Alpha = 0.005, alpha_2 = 0.001 ■■■■■■■■■■■■■                     40% | ETA:  7m
Alpha = 0.005, alpha_2 = 0.001 ■■■■■■■■■■■■■■■■■■■               60% | ETA:  4m
Alpha = 0.005, alpha_2 = 0.001 ■■■■■■■■■■■■■■■■■■■■■■■■■         80% | ETA:  2m
Alpha = 0.005, alpha_2 = 0.001 ■■■■■■■■■■■■■■■■■■■■■■■■■■■■■■■  100% | ETA:  0s
Alpha = 0.01, alpha_2 = 0.001 ■■■■■■■                           20% | ETA:  9m
Alpha = 0.01, alpha_2 = 0.001 ■■■■■■■■■■■■■                     40% | ETA:  6m
Alpha = 0.01, alpha_2 = 0.001 ■■■■■■■■■■■■■■■■■■■               60% | ETA:  4m
Alpha = 0.01, alpha_2 = 0.001 ■■■■■■■■■■■■■■■■■■■■■■■■■         80% | ETA:  2m
Alpha = 0.01, alpha_2 = 0.001 ■■■■■■■■■■■■■■■■■■■■■■■■■■■■■■■  100% | ETA:  0s
Alpha = 0.05, alpha_2 = 0.001 ■■■■■■■                           20% | ETA:  9m
Alpha = 0.05, alpha_2 = 0.001 ■■■■■■■■■■■■■                     40% | ETA:  7m
Alpha = 0.05, alpha_2 = 0.001 ■■■■■■■■■■■■■■■■■■■               60% | ETA:  5m
Alpha = 0.05, alpha_2 = 0.001 ■■■■■■■■■■■■■■■■■■■■■■■■■         80% | ETA:  2m
Alpha = 0.05, alpha_2 = 0.001 ■■■■■■■■■■■■■■■■■■■■■■■■■■■■■■■  100% | ETA:  0s
Alpha = 0.0005, alpha_2 = 0.005 ■■■■■■■                           20% | ETA:  7m
Alpha = 0.0005, alpha_2 = 0.005 ■■■■■■■■■■■■■                     40% | ETA:  6m
Alpha = 0.0005, alpha_2 = 0.005 ■■■■■■■■■■■■■■■■■■■               60% | ETA:  4m
Alpha = 0.0005, alpha_2 = 0.005 ■■■■■■■■■■■■■■■■■■■■■■■■■         80% | ETA:  2m
Alpha = 0.0005, alpha_2 = 0.005 ■■■■■■■■■■■■■■■■■■■■■■■■■■■■■■■  100% | ETA:  0s
Alpha = 0.001, alpha_2 = 0.005 ■■■■■■■                           20% | ETA:  8m
Alpha = 0.001, alpha_2 = 0.005 ■■■■■■■■■■■■■                     40% | ETA:  5m
Alpha = 0.001, alpha_2 = 0.005 ■■■■■■■■■■■■■■■■■■■               60% | ETA:  3m
Alpha = 0.001, alpha_2 = 0.005 ■■■■■■■■■■■■■■■■■■■■■■■■■         80% | ETA:  2m
Alpha = 0.001, alpha_2 = 0.005 ■■■■■■■■■■■■■■■■■■■■■■■■■■■■■■■  100% | ETA:  0s
Alpha = 0.005, alpha_2 = 0.005 ■■■■■■■                           20% | ETA:  7m
Alpha = 0.005, alpha_2 = 0.005 ■■■■■■■■■■■■■                     40% | ETA:  5m
Alpha = 0.005, alpha_2 = 0.005 ■■■■■■■■■■■■■■■■■■■               60% | ETA:  4m
Alpha = 0.005, alpha_2 = 0.005 ■■■■■■■■■■■■■■■■■■■■■■■■■         80% | ETA:  2m
Alpha = 0.005, alpha_2 = 0.005 ■■■■■■■■■■■■■■■■■■■■■■■■■■■■■■■  100% | ETA:  0s
Alpha = 0.01, alpha_2 = 0.005 ■■■■■■■                           20% | ETA:  7m
Alpha = 0.01, alpha_2 = 0.005 ■■■■■■■■■■■■■                     40% | ETA:  5m
Alpha = 0.01, alpha_2 = 0.005 ■■■■■■■■■■■■■■■■■■■               60% | ETA:  3m
Alpha = 0.01, alpha_2 = 0.005 ■■■■■■■■■■■■■■■■■■■■■■■■■         80% | ETA:  2m
Alpha = 0.01, alpha_2 = 0.005 ■■■■■■■■■■■■■■■■■■■■■■■■■■■■■■■  100% | ETA:  0s
Alpha = 0.05, alpha_2 = 0.005 ■■■■■■■                           20% | ETA:  7m
Alpha = 0.05, alpha_2 = 0.005 ■■■■■■■■■■■■■                     40% | ETA:  5m
Alpha = 0.05, alpha_2 = 0.005 ■■■■■■■■■■■■■■■■■■■               60% | ETA:  4m
Alpha = 0.05, alpha_2 = 0.005 ■■■■■■■■■■■■■■■■■■■■■■■■■         80% | ETA:  2m
Alpha = 0.05, alpha_2 = 0.005 ■■■■■■■■■■■■■■■■■■■■■■■■■■■■■■■  100% | ETA:  0s
Alpha = 0.0005, alpha_2 = 0.01 ■■■■■■■                           20% | ETA:  7m
Alpha = 0.0005, alpha_2 = 0.01 ■■■■■■■■■■■■■                     40% | ETA:  5m
Alpha = 0.0005, alpha_2 = 0.01 ■■■■■■■■■■■■■■■■■■■               60% | ETA:  4m
Alpha = 0.0005, alpha_2 = 0.01 ■■■■■■■■■■■■■■■■■■■■■■■■■         80% | ETA:  2m
Alpha = 0.0005, alpha_2 = 0.01 ■■■■■■■■■■■■■■■■■■■■■■■■■■■■■■■  100% | ETA:  0s
Alpha = 0.001, alpha_2 = 0.01 ■■■■■■■                           20% | ETA:  8m
Alpha = 0.001, alpha_2 = 0.01 ■■■■■■■■■■■■■                     40% | ETA:  6m
Alpha = 0.001, alpha_2 = 0.01 ■■■■■■■■■■■■■■■■■■■               60% | ETA:  4m
Alpha = 0.001, alpha_2 = 0.01 ■■■■■■■■■■■■■■■■■■■■■■■■■         80% | ETA:  2m
Alpha = 0.001, alpha_2 = 0.01 ■■■■■■■■■■■■■■■■■■■■■■■■■■■■■■■  100% | ETA:  0s
Alpha = 0.005, alpha_2 = 0.01 ■■■■■■■                           20% | ETA:  7m
Alpha = 0.005, alpha_2 = 0.01 ■■■■■■■■■■■■■                     40% | ETA:  5m
Alpha = 0.005, alpha_2 = 0.01 ■■■■■■■■■■■■■■■■■■■               60% | ETA:  3m
Alpha = 0.005, alpha_2 = 0.01 ■■■■■■■■■■■■■■■■■■■■■■■■■         80% | ETA:  2m
Alpha = 0.005, alpha_2 = 0.01 ■■■■■■■■■■■■■■■■■■■■■■■■■■■■■■■  100% | ETA:  0s
Alpha = 0.01, alpha_2 = 0.01 ■■■■■■■                           20% | ETA:  7m
Alpha = 0.01, alpha_2 = 0.01 ■■■■■■■■■■■■■                     40% | ETA:  5m
Alpha = 0.01, alpha_2 = 0.01 ■■■■■■■■■■■■■■■■■■■               60% | ETA:  4m
Alpha = 0.01, alpha_2 = 0.01 ■■■■■■■■■■■■■■■■■■■■■■■■■         80% | ETA:  2m
Alpha = 0.01, alpha_2 = 0.01 ■■■■■■■■■■■■■■■■■■■■■■■■■■■■■■■  100% | ETA:  0s
Alpha = 0.05, alpha_2 = 0.01 ■■■■■■■                           20% | ETA:  5m
Alpha = 0.05, alpha_2 = 0.01 ■■■■■■■■■■■■■                     40% | ETA:  4m
Alpha = 0.05, alpha_2 = 0.01 ■■■■■■■■■■■■■■■■■■■               60% | ETA:  3m
Alpha = 0.05, alpha_2 = 0.01 ■■■■■■■■■■■■■■■■■■■■■■■■■         80% | ETA:  2m
Alpha = 0.05, alpha_2 = 0.01 ■■■■■■■■■■■■■■■■■■■■■■■■■■■■■■■  100% | ETA:  0s
Alpha = 0.0005, alpha_2 = 0.05 ■■■■■■■                           20% | ETA: 28m
Alpha = 0.0005, alpha_2 = 0.05 ■■■■■■■■■■■■■                     40% | ETA: 20m
Alpha = 0.0005, alpha_2 = 0.05 ■■■■■■■■■■■■■■■■■■■               60% | ETA: 14m
Alpha = 0.0005, alpha_2 = 0.05 ■■■■■■■■■■■■■■■■■■■■■■■■■         80% | ETA:  7m
Alpha = 0.0005, alpha_2 = 0.05 ■■■■■■■■■■■■■■■■■■■■■■■■■■■■■■■  100% | ETA:  0s
Alpha = 0.001, alpha_2 = 0.05 ■■■■■■■                           20% | ETA: 27m
Alpha = 0.001, alpha_2 = 0.05 ■■■■■■■■■■■■■                     40% | ETA: 21m
Alpha = 0.001, alpha_2 = 0.05 ■■■■■■■■■■■■■■■■■■■               60% | ETA: 15m
Alpha = 0.001, alpha_2 = 0.05 ■■■■■■■■■■■■■■■■■■■■■■■■■         80% | ETA:  7m
Alpha = 0.001, alpha_2 = 0.05 ■■■■■■■■■■■■■■■■■■■■■■■■■■■■■■■  100% | ETA:  0s
Alpha = 0.005, alpha_2 = 0.05 ■■■■■■■                           20% | ETA: 24m
Alpha = 0.005, alpha_2 = 0.05 ■■■■■■■■■■■■■                     40% | ETA: 19m
Alpha = 0.005, alpha_2 = 0.05 ■■■■■■■■■■■■■■■■■■■               60% | ETA: 13m
Alpha = 0.005, alpha_2 = 0.05 ■■■■■■■■■■■■■■■■■■■■■■■■■         80% | ETA:  6m
Alpha = 0.005, alpha_2 = 0.05 ■■■■■■■■■■■■■■■■■■■■■■■■■■■■■■■  100% | ETA:  0s
Alpha = 0.01, alpha_2 = 0.05 ■■■■■■■                           20% | ETA: 19m
Alpha = 0.01, alpha_2 = 0.05 ■■■■■■■■■■■■■                     40% | ETA: 15m
Alpha = 0.01, alpha_2 = 0.05 ■■■■■■■■■■■■■■■■■■■               60% | ETA: 10m
Alpha = 0.01, alpha_2 = 0.05 ■■■■■■■■■■■■■■■■■■■■■■■■■         80% | ETA:  5m
Alpha = 0.01, alpha_2 = 0.05 ■■■■■■■■■■■■■■■■■■■■■■■■■■■■■■■  100% | ETA:  0s
Alpha = 0.05, alpha_2 = 0.05 ■■■■■■■                           20% | ETA:  6m
Alpha = 0.05, alpha_2 = 0.05 ■■■■■■■■■■■■■                     40% | ETA:  5m
Alpha = 0.05, alpha_2 = 0.05 ■■■■■■■■■■■■■■■■■■■               60% | ETA:  3m
Alpha = 0.05, alpha_2 = 0.05 ■■■■■■■■■■■■■■■■■■■■■■■■■         80% | ETA:  2m
Alpha = 0.05, alpha_2 = 0.05 ■■■■■■■■■■■■■■■■■■■■■■■■■■■■■■■  100% | ETA:  0s
✔ [2025/11/29 23:05:55] Best `alpha` and `alpha_2` are 0.01 and 0.05
✔ Optimal parameters: alpha = 0.01, alpha_2 = 0.05
