nohup: ignoring input

Attaching package: ‘dplyr’

The following objects are masked from ‘package:stats’:

    filter, lag

The following objects are masked from ‘package:base’:

    intersect, setdiff, setequal, union


Attaching package: ‘data.table’

The following objects are masked from ‘package:dplyr’:

    between, first, last

Loading required package: future
ℹ Updating SigBridgeR documentation
ℹ Loading SigBridgeR
✔ SigBridgeR v2.5.4 loaded
Warning in .M2v(x) :
  sparse->dense coercion: allocating vector of size 1.5 GiB
 ■■■■                              10% |  ETA:  5h
Warning in asMethod(object) :
  sparse->dense coercion: allocating vector of size 5.4 GiB
Read matrix with 54650 cells and 13188 genes
Chose k=60
Getting nonzeros
Randomized SVD
Find the 0.001000 quantile of each gene
Sweep
Scaling all except for 0 columns
0.02% of the values became negative in the scaling process and were set to zero
The matrix went from 13.16% nonzero to 58.98% nonzero
Warning: Layer counts isn't present in the assay object; returning NULL
 ■■■■■■■                           20% |  ETA:  3h
 ■■■■■■■■■■                        30% |  ETA:  2h
Warning in asMethod(object) :
  sparse->dense coercion: allocating vector of size 5.4 GiB
Read matrix with 54650 cells and 13188 genes
Chose k=68
Getting nonzeros
Randomized SVD
Find the 0.001000 quantile of each gene
Sweep
Scaling all except for 0 columns
0.02% of the values became negative in the scaling process and were set to zero
The matrix went from 13.16% nonzero to 58.12% nonzero
Warning: Layer counts isn't present in the assay object; returning NULL
Warning in .M2v(x) :
  sparse->dense coercion: allocating vector of size 1.1 GiB
 ■■■■■■■■■■■■■                     40% |  ETA:  2h
Warning in asMethod(object) :
  sparse->dense coercion: allocating vector of size 5.4 GiB
Read matrix with 54650 cells and 13188 genes
Chose k=63
Getting nonzeros
Randomized SVD
Find the 0.001000 quantile of each gene
Sweep
Scaling all except for 0 columns
0.02% of the values became negative in the scaling process and were set to zero
The matrix went from 13.16% nonzero to 58.64% nonzero
Warning: Layer counts isn't present in the assay object; returning NULL
 ■■■■■■■■■■■■■■■■                  50% |  ETA:  1h
 ■■■■■■■■■■■■■■■■■■■               60% |  ETA:  1h
Warning: Layer counts isn't present in the assay object; returning NULL
 ■■■■■■■■■■■■■■■■■■■■■■            70% |  ETA: 36m
Warning: Layer counts isn't present in the assay object; returning NULL
 ■■■■■■■■■■■■■■■■■■■■■■■■■         80% |  ETA: 22m
 ■■■■■■■■■■■■■■■■■■■■■■■■■■■■      90% |  ETA: 11m
✔ Finished 4th job
