nohup: ignoring input

Attaching package: ‘dplyr’

The following objects are masked from ‘package:stats’:

    filter, lag

The following objects are masked from ‘package:base’:

    intersect, setdiff, setequal, union

Registered S3 methods overwritten by 'Seqinfo':
  method                from        
  as.data.frame.Seqinfo GenomeInfoDb
  merge.Seqinfo         GenomeInfoDb
  summary.Seqinfo       GenomeInfoDb

Attaching package: ‘data.table’

The following objects are masked from ‘package:dplyr’:

    between, first, last

Warning in asMethod(object) :
  sparse->dense coercion: allocating vector of size 2.8 GiB
ℹ GSVA version 2.2.1
ℹ Using a MulticoreParam parallel back-end with 2 workers
ℹ Calculating GSVA ranks
ℹ kcdf='auto' (default)
ℹ GSVA dense (classical) algorithm
ℹ Direct row-wise ECDFs estimation
Estimating row ECDFs with 2 cores ■■■■■■■■■■                        30% | ETA: …
Estimating row ECDFs with 2 cores ■■■■■■■■■■■■■                     40% | ETA: …
Estimating row ECDFs with 2 cores ■■■■■■■■■■■■■■■■                  50% | ETA: …
Estimating row ECDFs with 2 cores ■■■■■■■■■■■■■■■■■■■               60% | ETA: …
Estimating row ECDFs with 2 cores ■■■■■■■■■■■■■■■■■■■■■■            70% | ETA: …
Estimating row ECDFs with 2 cores ■■■■■■■■■■■■■■■■■■■■■■■■■         80% | ETA: …
Estimating row ECDFs with 2 cores ■■■■■■■■■■■■■■■■■■■■■■■■■■■■      90% | ETA: …
Estimating row ECDFs with 2 cores ■■■■■■■■■■■■■■■■■■■■■■■■■■■■■■■  100% | ETA: …
⠙ Calculating GSVA column ranks 5 done (2.3/s) | 2.2s
⠹ Calculating GSVA column ranks 7 done (2.2/s) | 3.2s
⠸ Calculating GSVA column ranks 13 done (2/s) | 6.5s
⠼ Calculating GSVA column ranks 18 done (1.8/s) | 9.8s
⠴ Calculating GSVA column ranks 22 done (1.7/s) | 12.8s
⠦ Calculating GSVA column ranks 26 done (1.6/s) | 16s
⠧ Calculating GSVA column ranks 30 done (1.6/s) | 19.1s
⠇ Calculating GSVA column ranks 32 done (1.4/s) | 22.9s
⠏ Calculating GSVA column ranks 35 done (1.4/s) | 25.1s
⠋ Calculating GSVA column ranks 39 done (1.4/s) | 28.3s
⠙ Calculating GSVA column ranks 42 done (1.3/s) | 31.4s
⠹ Calculating GSVA column ranks 45 done (1.3/s) | 34.1s
⠸ Calculating GSVA column ranks 48 done (1.3/s) | 37.3s
⠼ Calculating GSVA column ranks 51 done (1.3/s) | 40.5s
⠴ Calculating GSVA column ranks 53 done (1.2/s) | 43s
⠦ Calculating GSVA column ranks 56 done (1.2/s) | 46.6s
⠧ Calculating GSVA column ranks 58 done (1.2/s) | 49.1s
⠇ Calculating GSVA column ranks 61 done (1.2/s) | 52.3s
⠏ Calculating GSVA column ranks 64 done (1.1/s) | 55.7s
⠋ Calculating GSVA column ranks 66 done (1.1/s) | 58.1s
⠙ Calculating GSVA column ranks 69 done (1.1/s) | 1m 1.6s
⠹ Calculating GSVA column ranks 72 done (1.1/s) | 1m 5.2s
⠸ Calculating GSVA column ranks 74 done (1.1/s) | 1m 7.7s
⠼ Calculating GSVA column ranks 77 done (1.1/s) | 1m 11.4s
⠴ Calculating GSVA column ranks 79 done (1/s) | 1m 15.4s
⠦ Calculating GSVA column ranks 80 done (1/s) | 1m 16.6s
⠧ Calculating GSVA column ranks 83 done (1/s) | 1m 20.7s
⠇ Calculating GSVA column ranks 85 done (1/s) | 1m 23.9s
⠏ Calculating GSVA column ranks 87 done (1/s) | 1m 26.7s
⠋ Calculating GSVA column ranks 89 done (0.99/s) | 1m 29.8s
⠙ Calculating GSVA column ranks 91 done (0.98/s) | 1m 32.7s
⠹ Calculating GSVA column ranks 93 done (0.97/s) | 1m 36s
⠸ Calculating GSVA column ranks 94 done (0.96/s) | 1m 38s
⠼ Calculating GSVA column ranks 97 done (0.95/s) | 1m 42.2s
⠴ Calculating GSVA column ranks 99 done (0.94/s) | 1m 45.3s
⠴ Calculating GSVA column ranks 100 done (0.91/s) | 1m 49.4s
ℹ Using a MulticoreParam parallel back-end with 2 workers
ℹ Calculating GSVA scores
ℹ Calculating GSVA scores with 2 cores
✔ Calculations finished
