nohup: ignoring input

Attaching package: ‘dplyr’

The following objects are masked from ‘package:stats’:

    filter, lag

The following objects are masked from ‘package:base’:

    intersect, setdiff, setequal, union


Attaching package: ‘data.table’

The following objects are masked from ‘package:dplyr’:

    between, first, last

ℹ Updating SigBridgeR documentation
ℹ Loading SigBridgeR
✔ SigBridgeR v2.5.4 loaded
ℹ [2025/12/04 15:32:38] Scissor start...
ℹ [2025/12/04 15:32:38] Start from raw data...
ℹ Using "RNA_snn" graph for network.
Warning in asMethod(object) :
  sparse->dense coercion: allocating vector of size 7.6 GiB
ℹ [2025/12/04 15:32:47] Normalizing quantiles of data
Warning in asMethod(object) :
  sparse->dense coercion: allocating vector of size 2.7 GiB
ℹ [2025/12/04 15:33:37] Subsetting data
ℹ [2025/12/04 15:33:41] Calculating correlation
----------------------------------------
Five-number summary of correlations:
0.33853 0.417747 0.435946 0.449353 0.483695
----------------------------------------
ℹ Current phenotype contains 17 tumor_Negative and 104 tumor_Positive samples.
ℹ [2025/12/04 15:34:57] Perform logistic regression on the given phenotypes...
ℹ [2025/12/04 15:34:57] Screening...

── At alpha = 0.005 ──

Scissor identified 12931 Scissor+ cells and 6846 Scissor- cells.
The percentage of selected cell is: 62.051%

── At alpha = 0.01 ──

Scissor identified 10731 Scissor+ cells and 5776 Scissor- cells.
The percentage of selected cell is: 51.792%

── At alpha = 0.05 ──

Scissor identified 6115 Scissor+ cells and 3654 Scissor- cells.
The percentage of selected cell is: 30.651%

── At alpha = 0.1 ──

Scissor identified 4431 Scissor+ cells and 2693 Scissor- cells.
The percentage of selected cell is: 22.352%

── At alpha = 0.2 ──

Scissor identified 2760 Scissor+ cells and 1810 Scissor- cells.
The percentage of selected cell is: 14.339%
ℹ [2025/12/04 16:17:48] Scissor Ended.
