nohup: ignoring input

Attaching package: ‘dplyr’

The following objects are masked from ‘package:stats’:

    filter, lag

The following objects are masked from ‘package:base’:

    intersect, setdiff, setequal, union


Attaching package: ‘data.table’

The following objects are masked from ‘package:dplyr’:

    between, first, last

ℹ Updating SigBridgeR documentation
ℹ Loading SigBridgeR
✔ SigBridgeR v2.5.4 loaded
ℹ [2025/12/11 14:22:18] Start scPAS screening.
ℹ [2025/12/11 14:22:24] Quantile normalizing bulk data
ℹ [2025/12/11 14:22:24] Imputation of missing values in single cell RNA-sequencing data with "KNN"
Warning: Layer counts isn't present in the assay object; returning NULL
ℹ [2025/12/11 14:23:01] Extracting single-cell expression profiles...
ℹ [2025/12/11 14:23:06] Constructing a gene-gene similarity by single cell data
Building SNN based on a provided distance matrix
Computing SNN
ℹ [2025/12/11 14:23:11] Optimizing the network-regularized sparse regression model
ℹ [2025/12/11 14:23:11] Current phenotype contains 17 Tumor and 104 NA samples.
ℹ [2025/12/11 14:23:11] Perform logistic regression on the given phenotypes...

── At alpha = 0.001 ──

lambda = 2.83279009595401
scPAS identified 412 risk+ features and 789 risk- features.
The percentage of selected feature is: 86.032%

── At alpha = 0.005 ──

lambda = 0.566558019190802
scPAS identified 333 risk+ features and 520 risk- features.
The percentage of selected feature is: 61.103%

── At alpha = 0.01 ──

lambda = 0.283279009595401
scPAS identified 249 risk+ features and 412 risk- features.
The percentage of selected feature is: 47.35%

── At alpha = 0.05 ──

lambda = 0.0566558019190802
scPAS identified 101 risk+ features and 219 risk- features.
The percentage of selected feature is: 22.923%

── At alpha = 0.1 ──

lambda = 0.0543303719419439
scPAS identified 51 risk+ features and 143 risk- features.
The percentage of selected feature is: 13.897%
ℹ [2025/12/11 14:23:34] Calculating quantified risk scores...
ℹ [2025/12/11 14:23:36] Qualitative identification by permutation test program with 2000 times random perturbations...
✔ [2025/12/11 14:23:46] scPAS screening done.
ℹ [2025/12/11 14:23:46] Start scPAS screening.
ℹ [2025/12/11 14:23:52] Quantile normalizing bulk data
ℹ [2025/12/11 14:23:52] Extracting single-cell expression profiles...
ℹ [2025/12/11 14:23:53] Constructing a gene-gene similarity by single cell data
Building SNN based on a provided distance matrix
Computing SNN
ℹ [2025/12/11 14:23:56] Optimizing the network-regularized sparse regression model
ℹ [2025/12/11 14:23:56] Current phenotype contains 17 Tumor and 104 NA samples.
ℹ [2025/12/11 14:23:56] Perform logistic regression on the given phenotypes...

── At alpha = 0.001 ──

lambda = 2.96259178726553
scPAS identified 359 risk+ features and 683 risk- features.
The percentage of selected feature is: 85.974%

── At alpha = 0.005 ──

lambda = 0.565587483650668
scPAS identified 299 risk+ features and 481 risk- features.
The percentage of selected feature is: 64.356%

── At alpha = 0.01 ──

lambda = 0.282793741825334
scPAS identified 236 risk+ features and 379 risk- features.
The percentage of selected feature is: 50.743%

── At alpha = 0.05 ──

lambda = 0.0565587483650668
scPAS identified 101 risk+ features and 201 risk- features.
The percentage of selected feature is: 24.917%

── At alpha = 0.1 ──

lambda = 0.0410285299018745
scPAS identified 55 risk+ features and 142 risk- features.
The percentage of selected feature is: 16.254%
ℹ [2025/12/11 14:24:29] Calculating quantified risk scores...
ℹ [2025/12/11 14:24:31] Qualitative identification by permutation test program with 2000 times random perturbations...
✔ [2025/12/11 14:24:40] scPAS screening done.
ℹ [2025/12/11 14:24:41] Start scPAS screening.
ℹ [2025/12/11 14:24:47] Quantile normalizing bulk data
ℹ [2025/12/11 14:24:47] Imputation of missing values in single cell RNA-sequencing data with "ALRA"
ℹ [2025/12/11 14:24:47] Read matrix with 31872 cells and 12231 genes
ℹ [2025/12/11 14:25:24] Chose k = 69
ℹ [2025/12/11 14:25:24] Getting nonzeros
ℹ [2025/12/11 14:25:24] Randomized SVD
ℹ [2025/12/11 14:26:57] Find the 0.001 quantile of each gene
ℹ [2025/12/11 14:27:05] Sweeping
Warning in asMethod(object) :
  sparse->dense coercion: allocating vector of size 2.9 GiB
Warning in .sparse2dense(if (.M.shape(x) == "t") .M2gen(x) else x) :
  sparse->dense coercion: allocating vector of size 1.5 GiB
ℹ [2025/12/11 14:27:47] Scaling all except for 0 columns
ℹ [2025/12/11 14:28:10] 0.021% of the values became negative in the scaling process and were set to zero
ℹ [2025/12/11 14:28:26] The matrix went from 14.414% nonzero to 56.505% nonzero
Warning: Layer counts isn't present in the assay object; returning NULL
ℹ [2025/12/11 14:28:55] Extracting single-cell expression profiles...
ℹ [2025/12/11 14:29:00] Constructing a gene-gene similarity by single cell data
Building SNN based on a provided distance matrix
Computing SNN
ℹ [2025/12/11 14:29:14] Optimizing the network-regularized sparse regression model
ℹ [2025/12/11 14:29:14] Current phenotype contains 17 Tumor and 104 NA samples.
ℹ [2025/12/11 14:29:14] Perform logistic regression on the given phenotypes...

── At alpha = 0.001 ──

lambda = 2.92796476915977
scPAS identified 854 risk+ features and 1448 risk- features.
The percentage of selected feature is: 73.056%

── At alpha = 0.005 ──

lambda = 0.613476403156986
scPAS identified 519 risk+ features and 863 risk- features.
The percentage of selected feature is: 43.859%

── At alpha = 0.01 ──

lambda = 0.292796476915977
scPAS identified 376 risk+ features and 644 risk- features.
The percentage of selected feature is: 32.371%

── At alpha = 0.05 ──

lambda = 0.0642687543912002
scPAS identified 127 risk+ features and 313 risk- features.
The percentage of selected feature is: 13.964%
ℹ [2025/12/11 14:29:46] Calculating quantified risk scores...
ℹ [2025/12/11 14:29:51] Qualitative identification by permutation test program with 2000 times random perturbations...
✔ [2025/12/11 14:30:12] scPAS screening done.
ℹ [2025/12/11 14:30:12] Start scPAS screening.
ℹ [2025/12/11 14:30:18] Quantile normalizing bulk data
ℹ [2025/12/11 14:30:18] Imputation of missing values in single cell RNA-sequencing data with "ALRA"
ℹ [2025/12/11 14:30:18] Read matrix with 31872 cells and 12231 genes
ℹ [2025/12/11 14:30:55] Chose k = 63
ℹ [2025/12/11 14:30:55] Getting nonzeros
ℹ [2025/12/11 14:30:56] Randomized SVD
ℹ [2025/12/11 14:32:21] Find the 0.001 quantile of each gene
ℹ [2025/12/11 14:32:31] Sweeping
Warning in asMethod(object) :
  sparse->dense coercion: allocating vector of size 2.9 GiB
Warning in .sparse2dense(if (.M.shape(x) == "t") .M2gen(x) else x) :
  sparse->dense coercion: allocating vector of size 1.5 GiB
ℹ [2025/12/11 14:33:10] Scaling all except for 0 columns
ℹ [2025/12/11 14:33:35] 0.025% of the values became negative in the scaling process and were set to zero
ℹ [2025/12/11 14:33:49] The matrix went from 14.414% nonzero to 57.252% nonzero
Warning: Layer counts isn't present in the assay object; returning NULL
ℹ [2025/12/11 14:34:18] Extracting single-cell expression profiles...
ℹ [2025/12/11 14:34:25] Constructing a gene-gene similarity by single cell data
Warning in .M2v(x) :
  sparse->dense coercion: allocating vector of size 1.1 GiB
Building SNN based on a provided distance matrix
Computing SNN
ℹ [2025/12/11 14:34:45] Optimizing the network-regularized sparse regression model
ℹ [2025/12/11 14:34:45] Current phenotype contains 17 Tumor and 104 NA samples.
ℹ [2025/12/11 14:34:45] Perform logistic regression on the given phenotypes...

── At alpha = 0.001 ──

lambda = 4.05707515083074
scPAS identified 1139 risk+ features and 1822 risk- features.
The percentage of selected feature is: 64.356%

── At alpha = 0.005 ──

lambda = 0.613805713747324
scPAS identified 630 risk+ features and 1094 risk- features.
The percentage of selected feature is: 37.47%

── At alpha = 0.01 ──

lambda = 0.5886121385346
scPAS identified 392 risk+ features and 758 risk- features.
The percentage of selected feature is: 24.995%

── At alpha = 0.05 ──

lambda = 0.599694294178294
scPAS identified 102 risk+ features and 238 risk- features.
The percentage of selected feature is: 7.39%
ℹ [2025/12/11 14:35:33] Calculating quantified risk scores...
ℹ [2025/12/11 14:35:41] Qualitative identification by permutation test program with 2000 times random perturbations...
✔ [2025/12/11 14:35:59] scPAS screening done.
ℹ [2025/12/11 14:36:00] Start scPAS screening.
ℹ [2025/12/11 14:36:04] Quantile normalizing bulk data
ℹ [2025/12/11 14:36:04] Extracting single-cell expression profiles...
ℹ [2025/12/11 14:36:05] Constructing a gene-gene similarity by single cell data
Building SNN based on a provided distance matrix
Computing SNN
ℹ [2025/12/11 14:36:15] Optimizing the network-regularized sparse regression model
ℹ [2025/12/11 14:36:15] Current phenotype contains 17 Tumor and 104 NA samples.
ℹ [2025/12/11 14:36:15] Perform logistic regression on the given phenotypes...

── At alpha = 0.001 ──

lambda = 3.21528653486979
scPAS identified 1067 risk+ features and 1658 risk- features.
The percentage of selected feature is: 71.881%

── At alpha = 0.005 ──

lambda = 0.585929868162597
scPAS identified 624 risk+ features and 1012 risk- features.
The percentage of selected feature is: 43.155%

── At alpha = 0.01 ──

lambda = 0.292964934081298
scPAS identified 430 risk+ features and 757 risk- features.
The percentage of selected feature is: 31.311%

── At alpha = 0.05 ──

lambda = 0.0585929868162597
scPAS identified 138 risk+ features and 339 risk- features.
The percentage of selected feature is: 12.582%
ℹ [2025/12/11 14:39:40] Calculating quantified risk scores...
ℹ [2025/12/11 14:39:44] Qualitative identification by permutation test program with 2000 times random perturbations...
✔ [2025/12/11 14:40:06] scPAS screening done.
ℹ [2025/12/11 14:40:06] Start scPAS screening.
ℹ [2025/12/11 14:40:10] Quantile normalizing bulk data
ℹ [2025/12/11 14:40:10] Imputation of missing values in single cell RNA-sequencing data with "ALRA"
ℹ [2025/12/11 14:40:11] Read matrix with 31872 cells and 12231 genes
ℹ [2025/12/11 14:40:48] Chose k = 63
ℹ [2025/12/11 14:40:48] Getting nonzeros
ℹ [2025/12/11 14:40:48] Randomized SVD
ℹ [2025/12/11 14:42:14] Find the 0.001 quantile of each gene
ℹ [2025/12/11 14:42:21] Sweeping
Warning in asMethod(object) :
  sparse->dense coercion: allocating vector of size 2.9 GiB
Warning in .sparse2dense(if (.M.shape(x) == "t") .M2gen(x) else x) :
  sparse->dense coercion: allocating vector of size 1.5 GiB
ℹ [2025/12/11 14:43:02] Scaling all except for 0 columns
ℹ [2025/12/11 14:43:27] 0.025% of the values became negative in the scaling process and were set to zero
ℹ [2025/12/11 14:43:41] The matrix went from 14.414% nonzero to 57.238% nonzero
Warning: Layer counts isn't present in the assay object; returning NULL
ℹ [2025/12/11 14:44:10] Extracting single-cell expression profiles...
ℹ [2025/12/11 14:44:14] Constructing a gene-gene similarity by single cell data
Building SNN based on a provided distance matrix
Computing SNN
ℹ [2025/12/11 14:44:20] Optimizing the network-regularized sparse regression model
ℹ [2025/12/11 14:44:20] Current phenotype contains 17 Tumor and 104 NA samples.
ℹ [2025/12/11 14:44:20] Perform logistic regression on the given phenotypes...

── At alpha = 0.001 ──

lambda = 2.83073854059053
scPAS identified 314 risk+ features and 669 risk- features.
The percentage of selected feature is: 87.69%

── At alpha = 0.005 ──

lambda = 0.566147708118106
scPAS identified 260 risk+ features and 445 risk- features.
The percentage of selected feature is: 62.89%

── At alpha = 0.01 ──

lambda = 0.283073854059053
scPAS identified 205 risk+ features and 355 risk- features.
The percentage of selected feature is: 49.955%

── At alpha = 0.05 ──

lambda = 0.0593105257430293
scPAS identified 84 risk+ features and 190 risk- features.
The percentage of selected feature is: 24.442%

── At alpha = 0.1 ──

lambda = 0.0392025122584321
scPAS identified 49 risk+ features and 129 risk- features.
The percentage of selected feature is: 15.879%
ℹ [2025/12/11 14:44:34] Calculating quantified risk scores...
ℹ [2025/12/11 14:44:34] Qualitative identification by permutation test program with 2000 times random perturbations...
✔ [2025/12/11 14:44:42] scPAS screening done.
ℹ [2025/12/11 14:44:42] Start scPAS screening.
ℹ [2025/12/11 14:44:46] Quantile normalizing bulk data
ℹ [2025/12/11 14:44:46] Extracting single-cell expression profiles...
ℹ [2025/12/11 14:44:47] Constructing a gene-gene similarity by single cell data
Building SNN based on a provided distance matrix
Computing SNN
ℹ [2025/12/11 14:44:51] Optimizing the network-regularized sparse regression model
ℹ [2025/12/11 14:44:51] Current phenotype contains 17 Tumor and 104 NA samples.
ℹ [2025/12/11 14:44:51] Perform logistic regression on the given phenotypes...

── At alpha = 0.001 ──

lambda = 2.92412345927184
scPAS identified 612 risk+ features and 1035 risk- features.
The percentage of selected feature is: 80.185%

── At alpha = 0.005 ──

lambda = 0.584824691854368
scPAS identified 427 risk+ features and 691 risk- features.
The percentage of selected feature is: 54.43%

── At alpha = 0.01 ──

lambda = 0.292412345927184
scPAS identified 326 risk+ features and 527 risk- features.
The percentage of selected feature is: 41.529%

── At alpha = 0.05 ──

lambda = 0.0809915745403735
scPAS identified 117 risk+ features and 253 risk- features.
The percentage of selected feature is: 18.014%
ℹ [2025/12/11 14:46:00] Calculating quantified risk scores...
ℹ [2025/12/11 14:46:02] Qualitative identification by permutation test program with 2000 times random perturbations...
✔ [2025/12/11 14:46:16] scPAS screening done.
ℹ [2025/12/11 14:46:16] Start scPAS screening.
ℹ [2025/12/11 14:46:20] Quantile normalizing bulk data
ℹ [2025/12/11 14:46:20] Imputation of missing values in single cell RNA-sequencing data with "ALRA"
ℹ [2025/12/11 14:46:20] Read matrix with 31872 cells and 12231 genes
ℹ [2025/12/11 14:46:58] Chose k = 66
ℹ [2025/12/11 14:46:58] Getting nonzeros
ℹ [2025/12/11 14:46:58] Randomized SVD
ℹ [2025/12/11 14:48:28] Find the 0.001 quantile of each gene
ℹ [2025/12/11 14:48:35] Sweeping
Warning in asMethod(object) :
  sparse->dense coercion: allocating vector of size 2.9 GiB
Warning in .sparse2dense(if (.M.shape(x) == "t") .M2gen(x) else x) :
  sparse->dense coercion: allocating vector of size 1.5 GiB
ℹ [2025/12/11 14:49:17] Scaling all except for 0 columns
ℹ [2025/12/11 14:49:42] 0.022% of the values became negative in the scaling process and were set to zero
ℹ [2025/12/11 14:49:56] The matrix went from 14.414% nonzero to 56.947% nonzero
Warning: Layer counts isn't present in the assay object; returning NULL
ℹ [2025/12/11 14:50:24] Extracting single-cell expression profiles...
ℹ [2025/12/11 14:50:29] Constructing a gene-gene similarity by single cell data
Building SNN based on a provided distance matrix
Computing SNN
ℹ [2025/12/11 14:50:39] Optimizing the network-regularized sparse regression model
ℹ [2025/12/11 14:50:39] Current phenotype contains 17 Tumor and 104 NA samples.
ℹ [2025/12/11 14:50:39] Perform logistic regression on the given phenotypes...

── At alpha = 0.001 ──

lambda = 3.06761140363357
scPAS identified 719 risk+ features and 1241 risk- features.
The percentage of selected feature is: 75.327%

── At alpha = 0.005 ──

lambda = 0.585636746195334
scPAS identified 464 risk+ features and 766 risk- features.
The percentage of selected feature is: 47.271%

── At alpha = 0.01 ──

lambda = 0.292818373097667
scPAS identified 337 risk+ features and 576 risk- features.
The percentage of selected feature is: 35.088%

── At alpha = 0.05 ──

lambda = 0.0890115781126782
scPAS identified 118 risk+ features and 262 risk- features.
The percentage of selected feature is: 14.604%
ℹ [2025/12/11 14:51:06] Calculating quantified risk scores...
ℹ [2025/12/11 14:51:08] Qualitative identification by permutation test program with 2000 times random perturbations...
✔ [2025/12/11 14:51:24] scPAS screening done.
ℹ [2025/12/11 14:51:25] Start scPAS screening.
ℹ [2025/12/11 14:51:28] Quantile normalizing bulk data
ℹ [2025/12/11 14:51:29] Imputation of missing values in single cell RNA-sequencing data with "ALRA"
ℹ [2025/12/11 14:51:29] Read matrix with 31872 cells and 12231 genes
ℹ [2025/12/11 14:52:05] Chose k = 63
ℹ [2025/12/11 14:52:05] Getting nonzeros
ℹ [2025/12/11 14:52:05] Randomized SVD
ℹ [2025/12/11 14:53:32] Find the 0.001 quantile of each gene
ℹ [2025/12/11 14:53:43] Sweeping
Warning in asMethod(object) :
  sparse->dense coercion: allocating vector of size 2.9 GiB
Warning in .sparse2dense(if (.M.shape(x) == "t") .M2gen(x) else x) :
  sparse->dense coercion: allocating vector of size 1.5 GiB
ℹ [2025/12/11 14:54:24] Scaling all except for 0 columns
ℹ [2025/12/11 14:54:49] 0.025% of the values became negative in the scaling process and were set to zero
ℹ [2025/12/11 14:55:03] The matrix went from 14.414% nonzero to 57.249% nonzero
Warning: Layer counts isn't present in the assay object; returning NULL
ℹ [2025/12/11 14:55:33] Extracting single-cell expression profiles...
ℹ [2025/12/11 14:55:37] Constructing a gene-gene similarity by single cell data
Building SNN based on a provided distance matrix
Computing SNN
ℹ [2025/12/11 14:55:43] Optimizing the network-regularized sparse regression model
ℹ [2025/12/11 14:55:43] Current phenotype contains 17 Tumor and 104 NA samples.
ℹ [2025/12/11 14:55:43] Perform logistic regression on the given phenotypes...

── At alpha = 0.001 ──

lambda = 2.82793741825334
scPAS identified 357 risk+ features and 686 risk- features.
The percentage of selected feature is: 86.056%

── At alpha = 0.005 ──

lambda = 0.565587483650668
scPAS identified 285 risk+ features and 457 risk- features.
The percentage of selected feature is: 61.221%

── At alpha = 0.01 ──

lambda = 0.282793741825334
scPAS identified 214 risk+ features and 367 risk- features.
The percentage of selected feature is: 47.937%

── At alpha = 0.05 ──

lambda = 0.0565587483650668
scPAS identified 92 risk+ features and 197 risk- features.
The percentage of selected feature is: 23.845%

── At alpha = 0.1 ──

lambda = 0.0450287609173022
scPAS identified 52 risk+ features and 133 risk- features.
The percentage of selected feature is: 15.264%
ℹ [2025/12/11 14:55:58] Calculating quantified risk scores...
ℹ [2025/12/11 14:55:59] Qualitative identification by permutation test program with 2000 times random perturbations...
✔ [2025/12/11 14:56:08] scPAS screening done.
ℹ [2025/12/11 14:56:08] Start scPAS screening.
ℹ [2025/12/11 14:56:12] Quantile normalizing bulk data
ℹ [2025/12/11 14:56:12] Extracting single-cell expression profiles...
ℹ [2025/12/11 14:56:12] Constructing a gene-gene similarity by single cell data
Building SNN based on a provided distance matrix
Computing SNN
ℹ [2025/12/11 14:56:15] Optimizing the network-regularized sparse regression model
ℹ [2025/12/11 14:56:15] Current phenotype contains 17 Tumor and 104 NA samples.
ℹ [2025/12/11 14:56:15] Perform logistic regression on the given phenotypes...

── At alpha = 0.001 ──

lambda = 2.83236518853376
scPAS identified 396 risk+ features and 723 risk- features.
The percentage of selected feature is: 85.813%

── At alpha = 0.005 ──

lambda = 0.566473037706753
scPAS identified 324 risk+ features and 514 risk- features.
The percentage of selected feature is: 64.264%

── At alpha = 0.01 ──

lambda = 0.283236518853376
scPAS identified 249 risk+ features and 399 risk- features.
The percentage of selected feature is: 49.693%

── At alpha = 0.05 ──

lambda = 0.0593446077832208
scPAS identified 104 risk+ features and 208 risk- features.
The percentage of selected feature is: 23.926%

── At alpha = 0.1 ──

lambda = 0.0472466989253992
scPAS identified 55 risk+ features and 138 risk- features.
The percentage of selected feature is: 14.801%
ℹ [2025/12/11 14:56:53] Calculating quantified risk scores...
ℹ [2025/12/11 14:56:54] Qualitative identification by permutation test program with 2000 times random perturbations...
✔ [2025/12/11 14:57:03] scPAS screening done.
ℹ [2025/12/11 14:57:04] Start scPAS screening.
ℹ [2025/12/11 14:57:07] Quantile normalizing bulk data
ℹ [2025/12/11 14:57:07] Imputation of missing values in single cell RNA-sequencing data with "KNN"
Warning: Layer counts isn't present in the assay object; returning NULL
ℹ [2025/12/11 14:57:41] Extracting single-cell expression profiles...
ℹ [2025/12/11 14:57:46] Constructing a gene-gene similarity by single cell data
Building SNN based on a provided distance matrix
Computing SNN
ℹ [2025/12/11 14:57:49] Optimizing the network-regularized sparse regression model
ℹ [2025/12/11 14:57:49] Current phenotype contains 17 Tumor and 104 NA samples.
ℹ [2025/12/11 14:57:49] Perform logistic regression on the given phenotypes...

── At alpha = 0.001 ──

lambda = 2.83236518853376
scPAS identified 394 risk+ features and 728 risk- features.
The percentage of selected feature is: 86.043%

── At alpha = 0.005 ──

lambda = 0.566473037706753
scPAS identified 323 risk+ features and 509 risk- features.
The percentage of selected feature is: 63.804%

── At alpha = 0.01 ──

lambda = 0.283236518853376
scPAS identified 232 risk+ features and 399 risk- features.
The percentage of selected feature is: 48.39%

── At alpha = 0.05 ──

lambda = 0.0566473037706752
scPAS identified 101 risk+ features and 213 risk- features.
The percentage of selected feature is: 24.08%

── At alpha = 0.1 ──

lambda = 0.0472466989253992
scPAS identified 54 risk+ features and 142 risk- features.
The percentage of selected feature is: 15.031%
ℹ [2025/12/11 14:58:10] Calculating quantified risk scores...
ℹ [2025/12/11 14:58:11] Qualitative identification by permutation test program with 2000 times random perturbations...
✔ [2025/12/11 14:58:20] scPAS screening done.
ℹ [2025/12/11 14:58:21] Start scPAS screening.
ℹ [2025/12/11 14:58:24] Quantile normalizing bulk data
ℹ [2025/12/11 14:58:24] Imputation of missing values in single cell RNA-sequencing data with "KNN"
Warning: Layer counts isn't present in the assay object; returning NULL
ℹ [2025/12/11 14:58:58] Extracting single-cell expression profiles...
ℹ [2025/12/11 14:59:01] Constructing a gene-gene similarity by single cell data
Building SNN based on a provided distance matrix
Computing SNN
ℹ [2025/12/11 14:59:03] Optimizing the network-regularized sparse regression model
ℹ [2025/12/11 14:59:03] Current phenotype contains 17 Tumor and 104 NA samples.
ℹ [2025/12/11 14:59:03] Perform logistic regression on the given phenotypes...

── At alpha = 0.001 ──

lambda = 2.82921378641661
scPAS identified 304 risk+ features and 600 risk- features.
The percentage of selected feature is: 88.109%

── At alpha = 0.005 ──

lambda = 0.565842757283322
scPAS identified 263 risk+ features and 424 risk- features.
The percentage of selected feature is: 66.959%

── At alpha = 0.01 ──

lambda = 0.282921378641661
scPAS identified 201 risk+ features and 338 risk- features.
The percentage of selected feature is: 52.534%

── At alpha = 0.05 ──

lambda = 0.0565842757283322
scPAS identified 93 risk+ features and 183 risk- features.
The percentage of selected feature is: 26.901%

── At alpha = 0.1 ──

lambda = 0.0340779802188776
scPAS identified 51 risk+ features and 128 risk- features.
The percentage of selected feature is: 17.446%
ℹ [2025/12/11 14:59:19] Calculating quantified risk scores...
ℹ [2025/12/11 14:59:19] Qualitative identification by permutation test program with 2000 times random perturbations...
✔ [2025/12/11 14:59:27] scPAS screening done.
ℹ [2025/12/11 14:59:27] Start scPAS screening.
ℹ [2025/12/11 14:59:31] Quantile normalizing bulk data
ℹ [2025/12/11 14:59:31] Extracting single-cell expression profiles...
ℹ [2025/12/11 14:59:31] Constructing a gene-gene similarity by single cell data
Building SNN based on a provided distance matrix
Computing SNN
ℹ [2025/12/11 14:59:35] Optimizing the network-regularized sparse regression model
ℹ [2025/12/11 14:59:35] Current phenotype contains 17 Tumor and 104 NA samples.
ℹ [2025/12/11 14:59:35] Perform logistic regression on the given phenotypes...

── At alpha = 0.001 ──

lambda = 2.92387646486777
scPAS identified 565 risk+ features and 987 risk- features.
The percentage of selected feature is: 83.128%

── At alpha = 0.005 ──

lambda = 0.584775292973555
scPAS identified 399 risk+ features and 653 risk- features.
The percentage of selected feature is: 56.347%

── At alpha = 0.01 ──

lambda = 0.292387646486777
scPAS identified 308 risk+ features and 500 risk- features.
The percentage of selected feature is: 43.278%

── At alpha = 0.05 ──

lambda = 0.0612619808761287
scPAS identified 120 risk+ features and 256 risk- features.
The percentage of selected feature is: 20.139%

── At alpha = 0.1 ──

lambda = 0.0487731990175254
scPAS identified 58 risk+ features and 170 risk- features.
The percentage of selected feature is: 12.212%
ℹ [2025/12/11 15:00:40] Calculating quantified risk scores...
ℹ [2025/12/11 15:00:42] Qualitative identification by permutation test program with 2000 times random perturbations...
✔ [2025/12/11 15:00:53] scPAS screening done.
ℹ [2025/12/11 15:00:53] Start scPAS screening.
ℹ [2025/12/11 15:00:57] Quantile normalizing bulk data
ℹ [2025/12/11 15:00:57] Extracting single-cell expression profiles...
ℹ [2025/12/11 15:00:57] Constructing a gene-gene similarity by single cell data
Building SNN based on a provided distance matrix
Computing SNN
ℹ [2025/12/11 15:00:59] Optimizing the network-regularized sparse regression model
ℹ [2025/12/11 15:00:59] Current phenotype contains 17 Tumor and 104 NA samples.
ℹ [2025/12/11 15:00:59] Perform logistic regression on the given phenotypes...

── At alpha = 0.001 ──

lambda = 2.91944247132471
scPAS identified 245 risk+ features and 496 risk- features.
The percentage of selected feature is: 88.53%

── At alpha = 0.005 ──

lambda = 0.557349861063203
scPAS identified 217 risk+ features and 368 risk- features.
The percentage of selected feature is: 69.892%

── At alpha = 0.01 ──

lambda = 0.278674930531601
scPAS identified 181 risk+ features and 310 risk- features.
The percentage of selected feature is: 58.662%

── At alpha = 0.05 ──

lambda = 0.0557349861063203
scPAS identified 82 risk+ features and 162 risk- features.
The percentage of selected feature is: 29.152%

── At alpha = 0.1 ──

lambda = 0.0291944247132471
scPAS identified 54 risk+ features and 120 risk- features.
The percentage of selected feature is: 20.789%

── At alpha = 0.2 ──

lambda = 0.0160204225410343
scPAS identified 26 risk+ features and 82 risk- features.
The percentage of selected feature is: 12.903%
ℹ [2025/12/11 15:01:19] Calculating quantified risk scores...
ℹ [2025/12/11 15:01:19] Qualitative identification by permutation test program with 2000 times random perturbations...
✔ [2025/12/11 15:01:24] scPAS screening done.
ℹ [2025/12/11 15:01:25] Start scPAS screening.
ℹ [2025/12/11 15:01:28] Quantile normalizing bulk data
ℹ [2025/12/11 15:01:29] Imputation of missing values in single cell RNA-sequencing data with "KNN"
Warning: Layer counts isn't present in the assay object; returning NULL
ℹ [2025/12/11 15:02:03] Extracting single-cell expression profiles...
ℹ [2025/12/11 15:02:09] Constructing a gene-gene similarity by single cell data
Building SNN based on a provided distance matrix
Computing SNN
ℹ [2025/12/11 15:02:22] Optimizing the network-regularized sparse regression model
ℹ [2025/12/11 15:02:22] Current phenotype contains 17 Tumor and 104 NA samples.
ℹ [2025/12/11 15:02:22] Perform logistic regression on the given phenotypes...

── At alpha = 0.001 ──

lambda = 2.92990397371503
scPAS identified 1042 risk+ features and 1536 risk- features.
The percentage of selected feature is: 71.393%

── At alpha = 0.005 ──

lambda = 0.585980794743006
scPAS identified 580 risk+ features and 924 risk- features.
The percentage of selected feature is: 41.651%

── At alpha = 0.01 ──

lambda = 0.292990397371503
scPAS identified 419 risk+ features and 704 risk- features.
The percentage of selected feature is: 31.099%

── At alpha = 0.05 ──

lambda = 0.061388271140498
scPAS identified 135 risk+ features and 318 risk- features.
The percentage of selected feature is: 12.545%
ℹ [2025/12/11 15:03:39] Calculating quantified risk scores...
ℹ [2025/12/11 15:03:45] Qualitative identification by permutation test program with 2000 times random perturbations...
✔ [2025/12/11 15:04:06] scPAS screening done.
ℹ [2025/12/11 15:04:07] Start scPAS screening.
ℹ [2025/12/11 15:04:11] Quantile normalizing bulk data
ℹ [2025/12/11 15:04:11] Extracting single-cell expression profiles...
ℹ [2025/12/11 15:04:12] Constructing a gene-gene similarity by single cell data
Warning in .M2v(x) :
  sparse->dense coercion: allocating vector of size 1.1 GiB
Building SNN based on a provided distance matrix
Computing SNN
ℹ [2025/12/11 15:04:24] Optimizing the network-regularized sparse regression model
ℹ [2025/12/11 15:04:24] Current phenotype contains 17 Tumor and 104 NA samples.
ℹ [2025/12/11 15:04:24] Perform logistic regression on the given phenotypes...

── At alpha = 0.001 ──

lambda = 2.92945610175137
scPAS identified 1261 risk+ features and 1918 risk- features.
The percentage of selected feature is: 70.503%

── At alpha = 0.005 ──

lambda = 0.932904508933356
scPAS identified 638 risk+ features and 1070 risk- features.
The percentage of selected feature is: 37.88%

── At alpha = 0.01 ──

lambda = 0.645983370116849
scPAS identified 408 risk+ features and 763 risk- features.
The percentage of selected feature is: 25.97%

── At alpha = 0.05 ──

lambda = 0.628231951245226
scPAS identified 104 risk+ features and 235 risk- features.
The percentage of selected feature is: 7.518%
ℹ [2025/12/11 15:08:59] Calculating quantified risk scores...
ℹ [2025/12/11 15:09:05] Qualitative identification by permutation test program with 2000 times random perturbations...
✔ [2025/12/11 15:09:23] scPAS screening done.
ℹ [2025/12/11 15:09:23] Start scPAS screening.
ℹ [2025/12/11 15:09:27] Quantile normalizing bulk data
ℹ [2025/12/11 15:09:27] Imputation of missing values in single cell RNA-sequencing data with "ALRA"
ℹ [2025/12/11 15:09:27] Read matrix with 31872 cells and 12231 genes
ℹ [2025/12/11 15:10:04] Chose k = 59
ℹ [2025/12/11 15:10:04] Getting nonzeros
ℹ [2025/12/11 15:10:04] Randomized SVD
ℹ [2025/12/11 15:11:25] Find the 0.001 quantile of each gene
ℹ [2025/12/11 15:11:33] Sweeping
Warning in asMethod(object) :
  sparse->dense coercion: allocating vector of size 2.9 GiB
Warning in .sparse2dense(if (.M.shape(x) == "t") .M2gen(x) else x) :
  sparse->dense coercion: allocating vector of size 1.5 GiB
ℹ [2025/12/11 15:12:18] Scaling all except for 0 columns
ℹ [2025/12/11 15:12:44] 0.028% of the values became negative in the scaling process and were set to zero
ℹ [2025/12/11 15:12:56] The matrix went from 14.414% nonzero to 57.764% nonzero
Warning: Layer counts isn't present in the assay object; returning NULL
ℹ [2025/12/11 15:13:26] Extracting single-cell expression profiles...
ℹ [2025/12/11 15:13:33] Constructing a gene-gene similarity by single cell data
Warning in .M2v(x) :
  sparse->dense coercion: allocating vector of size 1.0 GiB
Building SNN based on a provided distance matrix
Computing SNN
ℹ [2025/12/11 15:13:50] Optimizing the network-regularized sparse regression model
ℹ [2025/12/11 15:13:50] Current phenotype contains 17 Tumor and 104 NA samples.
ℹ [2025/12/11 15:13:50] Perform logistic regression on the given phenotypes...

── At alpha = 0.001 ──

lambda = 3.0688778312836
scPAS identified 1098 risk+ features and 1771 risk- features.
The percentage of selected feature is: 67.633%

── At alpha = 0.005 ──

lambda = 1.02383935179311
scPAS identified 577 risk+ features and 961 risk- features.
The percentage of selected feature is: 36.256%

── At alpha = 0.01 ──

lambda = 0.778072388976845
scPAS identified 361 risk+ features and 692 risk- features.
The percentage of selected feature is: 24.823%

── At alpha = 0.05 ──

lambda = 0.628218332547395
scPAS identified 102 risk+ features and 232 risk- features.
The percentage of selected feature is: 7.874%
ℹ [2025/12/11 15:14:31] Calculating quantified risk scores...
ℹ [2025/12/11 15:14:38] Qualitative identification by permutation test program with 2000 times random perturbations...
✔ [2025/12/11 15:14:57] scPAS screening done.
ℹ [2025/12/11 15:14:57] Start scPAS screening.
ℹ [2025/12/11 15:15:01] Quantile normalizing bulk data
ℹ [2025/12/11 15:15:01] Imputation of missing values in single cell RNA-sequencing data with "KNN"
Warning: Layer counts isn't present in the assay object; returning NULL
ℹ [2025/12/11 15:15:36] Extracting single-cell expression profiles...
ℹ [2025/12/11 15:15:40] Constructing a gene-gene similarity by single cell data
Building SNN based on a provided distance matrix
Computing SNN
ℹ [2025/12/11 15:15:45] Optimizing the network-regularized sparse regression model
ℹ [2025/12/11 15:15:45] Current phenotype contains 17 Tumor and 104 NA samples.
ℹ [2025/12/11 15:15:45] Perform logistic regression on the given phenotypes...

── At alpha = 0.001 ──

lambda = 2.92291067327029
scPAS identified 480 risk+ features and 883 risk- features.
The percentage of selected feature is: 86.102%

── At alpha = 0.005 ──

lambda = 0.584582134654058
scPAS identified 363 risk+ features and 566 risk- features.
The percentage of selected feature is: 58.686%

── At alpha = 0.01 ──

lambda = 0.292291067327029
scPAS identified 265 risk+ features and 447 risk- features.
The percentage of selected feature is: 44.978%

── At alpha = 0.05 ──

lambda = 0.0704131250762849
scPAS identified 101 risk+ features and 222 risk- features.
The percentage of selected feature is: 20.404%

── At alpha = 0.1 ──

lambda = 0.0560588037421713
scPAS identified 53 risk+ features and 148 risk- features.
The percentage of selected feature is: 12.697%
ℹ [2025/12/11 15:16:11] Calculating quantified risk scores...
ℹ [2025/12/11 15:16:12] Qualitative identification by permutation test program with 2000 times random perturbations...
✔ [2025/12/11 15:16:22] scPAS screening done.
ℹ [2025/12/11 15:16:23] Start scPAS screening.
ℹ [2025/12/11 15:16:27] Quantile normalizing bulk data
ℹ [2025/12/11 15:16:27] Imputation of missing values in single cell RNA-sequencing data with "ALRA"
ℹ [2025/12/11 15:16:27] Read matrix with 31872 cells and 12231 genes
ℹ [2025/12/11 15:17:03] Chose k = 66
ℹ [2025/12/11 15:17:03] Getting nonzeros
ℹ [2025/12/11 15:17:04] Randomized SVD
ℹ [2025/12/11 15:18:33] Find the 0.001 quantile of each gene
ℹ [2025/12/11 15:18:42] Sweeping
Warning in asMethod(object) :
  sparse->dense coercion: allocating vector of size 2.9 GiB
Warning in .sparse2dense(if (.M.shape(x) == "t") .M2gen(x) else x) :
  sparse->dense coercion: allocating vector of size 1.5 GiB
ℹ [2025/12/11 15:19:24] Scaling all except for 0 columns
ℹ [2025/12/11 15:19:49] 0.022% of the values became negative in the scaling process and were set to zero
ℹ [2025/12/11 15:20:01] The matrix went from 14.414% nonzero to 56.904% nonzero
Warning: Layer counts isn't present in the assay object; returning NULL
ℹ [2025/12/11 15:20:31] Extracting single-cell expression profiles...
ℹ [2025/12/11 15:20:36] Constructing a gene-gene similarity by single cell data
Building SNN based on a provided distance matrix
Computing SNN
ℹ [2025/12/11 15:20:51] Optimizing the network-regularized sparse regression model
ℹ [2025/12/11 15:20:51] Current phenotype contains 17 Tumor and 104 NA samples.
ℹ [2025/12/11 15:20:51] Perform logistic regression on the given phenotypes...

── At alpha = 0.001 ──

lambda = 2.92990397371503
scPAS identified 931 risk+ features and 1578 risk- features.
The percentage of selected feature is: 69.482%

── At alpha = 0.005 ──

lambda = 0.585980794743006
scPAS identified 554 risk+ features and 937 risk- features.
The percentage of selected feature is: 41.291%

── At alpha = 0.01 ──

lambda = 0.292990397371503
scPAS identified 389 risk+ features and 703 risk- features.
The percentage of selected feature is: 30.241%

── At alpha = 0.05 ──

lambda = 0.0585980794743006
scPAS identified 135 risk+ features and 318 risk- features.
The percentage of selected feature is: 12.545%
ℹ [2025/12/11 15:21:24] Calculating quantified risk scores...
ℹ [2025/12/11 15:21:29] Qualitative identification by permutation test program with 2000 times random perturbations...
✔ [2025/12/11 15:21:50] scPAS screening done.
ℹ [2025/12/11 15:21:51] Start scPAS screening.
ℹ [2025/12/11 15:21:55] Quantile normalizing bulk data
ℹ [2025/12/11 15:21:55] Extracting single-cell expression profiles...
ℹ [2025/12/11 15:21:56] Constructing a gene-gene similarity by single cell data
Building SNN based on a provided distance matrix
Computing SNN
ℹ [2025/12/11 15:22:00] Optimizing the network-regularized sparse regression model
ℹ [2025/12/11 15:22:00] Current phenotype contains 17 Tumor and 104 NA samples.
ℹ [2025/12/11 15:22:00] Perform logistic regression on the given phenotypes...

── At alpha = 0.001 ──

lambda = 2.92412345927184
scPAS identified 612 risk+ features and 1035 risk- features.
The percentage of selected feature is: 80.185%

── At alpha = 0.005 ──

lambda = 0.584824691854368
scPAS identified 427 risk+ features and 691 risk- features.
The percentage of selected feature is: 54.43%

── At alpha = 0.01 ──

lambda = 0.292412345927184
scPAS identified 326 risk+ features and 527 risk- features.
The percentage of selected feature is: 41.529%

── At alpha = 0.05 ──

lambda = 0.0809915745403735
scPAS identified 117 risk+ features and 253 risk- features.
The percentage of selected feature is: 18.014%
ℹ [2025/12/11 15:23:09] Calculating quantified risk scores...
ℹ [2025/12/11 15:23:11] Qualitative identification by permutation test program with 2000 times random perturbations...
✔ [2025/12/11 15:23:25] scPAS screening done.
ℹ [2025/12/11 15:23:25] Start scPAS screening.
ℹ [2025/12/11 15:23:29] Quantile normalizing bulk data
ℹ [2025/12/11 15:23:29] Imputation of missing values in single cell RNA-sequencing data with "KNN"
Warning: Layer counts isn't present in the assay object; returning NULL
ℹ [2025/12/11 15:24:03] Extracting single-cell expression profiles...
ℹ [2025/12/11 15:24:08] Constructing a gene-gene similarity by single cell data
Building SNN based on a provided distance matrix
Computing SNN
ℹ [2025/12/11 15:24:15] Optimizing the network-regularized sparse regression model
ℹ [2025/12/11 15:24:15] Current phenotype contains 17 Tumor and 104 NA samples.
ℹ [2025/12/11 15:24:15] Perform logistic regression on the given phenotypes...

── At alpha = 0.001 ──

lambda = 2.93232514898143
scPAS identified 734 risk+ features and 1204 risk- features.
The percentage of selected feature is: 80.116%

── At alpha = 0.005 ──

lambda = 0.586465029796286
scPAS identified 465 risk+ features and 733 risk- features.
The percentage of selected feature is: 49.525%

── At alpha = 0.01 ──

lambda = 0.293232514898143
scPAS identified 348 risk+ features and 552 risk- features.
The percentage of selected feature is: 37.205%

── At alpha = 0.05 ──

lambda = 0.0850860342809931
scPAS identified 117 risk+ features and 259 risk- features.
The percentage of selected feature is: 15.544%
ℹ [2025/12/11 15:24:53] Calculating quantified risk scores...
ℹ [2025/12/11 15:24:55] Qualitative identification by permutation test program with 2000 times random perturbations...
✔ [2025/12/11 15:25:11] scPAS screening done.
ℹ [2025/12/11 15:25:12] Start scPAS screening.
ℹ [2025/12/11 15:25:15] Quantile normalizing bulk data
ℹ [2025/12/11 15:25:15] Extracting single-cell expression profiles...
ℹ [2025/12/11 15:25:16] Constructing a gene-gene similarity by single cell data
Building SNN based on a provided distance matrix
Computing SNN
ℹ [2025/12/11 15:25:18] Optimizing the network-regularized sparse regression model
ℹ [2025/12/11 15:25:18] Current phenotype contains 17 Tumor and 104 NA samples.
ℹ [2025/12/11 15:25:18] Perform logistic regression on the given phenotypes...

── At alpha = 0.001 ──

lambda = 2.7644517926173
scPAS identified 197 risk+ features and 399 risk- features.
The percentage of selected feature is: 91.692%

── At alpha = 0.005 ──

lambda = 0.55289035852346
scPAS identified 196 risk+ features and 309 risk- features.
The percentage of selected feature is: 77.692%

── At alpha = 0.01 ──

lambda = 0.27644517926173
scPAS identified 168 risk+ features and 266 risk- features.
The percentage of selected feature is: 66.769%

── At alpha = 0.05 ──

lambda = 0.055289035852346
scPAS identified 79 risk+ features and 150 risk- features.
The percentage of selected feature is: 35.231%

── At alpha = 0.1 ──

lambda = 0.0461138352032859
scPAS identified 49 risk+ features and 95 risk- features.
The percentage of selected feature is: 22.154%

── At alpha = 0.2 ──

lambda = 0.0220089451120273
scPAS identified 27 risk+ features and 72 risk- features.
The percentage of selected feature is: 15.231%
ℹ [2025/12/11 15:25:31] Calculating quantified risk scores...
ℹ [2025/12/11 15:25:31] Qualitative identification by permutation test program with 2000 times random perturbations...
✔ [2025/12/11 15:25:36] scPAS screening done.
ℹ [2025/12/11 15:25:36] Start scPAS screening.
ℹ [2025/12/11 15:25:40] Quantile normalizing bulk data
ℹ [2025/12/11 15:25:40] Imputation of missing values in single cell RNA-sequencing data with "ALRA"
ℹ [2025/12/11 15:25:40] Read matrix with 31872 cells and 12231 genes
ℹ [2025/12/11 15:26:16] Chose k = 66
ℹ [2025/12/11 15:26:16] Getting nonzeros
ℹ [2025/12/11 15:26:16] Randomized SVD
ℹ [2025/12/11 15:27:44] Find the 0.001 quantile of each gene
ℹ [2025/12/11 15:27:52] Sweeping
Warning in asMethod(object) :
  sparse->dense coercion: allocating vector of size 2.9 GiB
Warning in .sparse2dense(if (.M.shape(x) == "t") .M2gen(x) else x) :
  sparse->dense coercion: allocating vector of size 1.5 GiB
ℹ [2025/12/11 15:28:34] Scaling all except for 0 columns
ℹ [2025/12/11 15:29:00] 0.022% of the values became negative in the scaling process and were set to zero
ℹ [2025/12/11 15:29:13] The matrix went from 14.414% nonzero to 56.883% nonzero
Warning: Layer counts isn't present in the assay object; returning NULL
ℹ [2025/12/11 15:29:43] Extracting single-cell expression profiles...
ℹ [2025/12/11 15:29:46] Constructing a gene-gene similarity by single cell data
Building SNN based on a provided distance matrix
Computing SNN
ℹ [2025/12/11 15:29:55] Optimizing the network-regularized sparse regression model
ℹ [2025/12/11 15:29:55] Current phenotype contains 17 Tumor and 104 NA samples.
ℹ [2025/12/11 15:29:55] Perform logistic regression on the given phenotypes...

── At alpha = 0.001 ──

lambda = 2.92343157898105
scPAS identified 578 risk+ features and 1017 risk- features.
The percentage of selected feature is: 81.419%

── At alpha = 0.005 ──

lambda = 0.584686315796211
scPAS identified 402 risk+ features and 631 risk- features.
The percentage of selected feature is: 52.731%

── At alpha = 0.01 ──

lambda = 0.292343157898105
scPAS identified 289 risk+ features and 496 risk- features.
The percentage of selected feature is: 40.071%

── At alpha = 0.05 ──

lambda = 0.0930985960144302
scPAS identified 114 risk+ features and 231 risk- features.
The percentage of selected feature is: 17.611%
ℹ [2025/12/11 15:30:15] Calculating quantified risk scores...
ℹ [2025/12/11 15:30:17] Qualitative identification by permutation test program with 2000 times random perturbations...
✔ [2025/12/11 15:30:31] scPAS screening done.
ℹ [2025/12/11 15:30:31] Start scPAS screening.
ℹ [2025/12/11 15:30:35] Quantile normalizing bulk data
ℹ [2025/12/11 15:30:35] Imputation of missing values in single cell RNA-sequencing data with "KNN"
Warning: Layer counts isn't present in the assay object; returning NULL
ℹ [2025/12/11 15:31:10] Extracting single-cell expression profiles...
ℹ [2025/12/11 15:31:14] Constructing a gene-gene similarity by single cell data
Building SNN based on a provided distance matrix
Computing SNN
ℹ [2025/12/11 15:31:17] Optimizing the network-regularized sparse regression model
ℹ [2025/12/11 15:31:17] Current phenotype contains 17 Tumor and 104 NA samples.
ℹ [2025/12/11 15:31:17] Perform logistic regression on the given phenotypes...

── At alpha = 0.001 ──

lambda = 2.83236518853376
scPAS identified 394 risk+ features and 728 risk- features.
The percentage of selected feature is: 86.043%

── At alpha = 0.005 ──

lambda = 0.566473037706753
scPAS identified 323 risk+ features and 509 risk- features.
The percentage of selected feature is: 63.804%

── At alpha = 0.01 ──

lambda = 0.283236518853376
scPAS identified 232 risk+ features and 399 risk- features.
The percentage of selected feature is: 48.39%

── At alpha = 0.05 ──

lambda = 0.0566473037706752
scPAS identified 101 risk+ features and 213 risk- features.
The percentage of selected feature is: 24.08%

── At alpha = 0.1 ──

lambda = 0.0472466989253992
scPAS identified 54 risk+ features and 142 risk- features.
The percentage of selected feature is: 15.031%
ℹ [2025/12/11 15:31:39] Calculating quantified risk scores...
ℹ [2025/12/11 15:31:40] Qualitative identification by permutation test program with 2000 times random perturbations...
✔ [2025/12/11 15:31:49] scPAS screening done.
ℹ [2025/12/11 15:31:49] Start scPAS screening.
ℹ [2025/12/11 15:31:53] Quantile normalizing bulk data
ℹ [2025/12/11 15:31:53] Extracting single-cell expression profiles...
ℹ [2025/12/11 15:31:54] Constructing a gene-gene similarity by single cell data
Building SNN based on a provided distance matrix
Computing SNN
ℹ [2025/12/11 15:31:57] Optimizing the network-regularized sparse regression model
ℹ [2025/12/11 15:31:57] Current phenotype contains 17 Tumor and 104 NA samples.
ℹ [2025/12/11 15:31:57] Perform logistic regression on the given phenotypes...

── At alpha = 0.001 ──

lambda = 2.92387646486777
scPAS identified 565 risk+ features and 987 risk- features.
The percentage of selected feature is: 83.128%

── At alpha = 0.005 ──

lambda = 0.584775292973555
scPAS identified 399 risk+ features and 653 risk- features.
The percentage of selected feature is: 56.347%

── At alpha = 0.01 ──

lambda = 0.292387646486777
scPAS identified 308 risk+ features and 500 risk- features.
The percentage of selected feature is: 43.278%

── At alpha = 0.05 ──

lambda = 0.0612619808761287
scPAS identified 120 risk+ features and 256 risk- features.
The percentage of selected feature is: 20.139%

── At alpha = 0.1 ──

lambda = 0.0487731990175254
scPAS identified 58 risk+ features and 170 risk- features.
The percentage of selected feature is: 12.212%
ℹ [2025/12/11 15:33:03] Calculating quantified risk scores...
ℹ [2025/12/11 15:33:04] Qualitative identification by permutation test program with 2000 times random perturbations...
✔ [2025/12/11 15:33:16] scPAS screening done.

ℹ [2025/12/11 14:22:18] Start scPAS screening.
ℹ [2025/12/11 14:22:24] Quantile normalizing bulk data
ℹ [2025/12/11 14:22:24] Imputation of missing values in single cell RNA-sequencing data with "KNN"
Warning: Layer counts isn't present in the assay object; returning NULL
ℹ [2025/12/11 14:23:01] Extracting single-cell expression profiles...
ℹ [2025/12/11 14:23:06] Constructing a gene-gene similarity by single cell data
Building SNN based on a provided distance matrix
Computing SNN
ℹ [2025/12/11 14:23:08] Optimizing the network-regularized sparse regression model
ℹ [2025/12/11 14:23:08] Current phenotype contains 17 Tumor and 104 NA samples.
ℹ [2025/12/11 14:23:08] Perform logistic regression on the given phenotypes...

── At alpha = 0.001 ──

lambda = 2.7644517926173
scPAS identified 184 risk+ features and 413 risk- features.
The percentage of selected feature is: 91.846%

── At alpha = 0.005 ──

lambda = 0.55289035852346
scPAS identified 186 risk+ features and 313 risk- features.
The percentage of selected feature is: 76.769%

── At alpha = 0.01 ──

lambda = 0.27644517926173
scPAS identified 160 risk+ features and 264 risk- features.
The percentage of selected feature is: 65.231%

── At alpha = 0.05 ──

lambda = 0.055289035852346
scPAS identified 82 risk+ features and 143 risk- features.
The percentage of selected feature is: 34.615%

── At alpha = 0.1 ──

lambda = 0.0420172091788814
scPAS identified 51 risk+ features and 96 risk- features.
The percentage of selected feature is: 22.615%

── At alpha = 0.2 ──

lambda = 0.0200537310874693
scPAS identified 28 risk+ features and 76 risk- features.
The percentage of selected feature is: 16%
ℹ [2025/12/11 14:23:20] Calculating quantified risk scores...
ℹ [2025/12/11 14:23:20] Qualitative identification by permutation test program with 2000 times random perturbations...
✔ [2025/12/11 14:23:27] scPAS screening done.
ℹ [2025/12/11 14:23:27] Start scPAS screening.
ℹ [2025/12/11 14:23:33] Quantile normalizing bulk data
ℹ [2025/12/11 14:23:33] Imputation of missing values in single cell RNA-sequencing data with "ALRA"
ℹ [2025/12/11 14:23:33] Read matrix with 31872 cells and 12231 genes
ℹ [2025/12/11 14:24:11] Chose k = 65
ℹ [2025/12/11 14:24:11] Getting nonzeros
ℹ [2025/12/11 14:24:11] Randomized SVD
ℹ [2025/12/11 14:25:40] Find the 0.001 quantile of each gene
ℹ [2025/12/11 14:25:48] Sweeping
Warning in asMethod(object) :
  sparse->dense coercion: allocating vector of size 2.9 GiB
Warning in .sparse2dense(if (.M.shape(x) == "t") .M2gen(x) else x) :
  sparse->dense coercion: allocating vector of size 1.5 GiB
ℹ [2025/12/11 14:26:29] Scaling all except for 0 columns
ℹ [2025/12/11 14:26:48] 0.023% of the values became negative in the scaling process and were set to zero
ℹ [2025/12/11 14:26:58] The matrix went from 14.414% nonzero to 57.03% nonzero
Warning: Layer counts isn't present in the assay object; returning NULL
ℹ [2025/12/11 14:27:21] Extracting single-cell expression profiles...
ℹ [2025/12/11 14:27:25] Constructing a gene-gene similarity by single cell data
Building SNN based on a provided distance matrix
Computing SNN
ℹ [2025/12/11 14:27:33] Optimizing the network-regularized sparse regression model
ℹ [2025/12/11 14:27:33] Current phenotype contains 17 Tumor and 104 NA samples.
ℹ [2025/12/11 14:27:33] Perform logistic regression on the given phenotypes...

── At alpha = 0.001 ──

lambda = 3.06645611226709
scPAS identified 669 risk+ features and 1157 risk- features.
The percentage of selected feature is: 78.605%

── At alpha = 0.005 ──

lambda = 0.585416189877159
scPAS identified 429 risk+ features and 714 risk- features.
The percentage of selected feature is: 49.204%

── At alpha = 0.01 ──

lambda = 0.29270809493858
scPAS identified 312 risk+ features and 543 risk- features.
The percentage of selected feature is: 36.806%

── At alpha = 0.05 ──

lambda = 0.102303141763463
scPAS identified 107 risk+ features and 246 risk- features.
The percentage of selected feature is: 15.196%
ℹ [2025/12/11 14:27:58] Calculating quantified risk scores...
ℹ [2025/12/11 14:28:00] Qualitative identification by permutation test program with 2000 times random perturbations...
✔ [2025/12/11 14:28:15] scPAS screening done.
ℹ [2025/12/11 14:28:16] Start scPAS screening.
ℹ [2025/12/11 14:28:19] Quantile normalizing bulk data
ℹ [2025/12/11 14:28:20] Imputation of missing values in single cell RNA-sequencing data with "ALRA"
ℹ [2025/12/11 14:28:20] Read matrix with 31872 cells and 12231 genes
ℹ [2025/12/11 14:28:56] Chose k = 59
ℹ [2025/12/11 14:28:56] Getting nonzeros
ℹ [2025/12/11 14:28:56] Randomized SVD
ℹ [2025/12/11 14:30:17] Find the 0.001 quantile of each gene
ℹ [2025/12/11 14:30:27] Sweeping
Warning in asMethod(object) :
  sparse->dense coercion: allocating vector of size 2.9 GiB
Warning in .sparse2dense(if (.M.shape(x) == "t") .M2gen(x) else x) :
  sparse->dense coercion: allocating vector of size 1.5 GiB
ℹ [2025/12/11 14:31:08] Scaling all except for 0 columns
ℹ [2025/12/11 14:31:31] 0.028% of the values became negative in the scaling process and were set to zero
ℹ [2025/12/11 14:31:44] The matrix went from 14.414% nonzero to 57.788% nonzero
Warning: Layer counts isn't present in the assay object; returning NULL
ℹ [2025/12/11 14:32:12] Extracting single-cell expression profiles...
ℹ [2025/12/11 14:32:17] Constructing a gene-gene similarity by single cell data
Building SNN based on a provided distance matrix
Computing SNN
ℹ [2025/12/11 14:32:25] Optimizing the network-regularized sparse regression model
ℹ [2025/12/11 14:32:25] Current phenotype contains 17 Tumor and 104 NA samples.
ℹ [2025/12/11 14:32:25] Perform logistic regression on the given phenotypes...

── At alpha = 0.001 ──

lambda = 3.36861473485538
scPAS identified 692 risk+ features and 1186 risk- features.
The percentage of selected feature is: 74.821%

── At alpha = 0.005 ──

lambda = 0.585969861168807
scPAS identified 447 risk+ features and 730 risk- features.
The percentage of selected feature is: 46.892%

── At alpha = 0.01 ──

lambda = 0.292984930584403
scPAS identified 322 risk+ features and 558 risk- features.
The percentage of selected feature is: 35.06%

── At alpha = 0.05 ──

lambda = 0.0933029727355559
scPAS identified 112 risk+ features and 254 risk- features.
The percentage of selected feature is: 14.582%
ℹ [2025/12/11 14:32:53] Calculating quantified risk scores...
ℹ [2025/12/11 14:32:55] Qualitative identification by permutation test program with 2000 times random perturbations...
✔ [2025/12/11 14:33:11] scPAS screening done.
ℹ [2025/12/11 14:33:11] Start scPAS screening.
ℹ [2025/12/11 14:33:15] Quantile normalizing bulk data
ℹ [2025/12/11 14:33:15] Imputation of missing values in single cell RNA-sequencing data with "KNN"
Warning: Layer counts isn't present in the assay object; returning NULL
ℹ [2025/12/11 14:33:48] Extracting single-cell expression profiles...
ℹ [2025/12/11 14:33:51] Constructing a gene-gene similarity by single cell data
Building SNN based on a provided distance matrix
Computing SNN
ℹ [2025/12/11 14:33:54] Optimizing the network-regularized sparse regression model
ℹ [2025/12/11 14:33:54] Current phenotype contains 17 Tumor and 104 NA samples.
ℹ [2025/12/11 14:33:54] Perform logistic regression on the given phenotypes...

── At alpha = 0.001 ──

lambda = 2.82793741825334
scPAS identified 357 risk+ features and 680 risk- features.
The percentage of selected feature is: 85.561%

── At alpha = 0.005 ──

lambda = 0.565587483650668
scPAS identified 304 risk+ features and 470 risk- features.
The percentage of selected feature is: 63.861%

── At alpha = 0.01 ──

lambda = 0.282793741825334
scPAS identified 222 risk+ features and 375 risk- features.
The percentage of selected feature is: 49.257%

── At alpha = 0.05 ──

lambda = 0.0565587483650668
scPAS identified 99 risk+ features and 200 risk- features.
The percentage of selected feature is: 24.67%

── At alpha = 0.1 ──

lambda = 0.0450287609173022
scPAS identified 50 risk+ features and 140 risk- features.
The percentage of selected feature is: 15.677%
ℹ [2025/12/11 14:34:13] Calculating quantified risk scores...
ℹ [2025/12/11 14:34:14] Qualitative identification by permutation test program with 2000 times random perturbations...
✔ [2025/12/11 14:34:23] scPAS screening done.
ℹ [2025/12/11 14:34:23] Start scPAS screening.
ℹ [2025/12/11 14:34:27] Quantile normalizing bulk data
ℹ [2025/12/11 14:34:27] Imputation of missing values in single cell RNA-sequencing data with "ALRA"
ℹ [2025/12/11 14:34:27] Read matrix with 31872 cells and 12231 genes
ℹ [2025/12/11 14:35:04] Chose k = 64
ℹ [2025/12/11 14:35:04] Getting nonzeros
ℹ [2025/12/11 14:35:04] Randomized SVD
ℹ [2025/12/11 14:36:31] Find the 0.001 quantile of each gene
ℹ [2025/12/11 14:36:39] Sweeping
Warning in asMethod(object) :
  sparse->dense coercion: allocating vector of size 2.9 GiB
Warning in .sparse2dense(if (.M.shape(x) == "t") .M2gen(x) else x) :
  sparse->dense coercion: allocating vector of size 1.5 GiB
ℹ [2025/12/11 14:37:22] Scaling all except for 0 columns
ℹ [2025/12/11 14:37:48] 0.024% of the values became negative in the scaling process and were set to zero
ℹ [2025/12/11 14:38:01] The matrix went from 14.414% nonzero to 57.106% nonzero
Warning: Layer counts isn't present in the assay object; returning NULL
ℹ [2025/12/11 14:38:27] Extracting single-cell expression profiles...
ℹ [2025/12/11 14:38:30] Constructing a gene-gene similarity by single cell data
Building SNN based on a provided distance matrix
Computing SNN
ℹ [2025/12/11 14:38:35] Optimizing the network-regularized sparse regression model
ℹ [2025/12/11 14:38:35] Current phenotype contains 17 Tumor and 104 NA samples.
ℹ [2025/12/11 14:38:35] Perform logistic regression on the given phenotypes...

── At alpha = 0.001 ──

lambda = 2.7893587937937
scPAS identified 203 risk+ features and 479 risk- features.
The percentage of selected feature is: 91.667%

── At alpha = 0.005 ──

lambda = 0.55787175875874
scPAS identified 199 risk+ features and 348 risk- features.
The percentage of selected feature is: 73.522%

── At alpha = 0.01 ──

lambda = 0.27893587937937
scPAS identified 164 risk+ features and 285 risk- features.
The percentage of selected feature is: 60.349%

── At alpha = 0.05 ──

lambda = 0.0584435242512131
scPAS identified 80 risk+ features and 154 risk- features.
The percentage of selected feature is: 31.452%

── At alpha = 0.1 ──

lambda = 0.0335979254217648
scPAS identified 51 risk+ features and 110 risk- features.
The percentage of selected feature is: 21.64%

── At alpha = 0.2 ──

lambda = 0.0193147248922627
scPAS identified 27 risk+ features and 80 risk- features.
The percentage of selected feature is: 14.382%
ℹ [2025/12/11 14:38:46] Calculating quantified risk scores...
ℹ [2025/12/11 14:38:46] Qualitative identification by permutation test program with 2000 times random perturbations...
✔ [2025/12/11 14:38:51] scPAS screening done.
ℹ [2025/12/11 14:38:52] Start scPAS screening.
ℹ [2025/12/11 14:38:56] Quantile normalizing bulk data
ℹ [2025/12/11 14:38:56] Imputation of missing values in single cell RNA-sequencing data with "ALRA"
ℹ [2025/12/11 14:38:56] Read matrix with 31872 cells and 12231 genes
ℹ [2025/12/11 14:39:33] Chose k = 64
ℹ [2025/12/11 14:39:33] Getting nonzeros
ℹ [2025/12/11 14:39:33] Randomized SVD
ℹ [2025/12/11 14:41:03] Find the 0.001 quantile of each gene
ℹ [2025/12/11 14:41:14] Sweeping
Warning in asMethod(object) :
  sparse->dense coercion: allocating vector of size 2.9 GiB
Warning in .sparse2dense(if (.M.shape(x) == "t") .M2gen(x) else x) :
  sparse->dense coercion: allocating vector of size 1.5 GiB
ℹ [2025/12/11 14:41:57] Scaling all except for 0 columns
ℹ [2025/12/11 14:42:21] 0.024% of the values became negative in the scaling process and were set to zero
ℹ [2025/12/11 14:42:34] The matrix went from 14.414% nonzero to 57.115% nonzero
Warning: Layer counts isn't present in the assay object; returning NULL
ℹ [2025/12/11 14:43:03] Extracting single-cell expression profiles...
ℹ [2025/12/11 14:43:08] Constructing a gene-gene similarity by single cell data
Building SNN based on a provided distance matrix
Computing SNN
ℹ [2025/12/11 14:43:12] Optimizing the network-regularized sparse regression model
ℹ [2025/12/11 14:43:12] Current phenotype contains 17 Tumor and 104 NA samples.
ℹ [2025/12/11 14:43:12] Perform logistic regression on the given phenotypes...

── At alpha = 0.001 ──

lambda = 2.7893587937937
scPAS identified 204 risk+ features and 476 risk- features.
The percentage of selected feature is: 91.398%

── At alpha = 0.005 ──

lambda = 0.55787175875874
scPAS identified 203 risk+ features and 350 risk- features.
The percentage of selected feature is: 74.328%

── At alpha = 0.01 ──

lambda = 0.27893587937937
scPAS identified 166 risk+ features and 283 risk- features.
The percentage of selected feature is: 60.349%

── At alpha = 0.05 ──

lambda = 0.0703954318657862
scPAS identified 77 risk+ features and 150 risk- features.
The percentage of selected feature is: 30.511%

── At alpha = 0.1 ──

lambda = 0.0404688201158662
scPAS identified 50 risk+ features and 108 risk- features.
The percentage of selected feature is: 21.237%

── At alpha = 0.2 ──

lambda = 0.0193147248922627
scPAS identified 26 risk+ features and 80 risk- features.
The percentage of selected feature is: 14.247%
ℹ [2025/12/11 14:43:23] Calculating quantified risk scores...
ℹ [2025/12/11 14:43:24] Qualitative identification by permutation test program with 2000 times random perturbations...
✔ [2025/12/11 14:43:29] scPAS screening done.
ℹ [2025/12/11 14:43:29] Start scPAS screening.
ℹ [2025/12/11 14:43:33] Quantile normalizing bulk data
ℹ [2025/12/11 14:43:33] Extracting single-cell expression profiles...
ℹ [2025/12/11 14:43:34] Constructing a gene-gene similarity by single cell data
Building SNN based on a provided distance matrix
Computing SNN
ℹ [2025/12/11 14:43:43] Optimizing the network-regularized sparse regression model
ℹ [2025/12/11 14:43:43] Current phenotype contains 17 Tumor and 104 NA samples.
ℹ [2025/12/11 14:43:43] Perform logistic regression on the given phenotypes...

── At alpha = 0.001 ──

lambda = 2.92867717977345
scPAS identified 1092 risk+ features and 1714 risk- features.
The percentage of selected feature is: 72.338%

── At alpha = 0.005 ──

lambda = 0.585735435954689
scPAS identified 631 risk+ features and 1025 risk- features.
The percentage of selected feature is: 42.691%

── At alpha = 0.01 ──

lambda = 0.292867717977345
scPAS identified 436 risk+ features and 774 risk- features.
The percentage of selected feature is: 31.194%

── At alpha = 0.05 ──

lambda = 0.0585735435954689
scPAS identified 134 risk+ features and 340 risk- features.
The percentage of selected feature is: 12.22%
ℹ [2025/12/11 14:47:14] Calculating quantified risk scores...
ℹ [2025/12/11 14:47:17] Qualitative identification by permutation test program with 2000 times random perturbations...
✔ [2025/12/11 14:47:39] scPAS screening done.
ℹ [2025/12/11 14:47:40] Start scPAS screening.
ℹ [2025/12/11 14:47:44] Quantile normalizing bulk data
ℹ [2025/12/11 14:47:44] Extracting single-cell expression profiles...
ℹ [2025/12/11 14:47:45] Constructing a gene-gene similarity by single cell data
Warning in .M2v(x) :
  sparse->dense coercion: allocating vector of size 1.1 GiB
Building SNN based on a provided distance matrix
Computing SNN
ℹ [2025/12/11 14:47:55] Optimizing the network-regularized sparse regression model
ℹ [2025/12/11 14:47:55] Current phenotype contains 17 Tumor and 104 NA samples.
ℹ [2025/12/11 14:47:55] Perform logistic regression on the given phenotypes...

── At alpha = 0.001 ──

lambda = 2.92945610175137
scPAS identified 1261 risk+ features and 1918 risk- features.
The percentage of selected feature is: 70.503%

── At alpha = 0.005 ──

lambda = 0.932904508933356
scPAS identified 638 risk+ features and 1070 risk- features.
The percentage of selected feature is: 37.88%

── At alpha = 0.01 ──

lambda = 0.645983370116849
scPAS identified 408 risk+ features and 763 risk- features.
The percentage of selected feature is: 25.97%

── At alpha = 0.05 ──

lambda = 0.628231951245226
scPAS identified 104 risk+ features and 235 risk- features.
The percentage of selected feature is: 7.518%
ℹ [2025/12/11 14:52:30] Calculating quantified risk scores...
ℹ [2025/12/11 14:52:34] Qualitative identification by permutation test program with 2000 times random perturbations...
✔ [2025/12/11 14:52:52] scPAS screening done.
ℹ [2025/12/11 14:52:52] Start scPAS screening.
ℹ [2025/12/11 14:52:56] Quantile normalizing bulk data
ℹ [2025/12/11 14:52:56] Imputation of missing values in single cell RNA-sequencing data with "ALRA"
ℹ [2025/12/11 14:52:56] Read matrix with 31872 cells and 12231 genes
ℹ [2025/12/11 14:53:33] Chose k = 58
ℹ [2025/12/11 14:53:33] Getting nonzeros
ℹ [2025/12/11 14:53:34] Randomized SVD
ℹ [2025/12/11 14:54:52] Find the 0.001 quantile of each gene
ℹ [2025/12/11 14:55:00] Sweeping
Warning in asMethod(object) :
  sparse->dense coercion: allocating vector of size 2.9 GiB
Warning in .sparse2dense(if (.M.shape(x) == "t") .M2gen(x) else x) :
  sparse->dense coercion: allocating vector of size 1.5 GiB
ℹ [2025/12/11 14:55:41] Scaling all except for 0 columns
ℹ [2025/12/11 14:56:05] 0.029% of the values became negative in the scaling process and were set to zero
ℹ [2025/12/11 14:56:19] The matrix went from 14.414% nonzero to 57.942% nonzero
Warning: Layer counts isn't present in the assay object; returning NULL
ℹ [2025/12/11 14:56:48] Extracting single-cell expression profiles...
ℹ [2025/12/11 14:56:52] Constructing a gene-gene similarity by single cell data
Building SNN based on a provided distance matrix
Computing SNN
ℹ [2025/12/11 14:57:02] Optimizing the network-regularized sparse regression model
ℹ [2025/12/11 14:57:02] Current phenotype contains 17 Tumor and 104 NA samples.
ℹ [2025/12/11 14:57:02] Perform logistic regression on the given phenotypes...

── At alpha = 0.001 ──

lambda = 2.92984930584403
scPAS identified 681 risk+ features and 1208 risk- features.
The percentage of selected feature is: 75.259%

── At alpha = 0.005 ──

lambda = 0.585969861168807
scPAS identified 450 risk+ features and 727 risk- features.
The percentage of selected feature is: 46.892%

── At alpha = 0.01 ──

lambda = 0.292984930584403
scPAS identified 320 risk+ features and 553 risk- features.
The percentage of selected feature is: 34.781%

── At alpha = 0.05 ──

lambda = 0.0705802772262775
scPAS identified 113 risk+ features and 260 risk- features.
The percentage of selected feature is: 14.861%
ℹ [2025/12/11 14:57:29] Calculating quantified risk scores...
ℹ [2025/12/11 14:57:32] Qualitative identification by permutation test program with 2000 times random perturbations...
✔ [2025/12/11 14:57:47] scPAS screening done.
ℹ [2025/12/11 14:57:48] Start scPAS screening.
ℹ [2025/12/11 14:57:52] Quantile normalizing bulk data
ℹ [2025/12/11 14:57:52] Extracting single-cell expression profiles...
ℹ [2025/12/11 14:57:53] Constructing a gene-gene similarity by single cell data
Building SNN based on a provided distance matrix
Computing SNN
ℹ [2025/12/11 14:57:56] Optimizing the network-regularized sparse regression model
ℹ [2025/12/11 14:57:56] Current phenotype contains 17 Tumor and 104 NA samples.
ℹ [2025/12/11 14:57:56] Perform logistic regression on the given phenotypes...

── At alpha = 0.001 ──

lambda = 2.92504137283986
scPAS identified 538 risk+ features and 944 risk- features.
The percentage of selected feature is: 83.682%

── At alpha = 0.005 ──

lambda = 0.585008274567972
scPAS identified 399 risk+ features and 631 risk- features.
The percentage of selected feature is: 58.159%

── At alpha = 0.01 ──

lambda = 0.292504137283986
scPAS identified 302 risk+ features and 475 risk- features.
The percentage of selected feature is: 43.874%

── At alpha = 0.05 ──

lambda = 0.0585008274567972
scPAS identified 117 risk+ features and 248 risk- features.
The percentage of selected feature is: 20.61%

── At alpha = 0.1 ──

lambda = 0.0487926308536657
scPAS identified 57 risk+ features and 161 risk- features.
The percentage of selected feature is: 12.309%
ℹ [2025/12/11 14:58:56] Calculating quantified risk scores...
ℹ [2025/12/11 14:58:58] Qualitative identification by permutation test program with 2000 times random perturbations...
✔ [2025/12/11 14:59:08] scPAS screening done.
ℹ [2025/12/11 14:59:09] Start scPAS screening.
ℹ [2025/12/11 14:59:13] Quantile normalizing bulk data
ℹ [2025/12/11 14:59:13] Extracting single-cell expression profiles...
ℹ [2025/12/11 14:59:14] Constructing a gene-gene similarity by single cell data
Building SNN based on a provided distance matrix
Computing SNN
ℹ [2025/12/11 14:59:20] Optimizing the network-regularized sparse regression model
ℹ [2025/12/11 14:59:20] Current phenotype contains 17 Tumor and 104 NA samples.
ℹ [2025/12/11 14:59:20] Perform logistic regression on the given phenotypes...

── At alpha = 0.001 ──

lambda = 2.92837355022902
scPAS identified 956 risk+ features and 1521 risk- features.
The percentage of selected feature is: 74.228%

── At alpha = 0.005 ──

lambda = 0.613562052254504
scPAS identified 576 risk+ features and 929 risk- features.
The percentage of selected feature is: 45.1%

── At alpha = 0.01 ──

lambda = 0.292837355022902
scPAS identified 407 risk+ features and 689 risk- features.
The percentage of selected feature is: 32.844%

── At alpha = 0.05 ──

lambda = 0.0673383594902705
scPAS identified 132 risk+ features and 322 risk- features.
The percentage of selected feature is: 13.605%
ℹ [2025/12/11 15:02:01] Calculating quantified risk scores...
ℹ [2025/12/11 15:02:03] Qualitative identification by permutation test program with 2000 times random perturbations...
✔ [2025/12/11 15:02:23] scPAS screening done.
ℹ [2025/12/11 15:02:23] Start scPAS screening.
ℹ [2025/12/11 15:02:27] Quantile normalizing bulk data
ℹ [2025/12/11 15:02:27] Imputation of missing values in single cell RNA-sequencing data with "ALRA"
ℹ [2025/12/11 15:02:27] Read matrix with 31872 cells and 12231 genes
ℹ [2025/12/11 15:03:04] Chose k = 61
ℹ [2025/12/11 15:03:04] Getting nonzeros
ℹ [2025/12/11 15:03:04] Randomized SVD
ℹ [2025/12/11 15:04:27] Find the 0.001 quantile of each gene
ℹ [2025/12/11 15:04:34] Sweeping
Warning in asMethod(object) :
  sparse->dense coercion: allocating vector of size 2.9 GiB
Warning in .sparse2dense(if (.M.shape(x) == "t") .M2gen(x) else x) :
  sparse->dense coercion: allocating vector of size 1.5 GiB
ℹ [2025/12/11 15:05:12] Scaling all except for 0 columns
ℹ [2025/12/11 15:05:34] 0.027% of the values became negative in the scaling process and were set to zero
ℹ [2025/12/11 15:05:47] The matrix went from 14.414% nonzero to 57.567% nonzero
Warning: Layer counts isn't present in the assay object; returning NULL
ℹ [2025/12/11 15:06:16] Extracting single-cell expression profiles...
ℹ [2025/12/11 15:06:20] Constructing a gene-gene similarity by single cell data
Building SNN based on a provided distance matrix
Computing SNN
ℹ [2025/12/11 15:06:28] Optimizing the network-regularized sparse regression model
ℹ [2025/12/11 15:06:28] Current phenotype contains 17 Tumor and 104 NA samples.
ℹ [2025/12/11 15:06:28] Perform logistic regression on the given phenotypes...

── At alpha = 0.001 ──

lambda = 2.93232514898143
scPAS identified 672 risk+ features and 1150 risk- features.
The percentage of selected feature is: 75.32%

── At alpha = 0.005 ──

lambda = 0.586465029796286
scPAS identified 424 risk+ features and 711 risk- features.
The percentage of selected feature is: 46.92%

── At alpha = 0.01 ──

lambda = 0.293232514898143
scPAS identified 311 risk+ features and 539 risk- features.
The percentage of selected feature is: 35.138%

── At alpha = 0.05 ──

lambda = 0.0891374698551698
scPAS identified 114 risk+ features and 255 risk- features.
The percentage of selected feature is: 15.254%
ℹ [2025/12/11 15:06:57] Calculating quantified risk scores...
ℹ [2025/12/11 15:06:58] Qualitative identification by permutation test program with 2000 times random perturbations...
✔ [2025/12/11 15:07:13] scPAS screening done.
ℹ [2025/12/11 15:07:13] Start scPAS screening.
ℹ [2025/12/11 15:07:17] Quantile normalizing bulk data
ℹ [2025/12/11 15:07:17] Imputation of missing values in single cell RNA-sequencing data with "ALRA"
ℹ [2025/12/11 15:07:17] Read matrix with 31872 cells and 12231 genes
ℹ [2025/12/11 15:07:52] Chose k = 63
ℹ [2025/12/11 15:07:52] Getting nonzeros
ℹ [2025/12/11 15:07:53] Randomized SVD
ℹ [2025/12/11 15:09:18] Find the 0.001 quantile of each gene
ℹ [2025/12/11 15:09:28] Sweeping
Warning in asMethod(object) :
  sparse->dense coercion: allocating vector of size 2.9 GiB
Warning in .sparse2dense(if (.M.shape(x) == "t") .M2gen(x) else x) :
  sparse->dense coercion: allocating vector of size 1.5 GiB
ℹ [2025/12/11 15:10:06] Scaling all except for 0 columns
ℹ [2025/12/11 15:10:29] 0.024% of the values became negative in the scaling process and were set to zero
ℹ [2025/12/11 15:10:41] The matrix went from 14.414% nonzero to 57.289% nonzero
Warning: Layer counts isn't present in the assay object; returning NULL
ℹ [2025/12/11 15:11:11] Extracting single-cell expression profiles...
ℹ [2025/12/11 15:11:14] Constructing a gene-gene similarity by single cell data
Building SNN based on a provided distance matrix
Computing SNN
ℹ [2025/12/11 15:11:21] Optimizing the network-regularized sparse regression model
ℹ [2025/12/11 15:11:21] Current phenotype contains 17 Tumor and 104 NA samples.
ℹ [2025/12/11 15:11:21] Perform logistic regression on the given phenotypes...

── At alpha = 0.001 ──

lambda = 2.92291067327029
scPAS identified 459 risk+ features and 871 risk- features.
The percentage of selected feature is: 84.018%

── At alpha = 0.005 ──

lambda = 0.584582134654058
scPAS identified 348 risk+ features and 563 risk- features.
The percentage of selected feature is: 57.549%

── At alpha = 0.01 ──

lambda = 0.292291067327029
scPAS identified 261 risk+ features and 451 risk- features.
The percentage of selected feature is: 44.978%

── At alpha = 0.05 ──

lambda = 0.0809579831242742
scPAS identified 100 risk+ features and 217 risk- features.
The percentage of selected feature is: 20.025%

── At alpha = 0.1 ──

lambda = 0.0615244679020505
scPAS identified 52 risk+ features and 145 risk- features.
The percentage of selected feature is: 12.445%
ℹ [2025/12/11 15:11:40] Calculating quantified risk scores...
ℹ [2025/12/11 15:11:41] Qualitative identification by permutation test program with 2000 times random perturbations...
✔ [2025/12/11 15:11:51] scPAS screening done.
ℹ [2025/12/11 15:11:51] Start scPAS screening.
ℹ [2025/12/11 15:11:55] Quantile normalizing bulk data
ℹ [2025/12/11 15:11:55] Extracting single-cell expression profiles...
ℹ [2025/12/11 15:11:56] Constructing a gene-gene similarity by single cell data
Building SNN based on a provided distance matrix
Computing SNN
ℹ [2025/12/11 15:12:03] Optimizing the network-regularized sparse regression model
ℹ [2025/12/11 15:12:03] Current phenotype contains 17 Tumor and 104 NA samples.
ℹ [2025/12/11 15:12:03] Perform logistic regression on the given phenotypes...

── At alpha = 0.001 ──

lambda = 2.92990397371503
scPAS identified 1027 risk+ features and 1616 risk- features.
The percentage of selected feature is: 73.193%

── At alpha = 0.005 ──

lambda = 0.585980794743006
scPAS identified 605 risk+ features and 972 risk- features.
The percentage of selected feature is: 43.672%

── At alpha = 0.01 ──

lambda = 0.292990397371503
scPAS identified 429 risk+ features and 731 risk- features.
The percentage of selected feature is: 32.124%

── At alpha = 0.05 ──

lambda = 0.0585980794743006
scPAS identified 139 risk+ features and 331 risk- features.
The percentage of selected feature is: 13.016%
ℹ [2025/12/11 15:15:08] Calculating quantified risk scores...
ℹ [2025/12/11 15:15:10] Qualitative identification by permutation test program with 2000 times random perturbations...
✔ [2025/12/11 15:15:31] scPAS screening done.
ℹ [2025/12/11 15:15:31] Start scPAS screening.
ℹ [2025/12/11 15:15:35] Quantile normalizing bulk data
ℹ [2025/12/11 15:15:35] Imputation of missing values in single cell RNA-sequencing data with "KNN"
Warning: Layer counts isn't present in the assay object; returning NULL
ℹ [2025/12/11 15:16:07] Extracting single-cell expression profiles...
ℹ [2025/12/11 15:16:12] Constructing a gene-gene similarity by single cell data
Building SNN based on a provided distance matrix
Computing SNN
ℹ [2025/12/11 15:16:18] Optimizing the network-regularized sparse regression model
ℹ [2025/12/11 15:16:18] Current phenotype contains 17 Tumor and 104 NA samples.
ℹ [2025/12/11 15:16:18] Perform logistic regression on the given phenotypes...

── At alpha = 0.001 ──

lambda = 2.9270809493858
scPAS identified 708 risk+ features and 1170 risk- features.
The percentage of selected feature is: 80.844%

── At alpha = 0.005 ──

lambda = 0.585416189877159
scPAS identified 449 risk+ features and 721 risk- features.
The percentage of selected feature is: 50.366%

── At alpha = 0.01 ──

lambda = 0.29270809493858
scPAS identified 341 risk+ features and 549 risk- features.
The percentage of selected feature is: 38.313%

── At alpha = 0.05 ──

lambda = 0.102303141763463
scPAS identified 110 risk+ features and 252 risk- features.
The percentage of selected feature is: 15.583%
ℹ [2025/12/11 15:16:54] Calculating quantified risk scores...
ℹ [2025/12/11 15:16:55] Qualitative identification by permutation test program with 2000 times random perturbations...
✔ [2025/12/11 15:17:10] scPAS screening done.
ℹ [2025/12/11 15:17:10] Start scPAS screening.
ℹ [2025/12/11 15:17:14] Quantile normalizing bulk data
ℹ [2025/12/11 15:17:14] Extracting single-cell expression profiles...
ℹ [2025/12/11 15:17:14] Constructing a gene-gene similarity by single cell data
Building SNN based on a provided distance matrix
Computing SNN
ℹ [2025/12/11 15:17:17] Optimizing the network-regularized sparse regression model
ℹ [2025/12/11 15:17:17] Current phenotype contains 17 Tumor and 104 NA samples.
ℹ [2025/12/11 15:17:17] Perform logistic regression on the given phenotypes...

── At alpha = 0.001 ──

lambda = 2.7868054289427
scPAS identified 274 risk+ features and 540 risk- features.
The percentage of selected feature is: 87.621%

── At alpha = 0.005 ──

lambda = 0.55736108578854
scPAS identified 239 risk+ features and 390 risk- features.
The percentage of selected feature is: 67.707%

── At alpha = 0.01 ──

lambda = 0.27868054289427
scPAS identified 197 risk+ features and 321 risk- features.
The percentage of selected feature is: 55.759%

── At alpha = 0.05 ──

lambda = 0.055736108578854
scPAS identified 84 risk+ features and 170 risk- features.
The percentage of selected feature is: 27.341%

── At alpha = 0.1 ──

lambda = 0.0305851551793396
scPAS identified 55 risk+ features and 128 risk- features.
The percentage of selected feature is: 19.699%
ℹ [2025/12/11 15:17:37] Calculating quantified risk scores...
ℹ [2025/12/11 15:17:38] Qualitative identification by permutation test program with 2000 times random perturbations...
✔ [2025/12/11 15:17:45] scPAS screening done.
ℹ [2025/12/11 15:17:46] Start scPAS screening.
ℹ [2025/12/11 15:17:49] Quantile normalizing bulk data
ℹ [2025/12/11 15:17:49] Extracting single-cell expression profiles...
ℹ [2025/12/11 15:17:50] Constructing a gene-gene similarity by single cell data
Building SNN based on a provided distance matrix
Computing SNN
ℹ [2025/12/11 15:17:52] Optimizing the network-regularized sparse regression model
ℹ [2025/12/11 15:17:52] Current phenotype contains 17 Tumor and 104 NA samples.
ℹ [2025/12/11 15:17:52] Perform logistic regression on the given phenotypes...

── At alpha = 0.001 ──

lambda = 2.92426882774373
scPAS identified 511 risk+ features and 900 risk- features.
The percentage of selected feature is: 84.088%

── At alpha = 0.005 ──

lambda = 0.584853765548746
scPAS identified 380 risk+ features and 614 risk- features.
The percentage of selected feature is: 59.237%

── At alpha = 0.01 ──

lambda = 0.292426882774373
scPAS identified 292 risk+ features and 469 risk- features.
The percentage of selected feature is: 45.352%

── At alpha = 0.05 ──

lambda = 0.0704458431137145
scPAS identified 113 risk+ features and 233 risk- features.
The percentage of selected feature is: 20.62%

── At alpha = 0.1 ──

lambda = 0.0511024282573935
scPAS identified 57 risk+ features and 150 risk- features.
The percentage of selected feature is: 12.336%
ℹ [2025/12/11 15:18:49] Calculating quantified risk scores...
ℹ [2025/12/11 15:18:49] Qualitative identification by permutation test program with 2000 times random perturbations...
✔ [2025/12/11 15:18:59] scPAS screening done.
ℹ [2025/12/11 15:18:59] Start scPAS screening.
ℹ [2025/12/11 15:19:03] Quantile normalizing bulk data
ℹ [2025/12/11 15:19:03] Extracting single-cell expression profiles...
ℹ [2025/12/11 15:19:04] Constructing a gene-gene similarity by single cell data
Building SNN based on a provided distance matrix
Computing SNN
ℹ [2025/12/11 15:19:08] Optimizing the network-regularized sparse regression model
ℹ [2025/12/11 15:19:08] Current phenotype contains 17 Tumor and 104 NA samples.
ℹ [2025/12/11 15:19:08] Perform logistic regression on the given phenotypes...

── At alpha = 0.001 ──

lambda = 2.92818373097667
scPAS identified 757 risk+ features and 1264 risk- features.
The percentage of selected feature is: 77.671%

── At alpha = 0.005 ──

lambda = 0.585636746195334
scPAS identified 493 risk+ features and 789 risk- features.
The percentage of selected feature is: 49.27%

── At alpha = 0.01 ──

lambda = 0.292818373097667
scPAS identified 372 risk+ features and 601 risk- features.
The percentage of selected feature is: 37.394%

── At alpha = 0.05 ──

lambda = 0.0849658645124912
scPAS identified 117 risk+ features and 277 risk- features.
The percentage of selected feature is: 15.142%
ℹ [2025/12/11 15:20:51] Calculating quantified risk scores...
ℹ [2025/12/11 15:20:52] Qualitative identification by permutation test program with 2000 times random perturbations...
✔ [2025/12/11 15:21:08] scPAS screening done.
ℹ [2025/12/11 15:21:08] Start scPAS screening.
ℹ [2025/12/11 15:21:12] Quantile normalizing bulk data
ℹ [2025/12/11 15:21:12] Imputation of missing values in single cell RNA-sequencing data with "KNN"
Warning: Layer counts isn't present in the assay object; returning NULL
ℹ [2025/12/11 15:21:45] Extracting single-cell expression profiles...
ℹ [2025/12/11 15:21:49] Constructing a gene-gene similarity by single cell data
Building SNN based on a provided distance matrix
Computing SNN
ℹ [2025/12/11 15:21:50] Optimizing the network-regularized sparse regression model
ℹ [2025/12/11 15:21:50] Current phenotype contains 17 Tumor and 104 NA samples.
ℹ [2025/12/11 15:21:50] Perform logistic regression on the given phenotypes...

── At alpha = 0.001 ──

lambda = 2.74824794629117
scPAS identified 131 risk+ features and 300 risk- features.
The percentage of selected feature is: 93.29%

── At alpha = 0.005 ──

lambda = 0.549649589258234
scPAS identified 136 risk+ features and 238 risk- features.
The percentage of selected feature is: 80.952%

── At alpha = 0.01 ──

lambda = 0.274824794629117
scPAS identified 120 risk+ features and 206 risk- features.
The percentage of selected feature is: 70.563%

── At alpha = 0.05 ──

lambda = 0.0549649589258234
scPAS identified 73 risk+ features and 122 risk- features.
The percentage of selected feature is: 42.208%

── At alpha = 0.1 ──

lambda = 0.0274824794629117
scPAS identified 53 risk+ features and 80 risk- features.
The percentage of selected feature is: 28.788%

── At alpha = 0.2 ──

lambda = 0.0137412397314558
scPAS identified 31 risk+ features and 59 risk- features.
The percentage of selected feature is: 19.481%
ℹ [2025/12/11 15:21:57] Calculating quantified risk scores...
ℹ [2025/12/11 15:21:57] Qualitative identification by permutation test program with 2000 times random perturbations...
✔ [2025/12/11 15:22:02] scPAS screening done.
ℹ [2025/12/11 15:22:02] Start scPAS screening.
ℹ [2025/12/11 15:22:05] Quantile normalizing bulk data
ℹ [2025/12/11 15:22:06] Imputation of missing values in single cell RNA-sequencing data with "KNN"
Warning: Layer counts isn't present in the assay object; returning NULL
ℹ [2025/12/11 15:22:38] Extracting single-cell expression profiles...
ℹ [2025/12/11 15:22:43] Constructing a gene-gene similarity by single cell data
Building SNN based on a provided distance matrix
Computing SNN
ℹ [2025/12/11 15:22:51] Optimizing the network-regularized sparse regression model
ℹ [2025/12/11 15:22:51] Current phenotype contains 17 Tumor and 104 NA samples.
ℹ [2025/12/11 15:22:51] Perform logistic regression on the given phenotypes...

── At alpha = 0.001 ──

lambda = 2.92759137928456
scPAS identified 943 risk+ features and 1482 risk- features.
The percentage of selected feature is: 74.823%

── At alpha = 0.005 ──

lambda = 0.585518275856913
scPAS identified 572 risk+ features and 899 risk- features.
The percentage of selected feature is: 45.387%

── At alpha = 0.01 ──

lambda = 0.292759137928456
scPAS identified 389 risk+ features and 663 risk- features.
The percentage of selected feature is: 32.459%

── At alpha = 0.05 ──

lambda = 0.0738840266550994
scPAS identified 126 risk+ features and 303 risk- features.
The percentage of selected feature is: 13.237%
ℹ [2025/12/11 15:23:46] Calculating quantified risk scores...
ℹ [2025/12/11 15:23:49] Qualitative identification by permutation test program with 2000 times random perturbations...
✔ [2025/12/11 15:24:07] scPAS screening done.
ℹ [2025/12/11 15:24:07] Start scPAS screening.
ℹ [2025/12/11 15:24:11] Quantile normalizing bulk data
ℹ [2025/12/11 15:24:11] Imputation of missing values in single cell RNA-sequencing data with "KNN"
Warning: Layer counts isn't present in the assay object; returning NULL
ℹ [2025/12/11 15:24:42] Extracting single-cell expression profiles...
ℹ [2025/12/11 15:24:45] Constructing a gene-gene similarity by single cell data
Building SNN based on a provided distance matrix
Computing SNN
ℹ [2025/12/11 15:24:47] Optimizing the network-regularized sparse regression model
ℹ [2025/12/11 15:24:47] Current phenotype contains 17 Tumor and 104 NA samples.
ℹ [2025/12/11 15:24:47] Perform logistic regression on the given phenotypes...

── At alpha = 0.001 ──

lambda = 2.7893587937937
scPAS identified 211 risk+ features and 480 risk- features.
The percentage of selected feature is: 92.876%

── At alpha = 0.005 ──

lambda = 0.55787175875874
scPAS identified 204 risk+ features and 346 risk- features.
The percentage of selected feature is: 73.925%

── At alpha = 0.01 ──

lambda = 0.27893587937937
scPAS identified 175 risk+ features and 288 risk- features.
The percentage of selected feature is: 62.231%

── At alpha = 0.05 ──

lambda = 0.055787175875874
scPAS identified 81 risk+ features and 154 risk- features.
The percentage of selected feature is: 31.586%

── At alpha = 0.1 ──

lambda = 0.0404688201158662
scPAS identified 49 risk+ features and 112 risk- features.
The percentage of selected feature is: 21.64%

── At alpha = 0.2 ──

lambda = 0.0232646545118549
scPAS identified 26 risk+ features and 80 risk- features.
The percentage of selected feature is: 14.247%
ℹ [2025/12/11 15:25:00] Calculating quantified risk scores...
ℹ [2025/12/11 15:25:00] Qualitative identification by permutation test program with 2000 times random perturbations...
✔ [2025/12/11 15:25:05] scPAS screening done.
ℹ [2025/12/11 15:25:05] Start scPAS screening.
ℹ [2025/12/11 15:25:08] Quantile normalizing bulk data
ℹ [2025/12/11 15:25:08] Extracting single-cell expression profiles...
ℹ [2025/12/11 15:25:09] Constructing a gene-gene similarity by single cell data
Building SNN based on a provided distance matrix
Computing SNN
ℹ [2025/12/11 15:25:12] Optimizing the network-regularized sparse regression model
ℹ [2025/12/11 15:25:12] Current phenotype contains 17 Tumor and 104 NA samples.
ℹ [2025/12/11 15:25:12] Perform logistic regression on the given phenotypes...

── At alpha = 0.001 ──

lambda = 2.92412345927184
scPAS identified 612 risk+ features and 1035 risk- features.
The percentage of selected feature is: 80.185%

── At alpha = 0.005 ──

lambda = 0.584824691854368
scPAS identified 427 risk+ features and 691 risk- features.
The percentage of selected feature is: 54.43%

── At alpha = 0.01 ──

lambda = 0.292412345927184
scPAS identified 326 risk+ features and 527 risk- features.
The percentage of selected feature is: 41.529%

── At alpha = 0.05 ──

lambda = 0.0809915745403735
scPAS identified 117 risk+ features and 253 risk- features.
The percentage of selected feature is: 18.014%
ℹ [2025/12/11 15:26:21] Calculating quantified risk scores...
ℹ [2025/12/11 15:26:22] Qualitative identification by permutation test program with 2000 times random perturbations...
✔ [2025/12/11 15:26:36] scPAS screening done.
ℹ [2025/12/11 15:26:36] Start scPAS screening.
ℹ [2025/12/11 15:26:40] Quantile normalizing bulk data
ℹ [2025/12/11 15:26:40] Extracting single-cell expression profiles...
ℹ [2025/12/11 15:26:40] Constructing a gene-gene similarity by single cell data
Building SNN based on a provided distance matrix
Computing SNN
ℹ [2025/12/11 15:26:42] Optimizing the network-regularized sparse regression model
ℹ [2025/12/11 15:26:42] Current phenotype contains 17 Tumor and 104 NA samples.
ℹ [2025/12/11 15:26:42] Perform logistic regression on the given phenotypes...

── At alpha = 0.001 ──

lambda = 2.7893587937937
scPAS identified 225 risk+ features and 456 risk- features.
The percentage of selected feature is: 91.532%

── At alpha = 0.005 ──

lambda = 0.55787175875874
scPAS identified 204 risk+ features and 341 risk- features.
The percentage of selected feature is: 73.253%

── At alpha = 0.01 ──

lambda = 0.27893587937937
scPAS identified 170 risk+ features and 285 risk- features.
The percentage of selected feature is: 61.156%

── At alpha = 0.05 ──

lambda = 0.055787175875874
scPAS identified 82 risk+ features and 157 risk- features.
The percentage of selected feature is: 32.124%

── At alpha = 0.1 ──

lambda = 0.0320708478583849
scPAS identified 55 risk+ features and 114 risk- features.
The percentage of selected feature is: 22.715%

── At alpha = 0.2 ──

lambda = 0.0202344100579331
scPAS identified 26 risk+ features and 81 risk- features.
The percentage of selected feature is: 14.382%
ℹ [2025/12/11 15:26:58] Calculating quantified risk scores...
ℹ [2025/12/11 15:26:58] Qualitative identification by permutation test program with 2000 times random perturbations...
✔ [2025/12/11 15:27:03] scPAS screening done.
ℹ [2025/12/11 15:27:03] Start scPAS screening.
ℹ [2025/12/11 15:27:07] Quantile normalizing bulk data
ℹ [2025/12/11 15:27:07] Imputation of missing values in single cell RNA-sequencing data with "KNN"
Warning: Layer counts isn't present in the assay object; returning NULL
ℹ [2025/12/11 15:27:39] Extracting single-cell expression profiles...
ℹ [2025/12/11 15:27:43] Constructing a gene-gene similarity by single cell data
Building SNN based on a provided distance matrix
Computing SNN
ℹ [2025/12/11 15:27:47] Optimizing the network-regularized sparse regression model
ℹ [2025/12/11 15:27:47] Current phenotype contains 17 Tumor and 104 NA samples.
ℹ [2025/12/11 15:27:47] Perform logistic regression on the given phenotypes...

── At alpha = 0.001 ──

lambda = 2.92291067327029
scPAS identified 480 risk+ features and 883 risk- features.
The percentage of selected feature is: 86.102%

── At alpha = 0.005 ──

lambda = 0.584582134654058
scPAS identified 363 risk+ features and 566 risk- features.
The percentage of selected feature is: 58.686%

── At alpha = 0.01 ──

lambda = 0.292291067327029
scPAS identified 265 risk+ features and 447 risk- features.
The percentage of selected feature is: 44.978%

── At alpha = 0.05 ──

lambda = 0.0704131250762849
scPAS identified 101 risk+ features and 222 risk- features.
The percentage of selected feature is: 20.404%

── At alpha = 0.1 ──

lambda = 0.0560588037421713
scPAS identified 53 risk+ features and 148 risk- features.
The percentage of selected feature is: 12.697%
ℹ [2025/12/11 15:28:12] Calculating quantified risk scores...
ℹ [2025/12/11 15:28:13] Qualitative identification by permutation test program with 2000 times random perturbations...
✔ [2025/12/11 15:28:23] scPAS screening done.
ℹ [2025/12/11 15:28:23] Start scPAS screening.
ℹ [2025/12/11 15:28:26] Quantile normalizing bulk data
ℹ [2025/12/11 15:28:26] Imputation of missing values in single cell RNA-sequencing data with "ALRA"
ℹ [2025/12/11 15:28:27] Read matrix with 31872 cells and 12231 genes
ℹ [2025/12/11 15:29:03] Chose k = 69
ℹ [2025/12/11 15:29:03] Getting nonzeros
ℹ [2025/12/11 15:29:03] Randomized SVD
ℹ [2025/12/11 15:30:36] Find the 0.001 quantile of each gene
ℹ [2025/12/11 15:30:43] Sweeping
Warning in asMethod(object) :
  sparse->dense coercion: allocating vector of size 2.9 GiB
Warning in .sparse2dense(if (.M.shape(x) == "t") .M2gen(x) else x) :
  sparse->dense coercion: allocating vector of size 1.5 GiB
ℹ [2025/12/11 15:31:21] Scaling all except for 0 columns
ℹ [2025/12/11 15:31:46] 0.021% of the values became negative in the scaling process and were set to zero
ℹ [2025/12/11 15:31:58] The matrix went from 14.414% nonzero to 56.498% nonzero
Warning: Layer counts isn't present in the assay object; returning NULL
ℹ [2025/12/11 15:32:26] Extracting single-cell expression profiles...
ℹ [2025/12/11 15:32:31] Constructing a gene-gene similarity by single cell data
Building SNN based on a provided distance matrix
Computing SNN
ℹ [2025/12/11 15:32:41] Optimizing the network-regularized sparse regression model
ℹ [2025/12/11 15:32:41] Current phenotype contains 17 Tumor and 104 NA samples.
ℹ [2025/12/11 15:32:41] Perform logistic regression on the given phenotypes...

── At alpha = 0.001 ──

lambda = 2.92900484366561
scPAS identified 776 risk+ features and 1329 risk- features.
The percentage of selected feature is: 75.502%

── At alpha = 0.005 ──

lambda = 0.585800968733122
scPAS identified 493 risk+ features and 808 risk- features.
The percentage of selected feature is: 46.664%

── At alpha = 0.01 ──

lambda = 0.292900484366561
scPAS identified 351 risk+ features and 603 risk- features.
The percentage of selected feature is: 34.218%

── At alpha = 0.05 ──

lambda = 0.0585800968733122
scPAS identified 132 risk+ features and 291 risk- features.
The percentage of selected feature is: 15.172%
ℹ [2025/12/11 15:33:08] Calculating quantified risk scores...
ℹ [2025/12/11 15:33:10] Qualitative identification by permutation test program with 2000 times random perturbations...
✔ [2025/12/11 15:33:28] scPAS screening done.
ℹ [2025/12/11 15:33:28] Start scPAS screening.
ℹ [2025/12/11 15:33:32] Quantile normalizing bulk data
ℹ [2025/12/11 15:33:32] Imputation of missing values in single cell RNA-sequencing data with "KNN"
Warning: Layer counts isn't present in the assay object; returning NULL
ℹ [2025/12/11 15:34:06] Extracting single-cell expression profiles...
ℹ [2025/12/11 15:34:12] Constructing a gene-gene similarity by single cell data
Warning in .M2v(x) :
  sparse->dense coercion: allocating vector of size 1.1 GiB
Building SNN based on a provided distance matrix
Computing SNN
ℹ [2025/12/11 15:34:29] Optimizing the network-regularized sparse regression model
ℹ [2025/12/11 15:34:29] Current phenotype contains 17 Tumor and 104 NA samples.
ℹ [2025/12/11 15:34:29] Perform logistic regression on the given phenotypes...

── At alpha = 0.001 ──

lambda = 2.92952863705165
scPAS identified 1254 risk+ features and 1845 risk- features.
The percentage of selected feature is: 70.05%

── At alpha = 0.005 ──

lambda = 0.705725522923639
scPAS identified 655 risk+ features and 1077 risk- features.
The percentage of selected feature is: 39.15%

── At alpha = 0.01 ──

lambda = 0.74274228904494
scPAS identified 385 risk+ features and 715 risk- features.
The percentage of selected feature is: 24.864%

── At alpha = 0.05 ──

lambda = 0.628247506690212
scPAS identified 103 risk+ features and 232 risk- features.
The percentage of selected feature is: 7.572%
ℹ [2025/12/11 15:35:51] Calculating quantified risk scores...
ℹ [2025/12/11 15:35:58] Qualitative identification by permutation test program with 2000 times random perturbations...
✔ [2025/12/11 15:36:16] scPAS screening done.

            used   (Mb) gc trigger   (Mb)  max used   (Mb)
Ncells   4075390  217.7    7935980  423.9   7935980  423.9
Vcells 255496183 1949.3  347370430 2650.3 271141874 2068.7
✔ scPAS random search completed.
Error: object 'pos_ratio' not found
Execution halted
