nohup: ignoring input

Attaching package: ‘dplyr’

The following objects are masked from ‘package:stats’:

    filter, lag

The following objects are masked from ‘package:base’:

    intersect, setdiff, setequal, union


Attaching package: ‘data.table’

The following objects are masked from ‘package:dplyr’:

    between, first, last

✔ ScPP v0.0.0.9000 loaded
ℹ Updating SigBridgeR documentation
ℹ Loading SigBridgeR
✔ SigBridgeR v2.5.4 loaded
Warning in coxph.fit(X, Y, istrat, offset, init, control, weights = weights,  :
  Loglik converged before variable  1 ; coefficient may be infinite. 
Warning in coxph.fit(X, Y, istrat, offset, init, control, weights = weights,  :
  Loglik converged before variable  1 ; coefficient may be infinite. 
Warning in coxph.fit(X, Y, istrat, offset, init, control, weights = weights,  :
  Loglik converged before variable  1 ; coefficient may be infinite. 
Warning: There are no genes negatively correlated with patients' prognosis in this bulk
dataset.
✖ geneList must contain 'gene_pos' and 'gene_neg'
✖ geneList must contain 'gene_pos' and 'gene_neg'
✖ geneList must contain 'gene_pos' and 'gene_neg'
✖ geneList must contain 'gene_pos' and 'gene_neg'
✖ geneList must contain 'gene_pos' and 'gene_neg'
✖ geneList must contain 'gene_pos' and 'gene_neg'
✖ geneList must contain 'gene_pos' and 'gene_neg'
✖ geneList must contain 'gene_pos' and 'gene_neg'
✖ geneList must contain 'gene_pos' and 'gene_neg'
✖ geneList must contain 'gene_pos' and 'gene_neg'
✖ geneList must contain 'gene_pos' and 'gene_neg'
✖ geneList must contain 'gene_pos' and 'gene_neg'
✖ geneList must contain 'gene_pos' and 'gene_neg'
✖ geneList must contain 'gene_pos' and 'gene_neg'
✖ geneList must contain 'gene_pos' and 'gene_neg'
✖ geneList must contain 'gene_pos' and 'gene_neg'
✖ geneList must contain 'gene_pos' and 'gene_neg'
✖ geneList must contain 'gene_pos' and 'gene_neg'
✖ geneList must contain 'gene_pos' and 'gene_neg'
✖ geneList must contain 'gene_pos' and 'gene_neg'
✖ geneList must contain 'gene_pos' and 'gene_neg'
✖ geneList must contain 'gene_pos' and 'gene_neg'
✖ geneList must contain 'gene_pos' and 'gene_neg'
✖ geneList must contain 'gene_pos' and 'gene_neg'
✖ geneList must contain 'gene_pos' and 'gene_neg'

✖ geneList must contain 'gene_pos' and 'gene_neg'
✖ geneList must contain 'gene_pos' and 'gene_neg'
✖ geneList must contain 'gene_pos' and 'gene_neg'
✖ geneList must contain 'gene_pos' and 'gene_neg'
✖ geneList must contain 'gene_pos' and 'gene_neg'
✖ geneList must contain 'gene_pos' and 'gene_neg'
✖ geneList must contain 'gene_pos' and 'gene_neg'
✖ geneList must contain 'gene_pos' and 'gene_neg'
✖ geneList must contain 'gene_pos' and 'gene_neg'
✖ geneList must contain 'gene_pos' and 'gene_neg'
✖ geneList must contain 'gene_pos' and 'gene_neg'
✖ geneList must contain 'gene_pos' and 'gene_neg'
✖ geneList must contain 'gene_pos' and 'gene_neg'
✖ geneList must contain 'gene_pos' and 'gene_neg'
✖ geneList must contain 'gene_pos' and 'gene_neg'
✖ geneList must contain 'gene_pos' and 'gene_neg'
✖ geneList must contain 'gene_pos' and 'gene_neg'
✖ geneList must contain 'gene_pos' and 'gene_neg'
✖ geneList must contain 'gene_pos' and 'gene_neg'
✖ geneList must contain 'gene_pos' and 'gene_neg'
✖ geneList must contain 'gene_pos' and 'gene_neg'
✖ geneList must contain 'gene_pos' and 'gene_neg'
✖ geneList must contain 'gene_pos' and 'gene_neg'
✖ geneList must contain 'gene_pos' and 'gene_neg'

            used   (Mb) gc trigger   (Mb)  max used   (Mb)
Ncells   4291394  229.2   13339940  712.5  13339940  712.5
Vcells 395982324 3021.2  655182575 4998.7 454608040 3468.4
Error in `.rowNamesDF<-`(x, value = value) : invalid 'row.names' length
Calls: rownames<- ... row.names<- -> row.names<-.data.frame -> .rowNamesDF<-
Execution halted
