nohup: ignoring input

Attaching package: ‘dplyr’

The following objects are masked from ‘package:stats’:

    filter, lag

The following objects are masked from ‘package:base’:

    intersect, setdiff, setequal, union


Attaching package: ‘data.table’

The following objects are masked from ‘package:dplyr’:

    between, first, last

✔ ScPP v0.0.2 loaded
ℹ Updating SigBridgeR documentation
ℹ Loading SigBridgeR
✔ SigBridgeR v2.5.4 loaded
ℹ [2025/12/09 19:12:58] Start scPP screening.
ℹ [2025/12/09 19:12:58] Finding overall markers...
Warning: row_t_welch: 2613 of the rows had essentially constant values.
First occurrence at row 25
ℹ [2025/12/09 19:13:01] Screening...
ℹ [2025/12/09 19:13:01] Running fixed threshold mode with prob = 0.14
ℹ [2025/12/09 19:13:02] Computing AUC scores...
Registered S3 methods overwritten by 'Seqinfo':
  method                from        
  as.data.frame.Seqinfo GenomeInfoDb
  merge.Seqinfo         GenomeInfoDb
  summary.Seqinfo       GenomeInfoDb
Genes in the gene sets NOT available in the dataset: 
	gene_pos: 	10015 (60% of 16747)
	gene_neg: 	6603 (68% of 9671)
✔ [2025/12/09 19:13:42] Classified 3398 Positive, 3792 Negative cells
ℹ [2025/12/09 19:13:42] Finding markers between `Positive` and `Negative` group...
✔ [2025/12/09 19:13:47] Found 2426 positive markers, 1826 negative markers
Warning: stack imbalance in '<-', 41 then 43
✔ [2025/12/09 19:13:47] scPP screening done.
Warning: stack imbalance in '{', 37 then 39
Warning: stack imbalance in '{', 30 then 32
Warning: stack imbalance in 'switch', 26 then 28
Warning: stack imbalance in '{', 22 then 24
! scPP result is not complete, maybe not suitable for this parameter pair, using default FALSE.prob = 0.14, Log2FC_cutoff = 0.792, process_1
ℹ [2025/12/09 19:13:49] Start scPP screening.
ℹ [2025/12/09 19:13:49] Finding overall markers...
Warning: row_t_welch: 2613 of the rows had essentially constant values.
First occurrence at row 25
ℹ [2025/12/09 19:13:51] Screening...
ℹ [2025/12/09 19:13:51] Running fixed threshold mode with prob = 0.16
ℹ [2025/12/09 19:13:52] Computing AUC scores...
Genes in the gene sets NOT available in the dataset: 
	gene_pos: 	13296 (66% of 20036)
	gene_neg: 	7624 (71% of 10693)
✔ [2025/12/09 19:14:23] Classified 3933 Positive, 4396 Negative cells
ℹ [2025/12/09 19:14:23] Finding markers between `Positive` and `Negative` group...
✔ [2025/12/09 19:14:28] Found 2405 positive markers, 1870 negative markers
✔ [2025/12/09 19:14:28] scPP screening done.
! scPP result is not complete, maybe not suitable for this parameter pair, using default FALSE.prob = 0.16, Log2FC_cutoff = 0.259, process_2
ℹ [2025/12/09 19:14:29] Start scPP screening.
ℹ [2025/12/09 19:14:29] Finding overall markers...
Warning: row_t_welch: 2613 of the rows had essentially constant values.
First occurrence at row 25
ℹ [2025/12/09 19:14:32] Screening...
ℹ [2025/12/09 19:14:32] Running fixed threshold mode with prob = 0.27
ℹ [2025/12/09 19:14:32] Computing AUC scores...
Genes in the gene sets NOT available in the dataset: 
	gene_pos: 	9333 (58% of 16065)
	gene_neg: 	6342 (67% of 9409)
✔ [2025/12/09 19:15:03] Classified 7155 Positive, 7801 Negative cells
ℹ [2025/12/09 19:15:03] Finding markers between `Positive` and `Negative` group...
✔ [2025/12/09 19:15:12] Found 2323 positive markers, 1818 negative markers
✔ [2025/12/09 19:15:12] scPP screening done.
! scPP result is not complete, maybe not suitable for this parameter pair, using default FALSE.prob = 0.27, Log2FC_cutoff = 0.986, process_3
ℹ [2025/12/09 19:15:13] Start scPP screening.
ℹ [2025/12/09 19:15:13] Finding overall markers...
Warning: row_t_welch: 2613 of the rows had essentially constant values.
First occurrence at row 25
ℹ [2025/12/09 19:15:16] Screening...
ℹ [2025/12/09 19:15:16] Running fixed threshold mode with prob = 0.29
ℹ [2025/12/09 19:15:16] Computing AUC scores...
Genes in the gene sets NOT available in the dataset: 
	gene_pos: 	10138 (60% of 16870)
	gene_neg: 	6646 (68% of 9714)
✔ [2025/12/09 19:15:46] Classified 7776 Positive, 8450 Negative cells
ℹ [2025/12/09 19:15:46] Finding markers between `Positive` and `Negative` group...
✔ [2025/12/09 19:15:54] Found 2303 positive markers, 1795 negative markers
✔ [2025/12/09 19:15:54] scPP screening done.
! scPP result is not complete, maybe not suitable for this parameter pair, using default FALSE.prob = 0.29, Log2FC_cutoff = 0.757, process_4
ℹ [2025/12/09 19:15:55] Start scPP screening.
ℹ [2025/12/09 19:15:55] Finding overall markers...
Warning: row_t_welch: 2613 of the rows had essentially constant values.
First occurrence at row 25
ℹ [2025/12/09 19:15:58] Screening...
ℹ [2025/12/09 19:15:58] Running fixed threshold mode with prob = 0.24
ℹ [2025/12/09 19:15:59] Computing AUC scores...
Genes in the gene sets NOT available in the dataset: 
	gene_pos: 	9357 (58% of 16089)
	gene_neg: 	6349 (67% of 9416)
✔ [2025/12/09 19:16:30] Classified 6238 Positive, 6861 Negative cells
ℹ [2025/12/09 19:16:30] Finding markers between `Positive` and `Negative` group...
✔ [2025/12/09 19:16:36] Found 2372 positive markers, 1858 negative markers
✔ [2025/12/09 19:16:36] scPP screening done.
! scPP result is not complete, maybe not suitable for this parameter pair, using default FALSE.prob = 0.24, Log2FC_cutoff = 0.98, process_5
ℹ [2025/12/09 19:16:38] Start scPP screening.
ℹ [2025/12/09 19:16:38] Finding overall markers...
Warning: row_t_welch: 2613 of the rows had essentially constant values.
First occurrence at row 25
ℹ [2025/12/09 19:16:40] Screening...
ℹ [2025/12/09 19:16:40] Running fixed threshold mode with prob = 0.3
ℹ [2025/12/09 19:16:41] Computing AUC scores...
Genes in the gene sets NOT available in the dataset: 
	gene_pos: 	13740 (67% of 20481)
	gene_neg: 	7717 (72% of 10786)
✔ [2025/12/09 19:17:12] Classified 8066 Positive, 8754 Negative cells
ℹ [2025/12/09 19:17:12] Finding markers between `Positive` and `Negative` group...
✔ [2025/12/09 19:17:21] Found 2288 positive markers, 1809 negative markers
✔ [2025/12/09 19:17:21] scPP screening done.
! scPP result is not complete, maybe not suitable for this parameter pair, using default FALSE.prob = 0.3, Log2FC_cutoff = 0.219, process_6
ℹ [2025/12/09 19:17:23] Start scPP screening.
ℹ [2025/12/09 19:17:23] Finding overall markers...
Warning: row_t_welch: 2613 of the rows had essentially constant values.
First occurrence at row 25
ℹ [2025/12/09 19:17:26] Screening...
ℹ [2025/12/09 19:17:26] Running fixed threshold mode with prob = 0.11
ℹ [2025/12/09 19:17:26] Computing AUC scores...
Genes in the gene sets NOT available in the dataset: 
	gene_pos: 	9460 (58% of 16192)
	gene_neg: 	6385 (68% of 9453)
✔ [2025/12/09 19:17:57] Classified 2567 Positive, 2892 Negative cells
ℹ [2025/12/09 19:17:57] Finding markers between `Positive` and `Negative` group...
✔ [2025/12/09 19:18:01] Found 2445 positive markers, 1726 negative markers
✔ [2025/12/09 19:18:01] scPP screening done.
! scPP result is not complete, maybe not suitable for this parameter pair, using default FALSE.prob = 0.11, Log2FC_cutoff = 0.949, process_7
ℹ [2025/12/09 19:18:02] Start scPP screening.
ℹ [2025/12/09 19:18:02] Finding overall markers...
Warning: row_t_welch: 2613 of the rows had essentially constant values.
First occurrence at row 25
ℹ [2025/12/09 19:18:05] Screening...
ℹ [2025/12/09 19:18:05] Running fixed threshold mode with prob = 0.33
ℹ [2025/12/09 19:18:06] Computing AUC scores...
Genes in the gene sets NOT available in the dataset: 
	gene_pos: 	14589 (68% of 21330)
	gene_neg: 	7895 (72% of 10964)
✔ [2025/12/09 19:18:37] Classified 9008 Positive, 9692 Negative cells
ℹ [2025/12/09 19:18:37] Finding markers between `Positive` and `Negative` group...
✔ [2025/12/09 19:18:46] Found 2214 positive markers, 1749 negative markers
✔ [2025/12/09 19:18:46] scPP screening done.
! scPP result is not complete, maybe not suitable for this parameter pair, using default FALSE.prob = 0.33, Log2FC_cutoff = 0.149, process_8
ℹ [2025/12/09 19:18:48] Start scPP screening.
ℹ [2025/12/09 19:18:48] Finding overall markers...
Warning: row_t_welch: 2613 of the rows had essentially constant values.
First occurrence at row 25
ℹ [2025/12/09 19:18:51] Screening...
ℹ [2025/12/09 19:18:51] Running fixed threshold mode with prob = 0.24
ℹ [2025/12/09 19:18:51] Computing AUC scores...
Genes in the gene sets NOT available in the dataset: 
	gene_pos: 	10853 (62% of 17587)
	gene_neg: 	6900 (69% of 9968)
✔ [2025/12/09 19:19:23] Classified 6243 Positive, 6864 Negative cells
ℹ [2025/12/09 19:19:23] Finding markers between `Positive` and `Negative` group...
✔ [2025/12/09 19:19:29] Found 2373 positive markers, 1852 negative markers
✔ [2025/12/09 19:19:29] scPP screening done.
! scPP result is not complete, maybe not suitable for this parameter pair, using default FALSE.prob = 0.24, Log2FC_cutoff = 0.6, process_9
ℹ [2025/12/09 19:19:31] Start scPP screening.
ℹ [2025/12/09 19:19:31] Finding overall markers...
Warning: row_t_welch: 2613 of the rows had essentially constant values.
First occurrence at row 25
ℹ [2025/12/09 19:19:34] Screening...
ℹ [2025/12/09 19:19:34] Running fixed threshold mode with prob = 0.02
ℹ [2025/12/09 19:19:35] Computing AUC scores...
Genes in the gene sets NOT available in the dataset: 
	gene_pos: 	9468 (58% of 16200)
	gene_neg: 	6390 (68% of 9458)
✔ [2025/12/09 19:20:05] Classified 354 Positive, 474 Negative cells
ℹ [2025/12/09 19:20:05] Finding markers between `Positive` and `Negative` group...
✔ [2025/12/09 19:20:07] Found 2306 positive markers, 657 negative markers
✔ [2025/12/09 19:20:07] scPP screening done.
! scPP result is not complete, maybe not suitable for this parameter pair, using default FALSE.prob = 0.02, Log2FC_cutoff = 0.946, process_10
ℹ [2025/12/09 19:20:09] Start scPP screening.
ℹ [2025/12/09 19:20:09] Finding overall markers...
Warning: row_t_welch: 2613 of the rows had essentially constant values.
First occurrence at row 25
ℹ [2025/12/09 19:20:11] Screening...
ℹ [2025/12/09 19:20:11] Running fixed threshold mode with prob = 0.22
ℹ [2025/12/09 19:20:12] Computing AUC scores...
Genes in the gene sets NOT available in the dataset: 
	gene_pos: 	10425 (61% of 17158)
	gene_neg: 	6758 (69% of 9826)
✔ [2025/12/09 19:20:44] Classified 5673 Positive, 6255 Negative cells
ℹ [2025/12/09 19:20:44] Finding markers between `Positive` and `Negative` group...
✔ [2025/12/09 19:20:51] Found 2393 positive markers, 1875 negative markers
✔ [2025/12/09 19:20:51] scPP screening done.
! scPP result is not complete, maybe not suitable for this parameter pair, using default FALSE.prob = 0.22, Log2FC_cutoff = 0.688, process_11
ℹ [2025/12/09 19:20:53] Start scPP screening.
ℹ [2025/12/09 19:20:53] Finding overall markers...
Warning: row_t_welch: 2613 of the rows had essentially constant values.
First occurrence at row 25
ℹ [2025/12/09 19:20:55] Screening...
ℹ [2025/12/09 19:20:55] Running fixed threshold mode with prob = 0.11
ℹ [2025/12/09 19:20:56] Computing AUC scores...
Genes in the gene sets NOT available in the dataset: 
	gene_pos: 	11359 (63% of 18097)
	gene_neg: 	7061 (70% of 10130)
✔ [2025/12/09 19:21:27] Classified 2569 Positive, 2889 Negative cells
ℹ [2025/12/09 19:21:27] Finding markers between `Positive` and `Negative` group...
✔ [2025/12/09 19:21:31] Found 2442 positive markers, 1719 negative markers
✔ [2025/12/09 19:21:31] scPP screening done.
! scPP result is not complete, maybe not suitable for this parameter pair, using default FALSE.prob = 0.11, Log2FC_cutoff = 0.506, process_12
ℹ [2025/12/09 19:21:33] Start scPP screening.
ℹ [2025/12/09 19:21:33] Finding overall markers...
Warning: row_t_welch: 2613 of the rows had essentially constant values.
First occurrence at row 25
ℹ [2025/12/09 19:21:36] Screening...
ℹ [2025/12/09 19:21:36] Running fixed threshold mode with prob = 0.39
ℹ [2025/12/09 19:21:36] Computing AUC scores...
Genes in the gene sets NOT available in the dataset: 
	gene_pos: 	12295 (65% of 19034)
	gene_neg: 	7339 (71% of 10408)
✔ [2025/12/09 19:22:08] Classified 10914 Positive, 11468 Negative cells
ℹ [2025/12/09 19:22:08] Finding markers between `Positive` and `Negative` group...
✔ [2025/12/09 19:22:18] Found 2060 positive markers, 1623 negative markers
✔ [2025/12/09 19:22:18] scPP screening done.
! scPP result is not complete, maybe not suitable for this parameter pair, using default FALSE.prob = 0.39, Log2FC_cutoff = 0.373, process_13
ℹ [2025/12/09 19:22:20] Start scPP screening.
ℹ [2025/12/09 19:22:20] Finding overall markers...
Warning: row_t_welch: 2613 of the rows had essentially constant values.
First occurrence at row 25
ℹ [2025/12/09 19:22:23] Screening...
ℹ [2025/12/09 19:22:23] Running fixed threshold mode with prob = 0.4
ℹ [2025/12/09 19:22:23] Computing AUC scores...
Genes in the gene sets NOT available in the dataset: 
	gene_pos: 	12599 (65% of 19338)
	gene_neg: 	7441 (71% of 10510)
✔ [2025/12/09 19:22:55] Classified 11251 Positive, 11755 Negative cells
ℹ [2025/12/09 19:22:55] Finding markers between `Positive` and `Negative` group...
✔ [2025/12/09 19:23:05] Found 2018 positive markers, 1612 negative markers
✔ [2025/12/09 19:23:06] scPP screening done.
! scPP result is not complete, maybe not suitable for this parameter pair, using default FALSE.prob = 0.4, Log2FC_cutoff = 0.336, process_14
ℹ [2025/12/09 19:23:07] Start scPP screening.
ℹ [2025/12/09 19:23:07] Finding overall markers...
Warning: row_t_welch: 2613 of the rows had essentially constant values.
First occurrence at row 25
ℹ [2025/12/09 19:23:10] Screening...
ℹ [2025/12/09 19:23:10] Running fixed threshold mode with prob = 0.31
ℹ [2025/12/09 19:23:10] Computing AUC scores...
Genes in the gene sets NOT available in the dataset: 
	gene_pos: 	16424 (71% of 23165)
	gene_neg: 	8053 (72% of 11122)
✔ [2025/12/09 19:23:41] Classified 8377 Positive, 9070 Negative cells
ℹ [2025/12/09 19:23:41] Finding markers between `Positive` and `Negative` group...
✔ [2025/12/09 19:23:50] Found 2264 positive markers, 1784 negative markers
✔ [2025/12/09 19:23:50] scPP screening done.
! scPP result is not complete, maybe not suitable for this parameter pair, using default FALSE.prob = 0.31, Log2FC_cutoff = 0.048, process_15
ℹ [2025/12/09 19:23:51] Start scPP screening.
ℹ [2025/12/09 19:23:51] Finding overall markers...
Warning: row_t_welch: 2613 of the rows had essentially constant values.
First occurrence at row 25
ℹ [2025/12/09 19:23:54] Screening...
ℹ [2025/12/09 19:23:54] Running fixed threshold mode with prob = 0.1
ℹ [2025/12/09 19:23:55] Computing AUC scores...
Genes in the gene sets NOT available in the dataset: 
	gene_pos: 	10758 (62% of 17492)
	gene_neg: 	6870 (69% of 9938)
✔ [2025/12/09 19:24:25] Classified 2290 Positive, 2629 Negative cells
ℹ [2025/12/09 19:24:25] Finding markers between `Positive` and `Negative` group...
✔ [2025/12/09 19:24:29] Found 2430 positive markers, 1668 negative markers
✔ [2025/12/09 19:24:29] scPP screening done.
! scPP result is not complete, maybe not suitable for this parameter pair, using default FALSE.prob = 0.1, Log2FC_cutoff = 0.619, process_16
ℹ [2025/12/09 19:24:30] Start scPP screening.
ℹ [2025/12/09 19:24:30] Finding overall markers...
Warning: row_t_welch: 2613 of the rows had essentially constant values.
First occurrence at row 25
ℹ [2025/12/09 19:24:33] Screening...
ℹ [2025/12/09 19:24:33] Running fixed threshold mode with prob = 0.17
ℹ [2025/12/09 19:24:34] Computing AUC scores...
Genes in the gene sets NOT available in the dataset: 
	gene_pos: 	9424 (58% of 16156)
	gene_neg: 	6372 (68% of 9440)
✔ [2025/12/09 19:25:05] Classified 4248 Positive, 4717 Negative cells
ℹ [2025/12/09 19:25:05] Finding markers between `Positive` and `Negative` group...
✔ [2025/12/09 19:25:10] Found 2409 positive markers, 1875 negative markers
✔ [2025/12/09 19:25:10] scPP screening done.
! scPP result is not complete, maybe not suitable for this parameter pair, using default FALSE.prob = 0.17, Log2FC_cutoff = 0.961, process_17
ℹ [2025/12/09 19:25:12] Start scPP screening.
ℹ [2025/12/09 19:25:12] Finding overall markers...
Warning: row_t_welch: 2613 of the rows had essentially constant values.
First occurrence at row 25
ℹ [2025/12/09 19:25:14] Screening...
ℹ [2025/12/09 19:25:14] Running fixed threshold mode with prob = 0.33
ℹ [2025/12/09 19:25:15] Computing AUC scores...
Genes in the gene sets NOT available in the dataset: 
	gene_pos: 	10577 (61% of 17310)
	gene_neg: 	6811 (69% of 9879)
✔ [2025/12/09 19:25:46] Classified 9034 Positive, 9680 Negative cells
ℹ [2025/12/09 19:25:46] Finding markers between `Positive` and `Negative` group...
✔ [2025/12/09 19:25:56] Found 2224 positive markers, 1748 negative markers
✔ [2025/12/09 19:25:56] scPP screening done.
! scPP result is not complete, maybe not suitable for this parameter pair, using default FALSE.prob = 0.33, Log2FC_cutoff = 0.655, process_18
ℹ [2025/12/09 19:25:58] Start scPP screening.
ℹ [2025/12/09 19:25:58] Finding overall markers...
Warning: row_t_welch: 2613 of the rows had essentially constant values.
First occurrence at row 25
ℹ [2025/12/09 19:26:00] Screening...
ℹ [2025/12/09 19:26:00] Running fixed threshold mode with prob = 0.41
ℹ [2025/12/09 19:26:01] Computing AUC scores...
Genes in the gene sets NOT available in the dataset: 
	gene_pos: 	11344 (63% of 18082)
	gene_neg: 	7052 (70% of 10121)
✔ [2025/12/09 19:26:32] Classified 11575 Positive, 12029 Negative cells
ℹ [2025/12/09 19:26:32] Finding markers between `Positive` and `Negative` group...
✔ [2025/12/09 19:26:43] Found 1990 positive markers, 1598 negative markers
✔ [2025/12/09 19:26:43] scPP screening done.
! scPP result is not complete, maybe not suitable for this parameter pair, using default FALSE.prob = 0.41, Log2FC_cutoff = 0.51, process_19
ℹ [2025/12/09 19:26:45] Start scPP screening.
ℹ [2025/12/09 19:26:45] Finding overall markers...
Warning: row_t_welch: 2613 of the rows had essentially constant values.
First occurrence at row 25
ℹ [2025/12/09 19:26:48] Screening...
ℹ [2025/12/09 19:26:48] Running fixed threshold mode with prob = 0.4
ℹ [2025/12/09 19:26:48] Computing AUC scores...
Genes in the gene sets NOT available in the dataset: 
	gene_pos: 	14572 (68% of 21313)
	gene_neg: 	7894 (72% of 10963)
✔ [2025/12/09 19:27:19] Classified 11225 Positive, 11748 Negative cells
ℹ [2025/12/09 19:27:19] Finding markers between `Positive` and `Negative` group...
✔ [2025/12/09 19:27:30] Found 2028 positive markers, 1627 negative markers
✔ [2025/12/09 19:27:30] scPP screening done.
! scPP result is not complete, maybe not suitable for this parameter pair, using default FALSE.prob = 0.4, Log2FC_cutoff = 0.15, process_20
ℹ [2025/12/09 19:27:31] Start scPP screening.
ℹ [2025/12/09 19:27:31] Finding overall markers...
Warning: row_t_welch: 2613 of the rows had essentially constant values.
First occurrence at row 25
ℹ [2025/12/09 19:27:34] Screening...
ℹ [2025/12/09 19:27:34] Running fixed threshold mode with prob = 0.39
ℹ [2025/12/09 19:27:35] Computing AUC scores...
Genes in the gene sets NOT available in the dataset: 
	gene_pos: 	9715 (59% of 16447)
	gene_neg: 	6484 (68% of 9552)
✔ [2025/12/09 19:28:06] Classified 10920 Positive, 11477 Negative cells
ℹ [2025/12/09 19:28:06] Finding markers between `Positive` and `Negative` group...
✔ [2025/12/09 19:28:17] Found 2064 positive markers, 1628 negative markers
✔ [2025/12/09 19:28:17] scPP screening done.
! scPP result is not complete, maybe not suitable for this parameter pair, using default FALSE.prob = 0.39, Log2FC_cutoff = 0.87, process_21
ℹ [2025/12/09 19:28:18] Start scPP screening.
ℹ [2025/12/09 19:28:18] Finding overall markers...
Warning: row_t_welch: 2613 of the rows had essentially constant values.
First occurrence at row 25
ℹ [2025/12/09 19:28:21] Screening...
ℹ [2025/12/09 19:28:21] Running fixed threshold mode with prob = 0.31
ℹ [2025/12/09 19:28:22] Computing AUC scores...
Genes in the gene sets NOT available in the dataset: 
	gene_pos: 	11319 (63% of 18057)
	gene_neg: 	7052 (70% of 10121)
✔ [2025/12/09 19:28:52] Classified 8409 Positive, 9069 Negative cells
ℹ [2025/12/09 19:28:52] Finding markers between `Positive` and `Negative` group...
✔ [2025/12/09 19:29:01] Found 2266 positive markers, 1779 negative markers
✔ [2025/12/09 19:29:01] scPP screening done.
! scPP result is not complete, maybe not suitable for this parameter pair, using default FALSE.prob = 0.31, Log2FC_cutoff = 0.514, process_22
ℹ [2025/12/09 19:29:03] Start scPP screening.
ℹ [2025/12/09 19:29:03] Finding overall markers...
Warning: row_t_welch: 2613 of the rows had essentially constant values.
First occurrence at row 25
ℹ [2025/12/09 19:29:06] Screening...
ℹ [2025/12/09 19:29:06] Running fixed threshold mode with prob = 0.01
ℹ [2025/12/09 19:29:06] Computing AUC scores...
Genes in the gene sets NOT available in the dataset: 
	gene_pos: 	18022 (73% of 24763)
	gene_neg: 	8054 (72% of 11123)
✔ [2025/12/09 19:29:38] Classified 151 Positive, 233 Negative cells
ℹ [2025/12/09 19:29:38] Finding markers between `Positive` and `Negative` group...
✔ [2025/12/09 19:29:40] Found 1891 positive markers, 401 negative markers
✔ [2025/12/09 19:29:40] scPP screening done.
! scPP result is not complete, maybe not suitable for this parameter pair, using default FALSE.prob = 0.01, Log2FC_cutoff = 0.009, process_23
ℹ [2025/12/09 19:29:41] Start scPP screening.
ℹ [2025/12/09 19:29:41] Finding overall markers...
Warning: row_t_welch: 2613 of the rows had essentially constant values.
First occurrence at row 25
ℹ [2025/12/09 19:29:44] Screening...
ℹ [2025/12/09 19:29:44] Running fixed threshold mode with prob = 0.12
ℹ [2025/12/09 19:29:45] Computing AUC scores...
Genes in the gene sets NOT available in the dataset: 
	gene_pos: 	17437 (72% of 24178)
	gene_neg: 	8054 (72% of 11123)
✔ [2025/12/09 19:30:15] Classified 2809 Positive, 3175 Negative cells
ℹ [2025/12/09 19:30:16] Finding markers between `Positive` and `Negative` group...
✔ [2025/12/09 19:30:19] Found 2434 positive markers, 1783 negative markers
✔ [2025/12/09 19:30:19] scPP screening done.
! scPP result is not complete, maybe not suitable for this parameter pair, using default FALSE.prob = 0.12, Log2FC_cutoff = 0.019, process_24
ℹ [2025/12/09 19:30:21] Start scPP screening.
ℹ [2025/12/09 19:30:21] Finding overall markers...
Warning: row_t_welch: 2613 of the rows had essentially constant values.
First occurrence at row 25
ℹ [2025/12/09 19:30:24] Screening...
ℹ [2025/12/09 19:30:24] Running fixed threshold mode with prob = 0.2
ℹ [2025/12/09 19:30:24] Computing AUC scores...
Genes in the gene sets NOT available in the dataset: 
	gene_pos: 	14653 (68% of 21394)
	gene_neg: 	7904 (72% of 10973)
✔ [2025/12/09 19:30:56] Classified 5090 Positive, 5616 Negative cells
ℹ [2025/12/09 19:30:56] Finding markers between `Positive` and `Negative` group...
✔ [2025/12/09 19:31:01] Found 2411 positive markers, 1912 negative markers
✔ [2025/12/09 19:31:02] scPP screening done.
! scPP result is not complete, maybe not suitable for this parameter pair, using default FALSE.prob = 0.2, Log2FC_cutoff = 0.145, process_25
ℹ [2025/12/09 19:31:03] Start scPP screening.
ℹ [2025/12/09 19:31:03] Finding overall markers...
Warning: row_t_welch: 2613 of the rows had essentially constant values.
First occurrence at row 25
ℹ [2025/12/09 19:31:06] Screening...
ℹ [2025/12/09 19:31:06] Running fixed threshold mode with prob = 0.08
ℹ [2025/12/09 19:31:07] Computing AUC scores...
Genes in the gene sets NOT available in the dataset: 
	gene_pos: 	12861 (66% of 19600)
	gene_neg: 	7512 (71% of 10581)
✔ [2025/12/09 19:31:37] Classified 1764 Positive, 2071 Negative cells
ℹ [2025/12/09 19:31:37] Finding markers between `Positive` and `Negative` group...
✔ [2025/12/09 19:31:41] Found 2468 positive markers, 1501 negative markers
✔ [2025/12/09 19:31:42] scPP screening done.
! scPP result is not complete, maybe not suitable for this parameter pair, using default FALSE.prob = 0.08, Log2FC_cutoff = 0.305, process_26
ℹ [2025/12/09 19:31:43] Start scPP screening.
ℹ [2025/12/09 19:31:43] Finding overall markers...
Warning: row_t_welch: 2613 of the rows had essentially constant values.
First occurrence at row 25
ℹ [2025/12/09 19:31:46] Screening...
ℹ [2025/12/09 19:31:46] Running fixed threshold mode with prob = 0.12
ℹ [2025/12/09 19:31:46] Computing AUC scores...
Genes in the gene sets NOT available in the dataset: 
	gene_pos: 	9878 (59% of 16610)
	gene_neg: 	6545 (68% of 9613)
✔ [2025/12/09 19:32:16] Classified 2824 Positive, 3187 Negative cells
ℹ [2025/12/09 19:32:16] Finding markers between `Positive` and `Negative` group...
✔ [2025/12/09 19:32:21] Found 2452 positive markers, 1755 negative markers
✔ [2025/12/09 19:32:21] scPP screening done.
! scPP result is not complete, maybe not suitable for this parameter pair, using default FALSE.prob = 0.12, Log2FC_cutoff = 0.826, process_27
ℹ [2025/12/09 19:32:23] Start scPP screening.
ℹ [2025/12/09 19:32:23] Finding overall markers...
Warning: row_t_welch: 2613 of the rows had essentially constant values.
First occurrence at row 25
ℹ [2025/12/09 19:32:25] Screening...
ℹ [2025/12/09 19:32:25] Running fixed threshold mode with prob = 0.03
ℹ [2025/12/09 19:32:26] Computing AUC scores...
Genes in the gene sets NOT available in the dataset: 
	gene_pos: 	11388 (63% of 18126)
	gene_neg: 	7074 (70% of 10143)
✔ [2025/12/09 19:32:58] Classified 564 Positive, 733 Negative cells
ℹ [2025/12/09 19:32:58] Finding markers between `Positive` and `Negative` group...
✔ [2025/12/09 19:33:00] Found 2410 positive markers, 800 negative markers
✔ [2025/12/09 19:33:00] scPP screening done.
! scPP result is not complete, maybe not suitable for this parameter pair, using default FALSE.prob = 0.03, Log2FC_cutoff = 0.502, process_28
ℹ [2025/12/09 19:33:01] Start scPP screening.
ℹ [2025/12/09 19:33:01] Finding overall markers...
Warning: row_t_welch: 2613 of the rows had essentially constant values.
First occurrence at row 25
ℹ [2025/12/09 19:33:04] Screening...
ℹ [2025/12/09 19:33:04] Running fixed threshold mode with prob = 0.09
ℹ [2025/12/09 19:33:04] Computing AUC scores...
Genes in the gene sets NOT available in the dataset: 
	gene_pos: 	9974 (60% of 16706)
	gene_neg: 	6580 (68% of 9648)
✔ [2025/12/09 19:33:36] Classified 2028 Positive, 2362 Negative cells
ℹ [2025/12/09 19:33:36] Finding markers between `Positive` and `Negative` group...
✔ [2025/12/09 19:33:38] Found 2448 positive markers, 1596 negative markers
✔ [2025/12/09 19:33:38] scPP screening done.
! scPP result is not complete, maybe not suitable for this parameter pair, using default FALSE.prob = 0.09, Log2FC_cutoff = 0.804, process_29
ℹ [2025/12/09 19:33:40] Start scPP screening.
ℹ [2025/12/09 19:33:40] Finding overall markers...
Warning: row_t_welch: 2613 of the rows had essentially constant values.
First occurrence at row 25
ℹ [2025/12/09 19:33:43] Screening...
ℹ [2025/12/09 19:33:43] Running fixed threshold mode with prob = 0.14
ℹ [2025/12/09 19:33:43] Computing AUC scores...
Genes in the gene sets NOT available in the dataset: 
	gene_pos: 	16108 (70% of 22849)
	gene_neg: 	8050 (72% of 11119)
✔ [2025/12/09 19:34:15] Classified 3380 Positive, 3792 Negative cells
ℹ [2025/12/09 19:34:15] Finding markers between `Positive` and `Negative` group...
✔ [2025/12/09 19:34:19] Found 2425 positive markers, 1847 negative markers
✔ [2025/12/09 19:34:19] scPP screening done.
! scPP result is not complete, maybe not suitable for this parameter pair, using default FALSE.prob = 0.14, Log2FC_cutoff = 0.061, process_30
ℹ [2025/12/09 19:34:21] Start scPP screening.
ℹ [2025/12/09 19:34:21] Finding overall markers...
Warning: row_t_welch: 2613 of the rows had essentially constant values.
First occurrence at row 25
ℹ [2025/12/09 19:34:24] Screening...
ℹ [2025/12/09 19:34:24] Running fixed threshold mode with prob = 0.13
ℹ [2025/12/09 19:34:24] Computing AUC scores...
Genes in the gene sets NOT available in the dataset: 
	gene_pos: 	9516 (59% of 16248)
	gene_neg: 	6411 (68% of 9479)
✔ [2025/12/09 19:34:55] Classified 3114 Positive, 3478 Negative cells
ℹ [2025/12/09 19:34:55] Finding markers between `Positive` and `Negative` group...
✔ [2025/12/09 19:35:00] Found 2414 positive markers, 1808 negative markers
✔ [2025/12/09 19:35:00] scPP screening done.
! scPP result is not complete, maybe not suitable for this parameter pair, using default FALSE.prob = 0.13, Log2FC_cutoff = 0.928, process_31
ℹ [2025/12/09 19:35:01] Start scPP screening.
ℹ [2025/12/09 19:35:01] Finding overall markers...
Warning: row_t_welch: 2613 of the rows had essentially constant values.
First occurrence at row 25
ℹ [2025/12/09 19:35:04] Screening...
ℹ [2025/12/09 19:35:04] Running fixed threshold mode with prob = 0.2
ℹ [2025/12/09 19:35:05] Computing AUC scores...
Genes in the gene sets NOT available in the dataset: 
	gene_pos: 	9957 (60% of 16689)
	gene_neg: 	6573 (68% of 9641)
✔ [2025/12/09 19:35:36] Classified 5115 Positive, 5625 Negative cells
ℹ [2025/12/09 19:35:36] Finding markers between `Positive` and `Negative` group...
✔ [2025/12/09 19:35:42] Found 2416 positive markers, 1886 negative markers
✔ [2025/12/09 19:35:42] scPP screening done.
! scPP result is not complete, maybe not suitable for this parameter pair, using default FALSE.prob = 0.2, Log2FC_cutoff = 0.808, process_32
ℹ [2025/12/09 19:35:44] Start scPP screening.
ℹ [2025/12/09 19:35:44] Finding overall markers...
Warning: row_t_welch: 2613 of the rows had essentially constant values.
First occurrence at row 25
ℹ [2025/12/09 19:35:47] Screening...
ℹ [2025/12/09 19:35:47] Running fixed threshold mode with prob = 0.43
ℹ [2025/12/09 19:35:47] Computing AUC scores...
Genes in the gene sets NOT available in the dataset: 
	gene_pos: 	15745 (70% of 22486)
	gene_neg: 	8036 (72% of 11105)
✔ [2025/12/09 19:36:19] Classified 12203 Positive, 12626 Negative cells
ℹ [2025/12/09 19:36:19] Finding markers between `Positive` and `Negative` group...
✔ [2025/12/09 19:36:30] Found 1903 positive markers, 1571 negative markers
✔ [2025/12/09 19:36:30] scPP screening done.
! scPP result is not complete, maybe not suitable for this parameter pair, using default FALSE.prob = 0.43, Log2FC_cutoff = 0.079, process_33
ℹ [2025/12/09 19:36:32] Start scPP screening.
ℹ [2025/12/09 19:36:32] Finding overall markers...
Warning: row_t_welch: 2613 of the rows had essentially constant values.
First occurrence at row 25
ℹ [2025/12/09 19:36:35] Screening...
ℹ [2025/12/09 19:36:35] Running fixed threshold mode with prob = 0.16
ℹ [2025/12/09 19:36:35] Computing AUC scores...
Genes in the gene sets NOT available in the dataset: 
	gene_pos: 	10853 (62% of 17587)
	gene_neg: 	6898 (69% of 9966)
✔ [2025/12/09 19:37:06] Classified 3957 Positive, 4399 Negative cells
ℹ [2025/12/09 19:37:06] Finding markers between `Positive` and `Negative` group...
✔ [2025/12/09 19:37:11] Found 2407 positive markers, 1852 negative markers
✔ [2025/12/09 19:37:11] scPP screening done.
! scPP result is not complete, maybe not suitable for this parameter pair, using default FALSE.prob = 0.16, Log2FC_cutoff = 0.601, process_34
ℹ [2025/12/09 19:37:12] Start scPP screening.
ℹ [2025/12/09 19:37:12] Finding overall markers...
Warning: row_t_welch: 2613 of the rows had essentially constant values.
First occurrence at row 25
ℹ [2025/12/09 19:37:15] Screening...
ℹ [2025/12/09 19:37:15] Running fixed threshold mode with prob = 0.16
ℹ [2025/12/09 19:37:16] Computing AUC scores...
Genes in the gene sets NOT available in the dataset: 
	gene_pos: 	10315 (61% of 17047)
	gene_neg: 	6715 (69% of 9783)
✔ [2025/12/09 19:37:47] Classified 3955 Positive, 4397 Negative cells
ℹ [2025/12/09 19:37:47] Finding markers between `Positive` and `Negative` group...
✔ [2025/12/09 19:37:52] Found 2410 positive markers, 1850 negative markers
✔ [2025/12/09 19:37:52] scPP screening done.
! scPP result is not complete, maybe not suitable for this parameter pair, using default FALSE.prob = 0.16, Log2FC_cutoff = 0.715, process_35
ℹ [2025/12/09 19:37:54] Start scPP screening.
ℹ [2025/12/09 19:37:54] Finding overall markers...
Warning: row_t_welch: 2613 of the rows had essentially constant values.
First occurrence at row 25
ℹ [2025/12/09 19:37:57] Screening...
ℹ [2025/12/09 19:37:57] Running fixed threshold mode with prob = 0.33
ℹ [2025/12/09 19:37:57] Computing AUC scores...
Genes in the gene sets NOT available in the dataset: 
	gene_pos: 	11319 (63% of 18057)
	gene_neg: 	7052 (70% of 10121)
✔ [2025/12/09 19:38:28] Classified 9032 Positive, 9685 Negative cells
ℹ [2025/12/09 19:38:28] Finding markers between `Positive` and `Negative` group...
✔ [2025/12/09 19:38:38] Found 2221 positive markers, 1744 negative markers
✔ [2025/12/09 19:38:38] scPP screening done.
! scPP result is not complete, maybe not suitable for this parameter pair, using default FALSE.prob = 0.33, Log2FC_cutoff = 0.514, process_36
ℹ [2025/12/09 19:38:39] Start scPP screening.
ℹ [2025/12/09 19:38:39] Finding overall markers...
Warning: row_t_welch: 2613 of the rows had essentially constant values.
First occurrence at row 25
ℹ [2025/12/09 19:38:42] Screening...
ℹ [2025/12/09 19:38:42] Running fixed threshold mode with prob = 0.35
ℹ [2025/12/09 19:38:43] Computing AUC scores...
Genes in the gene sets NOT available in the dataset: 
	gene_pos: 	10289 (60% of 17021)
	gene_neg: 	6707 (69% of 9775)
✔ [2025/12/09 19:39:14] Classified 9655 Positive, 10279 Negative cells
ℹ [2025/12/09 19:39:14] Finding markers between `Positive` and `Negative` group...
✔ [2025/12/09 19:39:23] Found 2172 positive markers, 1713 negative markers
✔ [2025/12/09 19:39:23] scPP screening done.
! scPP result is not complete, maybe not suitable for this parameter pair, using default FALSE.prob = 0.35, Log2FC_cutoff = 0.72, process_37
ℹ [2025/12/09 19:39:25] Start scPP screening.
ℹ [2025/12/09 19:39:25] Finding overall markers...
Warning: row_t_welch: 2613 of the rows had essentially constant values.
First occurrence at row 25
ℹ [2025/12/09 19:39:28] Screening...
ℹ [2025/12/09 19:39:28] Running fixed threshold mode with prob = 0.42
ℹ [2025/12/09 19:39:28] Computing AUC scores...
Genes in the gene sets NOT available in the dataset: 
	gene_pos: 	10160 (60% of 16892)
	gene_neg: 	6661 (68% of 9729)
✔ [2025/12/09 19:39:59] Classified 11899 Positive, 12319 Negative cells
ℹ [2025/12/09 19:39:59] Finding markers between `Positive` and `Negative` group...
✔ [2025/12/09 19:40:10] Found 1948 positive markers, 1584 negative markers
✔ [2025/12/09 19:40:10] scPP screening done.
! scPP result is not complete, maybe not suitable for this parameter pair, using default FALSE.prob = 0.42, Log2FC_cutoff = 0.75, process_38
ℹ [2025/12/09 19:40:12] Start scPP screening.
ℹ [2025/12/09 19:40:12] Finding overall markers...
Warning: row_t_welch: 2613 of the rows had essentially constant values.
First occurrence at row 25
ℹ [2025/12/09 19:40:15] Screening...
ℹ [2025/12/09 19:40:15] Running fixed threshold mode with prob = 0.33
ℹ [2025/12/09 19:40:15] Computing AUC scores...
Genes in the gene sets NOT available in the dataset: 
	gene_pos: 	15412 (70% of 22153)
	gene_neg: 	8010 (72% of 11079)
✔ [2025/12/09 19:40:47] Classified 9008 Positive, 9692 Negative cells
ℹ [2025/12/09 19:40:47] Finding markers between `Positive` and `Negative` group...
✔ [2025/12/09 19:40:56] Found 2214 positive markers, 1749 negative markers
✔ [2025/12/09 19:40:56] scPP screening done.
! scPP result is not complete, maybe not suitable for this parameter pair, using default FALSE.prob = 0.33, Log2FC_cutoff = 0.096, process_39
ℹ [2025/12/09 19:40:57] Start scPP screening.
ℹ [2025/12/09 19:40:57] Finding overall markers...
Warning: row_t_welch: 2613 of the rows had essentially constant values.
First occurrence at row 25
ℹ [2025/12/09 19:41:00] Screening...
ℹ [2025/12/09 19:41:00] Running fixed threshold mode with prob = 0.26
ℹ [2025/12/09 19:41:01] Computing AUC scores...
Genes in the gene sets NOT available in the dataset: 
	gene_pos: 	12106 (64% of 18845)
	gene_neg: 	7270 (70% of 10339)
✔ [2025/12/09 19:41:31] Classified 6856 Positive, 7487 Negative cells
ℹ [2025/12/09 19:41:31] Finding markers between `Positive` and `Negative` group...
✔ [2025/12/09 19:41:40] Found 2337 positive markers, 1824 negative markers
✔ [2025/12/09 19:41:40] scPP screening done.
! scPP result is not complete, maybe not suitable for this parameter pair, using default FALSE.prob = 0.26, Log2FC_cutoff = 0.398, process_40
ℹ [2025/12/09 19:41:41] Start scPP screening.
ℹ [2025/12/09 19:41:41] Finding overall markers...
Warning: row_t_welch: 2613 of the rows had essentially constant values.
First occurrence at row 25
ℹ [2025/12/09 19:41:44] Screening...
ℹ [2025/12/09 19:41:44] Running fixed threshold mode with prob = 0.37
ℹ [2025/12/09 19:41:44] Computing AUC scores...
Genes in the gene sets NOT available in the dataset: 
	gene_pos: 	12960 (66% of 19699)
	gene_neg: 	7540 (71% of 10609)
✔ [2025/12/09 19:42:15] Classified 10274 Positive, 10891 Negative cells
ℹ [2025/12/09 19:42:15] Finding markers between `Positive` and `Negative` group...
✔ [2025/12/09 19:42:25] Found 2118 positive markers, 1671 negative markers
✔ [2025/12/09 19:42:25] scPP screening done.
! scPP result is not complete, maybe not suitable for this parameter pair, using default FALSE.prob = 0.37, Log2FC_cutoff = 0.294, process_41
ℹ [2025/12/09 19:42:27] Start scPP screening.
ℹ [2025/12/09 19:42:27] Finding overall markers...
Warning: row_t_welch: 2613 of the rows had essentially constant values.
First occurrence at row 25
ℹ [2025/12/09 19:42:30] Screening...
ℹ [2025/12/09 19:42:30] Running fixed threshold mode with prob = 0.41
ℹ [2025/12/09 19:42:31] Computing AUC scores...
Genes in the gene sets NOT available in the dataset: 
	gene_pos: 	10771 (62% of 17505)
	gene_neg: 	6873 (69% of 9941)
✔ [2025/12/09 19:43:02] Classified 11577 Positive, 12026 Negative cells
ℹ [2025/12/09 19:43:02] Finding markers between `Positive` and `Negative` group...
✔ [2025/12/09 19:43:12] Found 1989 positive markers, 1596 negative markers
✔ [2025/12/09 19:43:12] scPP screening done.
! scPP result is not complete, maybe not suitable for this parameter pair, using default FALSE.prob = 0.41, Log2FC_cutoff = 0.617, process_42
ℹ [2025/12/09 19:43:14] Start scPP screening.
ℹ [2025/12/09 19:43:14] Finding overall markers...
Warning: row_t_welch: 2613 of the rows had essentially constant values.
First occurrence at row 25
ℹ [2025/12/09 19:43:17] Screening...
ℹ [2025/12/09 19:43:17] Running fixed threshold mode with prob = 0.11
ℹ [2025/12/09 19:43:17] Computing AUC scores...
Genes in the gene sets NOT available in the dataset: 
	gene_pos: 	9377 (58% of 16109)
	gene_neg: 	6354 (67% of 9421)
✔ [2025/12/09 19:43:49] Classified 2567 Positive, 2888 Negative cells
ℹ [2025/12/09 19:43:49] Finding markers between `Positive` and `Negative` group...
✔ [2025/12/09 19:43:53] Found 2439 positive markers, 1712 negative markers
✔ [2025/12/09 19:43:53] scPP screening done.
! scPP result is not complete, maybe not suitable for this parameter pair, using default FALSE.prob = 0.11, Log2FC_cutoff = 0.974, process_43
ℹ [2025/12/09 19:43:54] Start scPP screening.
ℹ [2025/12/09 19:43:54] Finding overall markers...
Warning: row_t_welch: 2613 of the rows had essentially constant values.
First occurrence at row 25
ℹ [2025/12/09 19:43:57] Screening...
ℹ [2025/12/09 19:43:57] Running fixed threshold mode with prob = 0.39
ℹ [2025/12/09 19:43:57] Computing AUC scores...
Genes in the gene sets NOT available in the dataset: 
	gene_pos: 	10761 (62% of 17495)
	gene_neg: 	6873 (69% of 9941)
✔ [2025/12/09 19:44:29] Classified 10916 Positive, 11470 Negative cells
ℹ [2025/12/09 19:44:29] Finding markers between `Positive` and `Negative` group...
✔ [2025/12/09 19:44:40] Found 2060 positive markers, 1625 negative markers
✔ [2025/12/09 19:44:40] scPP screening done.
! scPP result is not complete, maybe not suitable for this parameter pair, using default FALSE.prob = 0.39, Log2FC_cutoff = 0.618, process_44
ℹ [2025/12/09 19:44:42] Start scPP screening.
ℹ [2025/12/09 19:44:42] Finding overall markers...
Warning: row_t_welch: 2613 of the rows had essentially constant values.
First occurrence at row 25
ℹ [2025/12/09 19:44:44] Screening...
ℹ [2025/12/09 19:44:44] Running fixed threshold mode with prob = 0.09
ℹ [2025/12/09 19:44:45] Computing AUC scores...
Genes in the gene sets NOT available in the dataset: 
	gene_pos: 	11278 (63% of 18016)
	gene_neg: 	7033 (70% of 10102)
✔ [2025/12/09 19:45:16] Classified 2024 Positive, 2362 Negative cells
ℹ [2025/12/09 19:45:16] Finding markers between `Positive` and `Negative` group...
✔ [2025/12/09 19:45:19] Found 2441 positive markers, 1596 negative markers
✔ [2025/12/09 19:45:19] scPP screening done.
! scPP result is not complete, maybe not suitable for this parameter pair, using default FALSE.prob = 0.09, Log2FC_cutoff = 0.521, process_45
ℹ [2025/12/09 19:45:21] Start scPP screening.
ℹ [2025/12/09 19:45:21] Finding overall markers...
Warning: row_t_welch: 2613 of the rows had essentially constant values.
First occurrence at row 25
ℹ [2025/12/09 19:45:24] Screening...
ℹ [2025/12/09 19:45:24] Running fixed threshold mode with prob = 0.05
ℹ [2025/12/09 19:45:24] Computing AUC scores...
Genes in the gene sets NOT available in the dataset: 
	gene_pos: 	9596 (59% of 16328)
	gene_neg: 	6438 (68% of 9506)
✔ [2025/12/09 19:45:56] Classified 1045 Positive, 1273 Negative cells
ℹ [2025/12/09 19:45:56] Finding markers between `Positive` and `Negative` group...
✔ [2025/12/09 19:45:58] Found 2435 positive markers, 1271 negative markers
✔ [2025/12/09 19:45:58] scPP screening done.
! scPP result is not complete, maybe not suitable for this parameter pair, using default FALSE.prob = 0.05, Log2FC_cutoff = 0.903, process_46
ℹ [2025/12/09 19:46:00] Start scPP screening.
ℹ [2025/12/09 19:46:00] Finding overall markers...
Warning: row_t_welch: 2613 of the rows had essentially constant values.
First occurrence at row 25
ℹ [2025/12/09 19:46:02] Screening...
ℹ [2025/12/09 19:46:02] Running fixed threshold mode with prob = 0.15
ℹ [2025/12/09 19:46:03] Computing AUC scores...
Genes in the gene sets NOT available in the dataset: 
	gene_pos: 	10675 (61% of 17409)
	gene_neg: 	6839 (69% of 9907)
✔ [2025/12/09 19:46:34] Classified 3685 Positive, 4089 Negative cells
ℹ [2025/12/09 19:46:34] Finding markers between `Positive` and `Negative` group...
✔ [2025/12/09 19:46:39] Found 2419 positive markers, 1860 negative markers
✔ [2025/12/09 19:46:39] scPP screening done.
! scPP result is not complete, maybe not suitable for this parameter pair, using default FALSE.prob = 0.15, Log2FC_cutoff = 0.637, process_47
ℹ [2025/12/09 19:46:41] Start scPP screening.
ℹ [2025/12/09 19:46:41] Finding overall markers...
Warning: row_t_welch: 2613 of the rows had essentially constant values.
First occurrence at row 25
ℹ [2025/12/09 19:46:44] Screening...
ℹ [2025/12/09 19:46:44] Running fixed threshold mode with prob = 0.19
ℹ [2025/12/09 19:46:44] Computing AUC scores...
Genes in the gene sets NOT available in the dataset: 
	gene_pos: 	9736 (59% of 16468)
	gene_neg: 	6491 (68% of 9559)
✔ [2025/12/09 19:47:15] Classified 4841 Positive, 5340 Negative cells
ℹ [2025/12/09 19:47:15] Finding markers between `Positive` and `Negative` group...
✔ [2025/12/09 19:47:21] Found 2407 positive markers, 1889 negative markers
✔ [2025/12/09 19:47:21] scPP screening done.
! scPP result is not complete, maybe not suitable for this parameter pair, using default FALSE.prob = 0.19, Log2FC_cutoff = 0.864, process_48
ℹ [2025/12/09 19:47:23] Start scPP screening.
ℹ [2025/12/09 19:47:23] Finding overall markers...
Warning: row_t_welch: 2613 of the rows had essentially constant values.
First occurrence at row 25
ℹ [2025/12/09 19:47:26] Screening...
ℹ [2025/12/09 19:47:26] Running fixed threshold mode with prob = 0.17
ℹ [2025/12/09 19:47:26] Computing AUC scores...
Genes in the gene sets NOT available in the dataset: 
	gene_pos: 	13368 (66% of 20108)
	gene_neg: 	7639 (71% of 10708)
✔ [2025/12/09 19:47:57] Classified 4207 Positive, 4705 Negative cells
ℹ [2025/12/09 19:47:57] Finding markers between `Positive` and `Negative` group...
✔ [2025/12/09 19:48:02] Found 2409 positive markers, 1881 negative markers
✔ [2025/12/09 19:48:02] scPP screening done.
! scPP result is not complete, maybe not suitable for this parameter pair, using default FALSE.prob = 0.17, Log2FC_cutoff = 0.251, process_49
ℹ [2025/12/09 19:48:03] Start scPP screening.
ℹ [2025/12/09 19:48:03] Finding overall markers...
Warning: row_t_welch: 2613 of the rows had essentially constant values.
First occurrence at row 25
ℹ [2025/12/09 19:48:06] Screening...
ℹ [2025/12/09 19:48:06] Running fixed threshold mode with prob = 0.17
ℹ [2025/12/09 19:48:06] Computing AUC scores...
Genes in the gene sets NOT available in the dataset: 
	gene_pos: 	13772 (67% of 20513)
	gene_neg: 	7731 (72% of 10800)
✔ [2025/12/09 19:48:37] Classified 4206 Positive, 4704 Negative cells
ℹ [2025/12/09 19:48:37] Finding markers between `Positive` and `Negative` group...
✔ [2025/12/09 19:48:43] Found 2412 positive markers, 1884 negative markers
✔ [2025/12/09 19:48:43] scPP screening done.
! scPP result is not complete, maybe not suitable for this parameter pair, using default FALSE.prob = 0.17, Log2FC_cutoff = 0.215, process_50
ℹ [2025/12/09 19:48:45] Start scPP screening.
ℹ [2025/12/09 19:48:45] Finding overall markers...
Warning: row_t_welch: 2613 of the rows had essentially constant values.
First occurrence at row 25
ℹ [2025/12/09 19:48:48] Screening...
ℹ [2025/12/09 19:48:48] Running fixed threshold mode with prob = 0.2
ℹ [2025/12/09 19:48:48] Computing AUC scores...
Genes in the gene sets NOT available in the dataset: 
	gene_pos: 	10932 (62% of 17666)
	gene_neg: 	6929 (69% of 9998)
✔ [2025/12/09 19:49:19] Classified 5122 Positive, 5629 Negative cells
ℹ [2025/12/09 19:49:19] Finding markers between `Positive` and `Negative` group...
✔ [2025/12/09 19:49:26] Found 2413 positive markers, 1894 negative markers
✔ [2025/12/09 19:49:26] scPP screening done.
! scPP result is not complete, maybe not suitable for this parameter pair, using default FALSE.prob = 0.2, Log2FC_cutoff = 0.585, process_51
Warning: stack imbalance in '.Call', 15 then 17
Warning: stack imbalance in '<-', 2 then 4
            used   (Mb) gc trigger   (Mb)   max used   (Mb)
Ncells  10390092  554.9   19676145 1050.9   19676145 1050.9
Vcells 295387380 2253.7  860195317 6562.8 1279295116 9760.3
✔ scPP random search completed.
