nohup: ignoring input
Registered S3 methods overwritten by 'Seqinfo':
  method                from        
  as.data.frame.Seqinfo GenomeInfoDb
  merge.Seqinfo         GenomeInfoDb
  summary.Seqinfo       GenomeInfoDb

Attaching package: ‘dplyr’

The following objects are masked from ‘package:stats’:

    filter, lag

The following objects are masked from ‘package:base’:

    intersect, setdiff, setequal, union


Attaching package: ‘data.table’

The following objects are masked from ‘package:dplyr’:

    between, first, last

Warning in asMethod(object) :
  sparse->dense coercion: allocating vector of size 2.9 GiB
ℹ GSVA version 2.2.1
ℹ Using a MulticoreParam parallel back-end with 2 workers
ℹ Calculating GSVA ranks
ℹ kcdf='auto' (default)
ℹ GSVA dense (classical) algorithm
ℹ Direct row-wise ECDFs estimation
Estimating row ECDFs with 2 cores ■■■■■■■■■■                        30% | ETA: …
Estimating row ECDFs with 2 cores ■■■■■■■■■■■■■                     40% | ETA: …
Estimating row ECDFs with 2 cores ■■■■■■■■■■■■■■■■                  50% | ETA: …
Estimating row ECDFs with 2 cores ■■■■■■■■■■■■■■■■■■■               60% | ETA: …
Estimating row ECDFs with 2 cores ■■■■■■■■■■■■■■■■■■■■■■            70% | ETA: …
Estimating row ECDFs with 2 cores ■■■■■■■■■■■■■■■■■■■■■■■■■         80% | ETA: …
Estimating row ECDFs with 2 cores ■■■■■■■■■■■■■■■■■■■■■■■■■■■■      90% | ETA: …
Estimating row ECDFs with 2 cores ■■■■■■■■■■■■■■■■■■■■■■■■■■■■■■■  100% | ETA: …
⠙ Calculating GSVA column ranks 6 done (3/s) | 2s
⠹ Calculating GSVA column ranks 9 done (2.7/s) | 3.3s
⠸ Calculating GSVA column ranks 15 done (2.4/s) | 6.3s
⠼ Calculating GSVA column ranks 21 done (2.2/s) | 9.8s
⠴ Calculating GSVA column ranks 26 done (2/s) | 12.9s
⠦ Calculating GSVA column ranks 29 done (1.7/s) | 16.6s
⠧ Calculating GSVA column ranks 32 done (1.7/s) | 18.7s
⠇ Calculating GSVA column ranks 37 done (1.7/s) | 22.4s
⠏ Calculating GSVA column ranks 40 done (1.6/s) | 25s
⠋ Calculating GSVA column ranks 44 done (1.6/s) | 28.3s
⠙ Calculating GSVA column ranks 47 done (1.5/s) | 31s
⠹ Calculating GSVA column ranks 51 done (1.5/s) | 34.7s
⠸ Calculating GSVA column ranks 54 done (1.4/s) | 37.6s
⠼ Calculating GSVA column ranks 57 done (1.4/s) | 40.9s
⠴ Calculating GSVA column ranks 60 done (1.4/s) | 44.1s
⠦ Calculating GSVA column ranks 63 done (1.3/s) | 47.5s
⠧ Calculating GSVA column ranks 66 done (1.3/s) | 50.7s
⠇ Calculating GSVA column ranks 68 done (1.3/s) | 53.2s
⠏ Calculating GSVA column ranks 71 done (1.3/s) | 56.5s
⠋ Calculating GSVA column ranks 73 done (1.2/s) | 59s
⠙ Calculating GSVA column ranks 76 done (1.2/s) | 1m 2.7s
⠹ Calculating GSVA column ranks 78 done (1.2/s) | 1m 5.2s
⠸ Calculating GSVA column ranks 81 done (1.2/s) | 1m 9.1s
⠼ Calculating GSVA column ranks 83 done (1.2/s) | 1m 11.7s
⠴ Calculating GSVA column ranks 85 done (1.1/s) | 1m 15.8s
⠦ Calculating GSVA column ranks 86 done (1.1/s) | 1m 17.2s
⠧ Calculating GSVA column ranks 89 done (1.1/s) | 1m 21.3s
⠇ Calculating GSVA column ranks 91 done (1.1/s) | 1m 24.3s
⠏ Calculating GSVA column ranks 93 done (1.1/s) | 1m 27.1s
⠋ Calculating GSVA column ranks 95 done (1.1/s) | 1m 30.2s
⠙ Calculating GSVA column ranks 97 done (1/s) | 1m 33.3s
⠹ Calculating GSVA column ranks 99 done (1/s) | 1m 36.4s
⠹ Calculating GSVA column ranks 100 done (1/s) | 1m 40.5s
ℹ Using a MulticoreParam parallel back-end with 2 workers
ℹ Calculating GSVA scores
ℹ Calculating GSVA scores with 2 cores
✔ Calculations finished
