nohup: ignoring input
Registered S3 methods overwritten by 'Seqinfo':
  method                from        
  as.data.frame.Seqinfo GenomeInfoDb
  merge.Seqinfo         GenomeInfoDb
  summary.Seqinfo       GenomeInfoDb

Attaching package: ‘dplyr’

The following objects are masked from ‘package:stats’:

    filter, lag

The following objects are masked from ‘package:base’:

    intersect, setdiff, setequal, union


Attaching package: ‘data.table’

The following objects are masked from ‘package:dplyr’:

    between, first, last

Warning in asMethod(object) :
  sparse->dense coercion: allocating vector of size 2.9 GiB
ℹ GSVA version 2.2.1
ℹ Using a MulticoreParam parallel back-end with 2 workers
ℹ Calculating GSVA ranks
ℹ kcdf='auto' (default)
ℹ GSVA dense (classical) algorithm
ℹ Direct row-wise ECDFs estimation
Estimating row ECDFs with 2 cores ■■■■■■■■■■                        30% | ETA: …
Estimating row ECDFs with 2 cores ■■■■■■■■■■■■■■■■                  50% | ETA: …
Estimating row ECDFs with 2 cores ■■■■■■■■■■■■■■■■■■■               60% | ETA: …
Estimating row ECDFs with 2 cores ■■■■■■■■■■■■■■■■■■■■■■            70% | ETA: …
Estimating row ECDFs with 2 cores ■■■■■■■■■■■■■■■■■■■■■■■■■         80% | ETA: …
Estimating row ECDFs with 2 cores ■■■■■■■■■■■■■■■■■■■■■■■■■■■■      90% | ETA: …
Estimating row ECDFs with 2 cores ■■■■■■■■■■■■■■■■■■■■■■■■■■■■■■■  100% | ETA: …
⠙ Calculating GSVA column ranks 6 done (2.8/s) | 2.1s
⠹ Calculating GSVA column ranks 7 done (2.7/s) | 2.6s
⠸ Calculating GSVA column ranks 13 done (2.3/s) | 5.5s
⠼ Calculating GSVA column ranks 19 done (2.1/s) | 8.9s
⠴ Calculating GSVA column ranks 23 done (2/s) | 11.8s
⠦ Calculating GSVA column ranks 28 done (1.9/s) | 15.1s
⠧ Calculating GSVA column ranks 30 done (1.6/s) | 18.2s
⠇ Calculating GSVA column ranks 34 done (1.6/s) | 21s
⠏ Calculating GSVA column ranks 38 done (1.6/s) | 24.1s
⠋ Calculating GSVA column ranks 42 done (1.5/s) | 27.4s
⠙ Calculating GSVA column ranks 45 done (1.5/s) | 30s
⠹ Calculating GSVA column ranks 49 done (1.5/s) | 33.6s
⠸ Calculating GSVA column ranks 52 done (1.4/s) | 36.6s
⠼ Calculating GSVA column ranks 55 done (1.4/s) | 39.7s
⠴ Calculating GSVA column ranks 58 done (1.4/s) | 42.9s
⠦ Calculating GSVA column ranks 61 done (1.3/s) | 45.9s
⠧ Calculating GSVA column ranks 64 done (1.3/s) | 49.2s
⠇ Calculating GSVA column ranks 67 done (1.3/s) | 52.5s
⠏ Calculating GSVA column ranks 69 done (1.3/s) | 54.8s
⠋ Calculating GSVA column ranks 72 done (1.2/s) | 58.2s
⠙ Calculating GSVA column ranks 75 done (1.2/s) | 1m 1.8s
⠹ Calculating GSVA column ranks 77 done (1.2/s) | 1m 4.2s
⠸ Calculating GSVA column ranks 80 done (1.2/s) | 1m 8s
⠼ Calculating GSVA column ranks 82 done (1.2/s) | 1m 10.5s
⠴ Calculating GSVA column ranks 84 done (1.1/s) | 1m 13.1s
⠦ Calculating GSVA column ranks 86 done (1.1/s) | 1m 17.1s
⠧ Calculating GSVA column ranks 88 done (1.1/s) | 1m 19.7s
⠇ Calculating GSVA column ranks 90 done (1.1/s) | 1m 22.6s
⠏ Calculating GSVA column ranks 92 done (1.1/s) | 1m 25.4s
⠋ Calculating GSVA column ranks 94 done (1.1/s) | 1m 28.4s
⠙ Calculating GSVA column ranks 96 done (1.1/s) | 1m 31.3s
⠹ Calculating GSVA column ranks 98 done (1/s) | 1m 34.3s
⠸ Calculating GSVA column ranks 100 done (1/s) | 1m 37.5s
ℹ Using a MulticoreParam parallel back-end with 2 workers
ℹ Calculating GSVA scores
ℹ Calculating GSVA scores with 2 cores
✔ Calculations finished
