nohup: ignoring input

Attaching package: ‘dplyr’

The following objects are masked from ‘package:stats’:

    filter, lag

The following objects are masked from ‘package:base’:

    intersect, setdiff, setequal, union


Attaching package: ‘data.table’

The following objects are masked from ‘package:dplyr’:

    between, first, last

ℹ Updating SigBridgeR documentation
ℹ Loading SigBridgeR
✔ SigBridgeR v2.5.4 loaded
ℹ [2025/12/04 08:23:47] Scissor start...
ℹ [2025/12/04 08:23:47] Start from raw data...
ℹ Using "RNA_snn" graph for network.
Warning in asMethod(object) :
  sparse->dense coercion: allocating vector of size 19.3 GiB
ℹ [2025/12/04 08:24:05] Normalizing quantiles of data
Warning in asMethod(object) :
  sparse->dense coercion: allocating vector of size 5.0 GiB
ℹ [2025/12/04 08:25:39] Subsetting data
ℹ [2025/12/04 08:25:45] Calculating correlation
----------------------------------------
Five-number summary of correlations:
0.429641 0.461918 0.471032 0.479383 0.504757
----------------------------------------
ℹ Current phenotype contains 18 grade_Negative and 267 grade_Positive samples.
ℹ [2025/12/04 08:31:11] Perform logistic regression on the given phenotypes...
✔ [2025/12/04 08:34:47] Statistics data saved to 'Scissor_inputs.RData'.
ℹ [2025/12/04 08:34:48] Screening...

── At alpha = 0.005 ──

Scissor identified 13860 Scissor+ cells and 24054 Scissor- cells.
The percentage of selected cell is: 74.538%

── At alpha = 0.01 ──

Scissor identified 12717 Scissor+ cells and 21009 Scissor- cells.
The percentage of selected cell is: 66.305%

── At alpha = 0.05 ──

Scissor identified 16815 Scissor+ cells and 33667 Scissor- cells.
The percentage of selected cell is: 99.247%
