nohup: ignoring input

Attaching package: ‘dplyr’

The following objects are masked from ‘package:stats’:

    filter, lag

The following objects are masked from ‘package:base’:

    intersect, setdiff, setequal, union


Attaching package: ‘data.table’

The following objects are masked from ‘package:dplyr’:

    between, first, last

ℹ Updating SigBridgeR documentation
ℹ Loading SigBridgeR
✔ SigBridgeR v2.5.4 loaded
ℹ [2025/12/02 18:55:07] Scissor start...
ℹ [2025/12/02 18:55:07] Start from raw data...
ℹ Using "RNA_snn" graph for network.
Warning in asMethod(object) :
  sparse->dense coercion: allocating vector of size 19.3 GiB
ℹ [2025/12/02 18:55:25] Normalizing quantiles of data
Warning in asMethod(object) :
  sparse->dense coercion: allocating vector of size 5.0 GiB
ℹ [2025/12/02 18:57:10] Subsetting data
ℹ [2025/12/02 18:57:17] Calculating correlation
----------------------------------------
Five-number summary of correlations:
0.429641 0.461918 0.471032 0.479383 0.504757
----------------------------------------
ℹ Current phenotype contains 18 grade_Negative and 267 grade_Positive samples.
ℹ [2025/12/02 19:02:45] Perform logistic regression on the given phenotypes...
✔ [2025/12/02 19:06:18] Statistics data saved to 'Scissor_inputs.RData'.
ℹ [2025/12/02 19:06:19] Screening...

── At alpha = 0.005 ──

Scissor identified 13860 Scissor+ cells and 24054 Scissor- cells.
The percentage of selected cell is: 74.538%

── At alpha = 0.01 ──

Scissor identified 12717 Scissor+ cells and 21009 Scissor- cells.
The percentage of selected cell is: 66.305%

── At alpha = 0.05 ──

Scissor identified 16815 Scissor+ cells and 33667 Scissor- cells.
The percentage of selected cell is: 99.247%

── At alpha = 0.1 ──

Scissor identified 20073 Scissor+ cells and 30417 Scissor- cells.
The percentage of selected cell is: 99.263%

── At alpha = 0.2 ──

Scissor identified 15542 Scissor+ cells and 34992 Scissor- cells.
The percentage of selected cell is: 99.349%

── At alpha = 0.3 ──

Scissor identified 16237 Scissor+ cells and 34069 Scissor- cells.
The percentage of selected cell is: 98.901%

── At alpha = 0.4 ──

Scissor identified 12921 Scissor+ cells and 36857 Scissor- cells.
The percentage of selected cell is: 97.863%

── At alpha = 0.5 ──

Scissor identified 16513 Scissor+ cells and 33122 Scissor- cells.
The percentage of selected cell is: 97.582%

── At alpha = 0.6 ──

Scissor identified 15044 Scissor+ cells and 33004 Scissor- cells.
The percentage of selected cell is: 94.462%

── At alpha = 0.7 ──

Scissor identified 18067 Scissor+ cells and 28824 Scissor- cells.
The percentage of selected cell is: 92.187%

── At alpha = 0.8 ──

Scissor identified 15071 Scissor+ cells and 30215 Scissor- cells.
The percentage of selected cell is: 89.032%

── At alpha = 0.9 ──

Scissor identified 15463 Scissor+ cells and 26829 Scissor- cells.
The percentage of selected cell is: 83.146%
