nohup: ignoring input

Attaching package: ‘dplyr’

The following objects are masked from ‘package:stats’:

    filter, lag

The following objects are masked from ‘package:base’:

    intersect, setdiff, setequal, union


Attaching package: ‘data.table’

The following objects are masked from ‘package:dplyr’:

    between, first, last

✔ ScPP v0.0.1 loaded
ℹ Updating SigBridgeR documentation
ℹ Loading SigBridgeR
✔ SigBridgeR v2.5.4 loaded
Registered S3 methods overwritten by 'Seqinfo':
  method                from        
  as.data.frame.Seqinfo GenomeInfoDb
  merge.Seqinfo         GenomeInfoDb
  summary.Seqinfo       GenomeInfoDb
Genes in the gene sets NOT available in the dataset: 
	gene_pos: 	2501 (60% of 4162)
	gene_neg: 	3544 (71% of 4963)
Warning: stack imbalance in '<-', 133 then 135
Warning: stack imbalance in '{', 129 then 131
Warning: stack imbalance in '{', 122 then 124
Warning: stack imbalance in 'switch', 118 then 120
Warning: stack imbalance in '{', 114 then 116
Warning in FUN(...) :
  scPP result is not complete, maybe not suitable for this parameter pair
Genes in the gene sets NOT available in the dataset: 
	gene_pos: 	706 (57% of 1228)
	gene_neg: 	1456 (72% of 2031)
Warning in FUN(...) :
  scPP result is not complete, maybe not suitable for this parameter pair
Genes in the gene sets NOT available in the dataset: 
	gene_pos: 	704 (57% of 1226)
	gene_neg: 	1451 (72% of 2023)
Warning in FUN(...) :
  scPP result is not complete, maybe not suitable for this parameter pair
Genes in the gene sets NOT available in the dataset: 
	gene_pos: 	740 (58% of 1278)
	gene_neg: 	1513 (72% of 2112)
Warning in FUN(...) :
  scPP result is not complete, maybe not suitable for this parameter pair
Genes in the gene sets NOT available in the dataset: 
	gene_pos: 	2582 (60% of 4286)
	gene_neg: 	3644 (72% of 5086)
Warning in FUN(...) :
  scPP result is not complete, maybe not suitable for this parameter pair
Genes in the gene sets NOT available in the dataset: 
	gene_pos: 	835 (58% of 1448)
	gene_neg: 	1664 (72% of 2313)
Warning in FUN(...) :
  scPP result is not complete, maybe not suitable for this parameter pair
Genes in the gene sets NOT available in the dataset: 
	gene_pos: 	1295 (60% of 2173)
	gene_neg: 	2276 (72% of 3156)
Warning in FUN(...) :
  scPP result is not complete, maybe not suitable for this parameter pair
Genes in the gene sets NOT available in the dataset: 
	gene_pos: 	971 (58% of 1673)
	gene_neg: 	1851 (72% of 2576)
Warning in FUN(...) :
  scPP result is not complete, maybe not suitable for this parameter pair
Genes in the gene sets NOT available in the dataset: 
	gene_pos: 	10832 (70% of 15506)
	gene_neg: 	7764 (72% of 10840)
Warning in FUN(...) :
  scPP result is not complete, maybe not suitable for this parameter pair
Genes in the gene sets NOT available in the dataset: 
	gene_pos: 	2249 (60% of 3767)
	gene_neg: 	3320 (71% of 4653)
Warning in FUN(...) :
  scPP result is not complete, maybe not suitable for this parameter pair
Genes in the gene sets NOT available in the dataset: 
	gene_pos: 	5859 (63% of 9338)
	gene_neg: 	6325 (71% of 8875)
Warning in FUN(...) :
  scPP result is not complete, maybe not suitable for this parameter pair
Genes in the gene sets NOT available in the dataset: 
	gene_pos: 	3234 (61% of 5325)
	gene_neg: 	4233 (72% of 5907)
Warning in FUN(...) :
  scPP result is not complete, maybe not suitable for this parameter pair
Genes in the gene sets NOT available in the dataset: 
	gene_pos: 	1359 (60% of 2280)
	gene_neg: 	2361 (72% of 3277)
Warning in FUN(...) :
  scPP result is not complete, maybe not suitable for this parameter pair
Genes in the gene sets NOT available in the dataset: 
	gene_pos: 	3604 (61% of 5889)
	gene_neg: 	4538 (72% of 6341)
Warning in FUN(...) :
  scPP result is not complete, maybe not suitable for this parameter pair
Genes in the gene sets NOT available in the dataset: 
	gene_pos: 	9330 (68% of 13813)
	gene_neg: 	7539 (71% of 10569)
Warning in FUN(...) :
  scPP result is not complete, maybe not suitable for this parameter pair
Genes in the gene sets NOT available in the dataset: 
	gene_pos: 	5315 (62% of 8552)
	gene_neg: 	5971 (71% of 8372)
Warning in FUN(...) :
  scPP result is not complete, maybe not suitable for this parameter pair
Genes in the gene sets NOT available in the dataset: 
	gene_pos: 	1113 (59% of 1900)
	gene_neg: 	2056 (72% of 2852)
Warning in FUN(...) :
  scPP result is not complete, maybe not suitable for this parameter pair
Genes in the gene sets NOT available in the dataset: 
	gene_pos: 	2800 (60% of 4651)
	gene_neg: 	3855 (72% of 5377)
Warning in FUN(...) :
  scPP result is not complete, maybe not suitable for this parameter pair
Genes in the gene sets NOT available in the dataset: 
	gene_pos: 	759 (58% of 1315)
	gene_neg: 	1539 (72% of 2147)
Warning in FUN(...) :
  scPP result is not complete, maybe not suitable for this parameter pair
Genes in the gene sets NOT available in the dataset: 
	gene_pos: 	9619 (68% of 14155)
	gene_neg: 	7597 (71% of 10644)
Warning in FUN(...) :
  scPP result is not complete, maybe not suitable for this parameter pair
Genes in the gene sets NOT available in the dataset: 
	gene_pos: 	2622 (60% of 4363)
	gene_neg: 	3687 (72% of 5148)
Warning in FUN(...) :
  scPP result is not complete, maybe not suitable for this parameter pair
Genes in the gene sets NOT available in the dataset: 
	gene_pos: 	424 (55% of 775)
	gene_neg: 	981 (72% of 1363)
Warning in FUN(...) :
  scPP result is not complete, maybe not suitable for this parameter pair
Genes in the gene sets NOT available in the dataset: 
	gene_pos: 	537 (55% of 971)
	gene_neg: 	1204 (72% of 1663)
Warning in FUN(...) :
  scPP result is not complete, maybe not suitable for this parameter pair
Genes in the gene sets NOT available in the dataset: 
	gene_pos: 	544 (55% of 985)
	gene_neg: 	1221 (72% of 1692)
Warning in FUN(...) :
  scPP result is not complete, maybe not suitable for this parameter pair
Genes in the gene sets NOT available in the dataset: 
	gene_pos: 	7040 (64% of 10991)
	gene_neg: 	6927 (71% of 9715)
Warning in FUN(...) :
  scPP result is not complete, maybe not suitable for this parameter pair

Registered S3 methods overwritten by 'Seqinfo':
  method                from        
  as.data.frame.Seqinfo GenomeInfoDb
  merge.Seqinfo         GenomeInfoDb
  summary.Seqinfo       GenomeInfoDb
Genes in the gene sets NOT available in the dataset: 
	gene_pos: 	8580 (66% of 12927)
	gene_neg: 	7382 (71% of 10370)
Warning: stack imbalance in '<-', 133 then 135
Warning: stack imbalance in '{', 129 then 131
Warning: stack imbalance in '{', 122 then 124
Warning: stack imbalance in 'switch', 118 then 120
Warning: stack imbalance in '{', 114 then 116
Warning in FUN(...) :
  scPP result is not complete, maybe not suitable for this parameter pair
Genes in the gene sets NOT available in the dataset: 
	gene_pos: 	1187 (59% of 2007)
	gene_neg: 	2122 (72% of 2949)
Warning in FUN(...) :
  scPP result is not complete, maybe not suitable for this parameter pair
Genes in the gene sets NOT available in the dataset: 
	gene_pos: 	3697 (61% of 6054)
	gene_neg: 	4619 (72% of 6456)
Warning in FUN(...) :
  scPP result is not complete, maybe not suitable for this parameter pair
Genes in the gene sets NOT available in the dataset: 
	gene_pos: 	1170 (59% of 1979)
	gene_neg: 	2104 (72% of 2930)
Warning in FUN(...) :
  scPP result is not complete, maybe not suitable for this parameter pair
Genes in the gene sets NOT available in the dataset: 
	gene_pos: 	4026 (61% of 6591)
	gene_neg: 	4920 (71% of 6885)
Warning in FUN(...) :
  scPP result is not complete, maybe not suitable for this parameter pair
Genes in the gene sets NOT available in the dataset: 
	gene_pos: 	6661 (64% of 10477)
	gene_neg: 	6747 (71% of 9467)
Warning in FUN(...) :
  scPP result is not complete, maybe not suitable for this parameter pair
Genes in the gene sets NOT available in the dataset: 
	gene_pos: 	772 (58% of 1334)
	gene_neg: 	1559 (72% of 2170)
Warning in FUN(...) :
  scPP result is not complete, maybe not suitable for this parameter pair
Genes in the gene sets NOT available in the dataset: 
	gene_pos: 	9953 (69% of 14527)
	gene_neg: 	7650 (71% of 10709)
Warning in FUN(...) :
  scPP result is not complete, maybe not suitable for this parameter pair
Genes in the gene sets NOT available in the dataset: 
	gene_pos: 	2319 (60% of 3872)
	gene_neg: 	3391 (71% of 4750)
Warning in FUN(...) :
  scPP result is not complete, maybe not suitable for this parameter pair
Genes in the gene sets NOT available in the dataset: 
	gene_pos: 	1968 (59% of 3312)
	gene_neg: 	3011 (72% of 4209)
Warning in FUN(...) :
  scPP result is not complete, maybe not suitable for this parameter pair
Genes in the gene sets NOT available in the dataset: 
	gene_pos: 	1421 (59% of 2399)
	gene_neg: 	2429 (72% of 3385)
Warning in FUN(...) :
  scPP result is not complete, maybe not suitable for this parameter pair
Genes in the gene sets NOT available in the dataset: 
	gene_pos: 	3835 (61% of 6273)
	gene_neg: 	4759 (72% of 6652)
Warning in FUN(...) :
  scPP result is not complete, maybe not suitable for this parameter pair
Genes in the gene sets NOT available in the dataset: 
	gene_pos: 	2128 (59% of 3581)
	gene_neg: 	3187 (71% of 4470)
Warning in FUN(...) :
  scPP result is not complete, maybe not suitable for this parameter pair
Genes in the gene sets NOT available in the dataset: 
	gene_pos: 	452 (55% of 829)
	gene_neg: 	1045 (72% of 1450)
Warning in FUN(...) :
  scPP result is not complete, maybe not suitable for this parameter pair
Genes in the gene sets NOT available in the dataset: 
	gene_pos: 	2186 (60% of 3668)
	gene_neg: 	3242 (71% of 4546)
Warning in FUN(...) :
  scPP result is not complete, maybe not suitable for this parameter pair
Genes in the gene sets NOT available in the dataset: 
	gene_pos: 	540 (55% of 976)
	gene_neg: 	1209 (72% of 1673)
Warning in FUN(...) :
  scPP result is not complete, maybe not suitable for this parameter pair
Genes in the gene sets NOT available in the dataset: 
	gene_pos: 	507 (55% of 918)
	gene_neg: 	1144 (72% of 1592)
Warning in FUN(...) :
  scPP result is not complete, maybe not suitable for this parameter pair
Genes in the gene sets NOT available in the dataset: 
	gene_pos: 	1371 (59% of 2311)
	gene_neg: 	2385 (72% of 3310)
Warning in FUN(...) :
  scPP result is not complete, maybe not suitable for this parameter pair
Genes in the gene sets NOT available in the dataset: 
	gene_pos: 	2878 (61% of 4757)
	gene_neg: 	3922 (72% of 5472)
Warning in FUN(...) :
  scPP result is not complete, maybe not suitable for this parameter pair
Genes in the gene sets NOT available in the dataset: 
	gene_pos: 	7967 (65% of 12179)
	gene_neg: 	7237 (71% of 10173)
Warning in FUN(...) :
  scPP result is not complete, maybe not suitable for this parameter pair
Genes in the gene sets NOT available in the dataset: 
	gene_pos: 	479 (55% of 874)
	gene_neg: 	1093 (72% of 1515)
Warning in FUN(...) :
  scPP result is not complete, maybe not suitable for this parameter pair
Genes in the gene sets NOT available in the dataset: 
	gene_pos: 	4310 (61% of 7030)
	gene_neg: 	5169 (71% of 7255)
Warning in FUN(...) :
  scPP result is not complete, maybe not suitable for this parameter pair
Genes in the gene sets NOT available in the dataset: 
	gene_pos: 	10728 (70% of 15391)
	gene_neg: 	7748 (72% of 10819)
Warning in FUN(...) :
  scPP result is not complete, maybe not suitable for this parameter pair
Genes in the gene sets NOT available in the dataset: 
	gene_pos: 	457 (54% of 840)
	gene_neg: 	1059 (72% of 1469)
Warning in FUN(...) :
  scPP result is not complete, maybe not suitable for this parameter pair
Genes in the gene sets NOT available in the dataset: 
	gene_pos: 	935 (58% of 1615)
	gene_neg: 	1808 (72% of 2513)
Warning in FUN(...) :
  scPP result is not complete, maybe not suitable for this parameter pair

            used   (Mb) gc trigger   (Mb)  max used   (Mb)
Ncells   4092566  218.6    7739550  413.4   5557203  296.8
Vcells 404664135 3087.4  655079990 4997.9 419160382 3198.0
✔ scPP random search completed.
