nohup: ignoring input

Attaching package: ‘dplyr’

The following objects are masked from ‘package:stats’:

    filter, lag

The following objects are masked from ‘package:base’:

    intersect, setdiff, setequal, union

Registered S3 methods overwritten by 'Seqinfo':
  method                from        
  as.data.frame.Seqinfo GenomeInfoDb
  merge.Seqinfo         GenomeInfoDb
  summary.Seqinfo       GenomeInfoDb

Attaching package: ‘data.table’

The following objects are masked from ‘package:dplyr’:

    between, first, last

Warning in asMethod(object) :
  sparse->dense coercion: allocating vector of size 2.9 GiB
ℹ GSVA version 2.2.1
ℹ Using a MulticoreParam parallel back-end with 2 workers
ℹ Calculating GSVA ranks
ℹ kcdf='auto' (default)
ℹ GSVA dense (classical) algorithm
ℹ Direct row-wise ECDFs estimation
Estimating row ECDFs with 2 cores ■■■■■■■■■■                        30% | ETA: …
Estimating row ECDFs with 2 cores ■■■■■■■■■■■■■                     40% | ETA: …
Estimating row ECDFs with 2 cores ■■■■■■■■■■■■■■■■                  50% | ETA: …
Estimating row ECDFs with 2 cores ■■■■■■■■■■■■■■■■■■■               60% | ETA: …
Estimating row ECDFs with 2 cores ■■■■■■■■■■■■■■■■■■■■■■            70% | ETA: …
Estimating row ECDFs with 2 cores ■■■■■■■■■■■■■■■■■■■■■■■■■         80% | ETA: …
Estimating row ECDFs with 2 cores ■■■■■■■■■■■■■■■■■■■■■■■■■■■■      90% | ETA: …
Estimating row ECDFs with 2 cores ■■■■■■■■■■■■■■■■■■■■■■■■■■■■■■■  100% | ETA: …
⠙ Calculating GSVA column ranks 6 done (2.7/s) | 2.2s
⠹ Calculating GSVA column ranks 10 done (2.4/s) | 4.2s
⠸ Calculating GSVA column ranks 16 done (2.1/s) | 7.6s
⠼ Calculating GSVA column ranks 21 done (1.9/s) | 11s
⠴ Calculating GSVA column ranks 26 done (1.8/s) | 14.5s
⠦ Calculating GSVA column ranks 30 done (1.7/s) | 17.5s
⠧ Calculating GSVA column ranks 32 done (1.5/s) | 20.7s
⠇ Calculating GSVA column ranks 36 done (1.5/s) | 23.5s
⠏ Calculating GSVA column ranks 40 done (1.5/s) | 26.6s
⠋ Calculating GSVA column ranks 43 done (1.5/s) | 29.5s
⠙ Calculating GSVA column ranks 47 done (1.4/s) | 33.1s
⠹ Calculating GSVA column ranks 50 done (1.4/s) | 36s
⠸ Calculating GSVA column ranks 53 done (1.4/s) | 39.1s
⠼ Calculating GSVA column ranks 56 done (1.3/s) | 42.3s
⠴ Calculating GSVA column ranks 59 done (1.3/s) | 45.5s
⠦ Calculating GSVA column ranks 62 done (1.3/s) | 49s
⠧ Calculating GSVA column ranks 64 done (1.2/s) | 51.3s
⠇ Calculating GSVA column ranks 67 done (1.2/s) | 54.9s
⠏ Calculating GSVA column ranks 69 done (1.2/s) | 57.1s
⠋ Calculating GSVA column ranks 72 done (1.2/s) | 1m 0.8s
⠙ Calculating GSVA column ranks 74 done (1.2/s) | 1m 3.4s
⠹ Calculating GSVA column ranks 77 done (1.1/s) | 1m 7.2s
⠸ Calculating GSVA column ranks 79 done (1.1/s) | 1m 11.1s
⠼ Calculating GSVA column ranks 80 done (1.1/s) | 1m 12.3s
⠴ Calculating GSVA column ranks 83 done (1.1/s) | 1m 16.1s
⠦ Calculating GSVA column ranks 85 done (1.1/s) | 1m 19s
⠧ Calculating GSVA column ranks 87 done (1.1/s) | 1m 21.7s
⠇ Calculating GSVA column ranks 89 done (1.1/s) | 1m 24.7s
⠏ Calculating GSVA column ranks 91 done (1/s) | 1m 27.5s
⠋ Calculating GSVA column ranks 93 done (1/s) | 1m 30.6s
⠙ Calculating GSVA column ranks 95 done (1/s) | 1m 33.7s
⠹ Calculating GSVA column ranks 97 done (1/s) | 1m 36.7s
⠸ Calculating GSVA column ranks 99 done (0.99/s) | 1m 39.9s
⠸ Calculating GSVA column ranks 100 done (0.96/s) | 1m 44.4s
ℹ Using a MulticoreParam parallel back-end with 2 workers
ℹ Calculating GSVA scores
ℹ Calculating GSVA scores with 2 cores
✔ Calculations finished
