nohup: ignoring input

Attaching package: ‘dplyr’

The following objects are masked from ‘package:stats’:

    filter, lag

The following objects are masked from ‘package:base’:

    intersect, setdiff, setequal, union


Attaching package: ‘data.table’

The following objects are masked from ‘package:dplyr’:

    between, first, last

✔ ScPP v0.0.2 loaded
ℹ Updating SigBridgeR documentation
ℹ Loading SigBridgeR
✔ SigBridgeR v2.5.4 loaded
Writing 'DoscPP.Rd'
ℹ [2025/12/09 18:06:36] Start scPP screening.
ℹ [2025/12/09 18:06:36] Finding overall markers...
ℹ [2025/12/09 18:06:37] Screening...
ℹ [2025/12/09 18:06:37] Running fixed threshold mode with prob = 0.14
ℹ [2025/12/09 18:06:38] Computing AUC scores...
Registered S3 methods overwritten by 'Seqinfo':
  method                from        
  as.data.frame.Seqinfo GenomeInfoDb
  merge.Seqinfo         GenomeInfoDb
  summary.Seqinfo       GenomeInfoDb
Genes in the gene sets NOT available in the dataset: 
	gene_pos: 	8 (53% of 15)
	gene_neg: 	11 (55% of 20)
✔ [2025/12/09 18:07:06] Classified 1887 Positive, 1374 Negative cells
ℹ [2025/12/09 18:07:06] Finding markers between `Positive` and `Negative` group...
✔ [2025/12/09 18:07:09] Found 692 positive markers, 3350 negative markers
Warning: stack imbalance in '<-', 41 then 43
✔ [2025/12/09 18:07:09] scPP screening done.
Warning: stack imbalance in '{', 37 then 39
Warning: stack imbalance in '{', 30 then 32
Warning: stack imbalance in 'switch', 26 then 28
Warning: stack imbalance in '{', 22 then 24
! scPP result is not complete, maybe not suitable for this parameter pair, using default FALSE.prob = 0.14, Log2FC_cutoff = 0.792, process_1
ℹ [2025/12/09 18:07:10] Start scPP screening.
ℹ [2025/12/09 18:07:10] Finding overall markers...
ℹ [2025/12/09 18:07:10] Screening...
ℹ [2025/12/09 18:07:10] Running fixed threshold mode with prob = 0.16
ℹ [2025/12/09 18:07:11] Computing AUC scores...
Genes in the gene sets NOT available in the dataset: 
	gene_pos: 	261 (75% of 348)
	gene_neg: 	876 (70% of 1249)
✔ [2025/12/09 18:07:33] Classified 2019 Positive, 977 Negative cells
ℹ [2025/12/09 18:07:33] Finding markers between `Positive` and `Negative` group...
✔ [2025/12/09 18:07:36] Found 850 positive markers, 4187 negative markers
✔ [2025/12/09 18:07:36] scPP screening done.
! scPP result is not complete, maybe not suitable for this parameter pair, using default FALSE.prob = 0.16, Log2FC_cutoff = 0.259, process_2
ℹ [2025/12/09 18:07:37] Start scPP screening.
ℹ [2025/12/09 18:07:37] Finding overall markers...
ℹ [2025/12/09 18:07:37] Screening...
ℹ [2025/12/09 18:07:37] Running fixed threshold mode with prob = 0.27
ℹ [2025/12/09 18:07:38] Computing AUC scores...
Genes in the gene sets NOT available in the dataset: 
	gene_pos: 	2 (29% of 7)
	gene_neg: 	3 (50% of 6)
✔ [2025/12/09 18:07:59] Classified 8294 Positive, 11573 Negative cells
ℹ [2025/12/09 18:07:59] Finding markers between `Positive` and `Negative` group...
✔ [2025/12/09 18:08:07] Found 857 positive markers, 706 negative markers
✔ [2025/12/09 18:08:07] scPP screening done.
! scPP result is not complete, maybe not suitable for this parameter pair, using default FALSE.prob = 0.27, Log2FC_cutoff = 0.986, process_3
ℹ [2025/12/09 18:08:08] Start scPP screening.
ℹ [2025/12/09 18:08:08] Finding overall markers...
ℹ [2025/12/09 18:08:09] Screening...
ℹ [2025/12/09 18:08:09] Running fixed threshold mode with prob = 0.29
ℹ [2025/12/09 18:08:10] Computing AUC scores...
Genes in the gene sets NOT available in the dataset: 
	gene_pos: 	11 (52% of 21)
	gene_neg: 	16 (55% of 29)
✔ [2025/12/09 18:08:29] Classified 3166 Positive, 2925 Negative cells
ℹ [2025/12/09 18:08:29] Finding markers between `Positive` and `Negative` group...
✔ [2025/12/09 18:08:33] Found 858 positive markers, 2892 negative markers
✔ [2025/12/09 18:08:33] scPP screening done.
! scPP result is not complete, maybe not suitable for this parameter pair, using default FALSE.prob = 0.29, Log2FC_cutoff = 0.757, process_4
ℹ [2025/12/09 18:08:35] Start scPP screening.
ℹ [2025/12/09 18:08:35] Finding overall markers...
ℹ [2025/12/09 18:08:35] Screening...
ℹ [2025/12/09 18:08:35] Running fixed threshold mode with prob = 0.24
ℹ [2025/12/09 18:08:36] Computing AUC scores...
Genes in the gene sets NOT available in the dataset: 
	gene_pos: 	2 (29% of 7)
	gene_neg: 	4 (50% of 8)
✔ [2025/12/09 18:08:55] Classified 6517 Positive, 11573 Negative cells
ℹ [2025/12/09 18:08:55] Finding markers between `Positive` and `Negative` group...
✔ [2025/12/09 18:09:02] Found 855 positive markers, 826 negative markers
✔ [2025/12/09 18:09:02] scPP screening done.
! scPP result is not complete, maybe not suitable for this parameter pair, using default FALSE.prob = 0.24, Log2FC_cutoff = 0.98, process_5
ℹ [2025/12/09 18:09:04] Start scPP screening.
ℹ [2025/12/09 18:09:04] Finding overall markers...
ℹ [2025/12/09 18:09:04] Screening...
ℹ [2025/12/09 18:09:04] Running fixed threshold mode with prob = 0.3
ℹ [2025/12/09 18:09:05] Computing AUC scores...
Genes in the gene sets NOT available in the dataset: 
	gene_pos: 	296 (75% of 395)
	gene_neg: 	1283 (72% of 1784)
✔ [2025/12/09 18:09:27] Classified 3978 Positive, 3175 Negative cells
ℹ [2025/12/09 18:09:27] Finding markers between `Positive` and `Negative` group...
✔ [2025/12/09 18:09:31] Found 1017 positive markers, 3684 negative markers
✔ [2025/12/09 18:09:31] scPP screening done.
! scPP result is not complete, maybe not suitable for this parameter pair, using default FALSE.prob = 0.3, Log2FC_cutoff = 0.219, process_6
ℹ [2025/12/09 18:09:32] Start scPP screening.
ℹ [2025/12/09 18:09:32] Finding overall markers...
ℹ [2025/12/09 18:09:33] Screening...
ℹ [2025/12/09 18:09:33] Running fixed threshold mode with prob = 0.11
ℹ [2025/12/09 18:09:33] Computing AUC scores...
Genes in the gene sets NOT available in the dataset: 
	gene_pos: 	3 (38% of 8)
	gene_neg: 	6 (60% of 10)
✔ [2025/12/09 18:09:54] Classified 3020 Positive, 1076 Negative cells
ℹ [2025/12/09 18:09:54] Finding markers between `Positive` and `Negative` group...
✔ [2025/12/09 18:09:56] Found 506 positive markers, 890 negative markers
✔ [2025/12/09 18:09:56] scPP screening done.
! scPP result is not complete, maybe not suitable for this parameter pair, using default FALSE.prob = 0.11, Log2FC_cutoff = 0.949, process_7
ℹ [2025/12/09 18:09:58] Start scPP screening.
ℹ [2025/12/09 18:09:58] Finding overall markers...
ℹ [2025/12/09 18:09:58] Screening...
ℹ [2025/12/09 18:09:58] Running fixed threshold mode with prob = 0.33
ℹ [2025/12/09 18:09:59] Computing AUC scores...
Warning in .AUCell_calcAUC(geneSets = geneSets, rankings = rankings, nCores = nCores,  :
  The following gene sets will be excluded from the analysis(less than 20% of their genes are available):
gene_neg
Genes in the gene sets NOT available in the dataset: 
	gene_pos: 	360 (75% of 480)
Warning: AUC calculation did not return expected gene sets.  This may result from
inproper parameters, or missing genes in the dataset. returning empty results.
✔ [2025/12/09 18:10:21] scPP screening done.
! scPP result is not complete, maybe not suitable for this parameter pair, using default FALSE.prob = 0.33, Log2FC_cutoff = 0.149, process_8
ℹ [2025/12/09 18:10:22] Start scPP screening.
ℹ [2025/12/09 18:10:22] Finding overall markers...
ℹ [2025/12/09 18:10:23] Screening...
ℹ [2025/12/09 18:10:23] Running fixed threshold mode with prob = 0.24
ℹ [2025/12/09 18:10:23] Computing AUC scores...
Genes in the gene sets NOT available in the dataset: 
	gene_pos: 	44 (73% of 60)
	gene_neg: 	47 (62% of 76)
✔ [2025/12/09 18:10:44] Classified 2436 Positive, 1884 Negative cells
ℹ [2025/12/09 18:10:44] Finding markers between `Positive` and `Negative` group...
✔ [2025/12/09 18:10:47] Found 843 positive markers, 3959 negative markers
✔ [2025/12/09 18:10:47] scPP screening done.
! scPP result is not complete, maybe not suitable for this parameter pair, using default FALSE.prob = 0.24, Log2FC_cutoff = 0.6, process_9
ℹ [2025/12/09 18:10:48] Start scPP screening.
ℹ [2025/12/09 18:10:48] Finding overall markers...
ℹ [2025/12/09 18:10:48] Screening...
ℹ [2025/12/09 18:10:48] Running fixed threshold mode with prob = 0.02
ℹ [2025/12/09 18:10:49] Computing AUC scores...
Genes in the gene sets NOT available in the dataset: 
	gene_pos: 	3 (38% of 8)
	gene_neg: 	6 (60% of 10)
✔ [2025/12/09 18:11:09] Classified 575 Positive, 185 Negative cells
ℹ [2025/12/09 18:11:09] Finding markers between `Positive` and `Negative` group...
✔ [2025/12/09 18:11:11] Found 283 positive markers, 670 negative markers
✔ [2025/12/09 18:11:11] scPP screening done.
! scPP result is not complete, maybe not suitable for this parameter pair, using default FALSE.prob = 0.02, Log2FC_cutoff = 0.946, process_10
ℹ [2025/12/09 18:11:12] Start scPP screening.
ℹ [2025/12/09 18:11:12] Finding overall markers...
ℹ [2025/12/09 18:11:13] Screening...
ℹ [2025/12/09 18:11:13] Running fixed threshold mode with prob = 0.22
ℹ [2025/12/09 18:11:13] Computing AUC scores...
Genes in the gene sets NOT available in the dataset: 
	gene_pos: 	18 (62% of 29)
	gene_neg: 	23 (55% of 42)
✔ [2025/12/09 18:11:33] Classified 2156 Positive, 1832 Negative cells
ℹ [2025/12/09 18:11:33] Finding markers between `Positive` and `Negative` group...
✔ [2025/12/09 18:11:36] Found 761 positive markers, 3561 negative markers
✔ [2025/12/09 18:11:36] scPP screening done.
! scPP result is not complete, maybe not suitable for this parameter pair, using default FALSE.prob = 0.22, Log2FC_cutoff = 0.688, process_11
ℹ [2025/12/09 18:11:37] Start scPP screening.
ℹ [2025/12/09 18:11:37] Finding overall markers...
ℹ [2025/12/09 18:11:38] Screening...
ℹ [2025/12/09 18:11:38] Running fixed threshold mode with prob = 0.11
ℹ [2025/12/09 18:11:38] Computing AUC scores...
Genes in the gene sets NOT available in the dataset: 
	gene_pos: 	79 (73% of 108)
	gene_neg: 	98 (62% of 158)
✔ [2025/12/09 18:11:59] Classified 979 Positive, 440 Negative cells
ℹ [2025/12/09 18:11:59] Finding markers between `Positive` and `Negative` group...
✔ [2025/12/09 18:12:01] Found 584 positive markers, 3856 negative markers
✔ [2025/12/09 18:12:01] scPP screening done.
! scPP result is not complete, maybe not suitable for this parameter pair, using default FALSE.prob = 0.11, Log2FC_cutoff = 0.506, process_12
ℹ [2025/12/09 18:12:02] Start scPP screening.
ℹ [2025/12/09 18:12:02] Finding overall markers...
ℹ [2025/12/09 18:12:03] Screening...
ℹ [2025/12/09 18:12:03] Running fixed threshold mode with prob = 0.39
ℹ [2025/12/09 18:12:03] Computing AUC scores...
Genes in the gene sets NOT available in the dataset: 
	gene_pos: 	164 (74% of 221)
	gene_neg: 	320 (66% of 483)
✔ [2025/12/09 18:12:25] Classified 5430 Positive, 4712 Negative cells
ℹ [2025/12/09 18:12:25] Finding markers between `Positive` and `Negative` group...
✔ [2025/12/09 18:12:29] Found 1086 positive markers, 3389 negative markers
✔ [2025/12/09 18:12:29] scPP screening done.
! scPP result is not complete, maybe not suitable for this parameter pair, using default FALSE.prob = 0.39, Log2FC_cutoff = 0.373, process_13
ℹ [2025/12/09 18:12:31] Start scPP screening.
ℹ [2025/12/09 18:12:31] Finding overall markers...
ℹ [2025/12/09 18:12:31] Screening...
ℹ [2025/12/09 18:12:31] Running fixed threshold mode with prob = 0.4
ℹ [2025/12/09 18:12:32] Computing AUC scores...
Genes in the gene sets NOT available in the dataset: 
	gene_pos: 	194 (75% of 260)
	gene_neg: 	451 (69% of 654)
✔ [2025/12/09 18:12:53] Classified 5786 Positive, 5307 Negative cells
ℹ [2025/12/09 18:12:54] Finding markers between `Positive` and `Negative` group...
✔ [2025/12/09 18:12:58] Found 1125 positive markers, 3320 negative markers
✔ [2025/12/09 18:12:58] scPP screening done.
! scPP result is not complete, maybe not suitable for this parameter pair, using default FALSE.prob = 0.4, Log2FC_cutoff = 0.336, process_14
ℹ [2025/12/09 18:13:00] Start scPP screening.
ℹ [2025/12/09 18:13:00] Finding overall markers...
ℹ [2025/12/09 18:13:00] Screening...
ℹ [2025/12/09 18:13:00] Running fixed threshold mode with prob = 0.31
ℹ [2025/12/09 18:13:01] Computing AUC scores...
Warning in .AUCell_calcAUC(geneSets = geneSets, rankings = rankings, nCores = nCores,  :
  The following gene sets will be excluded from the analysis(less than 20% of their genes are available):
gene_neg
Genes in the gene sets NOT available in the dataset: 
	gene_pos: 	383 (76% of 506)
Warning: AUC calculation did not return expected gene sets.  This may result from
inproper parameters, or missing genes in the dataset. returning empty results.
✔ [2025/12/09 18:13:24] scPP screening done.
! scPP result is not complete, maybe not suitable for this parameter pair, using default FALSE.prob = 0.31, Log2FC_cutoff = 0.048, process_15
ℹ [2025/12/09 18:13:25] Start scPP screening.
ℹ [2025/12/09 18:13:25] Finding overall markers...
ℹ [2025/12/09 18:13:25] Screening...
ℹ [2025/12/09 18:13:25] Running fixed threshold mode with prob = 0.1
ℹ [2025/12/09 18:13:26] Computing AUC scores...
Genes in the gene sets NOT available in the dataset: 
	gene_pos: 	36 (73% of 49)
	gene_neg: 	40 (61% of 66)
✔ [2025/12/09 18:13:46] Classified 511 Positive, 832 Negative cells
ℹ [2025/12/09 18:13:46] Finding markers between `Positive` and `Negative` group...
✔ [2025/12/09 18:13:48] Found 591 positive markers, 3934 negative markers
✔ [2025/12/09 18:13:48] scPP screening done.
! scPP result is not complete, maybe not suitable for this parameter pair, using default FALSE.prob = 0.1, Log2FC_cutoff = 0.619, process_16
ℹ [2025/12/09 18:13:49] Start scPP screening.
ℹ [2025/12/09 18:13:49] Finding overall markers...
ℹ [2025/12/09 18:13:50] Screening...
ℹ [2025/12/09 18:13:50] Running fixed threshold mode with prob = 0.17
ℹ [2025/12/09 18:13:50] Computing AUC scores...
Genes in the gene sets NOT available in the dataset: 
	gene_pos: 	3 (38% of 8)
	gene_neg: 	4 (50% of 8)
✔ [2025/12/09 18:14:11] Classified 4646 Positive, 11573 Negative cells
ℹ [2025/12/09 18:14:11] Finding markers between `Positive` and `Negative` group...
✔ [2025/12/09 18:14:18] Found 896 positive markers, 909 negative markers
✔ [2025/12/09 18:14:18] scPP screening done.
! scPP result is not complete, maybe not suitable for this parameter pair, using default FALSE.prob = 0.17, Log2FC_cutoff = 0.961, process_17
ℹ [2025/12/09 18:14:19] Start scPP screening.
ℹ [2025/12/09 18:14:19] Finding overall markers...
ℹ [2025/12/09 18:14:19] Screening...
ℹ [2025/12/09 18:14:19] Running fixed threshold mode with prob = 0.33
ℹ [2025/12/09 18:14:20] Computing AUC scores...
Genes in the gene sets NOT available in the dataset: 
	gene_pos: 	27 (71% of 38)
	gene_neg: 	32 (59% of 54)
✔ [2025/12/09 18:14:40] Classified 3995 Positive, 3627 Negative cells
ℹ [2025/12/09 18:14:40] Finding markers between `Positive` and `Negative` group...
✔ [2025/12/09 18:14:44] Found 956 positive markers, 3244 negative markers
✔ [2025/12/09 18:14:44] scPP screening done.
! scPP result is not complete, maybe not suitable for this parameter pair, using default FALSE.prob = 0.33, Log2FC_cutoff = 0.655, process_18
ℹ [2025/12/09 18:14:46] Start scPP screening.
ℹ [2025/12/09 18:14:46] Finding overall markers...
ℹ [2025/12/09 18:14:46] Screening...
ℹ [2025/12/09 18:14:46] Running fixed threshold mode with prob = 0.41
ℹ [2025/12/09 18:14:47] Computing AUC scores...
Genes in the gene sets NOT available in the dataset: 
	gene_pos: 	77 (73% of 106)
	gene_neg: 	96 (62% of 154)
✔ [2025/12/09 18:15:08] Classified 5596 Positive, 5094 Negative cells
ℹ [2025/12/09 18:15:08] Finding markers between `Positive` and `Negative` group...
✔ [2025/12/09 18:15:12] Found 819 positive markers, 2299 negative markers
✔ [2025/12/09 18:15:12] scPP screening done.
! scPP result is not complete, maybe not suitable for this parameter pair, using default FALSE.prob = 0.41, Log2FC_cutoff = 0.51, process_19
ℹ [2025/12/09 18:15:13] Start scPP screening.
ℹ [2025/12/09 18:15:13] Finding overall markers...
ℹ [2025/12/09 18:15:14] Screening...
ℹ [2025/12/09 18:15:14] Running fixed threshold mode with prob = 0.4
ℹ [2025/12/09 18:15:14] Computing AUC scores...
Warning in .AUCell_calcAUC(geneSets = geneSets, rankings = rankings, nCores = nCores,  :
  The following gene sets will be excluded from the analysis(less than 20% of their genes are available):
gene_neg
Genes in the gene sets NOT available in the dataset: 
	gene_pos: 	358 (75% of 478)
Warning: AUC calculation did not return expected gene sets.  This may result from
inproper parameters, or missing genes in the dataset. returning empty results.
✔ [2025/12/09 18:15:37] scPP screening done.
! scPP result is not complete, maybe not suitable for this parameter pair, using default FALSE.prob = 0.4, Log2FC_cutoff = 0.15, process_20
ℹ [2025/12/09 18:15:38] Start scPP screening.
ℹ [2025/12/09 18:15:38] Finding overall markers...
ℹ [2025/12/09 18:15:38] Screening...
ℹ [2025/12/09 18:15:38] Running fixed threshold mode with prob = 0.39
ℹ [2025/12/09 18:15:39] Computing AUC scores...
Genes in the gene sets NOT available in the dataset: 
	gene_pos: 	5 (42% of 12)
	gene_neg: 	7 (64% of 11)
✔ [2025/12/09 18:15:59] Classified 10535 Positive, 12434 Negative cells
ℹ [2025/12/09 18:15:59] Finding markers between `Positive` and `Negative` group...
✔ [2025/12/09 18:16:08] Found 673 positive markers, 485 negative markers
✔ [2025/12/09 18:16:08] scPP screening done.
! scPP result is not complete, maybe not suitable for this parameter pair, using default FALSE.prob = 0.39, Log2FC_cutoff = 0.87, process_21
ℹ [2025/12/09 18:16:10] Start scPP screening.
ℹ [2025/12/09 18:16:10] Finding overall markers...
ℹ [2025/12/09 18:16:10] Screening...
ℹ [2025/12/09 18:16:10] Running fixed threshold mode with prob = 0.31
ℹ [2025/12/09 18:16:11] Computing AUC scores...
Genes in the gene sets NOT available in the dataset: 
	gene_pos: 	77 (73% of 106)
	gene_neg: 	96 (62% of 154)
✔ [2025/12/09 18:16:32] Classified 3716 Positive, 2818 Negative cells
ℹ [2025/12/09 18:16:32] Finding markers between `Positive` and `Negative` group...
✔ [2025/12/09 18:16:35] Found 868 positive markers, 3161 negative markers
✔ [2025/12/09 18:16:35] scPP screening done.
! scPP result is not complete, maybe not suitable for this parameter pair, using default FALSE.prob = 0.31, Log2FC_cutoff = 0.514, process_22
ℹ [2025/12/09 18:16:36] Start scPP screening.
ℹ [2025/12/09 18:16:36] Finding overall markers...
ℹ [2025/12/09 18:16:37] Screening...
ℹ [2025/12/09 18:16:37] Running fixed threshold mode with prob = 0.01
ℹ [2025/12/09 18:16:37] Computing AUC scores...
Warning in .AUCell_calcAUC(geneSets = geneSets, rankings = rankings, nCores = nCores,  :
  The following gene sets will be excluded from the analysis(less than 20% of their genes are available):
gene_neg
Genes in the gene sets NOT available in the dataset: 
	gene_pos: 	383 (76% of 506)
Warning: AUC calculation did not return expected gene sets.  This may result from
inproper parameters, or missing genes in the dataset. returning empty results.
✔ [2025/12/09 18:17:00] scPP screening done.
! scPP result is not complete, maybe not suitable for this parameter pair, using default FALSE.prob = 0.01, Log2FC_cutoff = 0.009, process_23
ℹ [2025/12/09 18:17:01] Start scPP screening.
ℹ [2025/12/09 18:17:01] Finding overall markers...
ℹ [2025/12/09 18:17:02] Screening...
ℹ [2025/12/09 18:17:02] Running fixed threshold mode with prob = 0.12
ℹ [2025/12/09 18:17:02] Computing AUC scores...
Warning in .AUCell_calcAUC(geneSets = geneSets, rankings = rankings, nCores = nCores,  :
  The following gene sets will be excluded from the analysis(less than 20% of their genes are available):
gene_neg
Genes in the gene sets NOT available in the dataset: 
	gene_pos: 	383 (76% of 506)
Warning: AUC calculation did not return expected gene sets.  This may result from
inproper parameters, or missing genes in the dataset. returning empty results.
✔ [2025/12/09 18:17:24] scPP screening done.
! scPP result is not complete, maybe not suitable for this parameter pair, using default FALSE.prob = 0.12, Log2FC_cutoff = 0.019, process_24
ℹ [2025/12/09 18:17:25] Start scPP screening.
ℹ [2025/12/09 18:17:25] Finding overall markers...
ℹ [2025/12/09 18:17:26] Screening...
ℹ [2025/12/09 18:17:26] Running fixed threshold mode with prob = 0.2
ℹ [2025/12/09 18:17:26] Computing AUC scores...
Warning in .AUCell_calcAUC(geneSets = geneSets, rankings = rankings, nCores = nCores,  :
  The following gene sets will be excluded from the analysis(less than 20% of their genes are available):
gene_neg
Genes in the gene sets NOT available in the dataset: 
	gene_pos: 	362 (75% of 483)
Warning: AUC calculation did not return expected gene sets.  This may result from
inproper parameters, or missing genes in the dataset. returning empty results.
✔ [2025/12/09 18:17:48] scPP screening done.
! scPP result is not complete, maybe not suitable for this parameter pair, using default FALSE.prob = 0.2, Log2FC_cutoff = 0.145, process_25
ℹ [2025/12/09 18:17:49] Start scPP screening.
ℹ [2025/12/09 18:17:49] Finding overall markers...
ℹ [2025/12/09 18:17:50] Screening...
ℹ [2025/12/09 18:17:50] Running fixed threshold mode with prob = 0.08
ℹ [2025/12/09 18:17:50] Computing AUC scores...
Genes in the gene sets NOT available in the dataset: 
	gene_pos: 	216 (75% of 288)
	gene_neg: 	607 (70% of 863)
✔ [2025/12/09 18:18:11] Classified 916 Positive, 262 Negative cells
ℹ [2025/12/09 18:18:12] Finding markers between `Positive` and `Negative` group...
✔ [2025/12/09 18:18:13] Found 503 positive markers, 4428 negative markers
✔ [2025/12/09 18:18:13] scPP screening done.
! scPP result is not complete, maybe not suitable for this parameter pair, using default FALSE.prob = 0.08, Log2FC_cutoff = 0.305, process_26
ℹ [2025/12/09 18:18:15] Start scPP screening.
ℹ [2025/12/09 18:18:15] Finding overall markers...
ℹ [2025/12/09 18:18:15] Screening...
ℹ [2025/12/09 18:18:15] Running fixed threshold mode with prob = 0.12
ℹ [2025/12/09 18:18:15] Computing AUC scores...
Genes in the gene sets NOT available in the dataset: 
	gene_pos: 	8 (53% of 15)
	gene_neg: 	10 (59% of 17)
✔ [2025/12/09 18:18:36] Classified 2726 Positive, 714 Negative cells
ℹ [2025/12/09 18:18:36] Finding markers between `Positive` and `Negative` group...
✔ [2025/12/09 18:18:38] Found 436 positive markers, 619 negative markers
✔ [2025/12/09 18:18:38] scPP screening done.
! scPP result is not complete, maybe not suitable for this parameter pair, using default FALSE.prob = 0.12, Log2FC_cutoff = 0.826, process_27
ℹ [2025/12/09 18:18:39] Start scPP screening.
ℹ [2025/12/09 18:18:39] Finding overall markers...
ℹ [2025/12/09 18:18:40] Screening...
ℹ [2025/12/09 18:18:40] Running fixed threshold mode with prob = 0.03
ℹ [2025/12/09 18:18:40] Computing AUC scores...
Genes in the gene sets NOT available in the dataset: 
	gene_pos: 	79 (72% of 109)
	gene_neg: 	99 (62% of 160)
✔ [2025/12/09 18:19:01] Classified 118 Positive, 76 Negative cells
ℹ [2025/12/09 18:19:01] Finding markers between `Positive` and `Negative` group...
✔ [2025/12/09 18:19:03] Found 226 positive markers, 904 negative markers
✔ [2025/12/09 18:19:03] scPP screening done.
! scPP result is not complete, maybe not suitable for this parameter pair, using default FALSE.prob = 0.03, Log2FC_cutoff = 0.502, process_28
ℹ [2025/12/09 18:19:04] Start scPP screening.
ℹ [2025/12/09 18:19:04] Finding overall markers...
ℹ [2025/12/09 18:19:04] Screening...
ℹ [2025/12/09 18:19:04] Running fixed threshold mode with prob = 0.09
ℹ [2025/12/09 18:19:05] Computing AUC scores...
Genes in the gene sets NOT available in the dataset: 
	gene_pos: 	8 (53% of 15)
	gene_neg: 	11 (58% of 19)
✔ [2025/12/09 18:19:25] Classified 2021 Positive, 484 Negative cells
ℹ [2025/12/09 18:19:25] Finding markers between `Positive` and `Negative` group...
✔ [2025/12/09 18:19:27] Found 413 positive markers, 512 negative markers
✔ [2025/12/09 18:19:27] scPP screening done.
! scPP result is not complete, maybe not suitable for this parameter pair, using default FALSE.prob = 0.09, Log2FC_cutoff = 0.804, process_29
ℹ [2025/12/09 18:19:28] Start scPP screening.
ℹ [2025/12/09 18:19:28] Finding overall markers...
ℹ [2025/12/09 18:19:29] Screening...
ℹ [2025/12/09 18:19:29] Running fixed threshold mode with prob = 0.14
ℹ [2025/12/09 18:19:29] Computing AUC scores...
Warning in .AUCell_calcAUC(geneSets = geneSets, rankings = rankings, nCores = nCores,  :
  The following gene sets will be excluded from the analysis(less than 20% of their genes are available):
gene_neg
Genes in the gene sets NOT available in the dataset: 
	gene_pos: 	383 (76% of 506)
Warning: AUC calculation did not return expected gene sets.  This may result from
inproper parameters, or missing genes in the dataset. returning empty results.
✔ [2025/12/09 18:19:52] scPP screening done.
! scPP result is not complete, maybe not suitable for this parameter pair, using default FALSE.prob = 0.14, Log2FC_cutoff = 0.061, process_30
ℹ [2025/12/09 18:19:53] Start scPP screening.
ℹ [2025/12/09 18:19:53] Finding overall markers...
ℹ [2025/12/09 18:19:53] Screening...
ℹ [2025/12/09 18:19:53] Running fixed threshold mode with prob = 0.13
ℹ [2025/12/09 18:19:54] Computing AUC scores...
Genes in the gene sets NOT available in the dataset: 
	gene_pos: 	4 (40% of 10)
	gene_neg: 	6 (60% of 10)
✔ [2025/12/09 18:20:14] Classified 3566 Positive, 1253 Negative cells
ℹ [2025/12/09 18:20:15] Finding markers between `Positive` and `Negative` group...
✔ [2025/12/09 18:20:17] Found 517 positive markers, 816 negative markers
✔ [2025/12/09 18:20:17] scPP screening done.
! scPP result is not complete, maybe not suitable for this parameter pair, using default FALSE.prob = 0.13, Log2FC_cutoff = 0.928, process_31
ℹ [2025/12/09 18:20:19] Start scPP screening.
ℹ [2025/12/09 18:20:19] Finding overall markers...
ℹ [2025/12/09 18:20:19] Screening...
ℹ [2025/12/09 18:20:19] Running fixed threshold mode with prob = 0.2
ℹ [2025/12/09 18:20:19] Computing AUC scores...
Genes in the gene sets NOT available in the dataset: 
	gene_pos: 	8 (53% of 15)
	gene_neg: 	11 (58% of 19)
✔ [2025/12/09 18:20:40] Classified 4448 Positive, 1443 Negative cells
ℹ [2025/12/09 18:20:40] Finding markers between `Positive` and `Negative` group...
✔ [2025/12/09 18:20:43] Found 481 positive markers, 606 negative markers
✔ [2025/12/09 18:20:43] scPP screening done.
! scPP result is not complete, maybe not suitable for this parameter pair, using default FALSE.prob = 0.2, Log2FC_cutoff = 0.808, process_32
ℹ [2025/12/09 18:20:44] Start scPP screening.
ℹ [2025/12/09 18:20:44] Finding overall markers...
ℹ [2025/12/09 18:20:45] Screening...
ℹ [2025/12/09 18:20:45] Running fixed threshold mode with prob = 0.43
ℹ [2025/12/09 18:20:45] Computing AUC scores...
Warning in .AUCell_calcAUC(geneSets = geneSets, rankings = rankings, nCores = nCores,  :
  The following gene sets will be excluded from the analysis(less than 20% of their genes are available):
gene_neg
Genes in the gene sets NOT available in the dataset: 
	gene_pos: 	383 (76% of 506)
Warning: AUC calculation did not return expected gene sets.  This may result from
inproper parameters, or missing genes in the dataset. returning empty results.
✔ [2025/12/09 18:21:08] scPP screening done.
! scPP result is not complete, maybe not suitable for this parameter pair, using default FALSE.prob = 0.43, Log2FC_cutoff = 0.079, process_33
ℹ [2025/12/09 18:21:09] Start scPP screening.
ℹ [2025/12/09 18:21:09] Finding overall markers...
ℹ [2025/12/09 18:21:09] Screening...
ℹ [2025/12/09 18:21:09] Running fixed threshold mode with prob = 0.16
ℹ [2025/12/09 18:21:10] Computing AUC scores...
Genes in the gene sets NOT available in the dataset: 
	gene_pos: 	43 (73% of 59)
	gene_neg: 	47 (62% of 76)
✔ [2025/12/09 18:21:30] Classified 1196 Positive, 1234 Negative cells
ℹ [2025/12/09 18:21:30] Finding markers between `Positive` and `Negative` group...
✔ [2025/12/09 18:21:32] Found 738 positive markers, 4090 negative markers
✔ [2025/12/09 18:21:32] scPP screening done.
! scPP result is not complete, maybe not suitable for this parameter pair, using default FALSE.prob = 0.16, Log2FC_cutoff = 0.601, process_34
ℹ [2025/12/09 18:21:33] Start scPP screening.
ℹ [2025/12/09 18:21:33] Finding overall markers...
ℹ [2025/12/09 18:21:34] Screening...
ℹ [2025/12/09 18:21:34] Running fixed threshold mode with prob = 0.16
ℹ [2025/12/09 18:21:34] Computing AUC scores...
Genes in the gene sets NOT available in the dataset: 
	gene_pos: 	16 (59% of 27)
	gene_neg: 	21 (55% of 38)
✔ [2025/12/09 18:21:54] Classified 1574 Positive, 1262 Negative cells
ℹ [2025/12/09 18:21:55] Finding markers between `Positive` and `Negative` group...
✔ [2025/12/09 18:21:57] Found 719 positive markers, 3772 negative markers
✔ [2025/12/09 18:21:57] scPP screening done.
! scPP result is not complete, maybe not suitable for this parameter pair, using default FALSE.prob = 0.16, Log2FC_cutoff = 0.715, process_35
ℹ [2025/12/09 18:21:59] Start scPP screening.
ℹ [2025/12/09 18:21:59] Finding overall markers...
ℹ [2025/12/09 18:21:59] Screening...
ℹ [2025/12/09 18:21:59] Running fixed threshold mode with prob = 0.33
ℹ [2025/12/09 18:22:00] Computing AUC scores...
Genes in the gene sets NOT available in the dataset: 
	gene_pos: 	77 (73% of 106)
	gene_neg: 	96 (62% of 154)
✔ [2025/12/09 18:22:22] Classified 4037 Positive, 3193 Negative cells
ℹ [2025/12/09 18:22:22] Finding markers between `Positive` and `Negative` group...
✔ [2025/12/09 18:22:25] Found 875 positive markers, 2991 negative markers
✔ [2025/12/09 18:22:25] scPP screening done.
! scPP result is not complete, maybe not suitable for this parameter pair, using default FALSE.prob = 0.33, Log2FC_cutoff = 0.514, process_36
ℹ [2025/12/09 18:22:27] Start scPP screening.
ℹ [2025/12/09 18:22:27] Finding overall markers...
ℹ [2025/12/09 18:22:28] Screening...
ℹ [2025/12/09 18:22:28] Running fixed threshold mode with prob = 0.35
ℹ [2025/12/09 18:22:28] Computing AUC scores...
Genes in the gene sets NOT available in the dataset: 
	gene_pos: 	14 (56% of 25)
	gene_neg: 	20 (56% of 36)
✔ [2025/12/09 18:22:48] Classified 4322 Positive, 4177 Negative cells
ℹ [2025/12/09 18:22:48] Finding markers between `Positive` and `Negative` group...
✔ [2025/12/09 18:22:53] Found 863 positive markers, 2590 negative markers
✔ [2025/12/09 18:22:53] scPP screening done.
! scPP result is not complete, maybe not suitable for this parameter pair, using default FALSE.prob = 0.35, Log2FC_cutoff = 0.72, process_37
ℹ [2025/12/09 18:22:54] Start scPP screening.
ℹ [2025/12/09 18:22:54] Finding overall markers...
ℹ [2025/12/09 18:22:55] Screening...
ℹ [2025/12/09 18:22:55] Running fixed threshold mode with prob = 0.42
ℹ [2025/12/09 18:22:56] Computing AUC scores...
Genes in the gene sets NOT available in the dataset: 
	gene_pos: 	11 (52% of 21)
	gene_neg: 	16 (52% of 31)
✔ [2025/12/09 18:23:15] Classified 6067 Positive, 6240 Negative cells
ℹ [2025/12/09 18:23:15] Finding markers between `Positive` and `Negative` group...
✔ [2025/12/09 18:23:20] Found 992 positive markers, 2043 negative markers
✔ [2025/12/09 18:23:20] scPP screening done.
! scPP result is not complete, maybe not suitable for this parameter pair, using default FALSE.prob = 0.42, Log2FC_cutoff = 0.75, process_38
ℹ [2025/12/09 18:23:22] Start scPP screening.
ℹ [2025/12/09 18:23:22] Finding overall markers...
ℹ [2025/12/09 18:23:22] Screening...
ℹ [2025/12/09 18:23:22] Running fixed threshold mode with prob = 0.33
ℹ [2025/12/09 18:23:23] Computing AUC scores...
Warning in .AUCell_calcAUC(geneSets = geneSets, rankings = rankings, nCores = nCores,  :
  The following gene sets will be excluded from the analysis(less than 20% of their genes are available):
gene_neg
Genes in the gene sets NOT available in the dataset: 
	gene_pos: 	379 (75% of 502)
Warning: AUC calculation did not return expected gene sets.  This may result from
inproper parameters, or missing genes in the dataset. returning empty results.
✔ [2025/12/09 18:23:45] scPP screening done.
! scPP result is not complete, maybe not suitable for this parameter pair, using default FALSE.prob = 0.33, Log2FC_cutoff = 0.096, process_39
ℹ [2025/12/09 18:23:46] Start scPP screening.
ℹ [2025/12/09 18:23:46] Finding overall markers...
ℹ [2025/12/09 18:23:46] Screening...
ℹ [2025/12/09 18:23:46] Running fixed threshold mode with prob = 0.26
ℹ [2025/12/09 18:23:47] Computing AUC scores...
Genes in the gene sets NOT available in the dataset: 
	gene_pos: 	142 (74% of 193)
	gene_neg: 	260 (67% of 389)
✔ [2025/12/09 18:24:08] Classified 3145 Positive, 2076 Negative cells
ℹ [2025/12/09 18:24:08] Finding markers between `Positive` and `Negative` group...
✔ [2025/12/09 18:24:11] Found 1006 positive markers, 3985 negative markers
✔ [2025/12/09 18:24:11] scPP screening done.
! scPP result is not complete, maybe not suitable for this parameter pair, using default FALSE.prob = 0.26, Log2FC_cutoff = 0.398, process_40
ℹ [2025/12/09 18:24:12] Start scPP screening.
ℹ [2025/12/09 18:24:12] Finding overall markers...
ℹ [2025/12/09 18:24:13] Screening...
ℹ [2025/12/09 18:24:13] Running fixed threshold mode with prob = 0.37
ℹ [2025/12/09 18:24:14] Computing AUC scores...
Genes in the gene sets NOT available in the dataset: 
	gene_pos: 	232 (75% of 310)
	gene_neg: 	669 (70% of 949)
✔ [2025/12/09 18:24:37] Classified 5393 Positive, 4692 Negative cells
ℹ [2025/12/09 18:24:37] Finding markers between `Positive` and `Negative` group...
✔ [2025/12/09 18:24:41] Found 1139 positive markers, 3416 negative markers
✔ [2025/12/09 18:24:41] scPP screening done.
! scPP result is not complete, maybe not suitable for this parameter pair, using default FALSE.prob = 0.37, Log2FC_cutoff = 0.294, process_41
ℹ [2025/12/09 18:24:43] Start scPP screening.
ℹ [2025/12/09 18:24:43] Finding overall markers...
ℹ [2025/12/09 18:24:44] Screening...
ℹ [2025/12/09 18:24:44] Running fixed threshold mode with prob = 0.41
ℹ [2025/12/09 18:24:44] Computing AUC scores...
Genes in the gene sets NOT available in the dataset: 
	gene_pos: 	36 (73% of 49)
	gene_neg: 	40 (61% of 66)
✔ [2025/12/09 18:25:05] Classified 5742 Positive, 5438 Negative cells
ℹ [2025/12/09 18:25:05] Finding markers between `Positive` and `Negative` group...
✔ [2025/12/09 18:25:11] Found 1010 positive markers, 2855 negative markers
✔ [2025/12/09 18:25:11] scPP screening done.
! scPP result is not complete, maybe not suitable for this parameter pair, using default FALSE.prob = 0.41, Log2FC_cutoff = 0.617, process_42
ℹ [2025/12/09 18:25:12] Start scPP screening.
ℹ [2025/12/09 18:25:12] Finding overall markers...
ℹ [2025/12/09 18:25:13] Screening...
ℹ [2025/12/09 18:25:13] Running fixed threshold mode with prob = 0.11
ℹ [2025/12/09 18:25:13] Computing AUC scores...
Genes in the gene sets NOT available in the dataset: 
	gene_pos: 	2 (29% of 7)
	gene_neg: 	4 (50% of 8)
✔ [2025/12/09 18:25:34] Classified 3020 Positive, 1076 Negative cells
ℹ [2025/12/09 18:25:34] Finding markers between `Positive` and `Negative` group...
✔ [2025/12/09 18:25:36] Found 506 positive markers, 890 negative markers
✔ [2025/12/09 18:25:37] scPP screening done.
! scPP result is not complete, maybe not suitable for this parameter pair, using default FALSE.prob = 0.11, Log2FC_cutoff = 0.974, process_43
ℹ [2025/12/09 18:25:38] Start scPP screening.
ℹ [2025/12/09 18:25:38] Finding overall markers...
ℹ [2025/12/09 18:25:38] Screening...
ℹ [2025/12/09 18:25:38] Running fixed threshold mode with prob = 0.39
ℹ [2025/12/09 18:25:39] Computing AUC scores...
Genes in the gene sets NOT available in the dataset: 
	gene_pos: 	36 (73% of 49)
	gene_neg: 	40 (61% of 66)
✔ [2025/12/09 18:25:59] Classified 5309 Positive, 4872 Negative cells
ℹ [2025/12/09 18:25:59] Finding markers between `Positive` and `Negative` group...
✔ [2025/12/09 18:26:04] Found 1008 positive markers, 2979 negative markers
✔ [2025/12/09 18:26:04] scPP screening done.
! scPP result is not complete, maybe not suitable for this parameter pair, using default FALSE.prob = 0.39, Log2FC_cutoff = 0.618, process_44
ℹ [2025/12/09 18:26:05] Start scPP screening.
ℹ [2025/12/09 18:26:05] Finding overall markers...
ℹ [2025/12/09 18:26:06] Screening...
ℹ [2025/12/09 18:26:06] Running fixed threshold mode with prob = 0.09
ℹ [2025/12/09 18:26:06] Computing AUC scores...
Genes in the gene sets NOT available in the dataset: 
	gene_pos: 	72 (73% of 98)
	gene_neg: 	89 (61% of 145)
✔ [2025/12/09 18:26:27] Classified 612 Positive, 477 Negative cells
ℹ [2025/12/09 18:26:27] Finding markers between `Positive` and `Negative` group...
✔ [2025/12/09 18:26:29] Found 571 positive markers, 3640 negative markers
✔ [2025/12/09 18:26:29] scPP screening done.
! scPP result is not complete, maybe not suitable for this parameter pair, using default FALSE.prob = 0.09, Log2FC_cutoff = 0.521, process_45
ℹ [2025/12/09 18:26:30] Start scPP screening.
ℹ [2025/12/09 18:26:30] Finding overall markers...
ℹ [2025/12/09 18:26:30] Screening...
ℹ [2025/12/09 18:26:30] Running fixed threshold mode with prob = 0.05
ℹ [2025/12/09 18:26:31] Computing AUC scores...
Genes in the gene sets NOT available in the dataset: 
	gene_pos: 	5 (42% of 12)
	gene_neg: 	6 (60% of 10)
✔ [2025/12/09 18:26:51] Classified 1372 Positive, 435 Negative cells
ℹ [2025/12/09 18:26:51] Finding markers between `Positive` and `Negative` group...
✔ [2025/12/09 18:26:53] Found 411 positive markers, 1153 negative markers
✔ [2025/12/09 18:26:53] scPP screening done.
! scPP result is not complete, maybe not suitable for this parameter pair, using default FALSE.prob = 0.05, Log2FC_cutoff = 0.903, process_46
ℹ [2025/12/09 18:26:54] Start scPP screening.
ℹ [2025/12/09 18:26:54] Finding overall markers...
ℹ [2025/12/09 18:26:55] Screening...
ℹ [2025/12/09 18:26:55] Running fixed threshold mode with prob = 0.15
ℹ [2025/12/09 18:26:55] Computing AUC scores...
Genes in the gene sets NOT available in the dataset: 
	gene_pos: 	32 (73% of 44)
	gene_neg: 	35 (58% of 60)
✔ [2025/12/09 18:27:16] Classified 943 Positive, 1274 Negative cells
ℹ [2025/12/09 18:27:16] Finding markers between `Positive` and `Negative` group...
✔ [2025/12/09 18:27:18] Found 661 positive markers, 3982 negative markers
✔ [2025/12/09 18:27:18] scPP screening done.
! scPP result is not complete, maybe not suitable for this parameter pair, using default FALSE.prob = 0.15, Log2FC_cutoff = 0.637, process_47
ℹ [2025/12/09 18:27:19] Start scPP screening.
ℹ [2025/12/09 18:27:19] Finding overall markers...
ℹ [2025/12/09 18:27:19] Screening...
ℹ [2025/12/09 18:27:19] Running fixed threshold mode with prob = 0.19
ℹ [2025/12/09 18:27:20] Computing AUC scores...
Genes in the gene sets NOT available in the dataset: 
	gene_pos: 	5 (42% of 12)
	gene_neg: 	7 (64% of 11)
✔ [2025/12/09 18:27:41] Classified 5165 Positive, 9545 Negative cells
ℹ [2025/12/09 18:27:41] Finding markers between `Positive` and `Negative` group...
✔ [2025/12/09 18:27:47] Found 859 positive markers, 800 negative markers
✔ [2025/12/09 18:27:47] scPP screening done.
! scPP result is not complete, maybe not suitable for this parameter pair, using default FALSE.prob = 0.19, Log2FC_cutoff = 0.864, process_48
ℹ [2025/12/09 18:27:48] Start scPP screening.
ℹ [2025/12/09 18:27:48] Finding overall markers...
ℹ [2025/12/09 18:27:48] Screening...
ℹ [2025/12/09 18:27:48] Running fixed threshold mode with prob = 0.17
ℹ [2025/12/09 18:27:49] Computing AUC scores...
Genes in the gene sets NOT available in the dataset: 
	gene_pos: 	268 (75% of 356)
	gene_neg: 	922 (70% of 1313)
✔ [2025/12/09 18:28:11] Classified 2159 Positive, 1098 Negative cells
ℹ [2025/12/09 18:28:11] Finding markers between `Positive` and `Negative` group...
✔ [2025/12/09 18:28:14] Found 880 positive markers, 4157 negative markers
✔ [2025/12/09 18:28:14] scPP screening done.
! scPP result is not complete, maybe not suitable for this parameter pair, using default FALSE.prob = 0.17, Log2FC_cutoff = 0.251, process_49
ℹ [2025/12/09 18:28:15] Start scPP screening.
ℹ [2025/12/09 18:28:15] Finding overall markers...
ℹ [2025/12/09 18:28:15] Screening...
ℹ [2025/12/09 18:28:15] Running fixed threshold mode with prob = 0.17
ℹ [2025/12/09 18:28:16] Computing AUC scores...
Genes in the gene sets NOT available in the dataset: 
	gene_pos: 	305 (75% of 406)
	gene_neg: 	1359 (73% of 1871)
✔ [2025/12/09 18:28:39] Classified 2114 Positive, 1087 Negative cells
ℹ [2025/12/09 18:28:39] Finding markers between `Positive` and `Negative` group...
✔ [2025/12/09 18:28:42] Found 848 positive markers, 4219 negative markers
✔ [2025/12/09 18:28:42] scPP screening done.
! scPP result is not complete, maybe not suitable for this parameter pair, using default FALSE.prob = 0.17, Log2FC_cutoff = 0.215, process_50
ℹ [2025/12/09 18:28:43] Start scPP screening.
ℹ [2025/12/09 18:28:43] Finding overall markers...
ℹ [2025/12/09 18:28:43] Screening...
ℹ [2025/12/09 18:28:43] Running fixed threshold mode with prob = 0.2
ℹ [2025/12/09 18:28:44] Computing AUC scores...
Genes in the gene sets NOT available in the dataset: 
	gene_pos: 	48 (72% of 67)
	gene_neg: 	53 (63% of 84)
✔ [2025/12/09 18:29:05] Classified 1855 Positive, 1502 Negative cells
ℹ [2025/12/09 18:29:05] Finding markers between `Positive` and `Negative` group...
✔ [2025/12/09 18:29:07] Found 819 positive markers, 4137 negative markers
✔ [2025/12/09 18:29:07] scPP screening done.
! scPP result is not complete, maybe not suitable for this parameter pair, using default FALSE.prob = 0.2, Log2FC_cutoff = 0.585, process_51
Warning: stack imbalance in '.Call', 15 then 17
Warning: stack imbalance in '<-', 2 then 4
            used   (Mb) gc trigger   (Mb)  max used   (Mb)
Ncells  10352732  552.9   18216212  972.9  18216212  972.9
Vcells 265758115 2027.6  773157628 5898.8 965353221 7365.1
✔ scPP random search completed.
