nohup: ignoring input
✔ Setting active project to "/home/yyx/R/Project/R_code/paper_SigBridgeR".
✔ Successfully merged 2 objects.
ℹ skip scissor
ℹ skip scpas
ℹ skip scab
ℹ skip scpp
Calculate differential gene set : AUCell
Finish!
Calculate differential gene set : UCell
Finish!
Calculate differential gene set : singscore
Finish!
Calculate differential gene set : ssgsea
Finish!
The following `from` values were not present in `x`: GOBP-NEURON-CELL-CELL-ADHESION, GOBP-PROTEIN-LOCALIZATION-TO-MOTILE-CILIUM, GOBP-RESPONSE-TO-SYMBIONT, GOBP-RESPONSE-TO-SYMBIOTIC-BACTERIUM, GOMF-RETINOIC-ACID-4-HYDROXYLASE-ACTIVITY, HP-ABSENT-INNER-AND-OUTER-DYNEIN-ARMS, HP-ANTALGIC-GAIT

── LP_SGL Done! ──

ℹ DEGAS has only 1 group
ℹ skip degas
Calculate differential gene set : AUCell
Finish!
Calculate differential gene set : UCell
Finish!
Calculate differential gene set : singscore
Finish!
Calculate differential gene set : ssgsea
Finish!

── PIPET Done! ──

✔ All done!
