nohup: ignoring input

Attaching package: ‘dplyr’

The following objects are masked from ‘package:stats’:

    filter, lag

The following objects are masked from ‘package:base’:

    intersect, setdiff, setequal, union


Attaching package: ‘data.table’

The following objects are masked from ‘package:dplyr’:

    between, first, last

ℹ Updating SigBridgeR documentation
ℹ Loading SigBridgeR
✔ SigBridgeR v2.5.4 loaded
[1] TRUE
[1] TRUE
  |                                                                              |                                                                      |   0%############### LOG OUTPUT ###############
Task: 1
Node: 2
Timestamp: 2025-11-11 10:31:48.920795
Success: TRUE

Task duration:
   user  system elapsed 
 95.882  25.799 114.511 

Memory used:
            used   (Mb) gc trigger   (Mb)  max used   (Mb)
Ncells  10263481  548.2   16275887  869.3  16275887  869.3
Vcells 263359343 2009.3  363292200 2771.7 270741923 2065.6

Log messages:
INFO [2025-11-11 10:29:54] loading futile.logger package
WARN [2025-11-11 10:30:41] Layer counts isn't present in the assay object; returning NULL

stderr and stdout:
Warning: Layer counts isn't present in the assay object; returning NULL
Building SNN based on a provided distance matrix
Computing SNN
process_1 finished.

  |                                                                              |=                                                                     |   2%