nohup: ignoring input
Registered S3 methods overwritten by 'Seqinfo':
  method                from        
  as.data.frame.Seqinfo GenomeInfoDb
  merge.Seqinfo         GenomeInfoDb
  summary.Seqinfo       GenomeInfoDb

Attaching package: ‘dplyr’

The following objects are masked from ‘package:stats’:

    filter, lag

The following objects are masked from ‘package:base’:

    intersect, setdiff, setequal, union


Attaching package: ‘data.table’

The following objects are masked from ‘package:dplyr’:

    between, first, last

Warning in asMethod(object) :
  sparse->dense coercion: allocating vector of size 5.8 GiB
ℹ GSVA version 2.2.1
ℹ Using a MulticoreParam parallel back-end with 2 workers
ℹ Calculating GSVA ranks
ℹ kcdf='auto' (default)
ℹ GSVA dense (classical) algorithm
ℹ Direct row-wise ECDFs estimation
Estimating row ECDFs with 2 cores ■■■■■■■■■■                        30% | ETA: …
Estimating row ECDFs with 2 cores ■■■■■■■■■■■■■                     40% | ETA: …
Estimating row ECDFs with 2 cores ■■■■■■■■■■■■■■■■                  50% | ETA: …
Estimating row ECDFs with 2 cores ■■■■■■■■■■■■■■■■■■■               60% | ETA: …
Estimating row ECDFs with 2 cores ■■■■■■■■■■■■■■■■■■■■■■            70% | ETA: …
Estimating row ECDFs with 2 cores ■■■■■■■■■■■■■■■■■■■■■■■■■         80% | ETA: …
Estimating row ECDFs with 2 cores ■■■■■■■■■■■■■■■■■■■■■■■■■■■■      90% | ETA: …
Estimating row ECDFs with 2 cores ■■■■■■■■■■■■■■■■■■■■■■■■■■■■■■■  100% | ETA: …
⠙ Calculating GSVA column ranks 4 done (1.5/s) | 2.7s
⠹ Calculating GSVA column ranks 7 done (1.3/s) | 5.4s
⠸ Calculating GSVA column ranks 10 done (1.1/s) | 8.7s
⠼ Calculating GSVA column ranks 13 done (1.1/s) | 11.9s
⠴ Calculating GSVA column ranks 16 done (1.1/s) | 15.1s
⠦ Calculating GSVA column ranks 19 done (1/s) | 18.6s
⠧ Calculating GSVA column ranks 22 done (0.98/s) | 22.3s
⠇ Calculating GSVA column ranks 24 done (0.94/s) | 25.6s
⠏ Calculating GSVA column ranks 26 done (0.93/s) | 28.1s
⠋ Calculating GSVA column ranks 29 done (0.91/s) | 31.9s
⠙ Calculating GSVA column ranks 31 done (0.89/s) | 34.9s
⠹ Calculating GSVA column ranks 33 done (0.87/s) | 38s
⠸ Calculating GSVA column ranks 35 done (0.85/s) | 41.1s
⠼ Calculating GSVA column ranks 37 done (0.84/s) | 44.1s
⠴ Calculating GSVA column ranks 39 done (0.82/s) | 47.5s
⠦ Calculating GSVA column ranks 41 done (0.81/s) | 50.8s
⠧ Calculating GSVA column ranks 43 done (0.79/s) | 54.4s
⠇ Calculating GSVA column ranks 45 done (0.78/s) | 57.8s
⠏ Calculating GSVA column ranks 47 done (0.76/s) | 1m 1.5s
⠋ Calculating GSVA column ranks 49 done (0.75/s) | 1m 5.2s
⠙ Calculating GSVA column ranks 50 done (0.75/s) | 1m 7s
⠹ Calculating GSVA column ranks 52 done (0.73/s) | 1m 10.9s
⠸ Calculating GSVA column ranks 53 done (0.73/s) | 1m 13s
⠼ Calculating GSVA column ranks 54 done (0.7/s) | 1m 16.8s
⠴ Calculating GSVA column ranks 56 done (0.7/s) | 1m 20.3s
⠦ Calculating GSVA column ranks 57 done (0.69/s) | 1m 22.1s
⠧ Calculating GSVA column ranks 59 done (0.69/s) | 1m 25.9s
⠇ Calculating GSVA column ranks 61 done (0.68/s) | 1m 30.2s
⠏ Calculating GSVA column ranks 62 done (0.67/s) | 1m 32.1s
⠋ Calculating GSVA column ranks 64 done (0.67/s) | 1m 36.2s
⠙ Calculating GSVA column ranks 65 done (0.66/s) | 1m 38.2s
⠹ Calculating GSVA column ranks 67 done (0.65/s) | 1m 43s
⠸ Calculating GSVA column ranks 68 done (0.65/s) | 1m 45.1s
⠼ Calculating GSVA column ranks 70 done (0.64/s) | 1m 49.5s
⠴ Calculating GSVA column ranks 71 done (0.63/s) | 1m 51.9s
⠦ Calculating GSVA column ranks 72 done (0.63/s) | 1m 54.2s
⠧ Calculating GSVA column ranks 73 done (0.63/s) | 1m 56.4s
⠇ Calculating GSVA column ranks 75 done (0.62/s) | 2m 1.2s
⠏ Calculating GSVA column ranks 76 done (0.61/s) | 2m 3.6s
⠋ Calculating GSVA column ranks 77 done (0.61/s) | 2m 6s
⠙ Calculating GSVA column ranks 78 done (0.61/s) | 2m 8.7s
⠹ Calculating GSVA column ranks 80 done (0.6/s) | 2m 13.4s
⠸ Calculating GSVA column ranks 81 done (0.6/s) | 2m 16s
⠼ Calculating GSVA column ranks 82 done (0.59/s) | 2m 18.5s
⠴ Calculating GSVA column ranks 83 done (0.59/s) | 2m 21.2s
⠦ Calculating GSVA column ranks 85 done (0.58/s) | 2m 26.2s
⠧ Calculating GSVA column ranks 86 done (0.58/s) | 2m 28.8s
⠇ Calculating GSVA column ranks 87 done (0.57/s) | 2m 31.6s
⠏ Calculating GSVA column ranks 88 done (0.57/s) | 2m 34.2s
⠋ Calculating GSVA column ranks 89 done (0.57/s) | 2m 36.8s
⠙ Calculating GSVA column ranks 90 done (0.56/s) | 2m 39.8s
⠹ Calculating GSVA column ranks 91 done (0.56/s) | 2m 42.4s
⠸ Calculating GSVA column ranks 92 done (0.56/s) | 2m 45s
⠼ Calculating GSVA column ranks 94 done (0.55/s) | 2m 50.6s
⠴ Calculating GSVA column ranks 95 done (0.54/s) | 2m 54.9s
⠦ Calculating GSVA column ranks 96 done (0.54/s) | 2m 57.7s
⠧ Calculating GSVA column ranks 98 done (0.54/s) | 3m 3s
⠇ Calculating GSVA column ranks 99 done (0.53/s) | 3m 6s
⠏ Calculating GSVA column ranks 100 done (0.53/s) | 3m 8.7s
ℹ Using a MulticoreParam parallel back-end with 2 workers
ℹ Calculating GSVA scores
ℹ Calculating GSVA scores with 2 cores
✔ Calculations finished
