nohup: ignoring input
Registered S3 methods overwritten by 'Seqinfo':
  method                from        
  as.data.frame.Seqinfo GenomeInfoDb
  merge.Seqinfo         GenomeInfoDb
  summary.Seqinfo       GenomeInfoDb

Attaching package: ‘dplyr’

The following objects are masked from ‘package:stats’:

    filter, lag

The following objects are masked from ‘package:base’:

    intersect, setdiff, setequal, union


Attaching package: ‘data.table’

The following objects are masked from ‘package:dplyr’:

    between, first, last

Warning in asMethod(object) :
  sparse->dense coercion: allocating vector of size 5.8 GiB
ℹ GSVA version 2.2.1
ℹ Using a MulticoreParam parallel back-end with 4 workers
ℹ Calculating GSVA ranks
ℹ kcdf='auto' (default)
ℹ GSVA dense (classical) algorithm
ℹ Direct row-wise ECDFs estimation
Estimating row ECDFs with 4 cores ■■■■■■■■■■                        30% | ETA: …
Estimating row ECDFs with 4 cores ■■■■■■■■■■■■■                     40% | ETA: …
Estimating row ECDFs with 4 cores ■■■■■■■■■■■■■■■■                  50% | ETA: …
Estimating row ECDFs with 4 cores ■■■■■■■■■■■■■■■■■■■               60% | ETA: …
Estimating row ECDFs with 4 cores ■■■■■■■■■■■■■■■■■■■■■■            70% | ETA: …
Estimating row ECDFs with 4 cores ■■■■■■■■■■■■■■■■■■■■■■■■■         80% | ETA: …
Estimating row ECDFs with 4 cores ■■■■■■■■■■■■■■■■■■■■■■■■■■■■      90% | ETA: …
Estimating row ECDFs with 4 cores ■■■■■■■■■■■■■■■■■■■■■■■■■■■■■■■  100% | ETA: …
⠙ Calculating GSVA column ranks 5 done (2.1/s) | 2.3s
⠹ Calculating GSVA column ranks 9 done (1.7/s) | 5.3s
⠸ Calculating GSVA column ranks 13 done (1.5/s) | 8.5s
⠼ Calculating GSVA column ranks 16 done (1.4/s) | 11.2s
⠴ Calculating GSVA column ranks 20 done (1.3/s) | 15.3s
⠦ Calculating GSVA column ranks 23 done (1.3/s) | 18s
⠧ Calculating GSVA column ranks 25 done (1.2/s) | 21.2s
⠇ Calculating GSVA column ranks 28 done (1.2/s) | 24.2s
⠏ Calculating GSVA column ranks 30 done (1.1/s) | 27.1s
⠋ Calculating GSVA column ranks 33 done (1.1/s) | 31.3s
⠙ Calculating GSVA column ranks 36 done (1/s) | 35.4s
⠹ Calculating GSVA column ranks 38 done (0.99/s) | 38.4s
⠸ Calculating GSVA column ranks 39 done (0.97/s) | 40s
⠼ Calculating GSVA column ranks 42 done (0.94/s) | 44.5s
⠴ Calculating GSVA column ranks 44 done (0.92/s) | 47.8s
⠦ Calculating GSVA column ranks 45 done (0.91/s) | 49.3s
⠧ Calculating GSVA column ranks 48 done (0.88/s) | 54.5s
⠇ Calculating GSVA column ranks 49 done (0.88/s) | 55.4s
⠏ Calculating GSVA column ranks 51 done (0.85/s) | 59.7s
⠋ Calculating GSVA column ranks 52 done (0.84/s) | 1m 1.8s
⠙ Calculating GSVA column ranks 54 done (0.83/s) | 1m 5.3s
⠹ Calculating GSVA column ranks 55 done (0.79/s) | 1m 9.3s
⠸ Calculating GSVA column ranks 57 done (0.79/s) | 1m 12.4s
⠼ Calculating GSVA column ranks 58 done (0.78/s) | 1m 14.4s
⠴ Calculating GSVA column ranks 60 done (0.77/s) | 1m 18.1s
⠦ Calculating GSVA column ranks 62 done (0.75/s) | 1m 22.5s
⠧ Calculating GSVA column ranks 63 done (0.75/s) | 1m 24.3s
⠇ Calculating GSVA column ranks 64 done (0.74/s) | 1m 26.4s
⠏ Calculating GSVA column ranks 66 done (0.73/s) | 1m 30.4s
⠋ Calculating GSVA column ranks 68 done (0.73/s) | 1m 32.5s
⠙ Calculating GSVA column ranks 69 done (0.71/s) | 1m 37.5s
⠹ Calculating GSVA column ranks 71 done (0.71/s) | 1m 39.4s
⠸ Calculating GSVA column ranks 72 done (0.69/s) | 1m 44.9s
⠼ Calculating GSVA column ranks 74 done (0.68/s) | 1m 49.3s
⠴ Calculating GSVA column ranks 75 done (0.67/s) | 1m 51.9s
⠦ Calculating GSVA column ranks 77 done (0.66/s) | 1m 56.2s
⠧ Calculating GSVA column ranks 78 done (0.66/s) | 1m 58.4s
⠇ Calculating GSVA column ranks 80 done (0.66/s) | 2m 2.1s
⠏ Calculating GSVA column ranks 81 done (0.64/s) | 2m 5.8s
⠋ Calculating GSVA column ranks 82 done (0.65/s) | 2m 6.8s
⠙ Calculating GSVA column ranks 84 done (0.62/s) | 2m 14.7s
⠹ Calculating GSVA column ranks 85 done (0.63/s) | 2m 15.5s
⠸ Calculating GSVA column ranks 87 done (0.61/s) | 2m 21.6s
⠼ Calculating GSVA column ranks 89 done (0.61/s) | 2m 27s
⠴ Calculating GSVA column ranks 90 done (0.6/s) | 2m 29.4s
⠦ Calculating GSVA column ranks 91 done (0.6/s) | 2m 32.4s
⠧ Calculating GSVA column ranks 93 done (0.59/s) | 2m 37.7s
⠇ Calculating GSVA column ranks 94 done (0.59/s) | 2m 40.5s
⠏ Calculating GSVA column ranks 95 done (0.58/s) | 2m 43.2s
⠋ Calculating GSVA column ranks 96 done (0.58/s) | 2m 46s
⠙ Calculating GSVA column ranks 99 done (0.57/s) | 2m 54.5s
⠹ Calculating GSVA column ranks 100 done (0.57/s) | 2m 55.5s
ℹ Using a MulticoreParam parallel back-end with 4 workers
ℹ Calculating GSVA scores
ℹ Calculating GSVA scores with 4 cores
✔ Calculations finished
✔ Done!
