nohup: ignoring input

Attaching package: ‘dplyr’

The following objects are masked from ‘package:stats’:

    filter, lag

The following objects are masked from ‘package:base’:

    intersect, setdiff, setequal, union

✔ SigBridgeR v3.0.2 loaded
[1] 15201 50865
[1] 11620
Running with:
  n_cells
1    1000
ℹ `label_type` not specified or not of length "1", using "scPAS"
ℹ [2026/01/09 18:52:15] Start scPAS screening.
ℹ [2026/01/09 18:52:16] Quantile normalizing bulk data
ℹ [2026/01/09 18:52:16] Extracting single-cell expression profiles...
ℹ [2026/01/09 18:52:16] Constructing a gene-gene similarity by single cell data
Building SNN based on a provided distance matrix
Computing SNN
ℹ [2026/01/09 18:52:19] Optimizing the network-regularized sparse regression model
ℹ [2026/01/09 18:52:19] Perform cox regression on the given phenotypes...

── At alpha = 0.01 ──

lambda = 1.59260489066049
scPAS identified 415 risk+ features and 455 risk- features.
The percentage of selected feature is: 35.452%
ℹ [2026/01/09 18:55:53] Calculating quantified risk scores...
ℹ [2026/01/09 18:55:53] Qualitative identification by permutation test program with 2000 times random perturbations...
✔ [2026/01/09 18:55:55] scPAS screening done.
2    5000
ℹ `label_type` not specified or not of length "1", using "scPAS"
ℹ [2026/01/09 19:07:12] Start scPAS screening.
ℹ [2026/01/09 19:07:13] Quantile normalizing bulk data
ℹ [2026/01/09 19:07:14] Extracting single-cell expression profiles...
ℹ [2026/01/09 19:07:14] Constructing a gene-gene similarity by single cell data
Building SNN based on a provided distance matrix
Computing SNN
ℹ [2026/01/09 19:07:16] Optimizing the network-regularized sparse regression model
ℹ [2026/01/09 19:07:16] Perform cox regression on the given phenotypes...

── At alpha = 0.01 ──

lambda = 1.66506584893443
scPAS identified 411 risk+ features and 463 risk- features.
The percentage of selected feature is: 35.199%
ℹ [2026/01/09 19:14:43] Calculating quantified risk scores...
ℹ [2026/01/09 19:14:44] Qualitative identification by permutation test program with 2000 times random perturbations...
✔ [2026/01/09 19:14:51] scPAS screening done.
3   10000
ℹ `label_type` not specified or not of length "1", using "scPAS"
ℹ [2026/01/09 19:35:33] Start scPAS screening.
ℹ [2026/01/09 19:35:36] Quantile normalizing bulk data
ℹ [2026/01/09 19:35:36] Extracting single-cell expression profiles...
ℹ [2026/01/09 19:35:36] Constructing a gene-gene similarity by single cell data
Building SNN based on a provided distance matrix
Computing SNN
ℹ [2026/01/09 19:35:39] Optimizing the network-regularized sparse regression model
ℹ [2026/01/09 19:35:39] Perform cox regression on the given phenotypes...

── At alpha = 0.01 ──

lambda = 1.59068730574418
scPAS identified 426 risk+ features and 466 risk- features.
The percentage of selected feature is: 35.595%
ℹ [2026/01/09 19:43:45] Calculating quantified risk scores...
ℹ [2026/01/09 19:43:46] Qualitative identification by permutation test program with 2000 times random perturbations...
✔ [2026/01/09 19:43:58] scPAS screening done.
4   50000
ℹ `label_type` not specified or not of length "1", using "scPAS"
ℹ [2026/01/09 20:10:50] Start scPAS screening.
ℹ [2026/01/09 20:11:02] Quantile normalizing bulk data
ℹ [2026/01/09 20:11:02] Extracting single-cell expression profiles...
ℹ [2026/01/09 20:11:05] Constructing a gene-gene similarity by single cell data
Building SNN based on a provided distance matrix
Computing SNN
ℹ [2026/01/09 20:11:14] Optimizing the network-regularized sparse regression model
ℹ [2026/01/09 20:11:14] Perform cox regression on the given phenotypes...

── At alpha = 0.01 ──

lambda = 1.743261015481
scPAS identified 390 risk+ features and 437 risk- features.
The percentage of selected feature is: 33.146%
ℹ [2026/01/09 20:19:48] Calculating quantified risk scores...
ℹ [2026/01/09 20:19:53] Qualitative identification by permutation test program with 2000 times random perturbations...
✔ [2026/01/09 20:20:39] scPAS screening done.
5  100000
Error in `Screen()`:
! `sc_data` must inherit from class 'Seurat'.
Backtrace:
     ▆
  1. ├─... %>% mutate(n_cells = as.factor(n_cells))
  2. ├─dplyr::mutate(., n_cells = as.factor(n_cells))
  3. ├─bench::press(...)
  4. │ └─base::lapply(seq_len(nrow(parameters)), eval_one)
  5. │   └─bench (local) FUN(X[[i]], ...)
  6. │     └─rlang::eval_tidy(args[[which(unnamed)]], data = env)
  7. └─bench::mark(...)
  8.   └─bench (local) eval_one(exprs[[i]], memory)
  9.     └─base::eval(e, env)
 10.       └─base::eval(e, env)
 11.         └─SigBridgeR::Screen(...)
 12.           └─chk::chk_is(sc_data, "Seurat")
 13.             └─chk::abort_chk(...)
 14.               └─chk::err(..., n = n, tidy = tidy, class = "chk_error", call = call)
 15.                 └─rlang::abort(msg, class = class, !!!args[named], call = call)
Execution halted
