nohup: ignoring input

Attaching package: ‘dplyr’

The following objects are masked from ‘package:stats’:

    filter, lag

The following objects are masked from ‘package:base’:

    intersect, setdiff, setequal, union


Attaching package: ‘data.table’

The following objects are masked from ‘package:dplyr’:

    between, first, last

ℹ Updating SigBridgeR documentation
ℹ Loading SigBridgeR
✔ SigBridgeR v2.5.4 loaded
ℹ [2025/12/05 10:09:09] Scissor start...
ℹ [2025/12/05 10:09:09] Start from raw data...
ℹ Using "RNA_snn" graph for network.
Warning in asMethod(object) :
  sparse->dense coercion: allocating vector of size 22.3 GiB
ℹ [2025/12/05 10:09:30] Normalizing quantiles of data
Warning in asMethod(object) :
  sparse->dense coercion: allocating vector of size 5.0 GiB
ℹ [2025/12/05 10:11:02] Subsetting data
ℹ [2025/12/05 10:11:09] Calculating correlation
----------------------------------------
Five-number summary of correlations:
0.329022 0.407891 0.422383 0.434149 0.470962
----------------------------------------
ℹ Current phenotype contains 17 tumor_Negative and 104 tumor_Positive samples.
ℹ [2025/12/05 10:13:35] Perform logistic regression on the given phenotypes...
ℹ [2025/12/05 10:13:36] Screening...

── At alpha = 0.005 ──

Scissor identified 10306 Scissor+ cells and 22150 Scissor- cells.
The percentage of selected cell is: 59.389%

── At alpha = 0.01 ──

Scissor identified 9250 Scissor+ cells and 16092 Scissor- cells.
The percentage of selected cell is: 46.371%

── At alpha = 0.05 ──

Scissor identified 5469 Scissor+ cells and 6652 Scissor- cells.
The percentage of selected cell is: 22.179%

── At alpha = 0.1 ──

Scissor identified 3839 Scissor+ cells and 4196 Scissor- cells.
The percentage of selected cell is: 14.703%
ℹ [2025/12/05 11:22:20] Scissor Ended.
