nohup: ignoring input
✔ Successfully merged 2 objects.
Calculate differential gene set : AUCell
Finish!
Calculate differential gene set : UCell
Finish!
Calculate differential gene set : singscore
Finish!
Calculate differential gene set : ssgsea
Finish!
The following `from` values were not present in `x`: GOBP-NEGATIVE-REGULATION-OF-LAMELLIPODIUM-ASSEMBLY, GOBP-NEGATIVE-REGULATION-OF-WOUND-HEALING-SPREADING-OF-EPIDERMAL-CELLS, GOBP-POSITIVE-REGULATION-OF-MONOCYTE-EXTRAVASATION, GOBP-REGULATION-OF-ACROSOME-REACTION, GOBP-REGULATION-OF-MONOCYTE-EXTRAVASATION, GOCC-CYTOPLASMIC-SIDE-OF-MITOCHONDRIAL-OUTER-MEMBRANE, GOCC-HAPTOGLOBIN-HEMOGLOBIN-COMPLEX, GOMF-FATZ-BINDING, GOMF-GLIAL-CELL-DERIVED-NEUROTROPHIC-FACTOR-RECEPTOR-ACTIVITY, GOMF-HAPTOGLOBIN-BINDING, GOMF-HEMOGLOBIN-ALPHA-BINDING, GOMF-HEMOGLOBIN-BINDING
✔ Done scPAS!
Calculate differential gene set : AUCell
Finish!
Calculate differential gene set : UCell
Finish!
Calculate differential gene set : singscore
Finish!
Calculate differential gene set : ssgsea
Finish!
The following `from` values were not present in `x`: GOBP-GENERAL-ADAPTATION-SYNDROME-BEHAVIORAL-PROCESS, GOBP-PROTECTION-FROM-NATURAL-KILLER-CELL-MEDIATED-CYTOTOXICITY, GOMF-HEMOGLOBIN-ALPHA-BINDING, GOMF-HEMOGLOBIN-BINDING
✔ Done scAB!
Calculate differential gene set : AUCell
Finish!
Calculate differential gene set : UCell
Finish!
Calculate differential gene set : singscore
Finish!
Calculate differential gene set : ssgsea
Finish!
The following `from` values were not present in `x`: GOBP-BASE-EXCISION-REPAIR, GOBP-BASE-EXCISION-REPAIR-GAP-FILLING, GOBP-BIOLOGICAL-PROCESS-INVOLVED-IN-INTRASPECIES-INTERACTION-BETWEEN-ORGANISMS, GOBP-CELLULAR-RESPONSE-TO-MAGNESIUM-ION, GOBP-CENTRIOLE-ELONGATION, GOBP-CHIASMA-ASSEMBLY, GOBP-DE-NOVO-PYRIMIDINE-NUCLEOBASE-BIOSYNTHETIC-PROCESS, GOBP-DNA-DOUBLE-STRAND-BREAK-PROCESSING, GOBP-DNA-INTEGRATION, GOBP-EGG-ACTIVATION, GOBP-FOLIC-ACID-METABOLIC-PROCESS, GOBP-FRUCTOSE-METABOLIC-PROCESS, GOBP-G-PROTEIN-COUPLED-GLUTAMATE-RECEPTOR-SIGNALING-PATHWAY, GOBP-GLIAL-CELL-DERIVED-NEUROTROPHIC-FACTOR-RECEPTOR-SIGNALING-PATHWAY, GOBP-GLYCOSYLCERAMIDE-BIOSYNTHETIC-PROCESS, GOBP-GROWTH-HORMONE-RECEPTOR-SIGNALING-PATHWAY-VIA-JAK-STAT, GOBP-HEART-FIELD-SPECIFICATION, GOBP-IMMUNOGLOBULIN-V-D-J-RECOMBINATION, GOBP-METANEPHRIC-TUBULE-FORMATION, GOBP-MITOCHONDRIAL-ADP-TRANSMEMBRANE-TRANSPORT, GOBP-MITOCHONDRIAL-ATP-TRANSMEMBRANE-TRANSPORT, GOBP-MODULATION-BY-HOST-OF-VIRAL-RNA-GENOME-REPLICATION, GOBP-MONOCYTE-EXTRAVASATION, GOBP-N-TERMINAL-PROTEIN-LIPIDATION, GOBP-NEGATIVE-REGULATION-OF-DOUBLE-STRAND-BREAK-REPAIR-VIA-NONHOMOLOGOUS-END-JOINING, GOBP-NEGATIVE-REGULATION-OF-ERAD-PATHWAY, GOBP-NEGATIVE-REGULATION-OF-GLOMERULAR-FILTRATION, GOBP-NEGATIVE-REGULATION-OF-NEUTROPHIL-ACTIVATION, GOBP-NEGATIVE-REGULATION-OF-STEROID-HORMONE-SECRETION, GOBP-NITROGEN-UTILIZATION, GOBP-NOTOCHORD-MORPHOGENESIS, GOBP-PHOSPHOLIPASE-C-ACTIVATING-G-PROTEIN-COUPLED-ACETYLCHOLINE-RECEPTOR-SIGNALING-PATHWAY, GOBP-POSITIVE-REGULATION-OF-ADIPOSE-TISSUE-DEVELOPMENT, GOBP-POSITIVE-REGULATION-OF-CALCIUM-ION-IMPORT-ACROSS-PLASMA-MEMBRANE, GOBP-POSITIVE-REGULATION-OF-CARDIOCYTE-DIFFERENTIATION, GOBP-POSITIVE-REGULATION-OF-CYTOPLASMIC-MRNA-PROCESSING-BODY-ASSEMBLY, GOBP-POSITIVE-REGULATION-OF-ENDOPLASMIC-RETICULUM-UNFOLDED-PROTEIN-RESPONSE, GOBP-POSITIVE-REGULATION-OF-FEEDING-BEHAVIOR, GOBP-POSITIVE-REGULATION-OF-GONAD-DEVELOPMENT, GOBP-POSITIVE-REGULATION-OF-IRE1-MEDIATED-UNFOLDED-PROTEIN-RESPONSE, GOBP-POSITIVE-REGULATION-OF-JUN-KINASE-ACTIVITY, GOBP-POSITIVE-REGULATION-OF-MEIOTIC-CELL-CYCLE, GOBP-POSITIVE-REGULATION-OF-PROGRAMMED-NECROTIC-CELL-DEATH, GOBP-POSITIVE-REGULATION-OF-SYNAPSE-MATURATION, GOBP-POSITIVE-REGULATION-OF-TELOMERE-CAPPING, GOBP-POSITIVE-REGULATION-OF-VASCULAR-ASSOCIATED-SMOOTH-MUSCLE-CELL-APOPTOTIC-PROCESS, GOBP-PTERIDINE-CONTAINING-COMPOUND-BIOSYNTHETIC-PROCESS, GOBP-PURINE-NUCLEOSIDE-MONOPHOSPHATE-CATABOLIC-PROCESS, GOBP-PYRIMIDINE-NUCLEOBASE-BIOSYNTHETIC-PROCESS, GOBP-PYRIMIDINE-RIBONUCLEOSIDE-MONOPHOSPHATE-METABOLIC-PROCESS, GOBP-REGULATION-OF-ADIPOSE-TISSUE-DEVELOPMENT, GOBP-REGULATION-OF-CENTRIOLE-ELONGATION, GOBP-REGULATION-OF-CENTROMERE-COMPLEX-ASSEMBLY, GOBP-REGULATION-OF-CRISTAE-FORMATION, GOBP-REGULATION-OF-DOPAMINERGIC-NEURON-DIFFERENTIATION, GOBP-REGULATION-OF-MALE-GONAD-DEVELOPMENT, GOBP-REGULATION-OF-RESPIRATORY-SYSTEM-PROCESS, GOBP-REGULATION-OF-SKELETAL-MUSCLE-CONTRACTION-BY-REGULATION-OF-RELEASE-OF-SEQUESTERED-CALCIUM-ION, GOBP-REGULATION-OF-SODIUM-DEPENDENT-PHOSPHATE-TRANSPORT, GOBP-RESPONSE-TO-PROSTAGLANDIN-E, GOBP-SEBACEOUS-GLAND-DEVELOPMENT, GOBP-SODIUM-DEPENDENT-PHOSPHATE-TRANSPORT, GOBP-SPLICEOSOMAL-CONFORMATIONAL-CHANGES-TO-GENERATE-CATALYTIC-CONFORMATION, GOBP-SUCCINATE-METABOLIC-PROCESS, GOBP-SUGAR-MEDIATED-SIGNALING-PATHWAY, GOBP-THIRD-VENTRICLE-DEVELOPMENT, GOBP-TRACHEA-CARTILAGE-DEVELOPMENT, GOBP-TRANSCRIPTION-COUPLED-NUCLEOTIDE-EXCISION-REPAIR, GOBP-UDP-BIOSYNTHETIC-PROCESS, GOBP-VOLUNTARY-MUSCULOSKELETAL-MOVEMENT, GOCC-ATAC-COMPLEX, GOCC-CHROMAFFIN-GRANULE-MEMBRANE, GOCC-PHOTORECEPTOR-OUTER-SEGMENT-MEMBRANE, GOCC-TORC2-COMPLEX, GOCC-TRANSCRIPTION-FACTOR-TFIIA-COMPLEX, GOCC-U7-SNRNP, GOMF-CALCIUM-DEPENDENT-PROTEIN-SERINE-THREONINE-PHOSPHATASE-REGULATOR-ACTIVITY, GOMF-CTPASE-ACTIVITY, GOMF-DIPEPTIDYL-PEPTIDASE-ACTIVITY, GOMF-DNA-DIRECTED-DNA-POLYMERASE-ACTIVITY, GOMF-MAP-KINASE-KINASE-ACTIVITY, GOMF-MINOR-GROOVE-OF-ADENINE-THYMINE-RICH-DNA-BINDING, GOMF-MITOCHONDRIAL-RIBOSOME-BINDING, GOMF-NAD-DEPENDENT-PROTEIN-LYSINE-DEACYLASE-ACTIVITY, GOMF-OXIDATIVE-RNA-DEMETHYLASE-ACTIVITY, GOMF-OXIDOREDUCTASE-ACTIVITY-ACTING-ON-A-HEME-GROUP-OF-DONORS, GOMF-PHOSPHATIDIC-ACID-TRANSFER-ACTIVITY, GOMF-SODIUM-ION-BINDING, GOMF-SULFURIC-ESTER-HYDROLASE-ACTIVITY, HP-ABNORMAL-CARDIAC-TEST, HP-ABNORMAL-OSSIFICATION-OF-THE-PUBIC-BONE, HP-ABNORMAL-PROXIMAL-FEMORAL-METAPHYSIS-MORPHOLOGY, HP-ABNORMAL-SLEEP-ARCHITECTURE, HP-ABSENT-HYPOPLASTIC-PARANASAL-SINUSES, HP-ANGIOID-STREAKS-OF-THE-FUNDUS, HP-APLASIA-HYPOPLASIA-OF-THE-THYROID-GLAND, HP-BILATERAL-CAMPTODACTYLY, HP-BRONCHIAL-WALL-THICKENING, HP-DECREASED-TOTAL-EOSINOPHIL-COUNT, HP-DEVIATION-OF-THE-2ND-TOE, HP-DISTAL-SYMPHALANGISM, HP-EXTRAPYRAMIDAL-DYSKINESIA, HP-FEW-CAFE-AU-LAIT-SPOTS, HP-FLUCTUATIONS-IN-CONSCIOUSNESS, HP-GRANULOCYTIC-HYPERPLASIA, HP-HEPARAN-SULFATE-EXCRETION-IN-URINE, HP-INCREASED-BODY-MASS-INDEX, HP-INCREASED-PROPORTION-OF-CD25-MAST-CELLS, HP-MITOCHONDRIAL-DEPLETION, HP-MULTIPLE-JOINT-DISLOCATION, HP-MYOCLONIC-STATUS-EPILEPTICUS, HP-OPTIC-NERVE-GLIOMA, HP-PERINEAL-HYPOSPADIAS, HP-PERIVENTRICULAR-WHITE-MATTER-HYPERINTENSITIES, HP-PERSONALITY-DISORDER, HP-PROLONGED-BLEEDING-FOLLOWING-CIRCUMCISION, HP-PSYCHOTIC-MENTATION, HP-SUBSARCOLEMMAL-ACCUMULATIONS-OF-ABNORMALLY-SHAPED-MITOCHONDRIA, HP-THORACIC-AORTA-CALCIFICATION, HP-THYROID-ADENOMA, HP-ULNAR-DEVIATION-OF-THE-2ND-FINGER, HP-UNDETECTABLE-LIGHT-AND-DARK-ADAPTED-ELECTRORETINOGRAM, HP-UTERINE-LEIOMYOMA
✔ Done scissor !
Calculate differential gene set : AUCell
Finish!
Calculate differential gene set : UCell
Finish!
Calculate differential gene set : singscore
Finish!
Calculate differential gene set : ssgsea
Finish!
✔ Done scPP!
