nohup: ignoring input
Registered S3 methods overwritten by 'Seqinfo':
  method                from        
  as.data.frame.Seqinfo GenomeInfoDb
  merge.Seqinfo         GenomeInfoDb
  summary.Seqinfo       GenomeInfoDb

Attaching package: ‘dplyr’

The following objects are masked from ‘package:stats’:

    filter, lag

The following objects are masked from ‘package:base’:

    intersect, setdiff, setequal, union


Attaching package: ‘data.table’

The following objects are masked from ‘package:dplyr’:

    between, first, last

Warning in asMethod(object) :
  sparse->dense coercion: allocating vector of size 2.8 GiB
ℹ GSVA version 2.2.1
ℹ Using a MulticoreParam parallel back-end with 2 workers
ℹ Calculating GSVA ranks
ℹ kcdf='auto' (default)
ℹ GSVA dense (classical) algorithm
ℹ Direct row-wise ECDFs estimation
Estimating row ECDFs with 2 cores ■■■■■■■■■■                        30% | ETA: …
Estimating row ECDFs with 2 cores ■■■■■■■■■■■■■                     40% | ETA: …
Estimating row ECDFs with 2 cores ■■■■■■■■■■■■■■■■                  50% | ETA: …
Estimating row ECDFs with 2 cores ■■■■■■■■■■■■■■■■■■■               60% | ETA: …
Estimating row ECDFs with 2 cores ■■■■■■■■■■■■■■■■■■■■■■            70% | ETA: …
Estimating row ECDFs with 2 cores ■■■■■■■■■■■■■■■■■■■■■■■■■         80% | ETA: …
Estimating row ECDFs with 2 cores ■■■■■■■■■■■■■■■■■■■■■■■■■■■■      90% | ETA: …
Estimating row ECDFs with 2 cores ■■■■■■■■■■■■■■■■■■■■■■■■■■■■■■■  100% | ETA: …
⠙ Calculating GSVA column ranks 5 done (2.4/s) | 2.1s
⠹ Calculating GSVA column ranks 7 done (2.1/s) | 3.3s
⠸ Calculating GSVA column ranks 12 done (1.8/s) | 6.5s
⠼ Calculating GSVA column ranks 16 done (1.7/s) | 9.5s
⠴ Calculating GSVA column ranks 20 done (1.6/s) | 12.5s
⠦ Calculating GSVA column ranks 24 done (1.5/s) | 15.8s
⠧ Calculating GSVA column ranks 28 done (1.5/s) | 18.9s
⠇ Calculating GSVA column ranks 30 done (1.4/s) | 22.1s
⠏ Calculating GSVA column ranks 34 done (1.3/s) | 25.2s
⠋ Calculating GSVA column ranks 38 done (1.3/s) | 28.6s
⠙ Calculating GSVA column ranks 41 done (1.3/s) | 31.4s
⠹ Calculating GSVA column ranks 45 done (1.3/s) | 35s
⠸ Calculating GSVA column ranks 48 done (1.3/s) | 38.1s
⠼ Calculating GSVA column ranks 51 done (1.2/s) | 41.1s
⠴ Calculating GSVA column ranks 54 done (1.2/s) | 44.3s
⠦ Calculating GSVA column ranks 56 done (1.2/s) | 46.8s
⠧ Calculating GSVA column ranks 59 done (1.2/s) | 50.2s
⠇ Calculating GSVA column ranks 61 done (1.2/s) | 52.9s
⠏ Calculating GSVA column ranks 64 done (1.1/s) | 56.4s
⠋ Calculating GSVA column ranks 66 done (1.1/s) | 58.9s
⠙ Calculating GSVA column ranks 69 done (1.1/s) | 1m 2.9s
⠹ Calculating GSVA column ranks 71 done (1.1/s) | 1m 5.5s
⠸ Calculating GSVA column ranks 74 done (1.1/s) | 1m 9.3s
⠼ Calculating GSVA column ranks 76 done (1.1/s) | 1m 11.8s
⠴ Calculating GSVA column ranks 78 done (1/s) | 1m 14.5s
⠦ Calculating GSVA column ranks 81 done (1/s) | 1m 18.5s
⠧ Calculating GSVA column ranks 83 done (1/s) | 1m 21.3s
⠇ Calculating GSVA column ranks 84 done (1/s) | 1m 24.2s
⠏ Calculating GSVA column ranks 86 done (0.99/s) | 1m 26.9s
⠋ Calculating GSVA column ranks 88 done (0.98/s) | 1m 29.8s
⠙ Calculating GSVA column ranks 90 done (0.97/s) | 1m 33s
⠹ Calculating GSVA column ranks 92 done (0.96/s) | 1m 36.1s
⠸ Calculating GSVA column ranks 94 done (0.95/s) | 1m 39.4s
⠼ Calculating GSVA column ranks 96 done (0.94/s) | 1m 42.6s
⠴ Calculating GSVA column ranks 98 done (0.92/s) | 1m 46.2s
⠦ Calculating GSVA column ranks 100 done (0.92/s) | 1m 49.3s
ℹ Using a MulticoreParam parallel back-end with 2 workers
ℹ Calculating GSVA scores
ℹ Calculating GSVA scores with 2 cores
✔ Calculations finished
