nohup: ignoring input

Attaching package: ‘dplyr’

The following objects are masked from ‘package:stats’:

    filter, lag

The following objects are masked from ‘package:base’:

    intersect, setdiff, setequal, union

Loading required package: SeuratObject
Loading required package: sp

Attaching package: ‘SeuratObject’

The following objects are masked from ‘package:base’:

    intersect, t

✔ SigBridgeR v3.5.0 loaded
✔ Setting active project to "/home/yyx/R/Project/R_code/paper_SigBridgeR".
[1] TRUE
Warning: The number of cells in the scRNA-seq data is too large (>50k), this may result
in segmentation fault
ℹ [2026/03/20 09:51:25] Starting LP-SGL screen
ℹ [2026/03/20 09:51:25] Fetch graph from Seurat object
ℹ [2026/03/20 09:51:25] Run Leiden clustering
Warning in asMethod(object) :
  sparse->dense coercion: allocating vector of size 4.4 GiB
ℹ [2026/03/20 09:51:49] Calculating correlation matrix...
ℹ [2026/03/20 09:52:06] Fitting SGL model with alpha = 0.0019, this may take a while

 *** caught segfault ***
address 0x56d414d94520, cause 'memory not mapped'

Traceback:
 1: oneDimLogit(data, index, thresh = thresh, inner.iter = maxit,     outer.iter = maxit, outer.thresh = thresh, min.frac = min.frac,     nlam = nlam, lambdas = lambdas, gamma = gamma, verbose = verbose,     step = step, alpha = alpha, reset = reset)
 2: SGL::SGL(data, cluster_membership, type = type, alpha = alpha)
 3: LPSGL::label_cell(seurat_obj = sc_data, bulk_dataset = matched_bulk,     phenotype = phenotype, cluster_membership = leiden_results,     alpha = alpha, nfold = nfold, type = family, verbose = verbose,     seed = seed)
 4: (function (matched_bulk, sc_data, phenotype, label_type = "LP_SGL",     family = c("logit", "cox", "linear"), resolution = 0.6, alpha = 0.5,     nfold = 5, dge_analysis = list(run = FALSE, logFC_threshold = 1,         pval_threshold = 0.05), ...) {    CheckInstalled("Exceret/LPSGL")    chk::chk_is(matched_bulk, c("matrix", "data.frame"))    chk::chk_is(sc_data, c("Seurat"))    chk::chk_list(dge_analysis)    family <- SigBridgeRUtils::MatchArg(family, c("logit", "cox",         "linear"), NULL)    dots <- rlang::list2(...)    verbose <- dots$verbose %||% getFuncOption("verbose")    seed <- dots$seed %||% getFuncOption("seed")    assay <- dots$assay %||% "RNA"    if (ncol(sc_data) > 50000) {        cli::cli_warn("The number of cells in the scRNA-seq data is too large (>50k), \\\n       this may result in segmentation fault")    }    if (verbose) {        ts_cli$cli_alert_info(cli::col_green("Starting LP-SGL screen"))  ...
 5: rlang::exec(method_config$executor, !!!params)
 6: Screen(matched_bulk = bulk, sc_data = seurat, phenotype = pheno,     label_type = glue::glue("grade_{i}"), phenotype_class = "binary",     screen_method = "LP_SGL", alpha = arg_samples$alpha[i], resolution = arg_samples$resolution[i],     nfold = as.integer(arg_samples$nfold[i]))
 7: withCallingHandlers(expr, condition = function(cnd) {    {        .__handler_frame__. <- TRUE        .__setup_frame__. <- frame        if (inherits(cnd, "message")) {            except <- c("warning", "error")        }        else if (inherits(cnd, "warning")) {            except <- "error"        }        else {            except <- ""        }    }    while (!is_null(cnd)) {        if (inherits(cnd, "error")) {            out <- handlers[[1L]](cnd)            if (!inherits(out, "rlang_zap"))                 throw(out)        }  ...
 8: doTryCatch(return(expr), name, parentenv, handler)
 9: tryCatchOne(expr, names, parentenv, handlers[[1L]])
10: tryCatchList(expr, classes, parentenv, handlers)
11: tryCatch(withCallingHandlers(expr, condition = function(cnd) {    {        .__handler_frame__. <- TRUE        .__setup_frame__. <- frame        if (inherits(cnd, "message")) {            except <- c("warning", "error")        }        else if (inherits(cnd, "warning")) {            except <- "error"        }        else {            except <- ""        }    }    while (!is_null(cnd)) {        if (inherits(cnd, "error")) {            out <- handlers[[1L]](cnd)            if (!inherits(out, "rlang_zap"))                 throw(out)        }  ...
12: rlang::try_fetch({    result = Screen(matched_bulk = bulk, sc_data = seurat, phenotype = pheno,         label_type = glue::glue("grade_{i}"), phenotype_class = "binary",         screen_method = "LP_SGL", alpha = arg_samples$alpha[i],         resolution = arg_samples$resolution[i], nfold = as.integer(arg_samples$nfold[i]))    data = data.frame(pos_cell = (result$scRNA_data$LP_SGL ==         "Positive"))    colnames(data) = glue::glue("process_{i}")    return(data)}, error = function(e) {    message(sprintf("Error at i=%d: %s", i, e$message))    data = data.frame(pos_cell = FALSE)    colnames(data) = glue::glue("process_{i}")    return(data)})
13: FUN(X[[i]], ...)
14: lapply(seq_len(nrow(arg_samples)), function(i) {    rlang::try_fetch({        result = Screen(matched_bulk = bulk, sc_data = seurat,             phenotype = pheno, label_type = glue::glue("grade_{i}"),             phenotype_class = "binary", screen_method = "LP_SGL",             alpha = arg_samples$alpha[i], resolution = arg_samples$resolution[i],             nfold = as.integer(arg_samples$nfold[i]))        data = data.frame(pos_cell = (result$scRNA_data$LP_SGL ==             "Positive"))        colnames(data) = glue::glue("process_{i}")        return(data)    }, error = function(e) {        message(sprintf("Error at i=%d: %s", i, e$message))        data = data.frame(pos_cell = FALSE)        colnames(data) = glue::glue("process_{i}")        return(data)    })})
An irrecoverable exception occurred. R is aborting now ...
