nohup: ignoring input

Attaching package: ‘dplyr’

The following objects are masked from ‘package:stats’:

    filter, lag

The following objects are masked from ‘package:base’:

    intersect, setdiff, setequal, union


Attaching package: ‘data.table’

The following objects are masked from ‘package:dplyr’:

    between, first, last

ℹ Updating SigBridgeR documentation
ℹ Loading SigBridgeR
✔ SigBridgeR v2.5.4 loaded
ℹ [2025/12/04 16:50:05] Scissor start...
ℹ [2025/12/04 16:50:05] Start from raw data...
ℹ Using "RNA_snn" graph for network.
Warning in asMethod(object) :
  sparse->dense coercion: allocating vector of size 7.6 GiB
ℹ [2025/12/04 16:50:13] Normalizing quantiles of data
Warning in asMethod(object) :
  sparse->dense coercion: allocating vector of size 2.7 GiB
ℹ [2025/12/04 16:51:04] Subsetting data
ℹ [2025/12/04 16:51:07] Calculating correlation
----------------------------------------
Five-number summary of correlations:
0.338796 0.423204 0.438184 0.450409 0.483701
----------------------------------------
ℹ [2025/12/04 16:52:13] Perform cox regression on the given clinical outcomes...
✔ [2025/12/04 16:53:37] Statistics data saved to 'Scissor_inputs.RData'.
ℹ [2025/12/04 16:53:38] Screening...

── At alpha = 0.005 ──

Scissor identified 12490 Scissor+ cells and 11184 Scissor- cells.
The percentage of selected cell is: 74.278%

── At alpha = 0.01 ──

Scissor identified 10053 Scissor+ cells and 9048 Scissor- cells.
The percentage of selected cell is: 59.93%

── At alpha = 0.05 ──

Scissor identified 3787 Scissor+ cells and 3342 Scissor- cells.
The percentage of selected cell is: 22.368%

── At alpha = 0.1 ──

Scissor identified 1616 Scissor+ cells and 1357 Scissor- cells.
The percentage of selected cell is: 9.328%
ℹ [2025/12/04 17:34:26] Scissor Ended.
