nohup: ignoring input
Registered S3 methods overwritten by 'Seqinfo':
  method                from        
  as.data.frame.Seqinfo GenomeInfoDb
  merge.Seqinfo         GenomeInfoDb
  summary.Seqinfo       GenomeInfoDb

Attaching package: ‘dplyr’

The following objects are masked from ‘package:stats’:

    filter, lag

The following objects are masked from ‘package:base’:

    intersect, setdiff, setequal, union


Attaching package: ‘data.table’

The following objects are masked from ‘package:dplyr’:

    between, first, last

Warning in asMethod(object) :
  sparse->dense coercion: allocating vector of size 2.8 GiB
ℹ GSVA version 2.2.1
ℹ Using a MulticoreParam parallel back-end with 2 workers
ℹ Calculating GSVA ranks
ℹ kcdf='auto' (default)
ℹ GSVA dense (classical) algorithm
ℹ Direct row-wise ECDFs estimation
Estimating row ECDFs with 2 cores ■■■■■■■■■■                        30% | ETA: …
Estimating row ECDFs with 2 cores ■■■■■■■■■■■■■                     40% | ETA: …
Estimating row ECDFs with 2 cores ■■■■■■■■■■■■■■■■                  50% | ETA: …
Estimating row ECDFs with 2 cores ■■■■■■■■■■■■■■■■■■■               60% | ETA: …
Estimating row ECDFs with 2 cores ■■■■■■■■■■■■■■■■■■■■■■            70% | ETA: …
Estimating row ECDFs with 2 cores ■■■■■■■■■■■■■■■■■■■■■■■■■         80% | ETA: …
Estimating row ECDFs with 2 cores ■■■■■■■■■■■■■■■■■■■■■■■■■■■■      90% | ETA: …
Estimating row ECDFs with 2 cores ■■■■■■■■■■■■■■■■■■■■■■■■■■■■■■■  100% | ETA: …
⠙ Calculating GSVA column ranks 6 done (2.4/s) | 2.5s
⠹ Calculating GSVA column ranks 10 done (2.1/s) | 4.8s
⠸ Calculating GSVA column ranks 15 done (1.9/s) | 8.1s
⠼ Calculating GSVA column ranks 19 done (1.7/s) | 11.1s
⠴ Calculating GSVA column ranks 23 done (1.6/s) | 14.2s
⠦ Calculating GSVA column ranks 27 done (1.6/s) | 17.4s
⠧ Calculating GSVA column ranks 30 done (1.4/s) | 21.6s
⠇ Calculating GSVA column ranks 33 done (1.4/s) | 23.8s
⠏ Calculating GSVA column ranks 36 done (1.4/s) | 26.3s
⠋ Calculating GSVA column ranks 40 done (1.3/s) | 30.1s
⠙ Calculating GSVA column ranks 43 done (1.3/s) | 32.7s
⠹ Calculating GSVA column ranks 46 done (1.3/s) | 35.6s
⠸ Calculating GSVA column ranks 49 done (1.3/s) | 38.9s
⠼ Calculating GSVA column ranks 52 done (1.2/s) | 42.4s
⠴ Calculating GSVA column ranks 55 done (1.2/s) | 45.6s
⠦ Calculating GSVA column ranks 57 done (1.2/s) | 48.1s
⠧ Calculating GSVA column ranks 60 done (1.2/s) | 51.5s
⠇ Calculating GSVA column ranks 63 done (1.1/s) | 55.1s
⠏ Calculating GSVA column ranks 65 done (1.1/s) | 57.7s
⠋ Calculating GSVA column ranks 67 done (1.1/s) | 1m 0.3s
⠙ Calculating GSVA column ranks 70 done (1.1/s) | 1m 4.2s
⠹ Calculating GSVA column ranks 72 done (1.1/s) | 1m 6.8s
⠸ Calculating GSVA column ranks 74 done (1.1/s) | 1m 9.5s
⠼ Calculating GSVA column ranks 77 done (1/s) | 1m 13.5s
⠴ Calculating GSVA column ranks 79 done (1/s) | 1m 16.3s
⠦ Calculating GSVA column ranks 81 done (1/s) | 1m 18.8s
⠧ Calculating GSVA column ranks 83 done (1/s) | 1m 21.8s
⠇ Calculating GSVA column ranks 84 done (0.99/s) | 1m 24.7s
⠏ Calculating GSVA column ranks 87 done (0.98/s) | 1m 28.9s
⠋ Calculating GSVA column ranks 89 done (0.97/s) | 1m 32.1s
⠙ Calculating GSVA column ranks 91 done (0.96/s) | 1m 35.2s
⠹ Calculating GSVA column ranks 93 done (0.94/s) | 1m 38.6s
⠸ Calculating GSVA column ranks 95 done (0.93/s) | 1m 41.8s
⠼ Calculating GSVA column ranks 97 done (0.92/s) | 1m 45.1s
⠴ Calculating GSVA column ranks 98 done (0.92/s) | 1m 47s
⠦ Calculating GSVA column ranks 100 done (0.91/s) | 1m 50.3s
ℹ Using a MulticoreParam parallel back-end with 2 workers
ℹ Calculating GSVA scores
ℹ Calculating GSVA scores with 2 cores
✔ Calculations finished
