nohup: ignoring input
Registered S3 methods overwritten by 'Seqinfo':
  method                from        
  as.data.frame.Seqinfo GenomeInfoDb
  merge.Seqinfo         GenomeInfoDb
  summary.Seqinfo       GenomeInfoDb

Attaching package: ‘dplyr’

The following objects are masked from ‘package:stats’:

    filter, lag

The following objects are masked from ‘package:base’:

    intersect, setdiff, setequal, union


Attaching package: ‘data.table’

The following objects are masked from ‘package:dplyr’:

    between, first, last

Warning in asMethod(object) :
  sparse->dense coercion: allocating vector of size 5.8 GiB
ℹ GSVA version 2.2.1
ℹ Using a MulticoreParam parallel back-end with 2 workers
ℹ Calculating GSVA ranks
ℹ kcdf='auto' (default)
ℹ GSVA dense (classical) algorithm
ℹ Direct row-wise ECDFs estimation
Estimating row ECDFs with 2 cores ■■■■■■■■■■                        30% | ETA: …
Estimating row ECDFs with 2 cores ■■■■■■■■■■■■■                     40% | ETA: …
Estimating row ECDFs with 2 cores ■■■■■■■■■■■■■■■■                  50% | ETA: …
Estimating row ECDFs with 2 cores ■■■■■■■■■■■■■■■■■■■               60% | ETA: …
Estimating row ECDFs with 2 cores ■■■■■■■■■■■■■■■■■■■■■■            70% | ETA: …
Estimating row ECDFs with 2 cores ■■■■■■■■■■■■■■■■■■■■■■■■■         80% | ETA: …
Estimating row ECDFs with 2 cores ■■■■■■■■■■■■■■■■■■■■■■■■■■■■      90% | ETA: …
Estimating row ECDFs with 2 cores ■■■■■■■■■■■■■■■■■■■■■■■■■■■■■■■  100% | ETA: …
⠙ Calculating GSVA column ranks 4 done (1.9/s) | 2.1s
⠹ Calculating GSVA column ranks 6 done (1.3/s) | 4.6s
⠸ Calculating GSVA column ranks 9 done (1.1/s) | 7.9s
⠼ Calculating GSVA column ranks 12 done (1.1/s) | 11s
⠴ Calculating GSVA column ranks 15 done (1.1/s) | 14.2s
⠦ Calculating GSVA column ranks 18 done (1/s) | 17.6s
⠧ Calculating GSVA column ranks 21 done (0.99/s) | 21.3s
⠇ Calculating GSVA column ranks 23 done (0.94/s) | 24.4s
⠏ Calculating GSVA column ranks 25 done (0.93/s) | 27s
⠋ Calculating GSVA column ranks 28 done (0.9/s) | 31s
⠙ Calculating GSVA column ranks 30 done (0.89/s) | 33.9s
⠹ Calculating GSVA column ranks 32 done (0.86/s) | 37s
⠸ Calculating GSVA column ranks 34 done (0.85/s) | 40s
⠼ Calculating GSVA column ranks 36 done (0.84/s) | 43s
⠴ Calculating GSVA column ranks 38 done (0.82/s) | 46.4s
⠦ Calculating GSVA column ranks 40 done (0.81/s) | 49.7s
⠧ Calculating GSVA column ranks 42 done (0.79/s) | 53.1s
⠇ Calculating GSVA column ranks 44 done (0.78/s) | 56.5s
⠏ Calculating GSVA column ranks 46 done (0.77/s) | 59.9s
⠋ Calculating GSVA column ranks 48 done (0.75/s) | 1m 3.6s
⠙ Calculating GSVA column ranks 50 done (0.74/s) | 1m 7.2s
⠹ Calculating GSVA column ranks 51 done (0.74/s) | 1m 9.2s
⠸ Calculating GSVA column ranks 53 done (0.73/s) | 1m 12.9s
⠼ Calculating GSVA column ranks 54 done (0.7/s) | 1m 16.7s
⠴ Calculating GSVA column ranks 55 done (0.7/s) | 1m 18.5s
⠦ Calculating GSVA column ranks 57 done (0.69/s) | 1m 22.2s
⠧ Calculating GSVA column ranks 59 done (0.69/s) | 1m 26.1s
⠇ Calculating GSVA column ranks 60 done (0.68/s) | 1m 28.1s
⠏ Calculating GSVA column ranks 61 done (0.67/s) | 1m 30.4s
⠋ Calculating GSVA column ranks 63 done (0.67/s) | 1m 34.6s
⠙ Calculating GSVA column ranks 64 done (0.66/s) | 1m 36.6s
⠹ Calculating GSVA column ranks 66 done (0.65/s) | 1m 40.9s
⠸ Calculating GSVA column ranks 67 done (0.65/s) | 1m 43.4s
⠼ Calculating GSVA column ranks 68 done (0.64/s) | 1m 45.5s
⠴ Calculating GSVA column ranks 70 done (0.64/s) | 1m 49.9s
⠦ Calculating GSVA column ranks 71 done (0.63/s) | 1m 52.3s
⠧ Calculating GSVA column ranks 72 done (0.63/s) | 1m 54.7s
⠇ Calculating GSVA column ranks 74 done (0.62/s) | 1m 59.6s
⠏ Calculating GSVA column ranks 75 done (0.62/s) | 2m 1.9s
⠋ Calculating GSVA column ranks 76 done (0.61/s) | 2m 4.6s
⠙ Calculating GSVA column ranks 77 done (0.61/s) | 2m 7.1s
⠹ Calculating GSVA column ranks 79 done (0.6/s) | 2m 12.1s
⠸ Calculating GSVA column ranks 80 done (0.59/s) | 2m 14.5s
⠼ Calculating GSVA column ranks 81 done (0.59/s) | 2m 17.2s
⠴ Calculating GSVA column ranks 82 done (0.59/s) | 2m 19.7s
⠦ Calculating GSVA column ranks 83 done (0.58/s) | 2m 22.6s
⠧ Calculating GSVA column ranks 84 done (0.58/s) | 2m 25.1s
⠇ Calculating GSVA column ranks 86 done (0.57/s) | 2m 30.3s
⠏ Calculating GSVA column ranks 87 done (0.57/s) | 2m 33.2s
⠋ Calculating GSVA column ranks 88 done (0.56/s) | 2m 35.9s
⠙ Calculating GSVA column ranks 89 done (0.56/s) | 2m 38.6s
⠹ Calculating GSVA column ranks 90 done (0.56/s) | 2m 41.7s
⠸ Calculating GSVA column ranks 91 done (0.55/s) | 2m 44.3s
⠼ Calculating GSVA column ranks 92 done (0.55/s) | 2m 47s
⠴ Calculating GSVA column ranks 93 done (0.55/s) | 2m 49.9s
⠦ Calculating GSVA column ranks 94 done (0.54/s) | 2m 52.5s
⠧ Calculating GSVA column ranks 95 done (0.54/s) | 2m 56.8s
⠇ Calculating GSVA column ranks 96 done (0.54/s) | 2m 59.4s
⠏ Calculating GSVA column ranks 97 done (0.53/s) | 3m 2.1s
⠋ Calculating GSVA column ranks 98 done (0.53/s) | 3m 5s
⠙ Calculating GSVA column ranks 99 done (0.53/s) | 3m 8.1s
⠹ Calculating GSVA column ranks 100 done (0.52/s) | 3m 11.1s
ℹ Using a MulticoreParam parallel back-end with 2 workers
ℹ Calculating GSVA scores
ℹ Calculating GSVA scores with 2 cores
✔ Calculations finished
