nohup: ignoring input

Attaching package: ‘dplyr’

The following objects are masked from ‘package:stats’:

    filter, lag

The following objects are masked from ‘package:base’:

    intersect, setdiff, setequal, union

Registered S3 methods overwritten by 'Seqinfo':
  method                from        
  as.data.frame.Seqinfo GenomeInfoDb
  merge.Seqinfo         GenomeInfoDb
  summary.Seqinfo       GenomeInfoDb

Attaching package: ‘data.table’

The following objects are masked from ‘package:dplyr’:

    between, first, last

Warning in asMethod(object) :
  sparse->dense coercion: allocating vector of size 2.9 GiB
ℹ GSVA version 2.2.1
ℹ Using a MulticoreParam parallel back-end with 2 workers
ℹ Calculating GSVA ranks
ℹ kcdf='auto' (default)
ℹ GSVA dense (classical) algorithm
ℹ Direct row-wise ECDFs estimation
Estimating row ECDFs with 2 cores ■■■■■■■■■■                        30% | ETA: …
Estimating row ECDFs with 2 cores ■■■■■■■■■■■■■■■■                  50% | ETA: …
Estimating row ECDFs with 2 cores ■■■■■■■■■■■■■■■■■■■               60% | ETA: …
Estimating row ECDFs with 2 cores ■■■■■■■■■■■■■■■■■■■■■■            70% | ETA: …
Estimating row ECDFs with 2 cores ■■■■■■■■■■■■■■■■■■■■■■■■■         80% | ETA: …
Estimating row ECDFs with 2 cores ■■■■■■■■■■■■■■■■■■■■■■■■■■■■      90% | ETA: …
Estimating row ECDFs with 2 cores ■■■■■■■■■■■■■■■■■■■■■■■■■■■■■■■  100% | ETA: …
⠙ Calculating GSVA column ranks 5 done (1.3/s) | 3.9s
⠹ Calculating GSVA column ranks 6 done (1.4/s) | 4.3s
⠸ Calculating GSVA column ranks 13 done (1.7/s) | 7.5s
⠼ Calculating GSVA column ranks 19 done (1.7/s) | 11s
⠴ Calculating GSVA column ranks 24 done (1.7/s) | 14.3s
⠦ Calculating GSVA column ranks 28 done (1.6/s) | 17.6s
⠧ Calculating GSVA column ranks 32 done (1.6/s) | 20.6s
⠇ Calculating GSVA column ranks 36 done (1.5/s) | 23.7s
⠏ Calculating GSVA column ranks 39 done (1.5/s) | 26.6s
⠋ Calculating GSVA column ranks 43 done (1.4/s) | 30.2s
⠙ Calculating GSVA column ranks 46 done (1.4/s) | 33.2s
⠹ Calculating GSVA column ranks 49 done (1.4/s) | 36.1s
⠸ Calculating GSVA column ranks 52 done (1.3/s) | 39.3s
⠼ Calculating GSVA column ranks 55 done (1.3/s) | 42.7s
⠴ Calculating GSVA column ranks 57 done (1.3/s) | 44.9s
⠦ Calculating GSVA column ranks 59 done (1.2/s) | 48.6s
⠧ Calculating GSVA column ranks 62 done (1.2/s) | 51.8s
⠇ Calculating GSVA column ranks 64 done (1.2/s) | 54.3s
⠏ Calculating GSVA column ranks 67 done (1.2/s) | 57.8s
⠋ Calculating GSVA column ranks 70 done (1.1/s) | 1m 1.7s
⠙ Calculating GSVA column ranks 72 done (1.1/s) | 1m 4.1s
⠹ Calculating GSVA column ranks 74 done (1.1/s) | 1m 6.6s
⠸ Calculating GSVA column ranks 77 done (1.1/s) | 1m 10.6s
⠼ Calculating GSVA column ranks 79 done (1.1/s) | 1m 13.4s
⠴ Calculating GSVA column ranks 81 done (1.1/s) | 1m 16.8s
⠦ Calculating GSVA column ranks 83 done (1/s) | 1m 19.5s
⠧ Calculating GSVA column ranks 85 done (1/s) | 1m 22.4s
⠇ Calculating GSVA column ranks 87 done (1/s) | 1m 25.3s
⠏ Calculating GSVA column ranks 88 done (1/s) | 1m 28.4s
⠋ Calculating GSVA column ranks 90 done (0.99/s) | 1m 31.3s
⠙ Calculating GSVA column ranks 92 done (0.98/s) | 1m 34.3s
⠹ Calculating GSVA column ranks 94 done (0.96/s) | 1m 37.6s
⠸ Calculating GSVA column ranks 96 done (0.95/s) | 1m 40.7s
⠼ Calculating GSVA column ranks 98 done (0.94/s) | 1m 44s
⠴ Calculating GSVA column ranks 100 done (0.93/s) | 1m 47.4s
ℹ Using a MulticoreParam parallel back-end with 2 workers
ℹ Calculating GSVA scores
ℹ Calculating GSVA scores with 2 cores
✔ Calculations finished
