nohup: ignoring input
✔ Setting active project to "/home/yyx/R/Project/R_code/paper_SigBridgeR".
ℹ Data loaded
ℹ skip scissor
ℹ skip scpas
ℹ skip scab
ℹ skip scpp
Calculate differential gene set : AUCell
Finish!
Calculate differential gene set : UCell
Finish!
Calculate differential gene set : singscore
Finish!
Calculate differential gene set : ssgsea
Finish!
The following `from` values were not present in `x`: GOBP-REGULATION-OF-ATPASE-COUPLED-CALCIUM-TRANSMEMBRANE-TRANSPORTER-ACTIVITY, GOCC-NASCENT-POLYPEPTIDE-ASSOCIATED-COMPLEX, GOCC-PROTEIN-COMPLEX-INVOLVED-IN-CELL-CELL-ADHESION, HP-CEREBRAL-AMYLOID-ANGIOPATHY, HP-DILATATION-OF-RENAL-CALICES, HP-ELEVATED-CIRCULATING-ALDOLASE-CONCENTRATION, HP-LARGE-FORAMEN-MAGNUM

── LP_SGL Done! ──

ℹ DEGAS has only 1 group
ℹ skip degas
Calculate differential gene set : AUCell
Finish!
Calculate differential gene set : UCell
Finish!
Calculate differential gene set : singscore
Finish!
Calculate differential gene set : ssgsea
Finish!

── PIPET Done! ──

✔ All done!
