nohup: ignoring input
Warning: Cannot find cell-level meta data named  scpp
✔ Successfully merged 2 objects.
Calculate differential gene set : AUCell
Warning: The `slot` argument of `GetAssayData()` is deprecated as of SeuratObject 5.0.0.
ℹ Please use the `layer` argument instead.
ℹ The deprecated feature was likely used in the Seurat package.
  Please report the issue at <https://github.com/satijalab/seurat/issues>.
Warning: `PackageCheck()` was deprecated in SeuratObject 5.0.0.
ℹ Please use `rlang::check_installed()` instead.
ℹ The deprecated feature was likely used in the Seurat package.
  Please report the issue at <https://github.com/satijalab/seurat/issues>.
Finish!
Calculate differential gene set : UCell
Finish!
Calculate differential gene set : singscore
Finish!
Calculate differential gene set : ssgsea
Finish!
None of the scoring methods: ( AUCell UCell singscore ssgsea ) produced statistically significant gene sets.  Change the parameter `p.value` from `p_val_adj` to `p_val`,  or choose other scoring methods. Error in irGSEA::irGSEA.integrate(object = labeled_irgsea, group.by = "scissor",  : 
  
Execution halted
