nohup: ignoring input
Loading required package: SeuratObject
Loading required package: sp
‘SeuratObject’ was built under R 4.5.0 but the current version is
4.5.1; it is recomended that you reinstall ‘SeuratObject’ as the ABI
for R may have changed
‘SeuratObject’ was built with package ‘Matrix’ 1.7.3 but the current
version is 1.7.4; it is recomended that you reinstall ‘SeuratObject’ as
the ABI for ‘Matrix’ may have changed

Attaching package: ‘SeuratObject’

The following objects are masked from ‘package:base’:

    intersect, t

RcppML v0.5.5 using 'options(RcppML.threads = 0)' (all available threads), 'options(RcppML.verbose = FALSE)'
Validating object structure
Updating object slots
Ensuring keys are in the proper structure
Updating matrix keys for DimReduc ‘pca’
Updating matrix keys for DimReduc ‘tsne’
Updating matrix keys for DimReduc ‘umap’
Ensuring keys are in the proper structure
Ensuring feature names don't have underscores or pipes
Updating slots in RNA
Updating slots in RNA_nn
Setting default assay of RNA_nn to RNA
Updating slots in RNA_snn
Setting default assay of RNA_snn to RNA
Updating slots in pca
Updating slots in tsne
Setting tsne DimReduc to global
Updating slots in umap
Setting umap DimReduc to global
Setting assay used for NormalizeData.RNA to RNA
Setting assay used for FindVariableFeatures.RNA to RNA
Setting assay used for ScaleData.RNA to RNA
Setting assay used for RunPCA.RNA to RNA
Setting assay used for FindNeighbors.RNA.pca to RNA
No assay information could be found for FindClusters
No assay information could be found for RunTSNE
Setting assay used for RunUMAP.RNA.pca to RNA
Validating object structure for Assay5 ‘RNA’
Validating object structure for Graph ‘RNA_nn’
Validating object structure for Graph ‘RNA_snn’
Validating object structure for DimReduc ‘pca’
Validating object structure for DimReduc ‘tsne’
Validating object structure for DimReduc ‘umap’
Object representation is consistent with the most current Seurat version
Warning: Assay RNA changing from Assay5 to Assay
No genes remaining in following genesets: GOBP_ADENYLATE_CYCLASE_INHIBITING_G_PROTEIN_COUPLED_ACETYLCHOLINE_RECEPTOR_SIGNALING_PATHWAY, GOBP_ADENYLATE_CYCLASE_INHIBITING_G_PROTEIN_COUPLED_GLUTAMATE_RECEPTOR_SIGNALING_PATHWAY, GOBP_AGGRESSIVE_BEHAVIOR, GOBP_ANTIGEN_PROCESSING_AND_PRESENTATION_ENDOGENOUS_LIPID_ANTIGEN_VIA_MHC_CLASS_IB, GOBP_BRUSH_BORDER_ASSEMBLY, GOBP_CELLULAR_RESPONSE_TO_GONADOTROPIN_RELEASING_HORMONE, GOBP_CELLULAR_RESPONSE_TO_INTERLEUKIN_13, GOBP_CEREBRAL_CORTEX_GABAERGIC_INTERNEURON_MIGRATION, GOBP_DISRUPTION_OF_CELLULAR_ANATOMICAL_STRUCTURE_IN_ANOTHER_ORGANISM, GOBP_EQUILIBRIOCEPTION, GOBP_EXTRAOCULAR_SKELETAL_MUSCLE_DEVELOPMENT, GOBP_FLAVONE_METABOLIC_PROCESS, GOBP_FORMATION_OF_QUADRUPLE_SL_U4_U5_U6_SNRNP, GOBP_GAP_JUNCTION_MEDIATED_INTERCELLULAR_TRANSPORT, GOBP_HORMONE_MEDIATED_APOPTOTIC_SIGNALING_PATHWAY, GOBP_LEUKOTRIENE_CATABOLIC_PROCESS, GOBP_MONOTERPENOID_METABOLIC_PROCESS, GOBP_NEGATIVE_REGULATION_OF_INTERLEUKIN_21_PRODUCTION, GOBP_NEGATIVE_REGULATION_OF_MYOBLAST_PROLIFERATION, GOBP_NEGATIVE_REGULATION_OF_RESPONSE_TO_DRUG, GOBP_NEGATIVE_REGULATION_OF_TRANSMISSION_OF_NERVE_IMPULSE, GOBP_NEGATIVE_REGULATION_OF_VASCULAR_ENDOTHELIAL_GROWTH_FACTOR_PRODUCTION, GOBP_NEUROBLAST_MIGRATION, GOBP_PHENYLPROPANOID_METABOLIC_PROCESS, GOBP_POSITIVE_REGULATION_OF_CGMP_MEDIATED_SIGNALING, GOBP_POSITIVE_REGULATION_OF_SYNAPTIC_TRANSMISSION_CHOLINERGIC, GOBP_REGULATION_OF_AXON_DIAMETER, GOBP_REGULATION_OF_CALCIUM_ION_IMPORT_INTO_SARCOPLASMIC_RETICULUM, GOBP_REGULATION_OF_SA_NODE_CELL_ACTION_POTENTIAL, GOBP_REGULATION_OF_SPERM_CAPACITATION, GOBP_REGULATION_OF_SYNAPTIC_TRANSMISSION_CHOLINERGIC, GOBP_REGULATION_OF_SYSTEMIC_ARTERIAL_BLOOD_PRESSURE_BY_VASOPRESSIN, GOBP_SEROTONIN_GATED_CATION_SELECTIVE_SIGNALING_PATHWAY, GOBP_SOMATOTROPIN_SECRETING_CELL_DIFFERENTIATION, GOBP_SYNAPTIC_SIGNALING_VIA_NEUROPEPTIDE, GOBP_TRANSPOSABLE_ELEMENT_SILENCING_BY_PIRNA_MEDIATED_HETEROCHROMATIN_FORMATION, GOCC_KAINATE_SELECTIVE_GLUTAMATE_RECEPTOR_COMPLEX, GOCC_MEMBRANE_ATTACK_COMPLEX, GOCC_SEROTONIN_RECEPTOR_COMPLEX, GOCC_SPERM_HEAD_PLASMA_MEMBRANE, GOCC_VOLTAGE_GATED_SODIUM_CHANNEL_COMPLEX, GOMF_ALPHA_AMYLASE_ACTIVITY, GOMF_AMPA_GLUTAMATE_RECEPTOR_ACTIVITY, GOMF_AMYLASE_ACTIVITY, GOMF_ARACHIDONATE_OMEGA_HYDROXYLASE_ACTIVITY, GOMF_ATP_ACTIVATED_INWARD_RECTIFIER_POTASSIUM_CHANNEL_ACTIVITY, GOMF_CCR3_CHEMOKINE_RECEPTOR_BINDING, GOMF_DOPAMINE_BINDING, GOMF_DOPAMINE_NEUROTRANSMITTER_RECEPTOR_ACTIVITY, GOMF_G_PROTEIN_COUPLED_ACETYLCHOLINE_RECEPTOR_ACTIVITY, GOMF_G_PROTEIN_COUPLED_ADENOSINE_RECEPTOR_ACTIVITY, GOMF_G_PROTEIN_COUPLED_GLUTAMATE_RECEPTOR_ACTIVITY, GOMF_G_PROTEIN_COUPLED_SEROTONIN_RECEPTOR_ACTIVITY, GOMF_GI_O_COUPLED_SEROTONIN_RECEPTOR_ACTIVITY, GOMF_KAINATE_SELECTIVE_GLUTAMATE_RECEPTOR_ACTIVITY, GOMF_LIGAND_GATED_MONOATOMIC_ION_CHANNEL_ACTIVITY_INVOLVED_IN_REGULATION_OF_PRESYNAPTIC_MEMBRANE_POTENTIAL, GOMF_LIPID_ANTIGEN_BINDING, GOMF_MELANOCORTIN_RECEPTOR_ACTIVITY, GOMF_MELANOCORTIN_RECEPTOR_BINDING, GOMF_MRNA_BASE_PAIRING_TRANSLATIONAL_REPRESSOR_ACTIVITY, GOMF_NODAL_BINDING, GOMF_OLFACTORY_RECEPTOR_ACTIVITY, GOMF_PH_GATED_MONOATOMIC_ION_CHANNEL_ACTIVITY, GOMF_PHEROMONE_RECEPTOR_ACTIVITY, GOMF_SEROTONIN_GATED_MONOATOMIC_CATION_CHANNEL_ACTIVITY, GOMF_SEROTONIN_RECEPTOR_ACTIVITY, GOMF_TRACE_AMINE_RECEPTOR_ACTIVITY, GOMF_TRIPLET_CODON_AMINO_ACID_ADAPTOR_ACTIVITY, GOMF_TYPE_I_INTERFERON_RECEPTOR_BINDING, HP_ABNORMAL_U_WAVE, HP_ATRIAL_STANDSTILL, HP_CAUDAL_APPENDAGE, HP_DECREASED_CIRCULATING_TERMINAL_COMPLEMENT_COMPONENT_CONCENTRATION, HP_DECREASED_URINARY_POTASSIUM, HP_ELEVATED_BRONCHOALVEOLAR_LAVAGE_FLUID_NEUTROPHIL_PROPORTION, HP_EPISODIC_FLACCID_WEAKNESS, HP_GLOBOZOOSPERMIA, HP_HYDROXYPROLINEMIA, HP_HYPERCHLORIDURIA, HP_LEBER_OPTIC_ATROPHY, HP_LIMITED_NECK_RANGE_OF_MOTION, HP_MENOMETRORRHAGIA, HP_OPTIC_NERVE_MISROUTING, HP_PANCREATIC_PSEUDOCYST, HP_PITUITARY_DWARFISM, HP_SPHEROCYTOSIS, HP_THYROTOXICOSIS_WITH_DIFFUSE_GOITER, HP_UNCOMBABLE_HAIR, HP_Y_LINKED_INHERITANCE
The number of genes is not between 1 and 500 in following genesets: 
GOBP_ACTIN_FILAMENT_BASED_PROCESS, GOBP_ANATOMICAL_STRUCTURE_FORMATION_INVOLVED_IN_MORPHOGENESIS, GOBP_ANIMAL_ORGAN_MORPHOGENESIS, GOBP_APOPTOTIC_PROCESS, GOBP_BIOLOGICAL_PROCESS_INVOLVED_IN_INTERSPECIES_INTERACTION_BETWEEN_ORGANISMS, GOBP_CARBOHYDRATE_DERIVATIVE_METABOLIC_PROCESS, GOBP_CELL_ACTIVATION, GOBP_CELL_ADHESION, GOBP_CELL_CELL_ADHESION, GOBP_CELL_CELL_SIGNALING, GOBP_CELL_CYCLE, GOBP_CELL_CYCLE_PROCESS, GOBP_CELL_DIVISION, GOBP_CELL_JUNCTION_ORGANIZATION, GOBP_CELL_MORPHOGENESIS, GOBP_CELL_MOTILITY, GOBP_CELL_PROJECTION_ORGANIZATION, GOBP_CELLULAR_HOMEOSTASIS, GOBP_CELLULAR_RESPONSE_TO_ENDOGENOUS_STIMULUS, GOBP_CELLULAR_RESPONSE_TO_OXYGEN_CONTAINING_COMPOUND, GOBP_CELLULAR_RESPONSE_TO_STRESS, GOBP_CENTRAL_NERVOUS_SYSTEM_DEVELOPMENT, GOBP_CHEMICAL_HOMEOSTASIS, GOBP_CHROMATIN_ORGANIZATION, GOBP_CIRCULATORY_SYSTEM_DEVELOPMENT, GOBP_CYTOKINE_PRODUCTION, GOBP_CYTOSKELETON_ORGANIZATION, GOBP_DEFENSE_RESPONSE_TO_OTHER_ORGANISM, GOBP_DEFENSE_RESPONSE_TO_SYMBIONT, GOBP_DEVELOPMENTAL_PROCESS_INVOLVED_IN_REPRODUCTION, GOBP_DNA_DAMAGE_RESPONSE, GOBP_DNA_METABOLIC_PROCESS, GOBP_DNA_REPAIR, GOBP_EMBRYO_DEVELOPMENT, GOBP_EMBRYO_DEVELOPMENT_ENDING_IN_BIRTH_OR_EGG_HATCHING, GOBP_ENDOCYTOSIS, GOBP_ENZYME_LINKED_RECEPTOR_PROTEIN_SIGNALING_PATHWAY, GOBP_EPITHELIUM_DEVELOPMENT, GOBP_ESTABLISHMENT_OF_PROTEIN_LOCALIZATION, GOBP_EXPORT_FROM_CELL, GOBP_GENERATION_OF_NEURONS, GOBP_GROWTH, GOBP_HEMOPOIESIS, GOBP_HOMEOSTATIC_PROCESS, GOBP_IMPORT_INTO_CELL, GOBP_INFLAMMATORY_RESPONSE, GOBP_INTRACELLULAR_PROTEIN_TRANSPORT, GOBP_INTRACELLULAR_TRANSPORT, GOBP_LIPID_BIOSYNTHETIC_PROCESS, GOBP_LIPID_METABOLIC_PROCESS, GOBP_LOCALIZATION_WITHIN_MEMBRANE, GOBP_LOCOMOTION, GOBP_LYMPHOCYTE_ACTIVATION, GOBP_MACROMOLECULE_CATABOLIC_PROCESS, GOBP_MAPK_CASCADE, GOBP_MEMBRANE_ORGANIZATION, GOBP_MICROTUBULE_BASED_PROCESS, GOBP_MICROTUBULE_CYTOSKELETON_ORGANIZATION, GOBP_MITOTIC_CELL_CYCLE, GOBP_MITOTIC_CELL_CYCLE_PROCESS, GOBP_MODIFICATION_DEPENDENT_MACROMOLECULE_CATABOLIC_PROCESS, GOBP_MONOATOMIC_CATION_TRANSPORT, GOBP_MONOATOMIC_ION_TRANSMEMBRANE_TRANSPORT, GOBP_MONOATOMIC_ION_TRANSPORT, GOBP_MRNA_METABOLIC_PROCESS, GOBP_MULTICELLULAR_ORGANISMAL_LEVEL_HOMEOSTASIS, GOBP_MULTICELLULAR_ORGANISMAL_REPRODUCTIVE_PROCESS, GOBP_NEGATIVE_REGULATION_OF_CELL_POPULATION_PROLIFERATION, GOBP_NEGATIVE_REGULATION_OF_CELLULAR_COMPONENT_ORGANIZATION, GOBP_NEGATIVE_REGULATION_OF_DEVELOPMENTAL_PROCESS, GOBP_NEGATIVE_REGULATION_OF_GENE_EXPRESSION, GOBP_NEGATIVE_REGULATION_OF_INTRACELLULAR_SIGNAL_TRANSDUCTION, GOBP_NEGATIVE_REGULATION_OF_MULTICELLULAR_ORGANISMAL_PROCESS, GOBP_NEGATIVE_REGULATION_OF_NUCLEOBASE_CONTAINING_COMPOUND_METABOLIC_PROCESS, GOBP_NEGATIVE_REGULATION_OF_PROGRAMMED_CELL_DEATH, GOBP_NEGATIVE_REGULATION_OF_RESPONSE_TO_STIMULUS, GOBP_NEGATIVE_REGULATION_OF_RNA_METABOLIC_PROCESS, GOBP_NEGATIVE_REGULATION_OF_SIGNALING, GOBP_NEGATIVE_REGULATION_OF_TRANSCRIPTION_BY_RNA_POLYMERASE_II, GOBP_NERVOUS_SYSTEM_PROCESS, GOBP_NEUROGENESIS, GOBP_NEURON_DEVELOPMENT, GOBP_NITROGEN_COMPOUND_TRANSPORT, GOBP_NUCLEOBASE_CONTAINING_SMALL_MOLECULE_METABOLIC_PROCESS, GOBP_ORGANELLE_ASSEMBLY, GOBP_ORGANELLE_LOCALIZATION, GOBP_ORGANIC_ACID_METABOLIC_PROCESS, GOBP_ORGANOPHOSPHATE_METABOLIC_PROCESS, GOBP_PHOSPHORUS_METABOLIC_PROCESS, GOBP_PHOSPHORYLATION, GOBP_POSITIVE_REGULATION_OF_CELL_DIFFERENTIATION, GOBP_POSITIVE_REGULATION_OF_CELL_POPULATION_PROLIFERATION, GOBP_POSITIVE_REGULATION_OF_CELLULAR_COMPONENT_ORGANIZATION, GOBP_POSITIVE_REGULATION_OF_DEVELOPMENTAL_PROCESS, GOBP_POSITIVE_REGULATION_OF_GENE_EXPRESSION, GOBP_POSITIVE_REGULATION_OF_IMMUNE_RESPONSE, GOBP_POSITIVE_REGULATION_OF_IMMUNE_SYSTEM_PROCESS, GOBP_POSITIVE_REGULATION_OF_INTRACELLULAR_SIGNAL_TRANSDUCTION, GOBP_POSITIVE_REGULATION_OF_MULTICELLULAR_ORGANISMAL_PROCESS, GOBP_POSITIVE_REGULATION_OF_PROTEIN_METABOLIC_PROCESS, GOBP_POSITIVE_REGULATION_OF_RNA_METABOLIC_PROCESS, GOBP_POSITIVE_REGULATION_OF_SIGNALING, GOBP_POSITIVE_REGULATION_OF_TRANSCRIPTION_BY_RNA_POLYMERASE_II, GOBP_POSITIVE_REGULATION_OF_TRANSPORT, GOBP_POST_TRANSLATIONAL_PROTEIN_MODIFICATION, GOBP_PROCESS_UTILIZING_AUTOPHAGIC_MECHANISM, GOBP_PROTEASOMAL_PROTEIN_CATABOLIC_PROCESS, GOBP_PROTEIN_CATABOLIC_PROCESS, GOBP_PROTEIN_CONTAINING_COMPLEX_ORGANIZATION, GOBP_PROTEIN_LOCALIZATION_TO_ORGANELLE, GOBP_PROTEIN_MODIFICATION_BY_SMALL_PROTEIN_CONJUGATION, GOBP_PROTEIN_TRANSPORT, GOBP_PROTEOLYSIS, GOBP_PROTEOLYSIS_INVOLVED_IN_PROTEIN_CATABOLIC_PROCESS, GOBP_REGULATION_OF_ANATOMICAL_STRUCTURE_MORPHOGENESIS, GOBP_REGULATION_OF_CATABOLIC_PROCESS, GOBP_REGULATION_OF_CELL_ADHESION, GOBP_REGULATION_OF_CELL_CYCLE, GOBP_REGULATION_OF_CELL_CYCLE_PROCESS, GOBP_REGULATION_OF_CELL_DEVELOPMENT, GOBP_REGULATION_OF_CELL_DIFFERENTIATION, GOBP_REGULATION_OF_CELL_POPULATION_PROLIFERATION, GOBP_REGULATION_OF_CELLULAR_COMPONENT_BIOGENESIS, GOBP_REGULATION_OF_CELLULAR_LOCALIZATION, GOBP_REGULATION_OF_DEFENSE_RESPONSE, GOBP_REGULATION_OF_IMMUNE_RESPONSE, GOBP_REGULATION_OF_IMMUNE_SYSTEM_PROCESS, GOBP_REGULATION_OF_LOCOMOTION, GOBP_REGULATION_OF_MOLECULAR_FUNCTION, GOBP_REGULATION_OF_MULTICELLULAR_ORGANISMAL_DEVELOPMENT, GOBP_REGULATION_OF_ORGANELLE_ORGANIZATION, GOBP_REGULATION_OF_PROGRAMMED_CELL_DEATH, GOBP_REGULATION_OF_PROTEIN_METABOLIC_PROCESS, GOBP_REGULATION_OF_PROTEIN_MODIFICATION_PROCESS, GOBP_REGULATION_OF_RESPONSE_TO_EXTERNAL_STIMULUS, GOBP_REGULATION_OF_RESPONSE_TO_STRESS, GOBP_REGULATION_OF_TRANSPORT, GOBP_REPRODUCTIVE_PROCESS, GOBP_RESPONSE_TO_ABIOTIC_STIMULUS, GOBP_RESPONSE_TO_ENDOGENOUS_STIMULUS, GOBP_RESPONSE_TO_GROWTH_FACTOR, GOBP_RESPONSE_TO_HORMONE, GOBP_RESPONSE_TO_LIPID, GOBP_RESPONSE_TO_NITROGEN_COMPOUND, GOBP_RESPONSE_TO_OXYGEN_CONTAINING_COMPOUND, GOBP_RESPONSE_TO_PEPTIDE, GOBP_RNA_PROCESSING, GOBP_SECRETION, GOBP_SEXUAL_REPRODUCTION, GOBP_SMALL_MOLECULE_METABOLIC_PROCESS, GOBP_SUPRAMOLECULAR_FIBER_ORGANIZATION, GOBP_TRANSLATION, GOBP_TRANSMEMBRANE_TRANSPORT, GOBP_TUBE_DEVELOPMENT, GOBP_TUBE_MORPHOGENESIS, GOBP_VASCULATURE_DEVELOPMENT, GOBP_VESICLE_MEDIATED_TRANSPORT, GOCC_ANCHORING_JUNCTION, GOCC_CATALYTIC_COMPLEX, GOCC_CENTROSOME, GOCC_CHROMATIN, GOCC_CILIUM, GOCC_ENDOSOME, GOCC_GOLGI_APPARATUS, GOCC_GOLGI_MEMBRANE, GOCC_INTRACELLULAR_PROTEIN_CONTAINING_COMPLEX, GOCC_MEMBRANE_PROTEIN_COMPLEX, GOCC_MICROTUBULE_CYTOSKELETON, GOCC_MICROTUBULE_ORGANIZING_CENTER, GOCC_MITOCHONDRIAL_ENVELOPE, GOCC_MITOCHONDRION, GOCC_NEURON_PROJECTION, GOCC_NUCLEAR_BODY, GOCC_NUCLEAR_OUTER_MEMBRANE_ENDOPLASMIC_RETICULUM_MEMBRANE_NETWORK, GOCC_NUCLEAR_PROTEIN_CONTAINING_COMPLEX, GOCC_NUCLEOLUS, GOCC_ORGANELLE_ENVELOPE, GOCC_ORGANELLE_SUBCOMPARTMENT, GOCC_PERINUCLEAR_REGION_OF_CYTOPLASM, GOCC_PLASMA_MEMBRANE_REGION, GOCC_RIBONUCLEOPROTEIN_COMPLEX, GOCC_SECRETORY_GRANULE, GOCC_SECRETORY_VESICLE, GOCC_SUPRAMOLECULAR_COMPLEX, GOCC_SUPRAMOLECULAR_POLYMER, GOCC_SYNAPSE, GOCC_TRANSFERASE_COMPLEX, GOCC_VACUOLE, GOCC_VESICLE_MEMBRANE, GOMF_ACYLTRANSFERASE_ACTIVITY, GOMF_ADENYL_NUCLEOTIDE_BINDING, GOMF_CATALYTIC_ACTIVITY_ACTING_ON_A_NUCLEIC_ACID, GOMF_CIS_REGULATORY_REGION_SEQUENCE_SPECIFIC_DNA_BINDING, GOMF_CYTOSKELETAL_PROTEIN_BINDING, GOMF_DNA_BINDING_TRANSCRIPTION_FACTOR_ACTIVITY, GOMF_ENZYME_ACTIVATOR_ACTIVITY, GOMF_ENZYME_REGULATOR_ACTIVITY, GOMF_GTPASE_ACTIVITY, GOMF_HYDROLASE_ACTIVITY_ACTING_ON_ACID_ANHYDRIDES, GOMF_HYDROLASE_ACTIVITY_ACTING_ON_ESTER_BONDS, GOMF_KINASE_ACTIVITY, GOMF_KINASE_BINDING, GOMF_LIPID_BINDING, GOMF_MOLECULAR_ADAPTOR_ACTIVITY, GOMF_MOLECULAR_FUNCTION_ACTIVATOR_ACTIVITY, GOMF_OXIDOREDUCTASE_ACTIVITY, GOMF_PROTEIN_CONTAINING_COMPLEX_BINDING, GOMF_PROTEIN_DIMERIZATION_ACTIVITY, GOMF_PROTEIN_DOMAIN_SPECIFIC_BINDING, GOMF_PROTEIN_HOMODIMERIZATION_ACTIVITY, GOMF_PROTEIN_KINASE_ACTIVITY, GOMF_RNA_POLYMERASE_II_TRANSCRIPTION_REGULATORY_REGION_SEQUENCE_SPECIFIC_DNA_BINDING, GOMF_SEQUENCE_SPECIFIC_DNA_BINDING, GOMF_SIGNALING_RECEPTOR_BINDING, GOMF_TRANSCRIPTION_REGULATOR_ACTIVITY, GOMF_TRANSFERASE_ACTIVITY_TRANSFERRING_PHOSPHORUS_CONTAINING_GROUPS, GOMF_TRANSPORTER_ACTIVITY, HP_ABNORMAL_ABDOMEN_MORPHOLOGY, HP_ABNORMAL_AFFECT, HP_ABNORMAL_ANTERIOR_EYE_SEGMENT_MORPHOLOGY, HP_ABNORMAL_BLOOD_VESSEL_MORPHOLOGY, HP_ABNORMAL_BONE_STRUCTURE, HP_ABNORMAL_CALVARIA_MORPHOLOGY, HP_ABNORMAL_CARDIAC_SEPTUM_MORPHOLOGY, HP_ABNORMAL_CARDIAC_VENTRICLE_MORPHOLOGY, HP_ABNORMAL_CARDIOVASCULAR_SYSTEM_PHYSIOLOGY, HP_ABNORMAL_CELLULAR_PHENOTYPE, HP_ABNORMAL_CEREBRAL_CORTEX_MORPHOLOGY, HP_ABNORMAL_CEREBRAL_SUBCORTEX_MORPHOLOGY, HP_ABNORMAL_CEREBRAL_VENTRICLE_MORPHOLOGY, HP_ABNORMAL_CEREBROSPINAL_FLUID_MORPHOLOGY, HP_ABNORMAL_CIRCULATING_METABOLITE_CONCENTRATION, HP_ABNORMAL_CIRCULATING_ORGANIC_COMPOUND_CONCENTRATION, HP_ABNORMAL_CONJUGATE_EYE_MOVEMENT, HP_ABNORMAL_CORNEA_MORPHOLOGY, HP_ABNORMAL_CORPUS_CALLOSUM_MORPHOLOGY, HP_ABNORMAL_CURVATURE_OF_THE_VERTEBRAL_COLUMN, HP_ABNORMAL_DIGESTIVE_SYSTEM_MORPHOLOGY, HP_ABNORMAL_EAR_MORPHOLOGY, HP_ABNORMAL_EMOTIONAL_STATE, HP_ABNORMAL_ENZYME_CONCENTRATION_OR_ACTIVITY, HP_ABNORMAL_ERYTHROCYTE_MORPHOLOGY, HP_ABNORMAL_ESOPHAGUS_PHYSIOLOGY, HP_ABNORMAL_EXTERNAL_NOSE_MORPHOLOGY, HP_ABNORMAL_EYEBROW_MORPHOLOGY, HP_ABNORMAL_EYELID_MORPHOLOGY, HP_ABNORMAL_FACIAL_SHAPE, HP_ABNORMAL_FACIAL_SKELETON_MORPHOLOGY, HP_ABNORMAL_FINGER_MORPHOLOGY, HP_ABNORMAL_FINGER_PHALANX_MORPHOLOGY, HP_ABNORMAL_FOOT_MORPHOLOGY, HP_ABNORMAL_FOREHEAD_MORPHOLOGY, HP_ABNORMAL_FUNDUS_MORPHOLOGY, HP_ABNORMAL_HAIR_QUANTITY, HP_ABNORMAL_HAND_MORPHOLOGY, HP_ABNORMAL_HEART_MORPHOLOGY, HP_ABNORMAL_HINDBRAIN_MORPHOLOGY, HP_ABNORMAL_IMMUNE_SYSTEM_MORPHOLOGY, HP_ABNORMAL_INTESTINE_MORPHOLOGY, HP_ABNORMAL_JAW_MORPHOLOGY, HP_ABNORMAL_JOINT_MORPHOLOGY, HP_ABNORMAL_JOINT_PHYSIOLOGY, HP_ABNORMAL_LENS_MORPHOLOGY, HP_ABNORMAL_LIP_MORPHOLOGY, HP_ABNORMAL_LIVER_MORPHOLOGY, HP_ABNORMAL_LOCATION_OF_EARS, HP_ABNORMAL_LONG_BONE_MORPHOLOGY, HP_ABNORMAL_LOWER_LIMB_BONE_MORPHOLOGY, HP_ABNORMAL_MIDFACE_MORPHOLOGY, HP_ABNORMAL_MORPHOLOGY_OF_THE_GREAT_VESSELS, HP_ABNORMAL_NASAL_BRIDGE_MORPHOLOGY, HP_ABNORMAL_NASAL_MORPHOLOGY, HP_ABNORMAL_NERVOUS_SYSTEM_ELECTROPHYSIOLOGY, HP_ABNORMAL_OPTIC_NERVE_MORPHOLOGY, HP_ABNORMAL_PALATE_MORPHOLOGY, HP_ABNORMAL_PATTERN_OF_RESPIRATION, HP_ABNORMAL_PENIS_MORPHOLOGY, HP_ABNORMAL_REFLEX, HP_ABNORMAL_RENAL_MORPHOLOGY, HP_ABNORMAL_RENAL_PHYSIOLOGY, HP_ABNORMAL_REPRODUCTIVE_SYSTEM_MORPHOLOGY, HP_ABNORMAL_RESPIRATORY_SYSTEM_MORPHOLOGY, HP_ABNORMAL_RESPIRATORY_SYSTEM_PHYSIOLOGY, HP_ABNORMAL_RETINAL_MORPHOLOGY, HP_ABNORMAL_SKIN_ADNEXA_MORPHOLOGY, HP_ABNORMAL_TENDON_MORPHOLOGY, HP_ABNORMAL_TESTIS_MORPHOLOGY, HP_ABNORMAL_THORAX_MORPHOLOGY, HP_ABNORMAL_TOE_MORPHOLOGY, HP_ABNORMAL_UPPER_LIP_MORPHOLOGY, HP_ABNORMAL_VASCULAR_MORPHOLOGY, HP_ABNORMALITY_OF_BLOOD_AND_BLOOD_FORMING_TISSUES, HP_ABNORMALITY_OF_CONNECTIVE_TISSUE, HP_ABNORMALITY_OF_COORDINATION, HP_ABNORMALITY_OF_FLUID_REGULATION, HP_ABNORMALITY_OF_GLOBE_LOCATION, HP_ABNORMALITY_OF_LIMB_BONE, HP_ABNORMALITY_OF_LOWER_LIMB_JOINT, HP_ABNORMALITY_OF_PRENATAL_DEVELOPMENT_OR_BIRTH, HP_ABNORMALITY_OF_REFRACTION, HP_ABNORMALITY_OF_REPRODUCTIVE_SYSTEM_PHYSIOLOGY, HP_ABNORMALITY_OF_THE_ABDOMINAL_ORGANS, HP_ABNORMALITY_OF_THE_DENTITION, HP_ABNORMALITY_OF_THE_ENDOCRINE_SYSTEM, HP_ABNORMALITY_OF_THE_GENITAL_SYSTEM, HP_ABNORMALITY_OF_THE_LIVER, HP_ABNORMALITY_OF_THE_LOWER_URINARY_TRACT, HP_ABNORMALITY_OF_THE_LYMPHATIC_SYSTEM, HP_ABNORMALITY_OF_THE_MALE_GENITALIA, HP_ABNORMALITY_OF_THE_NECK, HP_ABNORMALITY_OF_THE_ORBITAL_REGION, HP_ABNORMALITY_OF_THE_OUTER_EAR, HP_ABNORMALITY_OF_THE_PALPEBRAL_FISSURES, HP_ABNORMALITY_OF_THE_PHILTRUM, HP_ABNORMALITY_OF_THE_UPPER_LIMB, HP_ABNORMALITY_OF_THE_UPPER_URINARY_TRACT, HP_ABNORMALITY_OF_THE_URINARY_SYSTEM_PHYSIOLOGY, HP_ABNORMALITY_OF_THE_VERTEBRAL_COLUMN, HP_ABNORMALITY_OF_URINE_HOMEOSTASIS, HP_ABNORMALITY_OF_VISION, HP_ABNORMALLY_INCREASED_VOLITION, HP_ADULT_ONSET, HP_APLASIA_HYPOPLASIA_AFFECTING_BONES_OF_THE_AXIAL_SKELETON, HP_APLASIA_HYPOPLASIA_INVOLVING_THE_SKELETON, HP_APLASIA_HYPOPLASIA_OF_THE_CORPUS_CALLOSUM, HP_APLASIA_HYPOPLASIA_OF_THE_EXTREMITIES, HP_ATROPHY_DEGENERATION_AFFECTING_THE_CENTRAL_NERVOUS_SYSTEM, HP_ATROPHY_DEGENERATION_AFFECTING_THE_CEREBRUM, HP_ATYPICAL_BEHAVIOR, HP_CHILDHOOD_ONSET, HP_COGNITIVE_IMPAIRMENT, HP_CONGENITAL_ONSET, HP_CONSTITUTIONAL_SYMPTOM, HP_CRYPTORCHIDISM, HP_DECREASED_BODY_WEIGHT, HP_DECREASED_HEAD_CIRCUMFERENCE, HP_DIAGNOSTIC_BEHAVIORAL_PHENOTYPE, HP_EPICANTHUS, HP_FAILURE_TO_THRIVE, HP_FEEDING_DIFFICULTIES, HP_FUNCTIONAL_ABNORMALITY_OF_THE_GASTROINTESTINAL_TRACT, HP_FUNCTIONAL_ABNORMALITY_OF_THE_INNER_EAR, HP_GAIT_DISTURBANCE, HP_GENERALIZED_ABNORMALITY_OF_SKIN, HP_GENERALIZED_HYPOTONIA, HP_HEPATOMEGALY, HP_HIGH_PALATE, HP_HYPERREFLEXIA, HP_HYPERTELORISM, HP_HYPERTONIA, HP_INCREASED_INFLAMMATORY_RESPONSE, HP_INFANTILE_ONSET, HP_INTRAUTERINE_GROWTH_RETARDATION, HP_INVOLUNTARY_MOVEMENTS, HP_LANGUAGE_IMPAIRMENT, HP_LOCALIZED_SKIN_LESION, HP_LOW_SET_EARS, HP_MOTOR_DELAY, HP_MUSCLE_WEAKNESS, HP_NEOPLASM, HP_NYSTAGMUS, HP_PAIN, HP_PTOSIS, HP_RECURRENT_MALADAPTIVE_BEHAVIOR, HP_RECURRENT_RESPIRATORY_INFECTIONS, HP_RESPIRATORY_TRACT_INFECTION, HP_SLANTING_OF_THE_PALPEBRAL_FISSURE, HP_SPASTICITY, HP_UNUSUAL_INFECTION, HP_UPPER_MOTOR_NEURON_DYSFUNCTION, HP_VENTRICULOMEGALY, HP_VISUAL_IMPAIRMENT
These gene sets will be filtered and will not proceed with the analysis.
Calculate AUCell scores
Warning: Feature names cannot have underscores ('_'), replacing with dashes ('-')
Warning: Feature names cannot have underscores ('_'), replacing with dashes ('-')
Warning: Feature names cannot have underscores ('_'), replacing with dashes ('-')
Finish calculate AUCell scores
Calculate UCell scores
Warning: Feature names cannot have underscores ('_'), replacing with dashes ('-')
Warning: Feature names cannot have underscores ('_'), replacing with dashes ('-')
Warning: Feature names cannot have underscores ('_'), replacing with dashes ('-')
Finish calculate UCell scores
Calculate singscore scores
Warning: Feature names cannot have underscores ('_'), replacing with dashes ('-')
Warning: Feature names cannot have underscores ('_'), replacing with dashes ('-')
Warning: Feature names cannot have underscores ('_'), replacing with dashes ('-')
Finish calculate singscore scores
Calculate ssgsea scores
ℹ GSVA version 2.2.1
! Some gene sets have size one. Consider setting minSize > 1
ℹ Using a MulticoreParam parallel back-end with 4 workers
ℹ Calculating  ssGSEA scores for 15767 gene sets
ℹ Calculating ranks
ℹ Calculating rank weights
✔ Calculations finished
Warning: Feature names cannot have underscores ('_'), replacing with dashes ('-')
Warning: Feature names cannot have underscores ('_'), replacing with dashes ('-')
Warning: Feature names cannot have underscores ('_'), replacing with dashes ('-')
Finish calculate ssgsea scores
Calculate JASMINE scores
Error:  wrong args for environment subassignment 
Calculate viper scores
Error:  length of 'dimnames' [1] not equal to array extent 
Warning: Assay RNA changing from Assay to Assay5
Warning: Assay AUCell changing from Assay to Assay5
Warning: Assay UCell changing from Assay to Assay5
Warning: Assay singscore changing from Assay to Assay5
Warning: Assay ssgsea changing from Assay to Assay5
