nohup: ignoring input

Attaching package: ‘dplyr’

The following objects are masked from ‘package:stats’:

    filter, lag

The following objects are masked from ‘package:base’:

    intersect, setdiff, setequal, union


Attaching package: ‘data.table’

The following objects are masked from ‘package:dplyr’:

    between, first, last

ℹ Updating SigBridgeR documentation
ℹ Loading SigBridgeR
✔ SigBridgeR v2.5.4 loaded
ℹ [2025/11/24 10:59:34] Scissor start...
ℹ [2025/11/24 10:59:34] Start from raw data...
ℹ Using "RNA_snn" graph for network.
Warning in asMethod(object) :
  sparse->dense coercion: allocating vector of size 7.7 GiB
ℹ [2025/11/24 10:59:43] Normalizing quantiles of data
Warning in asMethod(object) :
  sparse->dense coercion: allocating vector of size 2.3 GiB
ℹ [2025/11/24 11:00:41] Subsetting data
ℹ [2025/11/24 11:00:46] Calculating correlation
----------------------------------------
Five-number summary of correlations:
0.295792 0.328364 0.33851 0.348274 0.402101
----------------------------------------
ℹ [2025/11/24 11:01:23] Perform cox regression on the given clinical outcomes...
✔ [2025/11/24 11:02:57] Statistics data saved to 'Scissor_inputs.RData'.
ℹ [2025/11/24 11:02:57] Screening...

── At alpha = 0.005 ──

Scissor identified 6418 Scissor+ cells and 13513 Scissor- cells.
The percentage of selected cell is: 61.94%

── At alpha = 0.01 ──

Scissor identified 5025 Scissor+ cells and 11314 Scissor- cells.
The percentage of selected cell is: 50.777%

── At alpha = 0.05 ──

Scissor identified 2646 Scissor+ cells and 4535 Scissor- cells.
The percentage of selected cell is: 22.316%

── At alpha = 0.1 ──

Scissor identified 1368 Scissor+ cells and 1947 Scissor- cells.
The percentage of selected cell is: 10.302%
ℹ [2025/11/24 11:57:19] Scissor Ended.
