nohup: ignoring input
✔ Successfully merged 2 objects.
✔ skip scissor due to no Positive cells!
✔ skip scPAS due to no Positive cells!
Calculate differential gene set : AUCell
Finish!
Calculate differential gene set : UCell
Finish!
Calculate differential gene set : singscore
Finish!
Calculate differential gene set : ssgsea
Finish!
The following `from` values were not present in `x`: GOBP-ANAGEN, GOBP-AXON-CHOICE-POINT-RECOGNITION, GOBP-AXON-MIDLINE-CHOICE-POINT-RECOGNITION, GOBP-AXONEMAL-CENTRAL-APPARATUS-ASSEMBLY, GOBP-CGMP-METABOLIC-PROCESS, GOBP-CYTOCHROME-METABOLIC-PROCESS, GOBP-ENDOTHELIAL-CELL-MATRIX-ADHESION-VIA-FIBRONECTIN, GOBP-GONADAL-MESODERM-DEVELOPMENT, GOBP-HEPOXILIN-METABOLIC-PROCESS, GOBP-INTERCELLULAR-TRANSPORT, GOBP-LEUKOCYTE-ADHESION-TO-ARTERIAL-ENDOTHELIAL-CELL, GOBP-LIPID-HYDROXYLATION, GOBP-MENAQUINONE-CATABOLIC-PROCESS, GOBP-NEGATIVE-REGULATION-OF-AMINE-TRANSPORT, GOBP-NEGATIVE-REGULATION-OF-T-HELPER-17-CELL-LINEAGE-COMMITMENT, GOBP-PARACELLULAR-TRANSPORT, GOBP-PEPTIDOGLYCAN-METABOLIC-PROCESS, GOBP-POSITIVE-REGULATION-OF-CIRCADIAN-SLEEP-WAKE-CYCLE-SLEEP, GOBP-POSITIVE-REGULATION-OF-ENDOTHELIAL-CELL-MATRIX-ADHESION-VIA-FIBRONECTIN, GOBP-POSITIVE-REGULATION-OF-INSULIN-LIKE-GROWTH-FACTOR-RECEPTOR-SIGNALING-PATHWAY, GOBP-POSITIVE-REGULATION-OF-MUCUS-SECRETION, GOBP-POSITIVE-REGULATION-OF-TOLL-LIKE-RECEPTOR-7-SIGNALING-PATHWAY, GOBP-PROTEIN-LOCALIZATION-TO-MOTILE-CILIUM, GOBP-PULMONARY-ARTERY-MORPHOGENESIS, GOBP-REACTIVE-GLIOSIS, GOBP-REGULATION-OF-ATPASE-COUPLED-CALCIUM-TRANSMEMBRANE-TRANSPORTER-ACTIVITY, GOBP-REGULATION-OF-BLOOD-VOLUME-BY-RENIN-ANGIOTENSIN, GOBP-REGULATION-OF-G-PROTEIN-COUPLED-RECEPTOR-INTERNALIZATION, GOBP-REGULATION-OF-HEART-MORPHOGENESIS, GOBP-REGULATION-OF-LEUKOCYTE-ADHESION-TO-ARTERIAL-ENDOTHELIAL-CELL, GOBP-REGULATION-OF-MUCUS-SECRETION, GOBP-REGULATION-OF-TOLL-LIKE-RECEPTOR-7-SIGNALING-PATHWAY, GOBP-UREA-TRANSMEMBRANE-TRANSPORT, GOCC-INNER-DYNEIN-ARM, GOCC-PERINUCLEAR-THECA, GOCC-PROTEIN-COMPLEX-INVOLVED-IN-CELL-CELL-ADHESION, GOMF-ALKANE-1-MONOOXYGENASE-ACTIVITY, GOMF-BITTER-TASTE-RECEPTOR-ACTIVITY, GOMF-CALCIUM-POTASSIUM-SODIUM-ANTIPORTER-ACTIVITY, GOMF-DOUBLE-STRANDED-RNA-ADENOSINE-DEAMINASE-ACTIVITY, GOMF-FATTY-ACYL-COA-SYNTHASE-ACTIVITY, GOMF-GLUTAMATE-GATED-CALCIUM-ION-CHANNEL-ACTIVITY, GOMF-GLUTAMATE-GATED-RECEPTOR-ACTIVITY, GOMF-GLUTAMATE-RECEPTOR-ACTIVITY, GOMF-MHC-CLASS-I-PROTEIN-COMPLEX-BINDING, GOMF-NEUROLIGIN-FAMILY-PROTEIN-BINDING, GOMF-NEUROPEPTIDE-Y-RECEPTOR-ACTIVITY, GOMF-NITRIC-OXIDE-BINDING, GOMF-NMDA-GLUTAMATE-RECEPTOR-ACTIVITY, GOMF-ODORANT-BINDING, GOMF-RETINOIC-ACID-4-HYDROXYLASE-ACTIVITY, GOMF-SEROTONIN-BINDING, GOMF-TASTE-RECEPTOR-ACTIVITY, GOMF-TELETHONIN-BINDING, GOMF-TRAIL-BINDING, HP-ABNORMAL-CIRCULATING-INTERLEUKIN-10-CONCENTRATION, HP-ABNORMAL-DARK-ADAPTED-BRIGHT-FLASH-ELECTRORETINOGRAM, HP-ABNORMAL-DELAYED-HYPERSENSITIVITY-SKIN-TEST, HP-ABNORMAL-PHAGOCYTOSIS, HP-ABNORMALITY-OF-SUPEROXIDE-METABOLISM, HP-DECREASED-CD8-T-CELL-PROPORTION, HP-INCREASED-THETA-FREQUENCY-ACTIVITY-IN-EEG, HP-IRIS-ATROPHY, HP-LINEAR-ARRAYS-OF-MACULAR-HYPERKERATOSES-IN-FLEXURAL-AREAS, HP-MATERNAL-AUTOIMMUNE-DISEASE, HP-MITTEN-DEFORMITY, HP-NEONATAL-SEIZURE-WITH-ELECTROGRAPHIC-CORRELATE, HP-NONPRODUCTIVE-COUGH, HP-NORMAL-INTERICTAL-EEG, HP-PALMAR-HYPERHIDROSIS, HP-PERMANENT-ATRIAL-FIBRILLATION, HP-REDUCED-AMPLITUDE-OF-DARK-ADAPTED-BRIGHT-FLASH-ELECTRORETINOGRAM-A-WAVE, HP-SCALP-TENDERNESS, HP-THYROID-DEFECT-IN-OXIDATION-AND-ORGANIFICATION-OF-IODIDE
✔ Done!
Calculate differential gene set : AUCell
Finish!
Calculate differential gene set : UCell
Finish!
Calculate differential gene set : singscore
Finish!
Calculate differential gene set : ssgsea
Finish!
✔ Skip scPP due to no label provided!

── All Done! ───────────────────────────────────────────────────────────────────
