nohup: ignoring input
✔ Successfully merged 2 objects.
Calculate differential gene set : AUCell
Finish!
Calculate differential gene set : UCell
Finish!
Calculate differential gene set : singscore
Finish!
Calculate differential gene set : ssgsea
Finish!
The following `from` values were not present in `x`: GOBP-ACTIVATION-OF-MEIOSIS, GOBP-ADENOSINE-TO-INOSINE-EDITING, GOBP-ALANINE-METABOLIC-PROCESS, GOBP-AUTOSOME-GENOMIC-IMPRINTING, GOBP-C-TERMINAL-PROTEIN-DEGLUTAMYLATION, GOBP-CARDIAC-MUSCLE-CELL-FATE-COMMITMENT, GOBP-CARDIAC-PACEMAKER-CELL-DIFFERENTIATION, GOBP-CELLULAR-RESPONSE-TO-ETHANOL, GOBP-CELLULAR-RESPONSE-TO-L-GLUTAMATE, GOBP-CELLULAR-RESPONSE-TO-LUTEINIZING-HORMONE-STIMULUS, GOBP-CEREBROSPINAL-FLUID-CIRCULATION, GOBP-CHEMOKINE-C-C-MOTIF-LIGAND-5-PRODUCTION, GOBP-CHEMOKINE-C-X-C-MOTIF-LIGAND-1-PRODUCTION, GOBP-CORTISOL-METABOLIC-PROCESS, GOBP-CYCLIC-NUCLEOTIDE-TRANSPORT, GOBP-CYTOKINE-PRECURSOR-PROCESSING, GOBP-DEFINITIVE-ERYTHROCYTE-DIFFERENTIATION, GOBP-DEOXYRIBONUCLEOSIDE-CATABOLIC-PROCESS, GOBP-DIET-INDUCED-THERMOGENESIS, GOBP-DNA-STRAND-RESECTION-INVOLVED-IN-REPLICATION-FORK-PROCESSING, GOBP-GANGLIOSIDE-BIOSYNTHETIC-PROCESS, GOBP-GENERAL-ADAPTATION-SYNDROME-BEHAVIORAL-PROCESS, GOBP-GLUCOSE-CATABOLIC-PROCESS-TO-LACTATE, GOBP-GLYCOSIDE-CATABOLIC-PROCESS, GOBP-GUANINE-METABOLIC-PROCESS, GOBP-GUANINE-NUCLEOTIDE-TRANSPORT, GOBP-HEPATOCYTE-DIFFERENTIATION, GOBP-HOST-MEDIATED-REGULATION-OF-INTESTINAL-MICROBIOTA-COMPOSITION, GOBP-INTERCELLULAR-TRANSPORT, GOBP-INTERNEURON-MIGRATION-FROM-THE-SUBPALLIUM-TO-THE-CORTEX, GOBP-INTRACELLULAR-DISTRIBUTION-OF-MITOCHONDRIA, GOBP-INTRACELLULAR-MAGNESIUM-ION-HOMEOSTASIS, GOBP-LOCALIZATION-OF-CELL, GOBP-LUTEINIZING-HORMONE-SECRETION, GOBP-MEMBRANE-DEPOLARIZATION-DURING-SA-NODE-CELL-ACTION-POTENTIAL, GOBP-MEMBRANE-HYPERPOLARIZATION, GOBP-MONOACYLGLYCEROL-BIOSYNTHETIC-PROCESS, GOBP-MUCOSA-ASSOCIATED-LYMPHOID-TISSUE-DEVELOPMENT, GOBP-N-GLYCAN-FUCOSYLATION, GOBP-NEGATIVE-REGULATION-OF-ACUTE-INFLAMMATORY-RESPONSE-TO-ANTIGENIC-STIMULUS, GOBP-NEGATIVE-REGULATION-OF-BLOOD-VESSEL-ENDOTHELIAL-CELL-PROLIFERATION-INVOLVED-IN-SPROUTING-ANGIOGENESIS, GOBP-NEGATIVE-REGULATION-OF-CELL-CYCLE-CHECKPOINT, GOBP-NEGATIVE-REGULATION-OF-CHEMOKINE-C-C-MOTIF-LIGAND-5-PRODUCTION, GOBP-NEGATIVE-REGULATION-OF-CYCLIN-DEPENDENT-PROTEIN-SERINE-THREONINE-KINASE-ACTIVITY, GOBP-NEGATIVE-REGULATION-OF-DIGESTIVE-SYSTEM-PROCESS, GOBP-NEGATIVE-REGULATION-OF-DNA-TEMPLATED-DNA-REPLICATION, GOBP-NEGATIVE-REGULATION-OF-FEEDING-BEHAVIOR, GOBP-NEGATIVE-REGULATION-OF-LAMELLIPODIUM-ASSEMBLY, GOBP-NEGATIVE-REGULATION-OF-PANCREATIC-JUICE-SECRETION, GOBP-NEGATIVE-REGULATION-OF-PROTEIN-K63-LINKED-UBIQUITINATION, GOBP-NEGATIVE-REGULATION-OF-PROTEIN-POLYUBIQUITINATION, GOBP-NEURONAL-DENSE-CORE-VESICLE-EXOCYTOSIS, GOBP-NEUROTRANSMITTER-GATED-ION-CHANNEL-CLUSTERING, GOBP-NK-T-CELL-PROLIFERATION, GOBP-OXALATE-TRANSPORT, GOBP-PHASIC-SMOOTH-MUSCLE-CONTRACTION, GOBP-PHOTORECEPTOR-CELL-MORPHOGENESIS, GOBP-POLY-N-ACETYLLACTOSAMINE-METABOLIC-PROCESS, GOBP-POSITIVE-REGULATION-OF-CHEMOKINE-C-C-MOTIF-LIGAND-5-PRODUCTION, GOBP-POSITIVE-REGULATION-OF-DNA-TEMPLATED-DNA-REPLICATION, GOBP-POSITIVE-REGULATION-OF-MIRNA-PROCESSING, GOBP-POSITIVE-REGULATION-OF-MITOCHONDRIAL-FUSION, GOBP-POSITIVE-REGULATION-OF-PROTEIN-LOCALIZATION-TO-CENTROSOME, GOBP-POSITIVE-REGULATION-OF-SPHINGOLIPID-BIOSYNTHETIC-PROCESS, GOBP-POSITIVE-REGULATION-OF-TOLL-LIKE-RECEPTOR-7-SIGNALING-PATHWAY, GOBP-POSITIVE-REGULATION-OF-VASCULAR-WOUND-HEALING, GOBP-PRESYNAPTIC-DENSE-CORE-VESICLE-EXOCYTOSIS, GOBP-PROLINE-TRANSMEMBRANE-TRANSPORT, GOBP-PROTEIN-DEGLUTAMYLATION, GOBP-PROTEIN-O-LINKED-FUCOSYLATION, GOBP-PROTEIN-SIDE-CHAIN-DEGLUTAMYLATION, GOBP-RECEPTOR-LOCALIZATION-TO-NON-MOTILE-CILIUM, GOBP-REGULATION-OF-BINDING-OF-SPERM-TO-ZONA-PELLUCIDA, GOBP-REGULATION-OF-ENDOSOME-TO-PLASMA-MEMBRANE-PROTEIN-TRANSPORT, GOBP-REGULATION-OF-FAS-SIGNALING-PATHWAY, GOBP-REGULATION-OF-G2-MI-TRANSITION-OF-MEIOTIC-CELL-CYCLE, GOBP-REGULATION-OF-INTESTINAL-ABSORPTION, GOBP-REGULATION-OF-MEIOTIC-NUCLEAR-DIVISION, GOBP-REGULATION-OF-MESODERM-DEVELOPMENT, GOBP-REGULATION-OF-MONOCYTE-EXTRAVASATION, GOBP-REGULATION-OF-MYOBLAST-FUSION, GOBP-REGULATION-OF-ODONTOGENESIS-OF-DENTIN-CONTAINING-TOOTH, GOBP-REGULATION-OF-PHOSPHATIDYLINOSITOL-DEPHOSPHORYLATION, GOBP-REGULATION-OF-PROTEIN-K48-LINKED-UBIQUITINATION, GOBP-REGULATION-OF-SKELETAL-MUSCLE-FIBER-DEVELOPMENT, GOBP-REGULATION-OF-SYNAPTIC-VESICLE-TRANSPORT, GOBP-REGULATION-OF-TOLL-LIKE-RECEPTOR-7-SIGNALING-PATHWAY, GOBP-REGULATION-OF-TRANSMISSION-OF-NERVE-IMPULSE, GOBP-REGULATION-OF-XENOPHAGY, GOBP-RESPONSE-TO-DISACCHARIDE, GOBP-RESPONSE-TO-GLYCOPROTEIN, GOBP-RESPONSE-TO-LUTEINIZING-HORMONE, GOBP-RESPONSE-TO-PHEROMONE, GOBP-SA-NODE-CELL-TO-ATRIAL-CARDIAC-MUSCLE-CELL-COMMUNICATION, GOBP-SOMATOSTATIN-RECEPTOR-SIGNALING-PATHWAY, GOBP-SPERM-AXONEME-ASSEMBLY, GOBP-TOLL-LIKE-RECEPTOR-8-SIGNALING-PATHWAY, GOBP-TRANSSULFURATION, GOBP-TRNA-AMINOACYLATION-FOR-MITOCHONDRIAL-PROTEIN-TRANSLATION, GOBP-UBIQUITIN-DEPENDENT-ENDOCYTOSIS, GOBP-UDP-BIOSYNTHETIC-PROCESS, GOCC-9PLUS0-MOTILE-CILIUM, GOCC-ASTER, GOCC-ATP-BINDING-CASSETTE-ABC-TRANSPORTER-COMPLEX, GOCC-AXON-INITIAL-SEGMENT, GOCC-BBSOME, GOCC-CATSPER-COMPLEX, GOCC-CORVET-COMPLEX, GOCC-CYTOPLASMIC-SIDE-OF-MITOCHONDRIAL-OUTER-MEMBRANE, GOCC-DENSE-CORE-GRANULE-MEMBRANE, GOCC-EGG-COAT, GOCC-EXTRINSIC-COMPONENT-OF-POSTSYNAPTIC-SPECIALIZATION-MEMBRANE, GOCC-FEMALE-GERM-CELL-NUCLEUS, GOCC-GARP-COMPLEX, GOCC-POSTSYNAPTIC-EARLY-ENDOSOME, GOCC-RDNA-HETEROCHROMATIN, GOCC-SIGNAL-PEPTIDASE-COMPLEX, GOMF-2-ACYLGLYCEROL-O-ACYLTRANSFERASE-ACTIVITY, GOMF-ACETYLCHOLINE-GATED-MONOATOMIC-CATION-SELECTIVE-CHANNEL-ACTIVITY, GOMF-ALPHA-N-ACETYLGALACTOSAMINIDE-ALPHA-2-6-SIALYLTRANSFERASE-ACTIVITY, GOMF-AMINO-ACID-PROTON-SYMPORTER-ACTIVITY, GOMF-ARYL-HYDROCARBON-RECEPTOR-BINDING, GOMF-BETA-1-3-GALACTOSYLTRANSFERASE-ACTIVITY, GOMF-CARBONATE-DEHYDRATASE-ACTIVITY, GOMF-DERMATAN-4-SULFOTRANSFERASE-ACTIVITY, GOMF-DIACYLGLYCEROL-O-ACYLTRANSFERASE-ACTIVITY, GOMF-DNA-DIRECTED-DNA-POLYMERASE-ACTIVITY, GOMF-DNA-DNA-ANNEALING-ACTIVITY, GOMF-INOSITOL-1-3-4-5-TETRAKISPHOSPHATE-5-PHOSPHATASE-ACTIVITY, GOMF-INOSITOL-BISPHOSPHATE-PHOSPHATASE-ACTIVITY, GOMF-L-PROLINE-TRANSMEMBRANE-TRANSPORTER-ACTIVITY, GOMF-NADPH-OXIDASE-H202-FORMING-ACTIVITY, GOMF-NADPLUS-PROTEIN-LYSINE-ADP-RIBOSYLTRANSFERASE-ACTIVITY, GOMF-NATURAL-KILLER-CELL-LECTIN-LIKE-RECEPTOR-BINDING, GOMF-NEUROTRANSMITTER-RECEPTOR-ACTIVITY-INVOLVED-IN-REGULATION-OF-POSTSYNAPTIC-MEMBRANE-POTENTIAL, GOMF-OMEGA-PEPTIDASE-ACTIVITY, GOMF-OXALATE-TRANSMEMBRANE-TRANSPORTER-ACTIVITY, GOMF-PHOSPHATIDYLINOSITOL-3-5-BISPHOSPHATE-5-PHOSPHATASE-ACTIVITY, GOMF-PHOSPHOLIPASE-C-ACTIVITY, GOMF-PROTEIN-ARGININE-OMEGA-N-MONOMETHYLTRANSFERASE-ACTIVITY, GOMF-PROTEIN-PRENYLTRANSFERASE-ACTIVITY, GOMF-QUATERNARY-AMMONIUM-GROUP-TRANSMEMBRANE-TRANSPORTER-ACTIVITY, GOMF-RAB-GERANYLGERANYLTRANSFERASE-ACTIVITY, GOMF-SOMATOSTATIN-RECEPTOR-ACTIVITY, GOMF-TRNA-SPECIFIC-ADENOSINE-DEAMINASE-ACTIVITY, GOMF-TRNA-URIDINE-METHYLTRANSFERASE-ACTIVITY, GOMF-VERY-LONG-CHAIN-FATTY-ACID-COA-LIGASE-ACTIVITY, HP-ABNORMAL-CEREBELLAR-CORTEX-MORPHOLOGY, HP-ABNORMAL-CIRCULATING-ISOLEUCINE-CONCENTRATION, HP-ABNORMAL-CIRCULATING-VALINE-CONCENTRATION, HP-ABNORMAL-DOUBLE-NEGATIVE-T-CELL-PROPORTION, HP-ABNORMAL-ENZYME-ACTIVITY-IN-MUSCLE-TISSUE, HP-ABNORMAL-MESENTERY-MORPHOLOGY, HP-ABNORMAL-OOCYTE-MORPHOLOGY, HP-ABNORMAL-SLEEP-ARCHITECTURE, HP-ABNORMAL-SPEECH-DISCRIMINATION, HP-ABNORMAL-SPERM-AXONEME-MORPHOLOGY, HP-ABNORMAL-SUPERIOR-CEREBELLAR-PEDUNCLE-MORPHOLOGY, HP-ABNORMALITY-OF-PATTERN-VISUAL-EVOKED-POTENTIALS, HP-ACANTHOCYTOSIS, HP-ALLODYNIA, HP-ALVEOLAR-RIDGE-OVERGROWTH, HP-ANOMALOUS-TRICHROMACY, HP-ANTERIOR-PLAGIOCEPHALY, HP-APLASIA-OF-THE-MUSCULATURE, HP-CEREBRAL-VENOUS-THROMBOSIS, HP-COLD-INDUCED-MUSCLE-CRAMPS, HP-COMMON-ATRIUM, HP-CORTICAL-SCLEROSIS, HP-DECREASED-TOTAL-GRANULOCYTE-COUNT, HP-DELAYED-PROXIMAL-FEMORAL-EPIPHYSEAL-OSSIFICATION, HP-DERMATAN-SULFATE-EXCRETION-IN-URINE, HP-DEXAMETHASONE-SUPPRESSIBLE-PRIMARY-HYPERALDOSTERONISM, HP-ECHOGENIC-FETAL-BOWEL, HP-EEG-WITH-SPIKE-WAVE-COMPLEXES-2-5-3-5-HZ, HP-EXTRAPYRAMIDAL-DYSKINESIA, HP-FACIAL-TICS, HP-FEMUR-FRACTURE, HP-FUNDUS-ATROPHY, HP-HORNER-SYNDROME, HP-HYPERISOLEUCINEMIA, HP-HYPEROPIC-ASTIGMATISM, HP-INCOMPREHENSIBLE-SPEECH, HP-INCREASED-SERUM-SEROTONIN, HP-INTERHEMISPHERIC-CYST, HP-INTERNALLY-NUCLEATED-SKELETAL-MUSCLE-FIBERS, HP-INTESTINAL-BLEEDING, HP-JERKY-OCULAR-PURSUIT-MOVEMENTS, HP-KETOTIC-HYPOGLYCEMIA, HP-LACTOSE-INTOLERANCE, HP-LARYNGEAL-STRIDOR, HP-LATE-FIRST-TRIMESTER-ONSET, HP-LATERAL-CLAVICLE-HOOK, HP-LINEAR-ARRAYS-OF-MACULAR-HYPERKERATOSES-IN-FLEXURAL-AREAS, HP-LINGUAL-DYSTONIA, HP-LOW-GRADE-FEVER, HP-LOW-INSERTION-OF-COLUMELLA, HP-MIDLINE-DEFECT-OF-THE-NOSE, HP-NAIL-BITING, HP-OPTIC-NERVE-GLIOMA, HP-PARIETAL-BOSSING, HP-PHOCOMELIA, HP-POLYEMBOLOKOILAMANIA, HP-PRESYNCOPE, HP-PUNCTATE-OPACIFICATION-OF-THE-CORNEA, HP-PUNDING, HP-RECURRENT-MYOGLOBINURIA, HP-RENAL-NECROSIS, HP-SEVERE-DEMYELINATION-OF-THE-WHITE-MATTER, HP-SHORT-5TH-TOE, HP-SHORTENED-PR-INTERVAL, HP-SHORTENING-OF-ALL-MIDDLE-PHALANGES-OF-THE-FINGERS, HP-SILVER-GRAY-HAIR, HP-THYROID-DYSGENESIS, HP-TORSION-DYSTONIA, HP-TRITANOMALY, HP-TUBULAR-LUMINAL-DILATATION, HP-ULTRA-LOW-VISION, HP-UNCONTROLLED-EYE-MOVEMENTS, HP-URETHRAL-FISTULA, HP-URETHROVAGINAL-FISTULA
✔ Done!
Calculate differential gene set : AUCell
Finish!
Calculate differential gene set : UCell
Finish!
Calculate differential gene set : singscore
Finish!
Calculate differential gene set : ssgsea
Finish!
✔ Done!
Calculate differential gene set : AUCell
Finish!
Calculate differential gene set : UCell
Finish!
Calculate differential gene set : singscore
Finish!
Calculate differential gene set : ssgsea
Finish!
The following `from` values were not present in `x`: GOBP-SKELETAL-MUSCLE-THIN-FILAMENT-ASSEMBLY, GOCC-TRANS-SYNAPTIC-PROTEIN-COMPLEX, GOMF-ODORANT-BINDING
✔ Done!
Calculate differential gene set : AUCell
Finish!
Calculate differential gene set : UCell
Finish!
Calculate differential gene set : singscore
Finish!
Calculate differential gene set : ssgsea
Finish!
The following `from` values were not present in `x`: GOMF-NEUROLIGIN-FAMILY-PROTEIN-BINDING, HP-PERMANENT-ATRIAL-FIBRILLATION
✔ Done!

── All Done! ───────────────────────────────────────────────────────────────────
