nohup: ignoring input
✔ Setting active project to "/home/yyx/R/Project/R_code/paper_SigBridgeR".

Attaching package: ‘dplyr’

The following objects are masked from ‘package:stats’:

    filter, lag

The following objects are masked from ‘package:base’:

    intersect, setdiff, setequal, union

✔ SigBridgeR v3.6.1 loaded
ℹ bulk data loaded: dim = (60660 and 1210)
ℹ pheno data loaded: 1~tumor, 0~normal
pheno_bi
   0    1 
 113 1089 
  OpenMP version (_OPENMP)       201511
  omp_get_num_procs()            192
  R_DATATABLE_NUM_PROCS_PERCENT  unset (default 50)
  R_DATATABLE_NUM_THREADS        unset
  R_DATATABLE_THROTTLE           unset (default 1024)
  omp_get_thread_limit()         2147483647
  omp_get_max_threads()          192
  OMP_THREAD_LIMIT               unset
  OMP_NUM_THREADS                8
  RestoreAfterFork               true
  data.table is using 8 threads with throttle==1024. See ?setDTthreads.

── System-Level Configuration ──

• OMP_NUM_THREADS: unset -> 8
• data.table: 96 -> 8

── TensorFlow Configuration ──

• TF_XLA_FLAGS: unset -> --tf_xla_auto_jit=2 --tf_xla_cpu_global_jit
• TF_XLA_CPU_GLOBAL_JIT: unset -> 1
• TF_NUM_INTEROP_THREADS: unset -> 8
• TF_NUM_INTRAOP_THREADS: unset -> 8
ℹ Found degas_label_mat1_part1.csv, skip
ℹ Found degas_label_mat1_part2.csv, skip

── 1 / 51 ──────────────────────────────────────────────────────────────────────
ℹ [2026/04/11 16:40:04] Starting DEGAS Screen
ℹ [2026/04/11 16:40:13] Setting up Environment...
ℹ [2026/04/11 16:40:15] Existing environment "r-reticulate-degas" found
ℹ [2026/04/11 16:40:17] Training DEGAS model...
ℹ [2026/04/11 16:40:17] 3-layer DenseNet BlankClass DEGAS model
Warning in asMethod(object) :
  sparse->dense coercion: allocating vector of size 2.8 GiB
ℹ [2026/04/11 16:40:41] Python check passed, using Python 3.9.15 
ℹ [2026/04/11 16:40:41] Training progress: 1/5...
WARNING:tensorflow:From /home/yyx/miniconda3/envs/r-reticulate-degas/lib/python3.9/site-packages/tensorflow/python/compat/v2_compat.py:96: disable_resource_variables (from tensorflow.python.ops.variable_scope) is deprecated and will be removed in a future version.
Instructions for updating:
non-resource variables are not supported in the long term
WARNING:tensorflow:From /home/yyx/miniconda3/envs/r-reticulate-degas/lib/python3.9/site-packages/tensorflow/python/util/dispatch.py:201: calling dropout (from tensorflow.python.ops.nn_ops) with keep_prob is deprecated and will be removed in a future version.
Instructions for updating:
Please use `rate` instead of `keep_prob`. Rate should be set to `rate = 1 - keep_prob`.
2026-04-11 16:41:24.563491: I tensorflow/compiler/jit/xla_cpu_device.cc:41] Not creating XLA devices, tf_xla_enable_xla_devices not set
2026-04-11 16:41:24.563865: I tensorflow/core/platform/cpu_feature_guard.cc:142] This TensorFlow binary is optimized with oneAPI Deep Neural Network Library (oneDNN) to use the following CPU instructions in performance-critical operations:  SSE4.1 SSE4.2 AVX AVX2 FMA
To enable them in other operations, rebuild TensorFlow with the appropriate compiler flags.
2026-04-11 16:41:24.575526: I tensorflow/compiler/mlir/mlir_graph_optimization_pass.cc:196] None of the MLIR optimization passes are enabled (registered 0 passes)
2026-04-11 16:41:24.582618: I tensorflow/core/platform/profile_utils/cpu_utils.cc:112] CPU Frequency: 2595145000 Hz
2026-04-11 16:41:25.152956: I tensorflow/compiler/xla/service/service.cc:168] XLA service 0x73006800a440 initialized for platform Host (this does not guarantee that XLA will be used). Devices:
2026-04-11 16:41:25.153036: I tensorflow/compiler/xla/service/service.cc:176]   StreamExecutor device (0): Host, Default Version
2026-04-11 16:41:25.255540: I tensorflow/compiler/jit/xla_compilation_cache.cc:333] Compiled cluster using XLA!  This line is logged at most once for the lifetime of the process.
Starting training...
Step       Total Loss      Label Loss      MMD Loss       
-------------------------------------------------------
0          4.374132        0.612196        0.968118       
50         1.324475        0.562620        0.079297       
100        1.130701        0.442214        0.080430       
150        0.976572        0.381896        0.070212       
200        0.963356        0.370842        0.066241       
250        0.921077        0.371048        0.070642       
300        0.934452        0.367764        0.066080       
350        0.957674        0.377912        0.063461       
400        0.975420        0.377475        0.062181       
450        0.916693        0.358442        0.067070       
500        0.960863        0.375063        0.063522       
550        0.955401        0.385021        0.067690       
600        0.974716        0.392441        0.065440       
650        0.970845        0.388026        0.064869       
700        0.988669        0.393386        0.071168       
750        0.909405        0.358638        0.062324       
800        0.946020        0.370380        0.065782       
850        0.957567        0.382334        0.067197       
900        0.987317        0.397674        0.068824       
950        0.955627        0.373687        0.066893       
1000       0.950980        0.381542        0.067025       
1050       0.922972        0.363637        0.067098       
1100       0.985070        0.384077        0.067552       
1150       0.996814        0.388334        0.065248       
1200       0.954115        0.371361        0.067362       
1250       0.898840        0.356417        0.069494       
1300       0.919415        0.364686        0.069205       
1350       0.932683        0.366770        0.063227       
1400       0.926755        0.365767        0.063343       
1450       0.945311        0.374760        0.064784       
1500       0.894878        0.340699        0.062264       
1550       0.954071        0.374636        0.066567       
1600       0.975231        0.391965        0.062147       
1650       0.969460        0.382845        0.061787       
1700       0.931628        0.367000        0.062667       
1750       0.942196        0.370902        0.066204       
1800       0.910903        0.363288        0.063750       
1850       0.957523        0.375936        0.061496       
1900       0.926460        0.363732        0.064739       
1950       0.946681        0.376114        0.063201       
2000       0.981796        0.390239        0.063897       
 ■■■■■■■                           20% |  ETA: 27m
ℹ [2026/04/11 16:47:26] Training progress: 2/5...
 ■■■■■■■                           20% |  ETA: 27mWARNING:tensorflow:From /home/yyx/miniconda3/envs/r-reticulate-degas/lib/python3.9/site-packages/tensorflow/python/compat/v2_compat.py:96: disable_resource_variables (from tensorflow.python.ops.variable_scope) is deprecated and will be removed in a future version.
Instructions for updating:
non-resource variables are not supported in the long term
WARNING:tensorflow:From /home/yyx/miniconda3/envs/r-reticulate-degas/lib/python3.9/site-packages/tensorflow/python/util/dispatch.py:201: calling dropout (from tensorflow.python.ops.nn_ops) with keep_prob is deprecated and will be removed in a future version.
Instructions for updating:
Please use `rate` instead of `keep_prob`. Rate should be set to `rate = 1 - keep_prob`.
2026-04-11 16:48:16.833534: I tensorflow/compiler/jit/xla_cpu_device.cc:41] Not creating XLA devices, tf_xla_enable_xla_devices not set
2026-04-11 16:48:16.833931: I tensorflow/core/platform/cpu_feature_guard.cc:142] This TensorFlow binary is optimized with oneAPI Deep Neural Network Library (oneDNN) to use the following CPU instructions in performance-critical operations:  SSE4.1 SSE4.2 AVX AVX2 FMA
To enable them in other operations, rebuild TensorFlow with the appropriate compiler flags.
2026-04-11 16:48:16.845481: I tensorflow/compiler/mlir/mlir_graph_optimization_pass.cc:196] None of the MLIR optimization passes are enabled (registered 0 passes)
2026-04-11 16:48:16.852760: I tensorflow/core/platform/profile_utils/cpu_utils.cc:112] CPU Frequency: 2595145000 Hz
2026-04-11 16:48:17.257039: I tensorflow/compiler/xla/service/service.cc:168] XLA service 0x708f2c009b00 initialized for platform Host (this does not guarantee that XLA will be used). Devices:
2026-04-11 16:48:17.257107: I tensorflow/compiler/xla/service/service.cc:176]   StreamExecutor device (0): Host, Default Version
2026-04-11 16:48:17.371900: I tensorflow/compiler/jit/xla_compilation_cache.cc:333] Compiled cluster using XLA!  This line is logged at most once for the lifetime of the process.
