nohup: ignoring input
✔ Setting active project to "/home/yyx/R/Project/R_code/paper_SigBridgeR".

Attaching package: ‘dplyr’

The following objects are masked from ‘package:stats’:

    filter, lag

The following objects are masked from ‘package:base’:

    intersect, setdiff, setequal, union

✔ SigBridgeR v3.6.1 loaded
ℹ bulk data loaded: dim = (54675 and 121)
ℹ pheno data loaded: 1~tumor, 0~normal
pheno_bi
  0   1 
 17 104 

── 1 / 51 ──────────────────────────────────────────────────────────────────────
→ cache found, loading...

── 2 / 51 ──────────────────────────────────────────────────────────────────────

── 3 / 51 ──────────────────────────────────────────────────────────────────────

── 4 / 51 ──────────────────────────────────────────────────────────────────────

── 5 / 51 ──────────────────────────────────────────────────────────────────────

── 6 / 51 ──────────────────────────────────────────────────────────────────────

── 7 / 51 ──────────────────────────────────────────────────────────────────────

── 8 / 51 ──────────────────────────────────────────────────────────────────────

── 9 / 51 ──────────────────────────────────────────────────────────────────────
