nohup: ignoring input
✔ Setting active project to "/home/yyx/R/Project/R_code/paper_SigBridgeR".

Attaching package: ‘dplyr’

The following objects are masked from ‘package:stats’:

    filter, lag

The following objects are masked from ‘package:base’:

    intersect, setdiff, setequal, union

ℹ bulk data loaded: dim = (60660 and 1210)
ℹ pheno data loaded: 1~tumor, 0~normal
pheno_bi
   0    1 
 113 1089 
  OpenMP version (_OPENMP)       201511
  omp_get_num_procs()            192
  R_DATATABLE_NUM_PROCS_PERCENT  unset (default 50)
  R_DATATABLE_NUM_THREADS        unset
  R_DATATABLE_THROTTLE           unset (default 1024)
  omp_get_thread_limit()         2147483647
  omp_get_max_threads()          192
  OMP_THREAD_LIMIT               unset
  OMP_NUM_THREADS                4
  RestoreAfterFork               true
  data.table is using 4 threads with throttle==1024. See ?setDTthreads.

── System-Level Configuration ──

• OMP_NUM_THREADS: unset -> 4
• data.table: 96 -> 4

── TensorFlow Configuration ──

• TF_XLA_FLAGS: unset -> --tf_xla_auto_jit=2 --tf_xla_cpu_global_jit
• TF_XLA_CPU_GLOBAL_JIT: unset -> 1
• TF_NUM_INTEROP_THREADS: unset -> 2
• TF_NUM_INTRAOP_THREADS: unset -> 1

── 1 / 51 ──────────────────────────────────────────────────────────────────────
→ cache found, loading...

── 2 / 51 ──────────────────────────────────────────────────────────────────────
→ cache found, loading...

── 3 / 51 ──────────────────────────────────────────────────────────────────────
→ cache found, loading...

── 4 / 51 ──────────────────────────────────────────────────────────────────────
→ cache found, loading...

── 5 / 51 ──────────────────────────────────────────────────────────────────────
→ cache found, loading...

── 6 / 51 ──────────────────────────────────────────────────────────────────────
→ cache found, loading...

── 7 / 51 ──────────────────────────────────────────────────────────────────────
→ cache found, loading...

── 8 / 51 ──────────────────────────────────────────────────────────────────────
→ cache found, loading...

── 9 / 51 ──────────────────────────────────────────────────────────────────────
→ cache found, loading...

── 10 / 51 ─────────────────────────────────────────────────────────────────────
→ cache found, loading...

── 11 / 51 ─────────────────────────────────────────────────────────────────────
→ cache found, loading...

── 12 / 51 ─────────────────────────────────────────────────────────────────────
→ cache found, loading...

── 13 / 51 ─────────────────────────────────────────────────────────────────────
→ cache found, loading...

── 14 / 51 ─────────────────────────────────────────────────────────────────────
→ cache found, loading...

── 15 / 51 ─────────────────────────────────────────────────────────────────────
→ cache found, loading...

── 16 / 51 ─────────────────────────────────────────────────────────────────────
→ cache found, loading...

── 17 / 51 ─────────────────────────────────────────────────────────────────────
→ cache found, loading...

── 18 / 51 ─────────────────────────────────────────────────────────────────────
→ cache found, loading...

── 19 / 51 ─────────────────────────────────────────────────────────────────────
→ cache found, loading...

── 20 / 51 ─────────────────────────────────────────────────────────────────────
→ cache found, loading...

── 21 / 51 ─────────────────────────────────────────────────────────────────────
→ cache found, loading...

── 22 / 51 ─────────────────────────────────────────────────────────────────────
→ cache found, loading...

── 23 / 51 ─────────────────────────────────────────────────────────────────────
→ cache found, loading...

── 24 / 51 ─────────────────────────────────────────────────────────────────────
→ cache found, loading...

── 25 / 51 ─────────────────────────────────────────────────────────────────────
→ cache found, loading...

── 26 / 51 ─────────────────────────────────────────────────────────────────────
→ cache found, loading...

── 27 / 51 ─────────────────────────────────────────────────────────────────────
→ cache found, loading...

── 28 / 51 ─────────────────────────────────────────────────────────────────────
→ cache found, loading...

── 29 / 51 ─────────────────────────────────────────────────────────────────────
→ cache found, loading...

── 30 / 51 ─────────────────────────────────────────────────────────────────────

── 31 / 51 ─────────────────────────────────────────────────────────────────────

── 32 / 51 ─────────────────────────────────────────────────────────────────────
