nohup: ignoring input
✔ Setting active project to "/home/yyx/R/Project/R_code/paper_SigBridgeR".

Attaching package: ‘dplyr’

The following objects are masked from ‘package:stats’:

    filter, lag

The following objects are masked from ‘package:base’:

    intersect, setdiff, setequal, union

ℹ bulk data loaded: dim = (54675 and 121)
ℹ pheno data loaded: 1~tumor, 0~normal
pheno_bi
  0   1 
 17 104 
ℹ  Using "RNA_snn" graph for network.
ℹ [2026/04/12 10:26:44] Calculating L, D and A
ℹ [2026/04/12 10:26:50] Normalizing quantiles of data
Warning in asMethod(object) :
  sparse->dense coercion: allocating vector of size 2.7 GiB
ℹ [2026/04/12 10:27:46] Calculating correlation
ℹ [2026/04/12 10:27:53] Guanranking

── 1 / 51 ──────────────────────────────────────────────────────────────────────
→ cache found, loading...

── 2 / 51 ──────────────────────────────────────────────────────────────────────
→ cache found, loading...

── 3 / 51 ──────────────────────────────────────────────────────────────────────
→ cache found, loading...

── 4 / 51 ──────────────────────────────────────────────────────────────────────

── 5 / 51 ──────────────────────────────────────────────────────────────────────
