nohup: ignoring input
✔ Setting active project to "/home/yyx/R/Project/R_code/paper_SigBridgeR".

Attaching package: ‘dplyr’

The following objects are masked from ‘package:stats’:

    filter, lag

The following objects are masked from ‘package:base’:

    intersect, setdiff, setequal, union

✔ SigBridgeR v3.6.1 loaded
ℹ bulk data loaded: dim = (54675 and 121)
ℹ pheno data loaded: 1~tumor, 0~normal
pheno_bi
  0   1 
 17 104 

── 1 / 51 ──────────────────────────────────────────────────────────────────────
→ cache found, loading...

── 2 / 51 ──────────────────────────────────────────────────────────────────────
→ cache found, loading...

── 3 / 51 ──────────────────────────────────────────────────────────────────────
→ cache found, loading...

── 4 / 51 ──────────────────────────────────────────────────────────────────────
→ cache found, loading...

── 5 / 51 ──────────────────────────────────────────────────────────────────────
→ cache found, loading...

── 6 / 51 ──────────────────────────────────────────────────────────────────────
→ cache found, loading...

── 7 / 51 ──────────────────────────────────────────────────────────────────────
→ cache found, loading...

── 8 / 51 ──────────────────────────────────────────────────────────────────────
→ cache found, loading...

── 9 / 51 ──────────────────────────────────────────────────────────────────────
→ cache found, loading...

── 10 / 51 ─────────────────────────────────────────────────────────────────────
→ cache found, loading...

── 11 / 51 ─────────────────────────────────────────────────────────────────────
→ cache found, loading...

── 12 / 51 ─────────────────────────────────────────────────────────────────────
→ cache found, loading...

── 13 / 51 ─────────────────────────────────────────────────────────────────────
→ cache found, loading...

── 14 / 51 ─────────────────────────────────────────────────────────────────────
→ cache found, loading...

── 15 / 51 ─────────────────────────────────────────────────────────────────────
→ cache found, loading...

── 16 / 51 ─────────────────────────────────────────────────────────────────────
→ cache found, loading...

── 17 / 51 ─────────────────────────────────────────────────────────────────────
→ cache found, loading...

── 18 / 51 ─────────────────────────────────────────────────────────────────────
→ cache found, loading...

── 19 / 51 ─────────────────────────────────────────────────────────────────────
→ cache found, loading...

── 20 / 51 ─────────────────────────────────────────────────────────────────────
→ cache found, loading...

── 21 / 51 ─────────────────────────────────────────────────────────────────────
→ cache found, loading...

── 22 / 51 ─────────────────────────────────────────────────────────────────────
→ cache found, loading...

── 23 / 51 ─────────────────────────────────────────────────────────────────────
→ cache found, loading...

── 24 / 51 ─────────────────────────────────────────────────────────────────────
→ cache found, loading...

── 25 / 51 ─────────────────────────────────────────────────────────────────────
→ cache found, loading...

── 26 / 51 ─────────────────────────────────────────────────────────────────────
→ cache found, loading...

── 27 / 51 ─────────────────────────────────────────────────────────────────────
→ cache found, loading...

── 28 / 51 ─────────────────────────────────────────────────────────────────────
→ cache found, loading...

── 29 / 51 ─────────────────────────────────────────────────────────────────────
→ cache found, loading...

── 30 / 51 ─────────────────────────────────────────────────────────────────────
→ cache found, loading...

── 31 / 51 ─────────────────────────────────────────────────────────────────────
→ cache found, loading...

── 32 / 51 ─────────────────────────────────────────────────────────────────────
→ cache found, loading...

── 33 / 51 ─────────────────────────────────────────────────────────────────────
→ cache found, loading...

── 34 / 51 ─────────────────────────────────────────────────────────────────────
→ cache found, loading...

── 35 / 51 ─────────────────────────────────────────────────────────────────────
→ cache found, loading...

── 36 / 51 ─────────────────────────────────────────────────────────────────────
→ cache found, loading...

── 37 / 51 ─────────────────────────────────────────────────────────────────────
→ cache found, loading...

── 38 / 51 ─────────────────────────────────────────────────────────────────────
→ cache found, loading...

── 39 / 51 ─────────────────────────────────────────────────────────────────────
→ cache found, loading...

── 40 / 51 ─────────────────────────────────────────────────────────────────────
→ cache found, loading...

── 41 / 51 ─────────────────────────────────────────────────────────────────────
→ cache found, loading...

── 42 / 51 ─────────────────────────────────────────────────────────────────────
→ cache found, loading...

── 43 / 51 ─────────────────────────────────────────────────────────────────────
→ cache found, loading...

── 44 / 51 ─────────────────────────────────────────────────────────────────────
→ cache found, loading...

── 45 / 51 ─────────────────────────────────────────────────────────────────────
→ cache found, loading...

── 46 / 51 ─────────────────────────────────────────────────────────────────────
→ cache found, loading...

── 47 / 51 ─────────────────────────────────────────────────────────────────────
→ cache found, loading...

── 48 / 51 ─────────────────────────────────────────────────────────────────────
→ cache found, loading...

── 49 / 51 ─────────────────────────────────────────────────────────────────────
→ cache found, loading...

── 50 / 51 ─────────────────────────────────────────────────────────────────────
→ cache found, loading...

── 51 / 51 ─────────────────────────────────────────────────────────────────────
→ cache found, loading...
            used   (Mb) gc trigger   (Mb)  max used   (Mb)
Ncells   3582578  191.4    7077462  378.0   7011204  374.5
Vcells 427774217 3263.7  612090358 4669.9 428773787 3271.3
✔ (2) scipac random search part1 completed.

── 1 / 51 ──────────────────────────────────────────────────────────────────────
ℹ [2026/04/11 11:36:28] Start SCIPAC screening
ℹ [2026/04/11 11:36:28] Find common variable geme (hvg = 3500)
Normalizing layer: counts
Performing log-normalization
0%   10   20   30   40   50   60   70   80   90   100%
[----|----|----|----|----|----|----|----|----|----|
**************************************************|
Finding variable features for layer counts
Calculating gene variances
0%   10   20   30   40   50   60   70   80   90   100%
[----|----|----|----|----|----|----|----|----|----|
**************************************************|
Calculating feature variances of standardized and clipped values
0%   10   20   30   40   50   60   70   80   90   100%
[----|----|----|----|----|----|----|----|----|----|
**************************************************|
ℹ [2026/04/11 11:36:47] Running PCA (n_pc = 60)
ℹ [2026/04/11 11:36:52] Clustering (resolution = 2)
Warning: Data is of class matrix. Coercing to dgCMatrix.
Computing nearest neighbor graph
Computing SNN
Modularity Optimizer version 1.3.0 by Ludo Waltman and Nees Jan van Eck

Number of nodes: 31872
Number of edges: 1452030

Running Louvain algorithm...
0%   10   20   30   40   50   60   70   80   90   100%
[----|----|----|----|----|----|----|----|----|----|
**************************************************|
Maximum modularity in 10 random starts: 0.8688
Number of communities: 43
Elapsed time: 7 seconds
ℹ [2026/04/11 11:37:12] Screening ("10 bootstrap")
ℹ [2026/04/11 11:37:16] SCIPAC screening done

── 2 / 51 ──────────────────────────────────────────────────────────────────────
ℹ [2026/04/11 11:37:17] Start SCIPAC screening
ℹ [2026/04/11 11:37:17] Find common variable geme (hvg = 3500)
Normalizing layer: counts
Performing log-normalization
0%   10   20   30   40   50   60   70   80   90   100%
[----|----|----|----|----|----|----|----|----|----|
**************************************************|
Finding variable features for layer counts
Calculating gene variances
0%   10   20   30   40   50   60   70   80   90   100%
[----|----|----|----|----|----|----|----|----|----|
**************************************************|
Calculating feature variances of standardized and clipped values
0%   10   20   30   40   50   60   70   80   90   100%
[----|----|----|----|----|----|----|----|----|----|
**************************************************|
ℹ [2026/04/11 11:37:36] Running PCA (n_pc = 60)
ℹ [2026/04/11 11:37:41] Clustering (resolution = 2)
Warning: Data is of class matrix. Coercing to dgCMatrix.
Computing nearest neighbor graph
Computing SNN
Modularity Optimizer version 1.3.0 by Ludo Waltman and Nees Jan van Eck

Number of nodes: 31872
Number of edges: 1452030

Running Louvain algorithm...
0%   10   20   30   40   50   60   70   80   90   100%
[----|----|----|----|----|----|----|----|----|----|
**************************************************|
Maximum modularity in 10 random starts: 0.8688
Number of communities: 43
Elapsed time: 7 seconds
ℹ [2026/04/11 11:38:00] Screening ("10 bootstrap")
ℹ [2026/04/11 11:38:04] SCIPAC screening done

── 3 / 51 ──────────────────────────────────────────────────────────────────────
ℹ [2026/04/11 11:38:05] Start SCIPAC screening
ℹ [2026/04/11 11:38:05] Find common variable geme (hvg = 4000)
Normalizing layer: counts
Performing log-normalization
0%   10   20   30   40   50   60   70   80   90   100%
[----|----|----|----|----|----|----|----|----|----|
**************************************************|
Finding variable features for layer counts
Calculating gene variances
0%   10   20   30   40   50   60   70   80   90   100%
[----|----|----|----|----|----|----|----|----|----|
**************************************************|
Calculating feature variances of standardized and clipped values
0%   10   20   30   40   50   60   70   80   90   100%
[----|----|----|----|----|----|----|----|----|----|
**************************************************|
ℹ [2026/04/11 11:38:24] Running PCA (n_pc = 60)
ℹ [2026/04/11 11:38:31] Clustering (resolution = 2)
Warning: Data is of class matrix. Coercing to dgCMatrix.
Computing nearest neighbor graph
Computing SNN
Modularity Optimizer version 1.3.0 by Ludo Waltman and Nees Jan van Eck

Number of nodes: 31872
Number of edges: 1453588

Running Louvain algorithm...
0%   10   20   30   40   50   60   70   80   90   100%
[----|----|----|----|----|----|----|----|----|----|
**************************************************|
Maximum modularity in 10 random starts: 0.8689
Number of communities: 43
Elapsed time: 7 seconds
ℹ [2026/04/11 11:38:51] Screening ("10 bootstrap")
ℹ [2026/04/11 11:38:54] SCIPAC screening done

── 4 / 51 ──────────────────────────────────────────────────────────────────────
ℹ [2026/04/11 11:38:55] Start SCIPAC screening
ℹ [2026/04/11 11:38:55] Find common variable geme (hvg = 5000)
Normalizing layer: counts
Performing log-normalization
0%   10   20   30   40   50   60   70   80   90   100%
[----|----|----|----|----|----|----|----|----|----|
**************************************************|
Finding variable features for layer counts
Calculating gene variances
0%   10   20   30   40   50   60   70   80   90   100%
[----|----|----|----|----|----|----|----|----|----|
**************************************************|
Calculating feature variances of standardized and clipped values
0%   10   20   30   40   50   60   70   80   90   100%
[----|----|----|----|----|----|----|----|----|----|
**************************************************|
Warning in asMethod(object) :
  sparse->dense coercion: allocating vector of size 1.2 GiB
ℹ [2026/04/11 11:39:15] Running PCA (n_pc = 60)
ℹ [2026/04/11 11:39:22] Clustering (resolution = 2)
Warning: Data is of class matrix. Coercing to dgCMatrix.
Computing nearest neighbor graph
Computing SNN
Modularity Optimizer version 1.3.0 by Ludo Waltman and Nees Jan van Eck

Number of nodes: 31872
Number of edges: 1440213

Running Louvain algorithm...
0%   10   20   30   40   50   60   70   80   90   100%
[----|----|----|----|----|----|----|----|----|----|
**************************************************|
Maximum modularity in 10 random starts: 0.8680
Number of communities: 41
Elapsed time: 8 seconds
ℹ [2026/04/11 11:39:42] Screening ("60 bootstrap")
ℹ [2026/04/11 11:39:50] SCIPAC screening done

── 5 / 51 ──────────────────────────────────────────────────────────────────────
ℹ [2026/04/11 11:39:51] Start SCIPAC screening
ℹ [2026/04/11 11:39:51] Find common variable geme (hvg = 5000)
Normalizing layer: counts
Performing log-normalization
0%   10   20   30   40   50   60   70   80   90   100%
[----|----|----|----|----|----|----|----|----|----|
**************************************************|
Finding variable features for layer counts
Calculating gene variances
0%   10   20   30   40   50   60   70   80   90   100%
[----|----|----|----|----|----|----|----|----|----|
**************************************************|
Calculating feature variances of standardized and clipped values
0%   10   20   30   40   50   60   70   80   90   100%
[----|----|----|----|----|----|----|----|----|----|
**************************************************|
Warning in asMethod(object) :
  sparse->dense coercion: allocating vector of size 1.2 GiB
ℹ [2026/04/11 11:40:12] Running PCA (n_pc = 60)
ℹ [2026/04/11 11:40:20] Clustering (resolution = 2)
Warning: Data is of class matrix. Coercing to dgCMatrix.
Computing nearest neighbor graph
Computing SNN
Modularity Optimizer version 1.3.0 by Ludo Waltman and Nees Jan van Eck

Number of nodes: 31872
Number of edges: 1440213

Running Louvain algorithm...
0%   10   20   30   40   50   60   70   80   90   100%
[----|----|----|----|----|----|----|----|----|----|
**************************************************|
Maximum modularity in 10 random starts: 0.8680
Number of communities: 41
Elapsed time: 6 seconds
ℹ [2026/04/11 11:40:38] Screening ("50 bootstrap")
ℹ [2026/04/11 11:40:41] SCIPAC screening done

── 6 / 51 ──────────────────────────────────────────────────────────────────────
ℹ [2026/04/11 11:40:42] Start SCIPAC screening
ℹ [2026/04/11 11:40:42] Find common variable geme (hvg = 1000)
Normalizing layer: counts
Performing log-normalization
0%   10   20   30   40   50   60   70   80   90   100%
[----|----|----|----|----|----|----|----|----|----|
**************************************************|
Finding variable features for layer counts
Calculating gene variances
0%   10   20   30   40   50   60   70   80   90   100%
[----|----|----|----|----|----|----|----|----|----|
**************************************************|
Calculating feature variances of standardized and clipped values
0%   10   20   30   40   50   60   70   80   90   100%
[----|----|----|----|----|----|----|----|----|----|
**************************************************|
ℹ [2026/04/11 11:41:02] Running PCA (n_pc = 60)
ℹ [2026/04/11 11:41:03] Clustering (resolution = 2)
Warning: Data is of class matrix. Coercing to dgCMatrix.
Computing nearest neighbor graph
Computing SNN
Modularity Optimizer version 1.3.0 by Ludo Waltman and Nees Jan van Eck

Number of nodes: 31872
Number of edges: 1491565

Running Louvain algorithm...
0%   10   20   30   40   50   60   70   80   90   100%
[----|----|----|----|----|----|----|----|----|----|
**************************************************|
Maximum modularity in 10 random starts: 0.8732
Number of communities: 45
Elapsed time: 7 seconds
ℹ [2026/04/11 11:41:21] Screening ("30 bootstrap")
ℹ [2026/04/11 11:41:26] SCIPAC screening done

── 7 / 51 ──────────────────────────────────────────────────────────────────────
ℹ [2026/04/11 11:41:27] Start SCIPAC screening
ℹ [2026/04/11 11:41:27] Find common variable geme (hvg = 500)
Normalizing layer: counts
Performing log-normalization
0%   10   20   30   40   50   60   70   80   90   100%
[----|----|----|----|----|----|----|----|----|----|
**************************************************|
Finding variable features for layer counts
Calculating gene variances
0%   10   20   30   40   50   60   70   80   90   100%
[----|----|----|----|----|----|----|----|----|----|
**************************************************|
Calculating feature variances of standardized and clipped values
0%   10   20   30   40   50   60   70   80   90   100%
[----|----|----|----|----|----|----|----|----|----|
**************************************************|
ℹ [2026/04/11 11:41:46] Running PCA (n_pc = 60)
ℹ [2026/04/11 11:41:46] Clustering (resolution = 2)
Warning: Data is of class matrix. Coercing to dgCMatrix.
Computing nearest neighbor graph
Computing SNN
Modularity Optimizer version 1.3.0 by Ludo Waltman and Nees Jan van Eck

Number of nodes: 31872
Number of edges: 1485643

Running Louvain algorithm...
0%   10   20   30   40   50   60   70   80   90   100%
[----|----|----|----|----|----|----|----|----|----|
**************************************************|
Maximum modularity in 10 random starts: 0.8723
Number of communities: 44
Elapsed time: 7 seconds
ℹ [2026/04/11 11:42:05] Screening ("70 bootstrap")
ℹ [2026/04/11 11:42:12] SCIPAC screening done

── 8 / 51 ──────────────────────────────────────────────────────────────────────
ℹ [2026/04/11 11:42:13] Start SCIPAC screening
ℹ [2026/04/11 11:42:13] Find common variable geme (hvg = 2000)
Normalizing layer: counts
Performing log-normalization
0%   10   20   30   40   50   60   70   80   90   100%
[----|----|----|----|----|----|----|----|----|----|
**************************************************|
Finding variable features for layer counts
Calculating gene variances
0%   10   20   30   40   50   60   70   80   90   100%
[----|----|----|----|----|----|----|----|----|----|
**************************************************|
Calculating feature variances of standardized and clipped values
0%   10   20   30   40   50   60   70   80   90   100%
[----|----|----|----|----|----|----|----|----|----|
**************************************************|
ℹ [2026/04/11 11:42:33] Running PCA (n_pc = 60)
ℹ [2026/04/11 11:42:35] Clustering (resolution = 2)
Warning: Data is of class matrix. Coercing to dgCMatrix.
Computing nearest neighbor graph
Computing SNN
Modularity Optimizer version 1.3.0 by Ludo Waltman and Nees Jan van Eck

Number of nodes: 31872
Number of edges: 1476831

Running Louvain algorithm...
0%   10   20   30   40   50   60   70   80   90   100%
[----|----|----|----|----|----|----|----|----|----|
**************************************************|
Maximum modularity in 10 random starts: 0.8693
Number of communities: 40
Elapsed time: 8 seconds
ℹ [2026/04/11 11:42:56] Screening ("60 bootstrap")
ℹ [2026/04/11 11:43:02] SCIPAC screening done

── 9 / 51 ──────────────────────────────────────────────────────────────────────
ℹ [2026/04/11 11:43:03] Start SCIPAC screening
ℹ [2026/04/11 11:43:03] Find common variable geme (hvg = 4000)
Normalizing layer: counts
Performing log-normalization
0%   10   20   30   40   50   60   70   80   90   100%
[----|----|----|----|----|----|----|----|----|----|
**************************************************|
Finding variable features for layer counts
Calculating gene variances
0%   10   20   30   40   50   60   70   80   90   100%
[----|----|----|----|----|----|----|----|----|----|
**************************************************|
Calculating feature variances of standardized and clipped values
0%   10   20   30   40   50   60   70   80   90   100%
[----|----|----|----|----|----|----|----|----|----|
**************************************************|
ℹ [2026/04/11 11:43:22] Running PCA (n_pc = 60)
ℹ [2026/04/11 11:43:29] Clustering (resolution = 2)
Warning: Data is of class matrix. Coercing to dgCMatrix.
Computing nearest neighbor graph
Computing SNN
Modularity Optimizer version 1.3.0 by Ludo Waltman and Nees Jan van Eck

Number of nodes: 31872
Number of edges: 1453588

Running Louvain algorithm...
0%   10   20   30   40   50   60   70   80   90   100%
[----|----|----|----|----|----|----|----|----|----|
**************************************************|
Maximum modularity in 10 random starts: 0.8689
Number of communities: 43
Elapsed time: 7 seconds
ℹ [2026/04/11 11:43:48] Screening ("50 bootstrap")
Warning in lognet(x, is.sparse, y, weights, offset, alpha, nobs, nvars,  :
  one multinomial or binomial class has fewer than 8  observations; dangerous ground
Warning in lognet(x, is.sparse, y, weights, offset, alpha, nobs, nvars,  :
  one multinomial or binomial class has fewer than 8  observations; dangerous ground
Warning in lognet(x, is.sparse, y, weights, offset, alpha, nobs, nvars,  :
  one multinomial or binomial class has fewer than 8  observations; dangerous ground
Warning in lognet(x, is.sparse, y, weights, offset, alpha, nobs, nvars,  :
  one multinomial or binomial class has fewer than 8  observations; dangerous ground
Warning in lognet(x, is.sparse, y, weights, offset, alpha, nobs, nvars,  :
  one multinomial or binomial class has fewer than 8  observations; dangerous ground
ℹ [2026/04/11 11:43:51] SCIPAC screening done

── 10 / 51 ─────────────────────────────────────────────────────────────────────
ℹ [2026/04/11 11:43:52] Start SCIPAC screening
ℹ [2026/04/11 11:43:52] Find common variable geme (hvg = 5000)
Normalizing layer: counts
Performing log-normalization
0%   10   20   30   40   50   60   70   80   90   100%
[----|----|----|----|----|----|----|----|----|----|
**************************************************|
Finding variable features for layer counts
Calculating gene variances
0%   10   20   30   40   50   60   70   80   90   100%
[----|----|----|----|----|----|----|----|----|----|
**************************************************|
Calculating feature variances of standardized and clipped values
0%   10   20   30   40   50   60   70   80   90   100%
[----|----|----|----|----|----|----|----|----|----|
**************************************************|
Warning in asMethod(object) :
  sparse->dense coercion: allocating vector of size 1.2 GiB
ℹ [2026/04/11 11:44:12] Running PCA (n_pc = 60)
ℹ [2026/04/11 11:44:19] Clustering (resolution = 2)
Warning: Data is of class matrix. Coercing to dgCMatrix.
Computing nearest neighbor graph
Computing SNN
Modularity Optimizer version 1.3.0 by Ludo Waltman and Nees Jan van Eck

Number of nodes: 31872
Number of edges: 1440213

Running Louvain algorithm...
0%   10   20   30   40   50   60   70   80   90   100%
[----|----|----|----|----|----|----|----|----|----|
**************************************************|
Maximum modularity in 10 random starts: 0.8680
Number of communities: 41
Elapsed time: 7 seconds
ℹ [2026/04/11 11:44:39] Screening ("70 bootstrap")
ℹ [2026/04/11 11:44:44] SCIPAC screening done

── 11 / 51 ─────────────────────────────────────────────────────────────────────
ℹ [2026/04/11 11:44:45] Start SCIPAC screening
ℹ [2026/04/11 11:44:45] Find common variable geme (hvg = 1000)
Normalizing layer: counts
Performing log-normalization
0%   10   20   30   40   50   60   70   80   90   100%
[----|----|----|----|----|----|----|----|----|----|
**************************************************|
Finding variable features for layer counts
Calculating gene variances
0%   10   20   30   40   50   60   70   80   90   100%
[----|----|----|----|----|----|----|----|----|----|
**************************************************|
Calculating feature variances of standardized and clipped values
0%   10   20   30   40   50   60   70   80   90   100%
[----|----|----|----|----|----|----|----|----|----|
**************************************************|
ℹ [2026/04/11 11:45:03] Running PCA (n_pc = 60)
ℹ [2026/04/11 11:45:04] Clustering (resolution = 2)
Warning: Data is of class matrix. Coercing to dgCMatrix.
Computing nearest neighbor graph
Computing SNN
Modularity Optimizer version 1.3.0 by Ludo Waltman and Nees Jan van Eck

Number of nodes: 31872
Number of edges: 1491565

Running Louvain algorithm...
0%   10   20   30   40   50   60   70   80   90   100%
[----|----|----|----|----|----|----|----|----|----|
**************************************************|
Maximum modularity in 10 random starts: 0.8732
Number of communities: 45
Elapsed time: 6 seconds
ℹ [2026/04/11 11:45:22] Screening ("90 bootstrap")
ℹ [2026/04/11 11:45:29] SCIPAC screening done

── 12 / 51 ─────────────────────────────────────────────────────────────────────
ℹ [2026/04/11 11:45:30] Start SCIPAC screening
ℹ [2026/04/11 11:45:30] Find common variable geme (hvg = 2000)
Normalizing layer: counts
Performing log-normalization
0%   10   20   30   40   50   60   70   80   90   100%
[----|----|----|----|----|----|----|----|----|----|
**************************************************|
Finding variable features for layer counts
Calculating gene variances
0%   10   20   30   40   50   60   70   80   90   100%
[----|----|----|----|----|----|----|----|----|----|
**************************************************|
Calculating feature variances of standardized and clipped values
0%   10   20   30   40   50   60   70   80   90   100%
[----|----|----|----|----|----|----|----|----|----|
**************************************************|
ℹ [2026/04/11 11:45:49] Running PCA (n_pc = 60)
ℹ [2026/04/11 11:45:51] Clustering (resolution = 2)
Warning: Data is of class matrix. Coercing to dgCMatrix.
Computing nearest neighbor graph
Computing SNN
Modularity Optimizer version 1.3.0 by Ludo Waltman and Nees Jan van Eck

Number of nodes: 31872
Number of edges: 1476831

Running Louvain algorithm...
0%   10   20   30   40   50   60   70   80   90   100%
[----|----|----|----|----|----|----|----|----|----|
**************************************************|
Maximum modularity in 10 random starts: 0.8693
Number of communities: 40
Elapsed time: 6 seconds
ℹ [2026/04/11 11:46:09] Screening ("10 bootstrap")
ℹ [2026/04/11 11:46:14] SCIPAC screening done

── 13 / 51 ─────────────────────────────────────────────────────────────────────
ℹ [2026/04/11 11:46:15] Start SCIPAC screening
ℹ [2026/04/11 11:46:15] Find common variable geme (hvg = 1500)
Normalizing layer: counts
Performing log-normalization
0%   10   20   30   40   50   60   70   80   90   100%
[----|----|----|----|----|----|----|----|----|----|
**************************************************|
Finding variable features for layer counts
Calculating gene variances
0%   10   20   30   40   50   60   70   80   90   100%
[----|----|----|----|----|----|----|----|----|----|
**************************************************|
Calculating feature variances of standardized and clipped values
0%   10   20   30   40   50   60   70   80   90   100%
[----|----|----|----|----|----|----|----|----|----|
**************************************************|
ℹ [2026/04/11 11:46:33] Running PCA (n_pc = 60)
ℹ [2026/04/11 11:46:35] Clustering (resolution = 2)
Warning: Data is of class matrix. Coercing to dgCMatrix.
Computing nearest neighbor graph
Computing SNN
Modularity Optimizer version 1.3.0 by Ludo Waltman and Nees Jan van Eck

Number of nodes: 31872
Number of edges: 1476229

Running Louvain algorithm...
0%   10   20   30   40   50   60   70   80   90   100%
[----|----|----|----|----|----|----|----|----|----|
**************************************************|
Maximum modularity in 10 random starts: 0.8697
Number of communities: 39
Elapsed time: 7 seconds
ℹ [2026/04/11 11:46:54] Screening ("100 bootstrap")
ℹ [2026/04/11 11:47:00] SCIPAC screening done

── 14 / 51 ─────────────────────────────────────────────────────────────────────
ℹ [2026/04/11 11:47:02] Start SCIPAC screening
ℹ [2026/04/11 11:47:02] Find common variable geme (hvg = 1500)
Normalizing layer: counts
Performing log-normalization
0%   10   20   30   40   50   60   70   80   90   100%
[----|----|----|----|----|----|----|----|----|----|
**************************************************|
Finding variable features for layer counts
Calculating gene variances
0%   10   20   30   40   50   60   70   80   90   100%
[----|----|----|----|----|----|----|----|----|----|
**************************************************|
Calculating feature variances of standardized and clipped values
0%   10   20   30   40   50   60   70   80   90   100%
[----|----|----|----|----|----|----|----|----|----|
**************************************************|
ℹ [2026/04/11 11:47:21] Running PCA (n_pc = 60)
ℹ [2026/04/11 11:47:23] Clustering (resolution = 2)
Warning: Data is of class matrix. Coercing to dgCMatrix.
Computing nearest neighbor graph
Computing SNN
Modularity Optimizer version 1.3.0 by Ludo Waltman and Nees Jan van Eck

Number of nodes: 31872
Number of edges: 1476229

Running Louvain algorithm...
0%   10   20   30   40   50   60   70   80   90   100%
[----|----|----|----|----|----|----|----|----|----|
**************************************************|
Maximum modularity in 10 random starts: 0.8697
Number of communities: 39
Elapsed time: 8 seconds
ℹ [2026/04/11 11:47:42] Screening ("80 bootstrap")
ℹ [2026/04/11 11:47:49] SCIPAC screening done

── 15 / 51 ─────────────────────────────────────────────────────────────────────
ℹ [2026/04/11 11:47:50] Start SCIPAC screening
ℹ [2026/04/11 11:47:50] Find common variable geme (hvg = 4000)
Normalizing layer: counts
Performing log-normalization
0%   10   20   30   40   50   60   70   80   90   100%
[----|----|----|----|----|----|----|----|----|----|
**************************************************|
Finding variable features for layer counts
Calculating gene variances
0%   10   20   30   40   50   60   70   80   90   100%
[----|----|----|----|----|----|----|----|----|----|
**************************************************|
Calculating feature variances of standardized and clipped values
0%   10   20   30   40   50   60   70   80   90   100%
[----|----|----|----|----|----|----|----|----|----|
**************************************************|
ℹ [2026/04/11 11:48:10] Running PCA (n_pc = 60)
ℹ [2026/04/11 11:48:16] Clustering (resolution = 2)
Warning: Data is of class matrix. Coercing to dgCMatrix.
Computing nearest neighbor graph
Computing SNN
Modularity Optimizer version 1.3.0 by Ludo Waltman and Nees Jan van Eck

Number of nodes: 31872
Number of edges: 1453588

Running Louvain algorithm...
0%   10   20   30   40   50   60   70   80   90   100%
[----|----|----|----|----|----|----|----|----|----|
**************************************************|
Maximum modularity in 10 random starts: 0.8689
Number of communities: 43
Elapsed time: 6 seconds
ℹ [2026/04/11 11:48:35] Screening ("20 bootstrap")
ℹ [2026/04/11 11:48:38] SCIPAC screening done

── 16 / 51 ─────────────────────────────────────────────────────────────────────
ℹ [2026/04/11 11:48:39] Start SCIPAC screening
ℹ [2026/04/11 11:48:39] Find common variable geme (hvg = 4500)
Normalizing layer: counts
Performing log-normalization
0%   10   20   30   40   50   60   70   80   90   100%
[----|----|----|----|----|----|----|----|----|----|
**************************************************|
Finding variable features for layer counts
Calculating gene variances
0%   10   20   30   40   50   60   70   80   90   100%
[----|----|----|----|----|----|----|----|----|----|
**************************************************|
Calculating feature variances of standardized and clipped values
0%   10   20   30   40   50   60   70   80   90   100%
[----|----|----|----|----|----|----|----|----|----|
**************************************************|
Warning in asMethod(object) :
  sparse->dense coercion: allocating vector of size 1.1 GiB
ℹ [2026/04/11 11:48:58] Running PCA (n_pc = 60)
ℹ [2026/04/11 11:49:04] Clustering (resolution = 2)
Warning: Data is of class matrix. Coercing to dgCMatrix.
Computing nearest neighbor graph
Computing SNN
Modularity Optimizer version 1.3.0 by Ludo Waltman and Nees Jan van Eck

Number of nodes: 31872
Number of edges: 1455971

Running Louvain algorithm...
0%   10   20   30   40   50   60   70   80   90   100%
[----|----|----|----|----|----|----|----|----|----|
**************************************************|
Maximum modularity in 10 random starts: 0.8682
Number of communities: 41
Elapsed time: 6 seconds
ℹ [2026/04/11 11:49:23] Screening ("90 bootstrap")
ℹ [2026/04/11 11:49:29] SCIPAC screening done

── 17 / 51 ─────────────────────────────────────────────────────────────────────
ℹ [2026/04/11 11:49:29] Start SCIPAC screening
ℹ [2026/04/11 11:49:29] Find common variable geme (hvg = 4500)
Normalizing layer: counts
Performing log-normalization
0%   10   20   30   40   50   60   70   80   90   100%
[----|----|----|----|----|----|----|----|----|----|
**************************************************|
Finding variable features for layer counts
Calculating gene variances
0%   10   20   30   40   50   60   70   80   90   100%
[----|----|----|----|----|----|----|----|----|----|
**************************************************|
Calculating feature variances of standardized and clipped values
0%   10   20   30   40   50   60   70   80   90   100%
[----|----|----|----|----|----|----|----|----|----|
**************************************************|
Warning in asMethod(object) :
  sparse->dense coercion: allocating vector of size 1.1 GiB
ℹ [2026/04/11 11:49:49] Running PCA (n_pc = 60)
ℹ [2026/04/11 11:49:56] Clustering (resolution = 2)
Warning: Data is of class matrix. Coercing to dgCMatrix.
Computing nearest neighbor graph
Computing SNN
Modularity Optimizer version 1.3.0 by Ludo Waltman and Nees Jan van Eck

Number of nodes: 31872
Number of edges: 1455971

Running Louvain algorithm...
0%   10   20   30   40   50   60   70   80   90   100%
[----|----|----|----|----|----|----|----|----|----|
**************************************************|
Maximum modularity in 10 random starts: 0.8682
Number of communities: 41
Elapsed time: 6 seconds
ℹ [2026/04/11 11:50:14] Screening ("50 bootstrap")
ℹ [2026/04/11 11:50:18] SCIPAC screening done

── 18 / 51 ─────────────────────────────────────────────────────────────────────
ℹ [2026/04/11 11:50:19] Start SCIPAC screening
ℹ [2026/04/11 11:50:19] Find common variable geme (hvg = 4000)
Normalizing layer: counts
Performing log-normalization
0%   10   20   30   40   50   60   70   80   90   100%
[----|----|----|----|----|----|----|----|----|----|
**************************************************|
Finding variable features for layer counts
Calculating gene variances
0%   10   20   30   40   50   60   70   80   90   100%
[----|----|----|----|----|----|----|----|----|----|
**************************************************|
Calculating feature variances of standardized and clipped values
0%   10   20   30   40   50   60   70   80   90   100%
[----|----|----|----|----|----|----|----|----|----|
**************************************************|
ℹ [2026/04/11 11:50:40] Running PCA (n_pc = 60)
ℹ [2026/04/11 11:50:45] Clustering (resolution = 2)
Warning: Data is of class matrix. Coercing to dgCMatrix.
Computing nearest neighbor graph
Computing SNN
Modularity Optimizer version 1.3.0 by Ludo Waltman and Nees Jan van Eck

Number of nodes: 31872
Number of edges: 1453588

Running Louvain algorithm...
0%   10   20   30   40   50   60   70   80   90   100%
[----|----|----|----|----|----|----|----|----|----|
**************************************************|
Maximum modularity in 10 random starts: 0.8689
Number of communities: 43
Elapsed time: 7 seconds
ℹ [2026/04/11 11:51:04] Screening ("50 bootstrap")
ℹ [2026/04/11 11:51:09] SCIPAC screening done

── 19 / 51 ─────────────────────────────────────────────────────────────────────
ℹ [2026/04/11 11:51:09] Start SCIPAC screening
ℹ [2026/04/11 11:51:09] Find common variable geme (hvg = 4000)
Normalizing layer: counts
Performing log-normalization
0%   10   20   30   40   50   60   70   80   90   100%
[----|----|----|----|----|----|----|----|----|----|
**************************************************|
Finding variable features for layer counts
Calculating gene variances
0%   10   20   30   40   50   60   70   80   90   100%
[----|----|----|----|----|----|----|----|----|----|
**************************************************|
Calculating feature variances of standardized and clipped values
0%   10   20   30   40   50   60   70   80   90   100%
[----|----|----|----|----|----|----|----|----|----|
**************************************************|
ℹ [2026/04/11 11:51:30] Running PCA (n_pc = 60)
ℹ [2026/04/11 11:51:36] Clustering (resolution = 2)
Warning: Data is of class matrix. Coercing to dgCMatrix.
Computing nearest neighbor graph
Computing SNN
Modularity Optimizer version 1.3.0 by Ludo Waltman and Nees Jan van Eck

Number of nodes: 31872
Number of edges: 1453588

Running Louvain algorithm...
0%   10   20   30   40   50   60   70   80   90   100%
[----|----|----|----|----|----|----|----|----|----|
**************************************************|
Maximum modularity in 10 random starts: 0.8689
Number of communities: 43
Elapsed time: 7 seconds
ℹ [2026/04/11 11:51:54] Screening ("60 bootstrap")
ℹ [2026/04/11 11:52:00] SCIPAC screening done

── 20 / 51 ─────────────────────────────────────────────────────────────────────
ℹ [2026/04/11 11:52:00] Start SCIPAC screening
ℹ [2026/04/11 11:52:00] Find common variable geme (hvg = 4000)
Normalizing layer: counts
Performing log-normalization
0%   10   20   30   40   50   60   70   80   90   100%
[----|----|----|----|----|----|----|----|----|----|
**************************************************|
Finding variable features for layer counts
Calculating gene variances
0%   10   20   30   40   50   60   70   80   90   100%
[----|----|----|----|----|----|----|----|----|----|
**************************************************|
Calculating feature variances of standardized and clipped values
0%   10   20   30   40   50   60   70   80   90   100%
[----|----|----|----|----|----|----|----|----|----|
**************************************************|
ℹ [2026/04/11 11:52:20] Running PCA (n_pc = 60)
ℹ [2026/04/11 11:52:25] Clustering (resolution = 2)
Warning: Data is of class matrix. Coercing to dgCMatrix.
Computing nearest neighbor graph
Computing SNN
Modularity Optimizer version 1.3.0 by Ludo Waltman and Nees Jan van Eck

Number of nodes: 31872
Number of edges: 1453588

Running Louvain algorithm...
0%   10   20   30   40   50   60   70   80   90   100%
[----|----|----|----|----|----|----|----|----|----|
**************************************************|
Maximum modularity in 10 random starts: 0.8689
Number of communities: 43
Elapsed time: 6 seconds
ℹ [2026/04/11 11:52:45] Screening ("100 bootstrap")
ℹ [2026/04/11 11:52:51] SCIPAC screening done

── 21 / 51 ─────────────────────────────────────────────────────────────────────
ℹ [2026/04/11 11:52:52] Start SCIPAC screening
ℹ [2026/04/11 11:52:52] Find common variable geme (hvg = 4500)
Normalizing layer: counts
Performing log-normalization
0%   10   20   30   40   50   60   70   80   90   100%
[----|----|----|----|----|----|----|----|----|----|
**************************************************|
Finding variable features for layer counts
Calculating gene variances
0%   10   20   30   40   50   60   70   80   90   100%
[----|----|----|----|----|----|----|----|----|----|
**************************************************|
Calculating feature variances of standardized and clipped values
0%   10   20   30   40   50   60   70   80   90   100%
[----|----|----|----|----|----|----|----|----|----|
**************************************************|
Warning in asMethod(object) :
  sparse->dense coercion: allocating vector of size 1.1 GiB
ℹ [2026/04/11 11:53:12] Running PCA (n_pc = 60)
ℹ [2026/04/11 11:53:18] Clustering (resolution = 2)
Warning: Data is of class matrix. Coercing to dgCMatrix.
Computing nearest neighbor graph
Computing SNN
Modularity Optimizer version 1.3.0 by Ludo Waltman and Nees Jan van Eck

Number of nodes: 31872
Number of edges: 1455971

Running Louvain algorithm...
0%   10   20   30   40   50   60   70   80   90   100%
[----|----|----|----|----|----|----|----|----|----|
**************************************************|
Maximum modularity in 10 random starts: 0.8682
Number of communities: 41
Elapsed time: 6 seconds
ℹ [2026/04/11 11:53:38] Screening ("60 bootstrap")
ℹ [2026/04/11 11:53:42] SCIPAC screening done

── 22 / 51 ─────────────────────────────────────────────────────────────────────
ℹ [2026/04/11 11:53:43] Start SCIPAC screening
ℹ [2026/04/11 11:53:43] Find common variable geme (hvg = 4000)
Normalizing layer: counts
Performing log-normalization
0%   10   20   30   40   50   60   70   80   90   100%
[----|----|----|----|----|----|----|----|----|----|
**************************************************|
Finding variable features for layer counts
Calculating gene variances
0%   10   20   30   40   50   60   70   80   90   100%
[----|----|----|----|----|----|----|----|----|----|
**************************************************|
Calculating feature variances of standardized and clipped values
0%   10   20   30   40   50   60   70   80   90   100%
[----|----|----|----|----|----|----|----|----|----|
**************************************************|
ℹ [2026/04/11 11:54:03] Running PCA (n_pc = 60)
ℹ [2026/04/11 11:54:09] Clustering (resolution = 2)
Warning: Data is of class matrix. Coercing to dgCMatrix.
Computing nearest neighbor graph
Computing SNN
Modularity Optimizer version 1.3.0 by Ludo Waltman and Nees Jan van Eck

Number of nodes: 31872
Number of edges: 1453588

Running Louvain algorithm...
0%   10   20   30   40   50   60   70   80   90   100%
[----|----|----|----|----|----|----|----|----|----|
**************************************************|
Maximum modularity in 10 random starts: 0.8689
Number of communities: 43
Elapsed time: 7 seconds
ℹ [2026/04/11 11:54:30] Screening ("30 bootstrap")
ℹ [2026/04/11 11:54:34] SCIPAC screening done

── 23 / 51 ─────────────────────────────────────────────────────────────────────
ℹ [2026/04/11 11:54:35] Start SCIPAC screening
ℹ [2026/04/11 11:54:35] Find common variable geme (hvg = 5000)
Normalizing layer: counts
Performing log-normalization
0%   10   20   30   40   50   60   70   80   90   100%
[----|----|----|----|----|----|----|----|----|----|
**************************************************|
Finding variable features for layer counts
Calculating gene variances
0%   10   20   30   40   50   60   70   80   90   100%
[----|----|----|----|----|----|----|----|----|----|
**************************************************|
Calculating feature variances of standardized and clipped values
0%   10   20   30   40   50   60   70   80   90   100%
[----|----|----|----|----|----|----|----|----|----|
**************************************************|
Warning in asMethod(object) :
  sparse->dense coercion: allocating vector of size 1.2 GiB
ℹ [2026/04/11 11:54:54] Running PCA (n_pc = 60)
ℹ [2026/04/11 11:55:02] Clustering (resolution = 2)
Warning: Data is of class matrix. Coercing to dgCMatrix.
Computing nearest neighbor graph
Computing SNN
Modularity Optimizer version 1.3.0 by Ludo Waltman and Nees Jan van Eck

Number of nodes: 31872
Number of edges: 1440213

Running Louvain algorithm...
0%   10   20   30   40   50   60   70   80   90   100%
[----|----|----|----|----|----|----|----|----|----|
**************************************************|
Maximum modularity in 10 random starts: 0.8680
Number of communities: 41
Elapsed time: 6 seconds
ℹ [2026/04/11 11:55:19] Screening ("30 bootstrap")
ℹ [2026/04/11 11:55:24] SCIPAC screening done

── 24 / 51 ─────────────────────────────────────────────────────────────────────
ℹ [2026/04/11 11:55:26] Start SCIPAC screening
ℹ [2026/04/11 11:55:26] Find common variable geme (hvg = 1000)
Normalizing layer: counts
Performing log-normalization
0%   10   20   30   40   50   60   70   80   90   100%
[----|----|----|----|----|----|----|----|----|----|
**************************************************|
Finding variable features for layer counts
Calculating gene variances
0%   10   20   30   40   50   60   70   80   90   100%
[----|----|----|----|----|----|----|----|----|----|
**************************************************|
Calculating feature variances of standardized and clipped values
0%   10   20   30   40   50   60   70   80   90   100%
[----|----|----|----|----|----|----|----|----|----|
**************************************************|
ℹ [2026/04/11 11:55:46] Running PCA (n_pc = 60)
ℹ [2026/04/11 11:55:47] Clustering (resolution = 2)
Warning: Data is of class matrix. Coercing to dgCMatrix.
Computing nearest neighbor graph
Computing SNN
Modularity Optimizer version 1.3.0 by Ludo Waltman and Nees Jan van Eck

Number of nodes: 31872
Number of edges: 1491565

Running Louvain algorithm...
0%   10   20   30   40   50   60   70   80   90   100%
[----|----|----|----|----|----|----|----|----|----|
**************************************************|
Maximum modularity in 10 random starts: 0.8732
Number of communities: 45
Elapsed time: 7 seconds
ℹ [2026/04/11 11:56:06] Screening ("80 bootstrap")
ℹ [2026/04/11 11:56:11] SCIPAC screening done

── 25 / 51 ─────────────────────────────────────────────────────────────────────
ℹ [2026/04/11 11:56:12] Start SCIPAC screening
ℹ [2026/04/11 11:56:12] Find common variable geme (hvg = 2000)
Normalizing layer: counts
Performing log-normalization
0%   10   20   30   40   50   60   70   80   90   100%
[----|----|----|----|----|----|----|----|----|----|
**************************************************|
Finding variable features for layer counts
Calculating gene variances
0%   10   20   30   40   50   60   70   80   90   100%
[----|----|----|----|----|----|----|----|----|----|
**************************************************|
Calculating feature variances of standardized and clipped values
0%   10   20   30   40   50   60   70   80   90   100%
[----|----|----|----|----|----|----|----|----|----|
**************************************************|
ℹ [2026/04/11 11:56:31] Running PCA (n_pc = 60)
ℹ [2026/04/11 11:56:33] Clustering (resolution = 2)
Warning: Data is of class matrix. Coercing to dgCMatrix.
Computing nearest neighbor graph
Computing SNN
Modularity Optimizer version 1.3.0 by Ludo Waltman and Nees Jan van Eck

Number of nodes: 31872
Number of edges: 1476831

Running Louvain algorithm...
0%   10   20   30   40   50   60   70   80   90   100%
[----|----|----|----|----|----|----|----|----|----|
**************************************************|
Maximum modularity in 10 random starts: 0.8693
Number of communities: 40
Elapsed time: 6 seconds
ℹ [2026/04/11 11:56:53] Screening ("80 bootstrap")
ℹ [2026/04/11 11:56:59] SCIPAC screening done

── 26 / 51 ─────────────────────────────────────────────────────────────────────
ℹ [2026/04/11 11:57:00] Start SCIPAC screening
ℹ [2026/04/11 11:57:00] Find common variable geme (hvg = 5000)
Normalizing layer: counts
Performing log-normalization
0%   10   20   30   40   50   60   70   80   90   100%
[----|----|----|----|----|----|----|----|----|----|
**************************************************|
Finding variable features for layer counts
Calculating gene variances
0%   10   20   30   40   50   60   70   80   90   100%
[----|----|----|----|----|----|----|----|----|----|
**************************************************|
Calculating feature variances of standardized and clipped values
0%   10   20   30   40   50   60   70   80   90   100%
[----|----|----|----|----|----|----|----|----|----|
**************************************************|
Warning in asMethod(object) :
  sparse->dense coercion: allocating vector of size 1.2 GiB
ℹ [2026/04/11 11:57:21] Running PCA (n_pc = 60)
ℹ [2026/04/11 11:57:28] Clustering (resolution = 2)
Warning: Data is of class matrix. Coercing to dgCMatrix.
Computing nearest neighbor graph
Computing SNN
Modularity Optimizer version 1.3.0 by Ludo Waltman and Nees Jan van Eck

Number of nodes: 31872
Number of edges: 1440213

Running Louvain algorithm...
0%   10   20   30   40   50   60   70   80   90   100%
[----|----|----|----|----|----|----|----|----|----|
**************************************************|
Maximum modularity in 10 random starts: 0.8680
Number of communities: 41
Elapsed time: 8 seconds
ℹ [2026/04/11 11:57:48] Screening ("50 bootstrap")
ℹ [2026/04/11 11:57:54] SCIPAC screening done

── 27 / 51 ─────────────────────────────────────────────────────────────────────
ℹ [2026/04/11 11:57:55] Start SCIPAC screening
ℹ [2026/04/11 11:57:55] Find common variable geme (hvg = 2500)
Normalizing layer: counts
Performing log-normalization
0%   10   20   30   40   50   60   70   80   90   100%
[----|----|----|----|----|----|----|----|----|----|
**************************************************|
Finding variable features for layer counts
Calculating gene variances
0%   10   20   30   40   50   60   70   80   90   100%
[----|----|----|----|----|----|----|----|----|----|
**************************************************|
Calculating feature variances of standardized and clipped values
0%   10   20   30   40   50   60   70   80   90   100%
[----|----|----|----|----|----|----|----|----|----|
**************************************************|
ℹ [2026/04/11 11:58:15] Running PCA (n_pc = 60)
ℹ [2026/04/11 11:58:18] Clustering (resolution = 2)
Warning: Data is of class matrix. Coercing to dgCMatrix.
Computing nearest neighbor graph
Computing SNN
Modularity Optimizer version 1.3.0 by Ludo Waltman and Nees Jan van Eck

Number of nodes: 31872
Number of edges: 1461005

Running Louvain algorithm...
0%   10   20   30   40   50   60   70   80   90   100%
[----|----|----|----|----|----|----|----|----|----|
**************************************************|
Maximum modularity in 10 random starts: 0.8699
Number of communities: 44
Elapsed time: 6 seconds
ℹ [2026/04/11 11:58:38] Screening ("20 bootstrap")
ℹ [2026/04/11 11:58:43] SCIPAC screening done

── 28 / 51 ─────────────────────────────────────────────────────────────────────
ℹ [2026/04/11 11:58:44] Start SCIPAC screening
ℹ [2026/04/11 11:58:44] Find common variable geme (hvg = 5000)
Normalizing layer: counts
Performing log-normalization
0%   10   20   30   40   50   60   70   80   90   100%
[----|----|----|----|----|----|----|----|----|----|
**************************************************|
Finding variable features for layer counts
Calculating gene variances
0%   10   20   30   40   50   60   70   80   90   100%
[----|----|----|----|----|----|----|----|----|----|
**************************************************|
Calculating feature variances of standardized and clipped values
0%   10   20   30   40   50   60   70   80   90   100%
[----|----|----|----|----|----|----|----|----|----|
**************************************************|
Warning in asMethod(object) :
  sparse->dense coercion: allocating vector of size 1.2 GiB
ℹ [2026/04/11 11:59:04] Running PCA (n_pc = 60)
ℹ [2026/04/11 11:59:11] Clustering (resolution = 2)
Warning: Data is of class matrix. Coercing to dgCMatrix.
Computing nearest neighbor graph
Computing SNN
Modularity Optimizer version 1.3.0 by Ludo Waltman and Nees Jan van Eck

Number of nodes: 31872
Number of edges: 1440213

Running Louvain algorithm...
0%   10   20   30   40   50   60   70   80   90   100%
[----|----|----|----|----|----|----|----|----|----|
**************************************************|
Maximum modularity in 10 random starts: 0.8680
Number of communities: 41
Elapsed time: 6 seconds
ℹ [2026/04/11 11:59:28] Screening ("70 bootstrap")
ℹ [2026/04/11 11:59:36] SCIPAC screening done

── 29 / 51 ─────────────────────────────────────────────────────────────────────
ℹ [2026/04/11 11:59:37] Start SCIPAC screening
ℹ [2026/04/11 11:59:37] Find common variable geme (hvg = 2500)
Normalizing layer: counts
Performing log-normalization
0%   10   20   30   40   50   60   70   80   90   100%
[----|----|----|----|----|----|----|----|----|----|
**************************************************|
Finding variable features for layer counts
Calculating gene variances
0%   10   20   30   40   50   60   70   80   90   100%
[----|----|----|----|----|----|----|----|----|----|
**************************************************|
Calculating feature variances of standardized and clipped values
0%   10   20   30   40   50   60   70   80   90   100%
[----|----|----|----|----|----|----|----|----|----|
**************************************************|
ℹ [2026/04/11 11:59:57] Running PCA (n_pc = 60)
ℹ [2026/04/11 12:00:00] Clustering (resolution = 2)
Warning: Data is of class matrix. Coercing to dgCMatrix.
Computing nearest neighbor graph
Computing SNN
Modularity Optimizer version 1.3.0 by Ludo Waltman and Nees Jan van Eck

Number of nodes: 31872
Number of edges: 1461005

Running Louvain algorithm...
0%   10   20   30   40   50   60   70   80   90   100%
[----|----|----|----|----|----|----|----|----|----|
**************************************************|
Maximum modularity in 10 random starts: 0.8699
Number of communities: 44
Elapsed time: 5 seconds
ℹ [2026/04/11 12:00:18] Screening ("80 bootstrap")
ℹ [2026/04/11 12:00:23] SCIPAC screening done

── 30 / 51 ─────────────────────────────────────────────────────────────────────
ℹ [2026/04/11 12:00:24] Start SCIPAC screening
ℹ [2026/04/11 12:00:24] Find common variable geme (hvg = 3500)
Normalizing layer: counts
Performing log-normalization
0%   10   20   30   40   50   60   70   80   90   100%
[----|----|----|----|----|----|----|----|----|----|
**************************************************|
Finding variable features for layer counts
Calculating gene variances
0%   10   20   30   40   50   60   70   80   90   100%
[----|----|----|----|----|----|----|----|----|----|
**************************************************|
Calculating feature variances of standardized and clipped values
0%   10   20   30   40   50   60   70   80   90   100%
[----|----|----|----|----|----|----|----|----|----|
**************************************************|
ℹ [2026/04/11 12:00:45] Running PCA (n_pc = 60)
ℹ [2026/04/11 12:00:50] Clustering (resolution = 2)
Warning: Data is of class matrix. Coercing to dgCMatrix.
Computing nearest neighbor graph
Computing SNN
Modularity Optimizer version 1.3.0 by Ludo Waltman and Nees Jan van Eck

Number of nodes: 31872
Number of edges: 1452030

Running Louvain algorithm...
0%   10   20   30   40   50   60   70   80   90   100%
[----|----|----|----|----|----|----|----|----|----|
**************************************************|
Maximum modularity in 10 random starts: 0.8688
Number of communities: 43
Elapsed time: 7 seconds
ℹ [2026/04/11 12:01:09] Screening ("90 bootstrap")
ℹ [2026/04/11 12:01:14] SCIPAC screening done

── 31 / 51 ─────────────────────────────────────────────────────────────────────
ℹ [2026/04/11 12:01:15] Start SCIPAC screening
ℹ [2026/04/11 12:01:15] Find common variable geme (hvg = 2000)
Normalizing layer: counts
Performing log-normalization
0%   10   20   30   40   50   60   70   80   90   100%
[----|----|----|----|----|----|----|----|----|----|
**************************************************|
Finding variable features for layer counts
Calculating gene variances
0%   10   20   30   40   50   60   70   80   90   100%
[----|----|----|----|----|----|----|----|----|----|
**************************************************|
Calculating feature variances of standardized and clipped values
0%   10   20   30   40   50   60   70   80   90   100%
[----|----|----|----|----|----|----|----|----|----|
**************************************************|
ℹ [2026/04/11 12:01:33] Running PCA (n_pc = 60)
ℹ [2026/04/11 12:01:36] Clustering (resolution = 2)
Warning: Data is of class matrix. Coercing to dgCMatrix.
Computing nearest neighbor graph
Computing SNN
Modularity Optimizer version 1.3.0 by Ludo Waltman and Nees Jan van Eck

Number of nodes: 31872
Number of edges: 1476831

Running Louvain algorithm...
0%   10   20   30   40   50   60   70   80   90   100%
[----|----|----|----|----|----|----|----|----|----|
**************************************************|
Maximum modularity in 10 random starts: 0.8693
Number of communities: 40
Elapsed time: 6 seconds
ℹ [2026/04/11 12:01:55] Screening ("70 bootstrap")
ℹ [2026/04/11 12:02:01] SCIPAC screening done

── 32 / 51 ─────────────────────────────────────────────────────────────────────
ℹ [2026/04/11 12:02:02] Start SCIPAC screening
ℹ [2026/04/11 12:02:02] Find common variable geme (hvg = 5000)
Normalizing layer: counts
Performing log-normalization
0%   10   20   30   40   50   60   70   80   90   100%
[----|----|----|----|----|----|----|----|----|----|
**************************************************|
Finding variable features for layer counts
Calculating gene variances
0%   10   20   30   40   50   60   70   80   90   100%
[----|----|----|----|----|----|----|----|----|----|
**************************************************|
Calculating feature variances of standardized and clipped values
0%   10   20   30   40   50   60   70   80   90   100%
[----|----|----|----|----|----|----|----|----|----|
**************************************************|
Warning in asMethod(object) :
  sparse->dense coercion: allocating vector of size 1.2 GiB
ℹ [2026/04/11 12:02:22] Running PCA (n_pc = 60)
ℹ [2026/04/11 12:02:30] Clustering (resolution = 2)
Warning: Data is of class matrix. Coercing to dgCMatrix.
Computing nearest neighbor graph
Computing SNN
Modularity Optimizer version 1.3.0 by Ludo Waltman and Nees Jan van Eck

Number of nodes: 31872
Number of edges: 1440213

Running Louvain algorithm...
0%   10   20   30   40   50   60   70   80   90   100%
[----|----|----|----|----|----|----|----|----|----|
**************************************************|
Maximum modularity in 10 random starts: 0.8680
Number of communities: 41
Elapsed time: 6 seconds
ℹ [2026/04/11 12:02:49] Screening ("60 bootstrap")
ℹ [2026/04/11 12:02:55] SCIPAC screening done

── 33 / 51 ─────────────────────────────────────────────────────────────────────
ℹ [2026/04/11 12:02:56] Start SCIPAC screening
ℹ [2026/04/11 12:02:56] Find common variable geme (hvg = 1000)
Normalizing layer: counts
Performing log-normalization
0%   10   20   30   40   50   60   70   80   90   100%
[----|----|----|----|----|----|----|----|----|----|
**************************************************|
Finding variable features for layer counts
Calculating gene variances
0%   10   20   30   40   50   60   70   80   90   100%
[----|----|----|----|----|----|----|----|----|----|
**************************************************|
Calculating feature variances of standardized and clipped values
0%   10   20   30   40   50   60   70   80   90   100%
[----|----|----|----|----|----|----|----|----|----|
**************************************************|
ℹ [2026/04/11 12:03:14] Running PCA (n_pc = 60)
ℹ [2026/04/11 12:03:15] Clustering (resolution = 2)
Warning: Data is of class matrix. Coercing to dgCMatrix.
Computing nearest neighbor graph
Computing SNN
Modularity Optimizer version 1.3.0 by Ludo Waltman and Nees Jan van Eck

Number of nodes: 31872
Number of edges: 1491565

Running Louvain algorithm...
0%   10   20   30   40   50   60   70   80   90   100%
[----|----|----|----|----|----|----|----|----|----|
**************************************************|
Maximum modularity in 10 random starts: 0.8732
Number of communities: 45
Elapsed time: 6 seconds
ℹ [2026/04/11 12:03:34] Screening ("50 bootstrap")
ℹ [2026/04/11 12:03:41] SCIPAC screening done

── 34 / 51 ─────────────────────────────────────────────────────────────────────
ℹ [2026/04/11 12:03:42] Start SCIPAC screening
ℹ [2026/04/11 12:03:42] Find common variable geme (hvg = 1500)
Normalizing layer: counts
Performing log-normalization
0%   10   20   30   40   50   60   70   80   90   100%
[----|----|----|----|----|----|----|----|----|----|
**************************************************|
Finding variable features for layer counts
Calculating gene variances
0%   10   20   30   40   50   60   70   80   90   100%
[----|----|----|----|----|----|----|----|----|----|
**************************************************|
Calculating feature variances of standardized and clipped values
0%   10   20   30   40   50   60   70   80   90   100%
[----|----|----|----|----|----|----|----|----|----|
**************************************************|
ℹ [2026/04/11 12:04:01] Running PCA (n_pc = 60)
ℹ [2026/04/11 12:04:02] Clustering (resolution = 2)
Warning: Data is of class matrix. Coercing to dgCMatrix.
Computing nearest neighbor graph
Computing SNN
Modularity Optimizer version 1.3.0 by Ludo Waltman and Nees Jan van Eck

Number of nodes: 31872
Number of edges: 1476229

Running Louvain algorithm...
0%   10   20   30   40   50   60   70   80   90   100%
[----|----|----|----|----|----|----|----|----|----|
**************************************************|
Maximum modularity in 10 random starts: 0.8697
Number of communities: 39
Elapsed time: 7 seconds
ℹ [2026/04/11 12:04:22] Screening ("20 bootstrap")
ℹ [2026/04/11 12:04:26] SCIPAC screening done

── 35 / 51 ─────────────────────────────────────────────────────────────────────
ℹ [2026/04/11 12:04:27] Start SCIPAC screening
ℹ [2026/04/11 12:04:27] Find common variable geme (hvg = 4000)
Normalizing layer: counts
Performing log-normalization
0%   10   20   30   40   50   60   70   80   90   100%
[----|----|----|----|----|----|----|----|----|----|
**************************************************|
Finding variable features for layer counts
Calculating gene variances
0%   10   20   30   40   50   60   70   80   90   100%
[----|----|----|----|----|----|----|----|----|----|
**************************************************|
Calculating feature variances of standardized and clipped values
0%   10   20   30   40   50   60   70   80   90   100%
[----|----|----|----|----|----|----|----|----|----|
**************************************************|
ℹ [2026/04/11 12:04:49] Running PCA (n_pc = 60)
ℹ [2026/04/11 12:04:55] Clustering (resolution = 2)
Warning: Data is of class matrix. Coercing to dgCMatrix.
Computing nearest neighbor graph
Computing SNN
Modularity Optimizer version 1.3.0 by Ludo Waltman and Nees Jan van Eck

Number of nodes: 31872
Number of edges: 1453588

Running Louvain algorithm...
0%   10   20   30   40   50   60   70   80   90   100%
[----|----|----|----|----|----|----|----|----|----|
**************************************************|
Maximum modularity in 10 random starts: 0.8689
Number of communities: 43
Elapsed time: 7 seconds
ℹ [2026/04/11 12:05:15] Screening ("10 bootstrap")
ℹ [2026/04/11 12:05:18] SCIPAC screening done

── 36 / 51 ─────────────────────────────────────────────────────────────────────
ℹ [2026/04/11 12:05:18] Start SCIPAC screening
ℹ [2026/04/11 12:05:18] Find common variable geme (hvg = 1000)
Normalizing layer: counts
Performing log-normalization
0%   10   20   30   40   50   60   70   80   90   100%
[----|----|----|----|----|----|----|----|----|----|
**************************************************|
Finding variable features for layer counts
Calculating gene variances
0%   10   20   30   40   50   60   70   80   90   100%
[----|----|----|----|----|----|----|----|----|----|
**************************************************|
Calculating feature variances of standardized and clipped values
0%   10   20   30   40   50   60   70   80   90   100%
[----|----|----|----|----|----|----|----|----|----|
**************************************************|
ℹ [2026/04/11 12:05:37] Running PCA (n_pc = 60)
ℹ [2026/04/11 12:05:38] Clustering (resolution = 2)
Warning: Data is of class matrix. Coercing to dgCMatrix.
Computing nearest neighbor graph
Computing SNN
Modularity Optimizer version 1.3.0 by Ludo Waltman and Nees Jan van Eck

Number of nodes: 31872
Number of edges: 1491565

Running Louvain algorithm...
0%   10   20   30   40   50   60   70   80   90   100%
[----|----|----|----|----|----|----|----|----|----|
**************************************************|
Maximum modularity in 10 random starts: 0.8732
Number of communities: 45
Elapsed time: 7 seconds
ℹ [2026/04/11 12:05:59] Screening ("100 bootstrap")
ℹ [2026/04/11 12:06:06] SCIPAC screening done

── 37 / 51 ─────────────────────────────────────────────────────────────────────
ℹ [2026/04/11 12:06:07] Start SCIPAC screening
ℹ [2026/04/11 12:06:07] Find common variable geme (hvg = 2500)
Normalizing layer: counts
Performing log-normalization
0%   10   20   30   40   50   60   70   80   90   100%
[----|----|----|----|----|----|----|----|----|----|
**************************************************|
Finding variable features for layer counts
Calculating gene variances
0%   10   20   30   40   50   60   70   80   90   100%
[----|----|----|----|----|----|----|----|----|----|
**************************************************|
Calculating feature variances of standardized and clipped values
0%   10   20   30   40   50   60   70   80   90   100%
[----|----|----|----|----|----|----|----|----|----|
**************************************************|
ℹ [2026/04/11 12:06:26] Running PCA (n_pc = 60)
ℹ [2026/04/11 12:06:29] Clustering (resolution = 2)
Warning: Data is of class matrix. Coercing to dgCMatrix.
Computing nearest neighbor graph
Computing SNN
Modularity Optimizer version 1.3.0 by Ludo Waltman and Nees Jan van Eck

Number of nodes: 31872
Number of edges: 1461005

Running Louvain algorithm...
0%   10   20   30   40   50   60   70   80   90   100%
[----|----|----|----|----|----|----|----|----|----|
**************************************************|
Maximum modularity in 10 random starts: 0.8699
Number of communities: 44
Elapsed time: 5 seconds
ℹ [2026/04/11 12:06:48] Screening ("90 bootstrap")
ℹ [2026/04/11 12:06:54] SCIPAC screening done

── 38 / 51 ─────────────────────────────────────────────────────────────────────
ℹ [2026/04/11 12:06:55] Start SCIPAC screening
ℹ [2026/04/11 12:06:55] Find common variable geme (hvg = 1000)
Normalizing layer: counts
Performing log-normalization
0%   10   20   30   40   50   60   70   80   90   100%
[----|----|----|----|----|----|----|----|----|----|
**************************************************|
Finding variable features for layer counts
Calculating gene variances
0%   10   20   30   40   50   60   70   80   90   100%
[----|----|----|----|----|----|----|----|----|----|
**************************************************|
Calculating feature variances of standardized and clipped values
0%   10   20   30   40   50   60   70   80   90   100%
[----|----|----|----|----|----|----|----|----|----|
**************************************************|
ℹ [2026/04/11 12:07:14] Running PCA (n_pc = 60)
ℹ [2026/04/11 12:07:15] Clustering (resolution = 2)
Warning: Data is of class matrix. Coercing to dgCMatrix.
Computing nearest neighbor graph
Computing SNN
Modularity Optimizer version 1.3.0 by Ludo Waltman and Nees Jan van Eck

Number of nodes: 31872
Number of edges: 1491565

Running Louvain algorithm...
0%   10   20   30   40   50   60   70   80   90   100%
[----|----|----|----|----|----|----|----|----|----|
**************************************************|
Maximum modularity in 10 random starts: 0.8732
Number of communities: 45
Elapsed time: 7 seconds
ℹ [2026/04/11 12:07:36] Screening ("50 bootstrap")
ℹ [2026/04/11 12:07:41] SCIPAC screening done

── 39 / 51 ─────────────────────────────────────────────────────────────────────
ℹ [2026/04/11 12:07:41] Start SCIPAC screening
ℹ [2026/04/11 12:07:41] Find common variable geme (hvg = 2500)
Normalizing layer: counts
Performing log-normalization
0%   10   20   30   40   50   60   70   80   90   100%
[----|----|----|----|----|----|----|----|----|----|
**************************************************|
Finding variable features for layer counts
Calculating gene variances
0%   10   20   30   40   50   60   70   80   90   100%
[----|----|----|----|----|----|----|----|----|----|
**************************************************|
Calculating feature variances of standardized and clipped values
0%   10   20   30   40   50   60   70   80   90   100%
[----|----|----|----|----|----|----|----|----|----|
**************************************************|
ℹ [2026/04/11 12:08:02] Running PCA (n_pc = 60)
ℹ [2026/04/11 12:08:05] Clustering (resolution = 2)
Warning: Data is of class matrix. Coercing to dgCMatrix.
Computing nearest neighbor graph
Computing SNN
Modularity Optimizer version 1.3.0 by Ludo Waltman and Nees Jan van Eck

Number of nodes: 31872
Number of edges: 1461005

Running Louvain algorithm...
0%   10   20   30   40   50   60   70   80   90   100%
[----|----|----|----|----|----|----|----|----|----|
**************************************************|
Maximum modularity in 10 random starts: 0.8699
Number of communities: 44
Elapsed time: 6 seconds
ℹ [2026/04/11 12:08:23] Screening ("50 bootstrap")
ℹ [2026/04/11 12:08:29] SCIPAC screening done

── 40 / 51 ─────────────────────────────────────────────────────────────────────
ℹ [2026/04/11 12:08:30] Start SCIPAC screening
ℹ [2026/04/11 12:08:30] Find common variable geme (hvg = 2000)
Normalizing layer: counts
Performing log-normalization
0%   10   20   30   40   50   60   70   80   90   100%
[----|----|----|----|----|----|----|----|----|----|
**************************************************|
Finding variable features for layer counts
Calculating gene variances
0%   10   20   30   40   50   60   70   80   90   100%
[----|----|----|----|----|----|----|----|----|----|
**************************************************|
Calculating feature variances of standardized and clipped values
0%   10   20   30   40   50   60   70   80   90   100%
[----|----|----|----|----|----|----|----|----|----|
**************************************************|
ℹ [2026/04/11 12:08:49] Running PCA (n_pc = 60)
ℹ [2026/04/11 12:08:52] Clustering (resolution = 2)
Warning: Data is of class matrix. Coercing to dgCMatrix.
Computing nearest neighbor graph
Computing SNN
Modularity Optimizer version 1.3.0 by Ludo Waltman and Nees Jan van Eck

Number of nodes: 31872
Number of edges: 1476831

Running Louvain algorithm...
0%   10   20   30   40   50   60   70   80   90   100%
[----|----|----|----|----|----|----|----|----|----|
**************************************************|
Maximum modularity in 10 random starts: 0.8693
Number of communities: 40
Elapsed time: 6 seconds
ℹ [2026/04/11 12:09:10] Screening ("60 bootstrap")
ℹ [2026/04/11 12:09:17] SCIPAC screening done

── 41 / 51 ─────────────────────────────────────────────────────────────────────
ℹ [2026/04/11 12:09:17] Start SCIPAC screening
ℹ [2026/04/11 12:09:17] Find common variable geme (hvg = 2000)
Normalizing layer: counts
Performing log-normalization
0%   10   20   30   40   50   60   70   80   90   100%
[----|----|----|----|----|----|----|----|----|----|
**************************************************|
Finding variable features for layer counts
Calculating gene variances
0%   10   20   30   40   50   60   70   80   90   100%
[----|----|----|----|----|----|----|----|----|----|
**************************************************|
Calculating feature variances of standardized and clipped values
0%   10   20   30   40   50   60   70   80   90   100%
[----|----|----|----|----|----|----|----|----|----|
**************************************************|
ℹ [2026/04/11 12:09:36] Running PCA (n_pc = 60)
ℹ [2026/04/11 12:09:38] Clustering (resolution = 2)
Warning: Data is of class matrix. Coercing to dgCMatrix.
Computing nearest neighbor graph
Computing SNN
Modularity Optimizer version 1.3.0 by Ludo Waltman and Nees Jan van Eck

Number of nodes: 31872
Number of edges: 1476831

Running Louvain algorithm...
0%   10   20   30   40   50   60   70   80   90   100%
[----|----|----|----|----|----|----|----|----|----|
**************************************************|
Maximum modularity in 10 random starts: 0.8693
Number of communities: 40
Elapsed time: 6 seconds
ℹ [2026/04/11 12:09:57] Screening ("80 bootstrap")
ℹ [2026/04/11 12:10:02] SCIPAC screening done

── 42 / 51 ─────────────────────────────────────────────────────────────────────
ℹ [2026/04/11 12:10:03] Start SCIPAC screening
ℹ [2026/04/11 12:10:03] Find common variable geme (hvg = 2000)
Normalizing layer: counts
Performing log-normalization
0%   10   20   30   40   50   60   70   80   90   100%
[----|----|----|----|----|----|----|----|----|----|
**************************************************|
Finding variable features for layer counts
Calculating gene variances
0%   10   20   30   40   50   60   70   80   90   100%
[----|----|----|----|----|----|----|----|----|----|
**************************************************|
Calculating feature variances of standardized and clipped values
0%   10   20   30   40   50   60   70   80   90   100%
[----|----|----|----|----|----|----|----|----|----|
**************************************************|
ℹ [2026/04/11 12:10:22] Running PCA (n_pc = 60)
ℹ [2026/04/11 12:10:25] Clustering (resolution = 2)
Warning: Data is of class matrix. Coercing to dgCMatrix.
Computing nearest neighbor graph
Computing SNN
Modularity Optimizer version 1.3.0 by Ludo Waltman and Nees Jan van Eck

Number of nodes: 31872
Number of edges: 1476831

Running Louvain algorithm...
0%   10   20   30   40   50   60   70   80   90   100%
[----|----|----|----|----|----|----|----|----|----|
**************************************************|
Maximum modularity in 10 random starts: 0.8693
Number of communities: 40
Elapsed time: 6 seconds
ℹ [2026/04/11 12:10:42] Screening ("40 bootstrap")
ℹ [2026/04/11 12:10:49] SCIPAC screening done

── 43 / 51 ─────────────────────────────────────────────────────────────────────
ℹ [2026/04/11 12:10:50] Start SCIPAC screening
ℹ [2026/04/11 12:10:50] Find common variable geme (hvg = 4000)
Normalizing layer: counts
Performing log-normalization
0%   10   20   30   40   50   60   70   80   90   100%
[----|----|----|----|----|----|----|----|----|----|
**************************************************|
Finding variable features for layer counts
Calculating gene variances
0%   10   20   30   40   50   60   70   80   90   100%
[----|----|----|----|----|----|----|----|----|----|
**************************************************|
Calculating feature variances of standardized and clipped values
0%   10   20   30   40   50   60   70   80   90   100%
[----|----|----|----|----|----|----|----|----|----|
**************************************************|
ℹ [2026/04/11 12:11:10] Running PCA (n_pc = 60)
ℹ [2026/04/11 12:11:16] Clustering (resolution = 2)
Warning: Data is of class matrix. Coercing to dgCMatrix.
Computing nearest neighbor graph
Computing SNN
Modularity Optimizer version 1.3.0 by Ludo Waltman and Nees Jan van Eck

Number of nodes: 31872
Number of edges: 1453588

Running Louvain algorithm...
0%   10   20   30   40   50   60   70   80   90   100%
[----|----|----|----|----|----|----|----|----|----|
**************************************************|
Maximum modularity in 10 random starts: 0.8689
Number of communities: 43
Elapsed time: 7 seconds
ℹ [2026/04/11 12:11:35] Screening ("80 bootstrap")
ℹ [2026/04/11 12:11:41] SCIPAC screening done

── 44 / 51 ─────────────────────────────────────────────────────────────────────
ℹ [2026/04/11 12:11:42] Start SCIPAC screening
ℹ [2026/04/11 12:11:42] Find common variable geme (hvg = 3000)
Normalizing layer: counts
Performing log-normalization
0%   10   20   30   40   50   60   70   80   90   100%
[----|----|----|----|----|----|----|----|----|----|
**************************************************|
Finding variable features for layer counts
Calculating gene variances
0%   10   20   30   40   50   60   70   80   90   100%
[----|----|----|----|----|----|----|----|----|----|
**************************************************|
Calculating feature variances of standardized and clipped values
0%   10   20   30   40   50   60   70   80   90   100%
[----|----|----|----|----|----|----|----|----|----|
**************************************************|
ℹ [2026/04/11 12:12:01] Running PCA (n_pc = 60)
ℹ [2026/04/11 12:12:05] Clustering (resolution = 2)
Warning: Data is of class matrix. Coercing to dgCMatrix.
Computing nearest neighbor graph
Computing SNN
Modularity Optimizer version 1.3.0 by Ludo Waltman and Nees Jan van Eck

Number of nodes: 31872
Number of edges: 1457075

Running Louvain algorithm...
0%   10   20   30   40   50   60   70   80   90   100%
[----|----|----|----|----|----|----|----|----|----|
**************************************************|
Maximum modularity in 10 random starts: 0.8679
Number of communities: 42
Elapsed time: 6 seconds
ℹ [2026/04/11 12:12:24] Screening ("40 bootstrap")
ℹ [2026/04/11 12:12:28] SCIPAC screening done

── 45 / 51 ─────────────────────────────────────────────────────────────────────
ℹ [2026/04/11 12:12:28] Start SCIPAC screening
ℹ [2026/04/11 12:12:28] Find common variable geme (hvg = 5000)
Normalizing layer: counts
Performing log-normalization
0%   10   20   30   40   50   60   70   80   90   100%
[----|----|----|----|----|----|----|----|----|----|
**************************************************|
Finding variable features for layer counts
Calculating gene variances
0%   10   20   30   40   50   60   70   80   90   100%
[----|----|----|----|----|----|----|----|----|----|
**************************************************|
Calculating feature variances of standardized and clipped values
0%   10   20   30   40   50   60   70   80   90   100%
[----|----|----|----|----|----|----|----|----|----|
**************************************************|
Warning in asMethod(object) :
  sparse->dense coercion: allocating vector of size 1.2 GiB
ℹ [2026/04/11 12:12:49] Running PCA (n_pc = 60)
ℹ [2026/04/11 12:12:56] Clustering (resolution = 2)
Warning: Data is of class matrix. Coercing to dgCMatrix.
Computing nearest neighbor graph
Computing SNN
Modularity Optimizer version 1.3.0 by Ludo Waltman and Nees Jan van Eck

Number of nodes: 31872
Number of edges: 1440213

Running Louvain algorithm...
0%   10   20   30   40   50   60   70   80   90   100%
[----|----|----|----|----|----|----|----|----|----|
**************************************************|
Maximum modularity in 10 random starts: 0.8680
Number of communities: 41
Elapsed time: 7 seconds
ℹ [2026/04/11 12:13:14] Screening ("80 bootstrap")
ℹ [2026/04/11 12:13:22] SCIPAC screening done

── 46 / 51 ─────────────────────────────────────────────────────────────────────
ℹ [2026/04/11 12:13:23] Start SCIPAC screening
ℹ [2026/04/11 12:13:23] Find common variable geme (hvg = 1000)
Normalizing layer: counts
Performing log-normalization
0%   10   20   30   40   50   60   70   80   90   100%
[----|----|----|----|----|----|----|----|----|----|
**************************************************|
Finding variable features for layer counts
Calculating gene variances
0%   10   20   30   40   50   60   70   80   90   100%
[----|----|----|----|----|----|----|----|----|----|
**************************************************|
Calculating feature variances of standardized and clipped values
0%   10   20   30   40   50   60   70   80   90   100%
[----|----|----|----|----|----|----|----|----|----|
**************************************************|
ℹ [2026/04/11 12:13:42] Running PCA (n_pc = 60)
ℹ [2026/04/11 12:13:43] Clustering (resolution = 2)
Warning: Data is of class matrix. Coercing to dgCMatrix.
Computing nearest neighbor graph
Computing SNN
Modularity Optimizer version 1.3.0 by Ludo Waltman and Nees Jan van Eck

Number of nodes: 31872
Number of edges: 1491565

Running Louvain algorithm...
0%   10   20   30   40   50   60   70   80   90   100%
[----|----|----|----|----|----|----|----|----|----|
**************************************************|
Maximum modularity in 10 random starts: 0.8732
Number of communities: 45
Elapsed time: 7 seconds
ℹ [2026/04/11 12:14:02] Screening ("70 bootstrap")
ℹ [2026/04/11 12:14:08] SCIPAC screening done

── 47 / 51 ─────────────────────────────────────────────────────────────────────
ℹ [2026/04/11 12:14:09] Start SCIPAC screening
ℹ [2026/04/11 12:14:09] Find common variable geme (hvg = 3500)
Normalizing layer: counts
Performing log-normalization
0%   10   20   30   40   50   60   70   80   90   100%
[----|----|----|----|----|----|----|----|----|----|
**************************************************|
Finding variable features for layer counts
Calculating gene variances
0%   10   20   30   40   50   60   70   80   90   100%
[----|----|----|----|----|----|----|----|----|----|
**************************************************|
Calculating feature variances of standardized and clipped values
0%   10   20   30   40   50   60   70   80   90   100%
[----|----|----|----|----|----|----|----|----|----|
**************************************************|
ℹ [2026/04/11 12:14:28] Running PCA (n_pc = 60)
ℹ [2026/04/11 12:14:33] Clustering (resolution = 2)
Warning: Data is of class matrix. Coercing to dgCMatrix.
Computing nearest neighbor graph
Computing SNN
Modularity Optimizer version 1.3.0 by Ludo Waltman and Nees Jan van Eck

Number of nodes: 31872
Number of edges: 1452030

Running Louvain algorithm...
0%   10   20   30   40   50   60   70   80   90   100%
[----|----|----|----|----|----|----|----|----|----|
**************************************************|
Maximum modularity in 10 random starts: 0.8688
Number of communities: 43
Elapsed time: 7 seconds
ℹ [2026/04/11 12:14:54] Screening ("100 bootstrap")
ℹ [2026/04/11 12:15:00] SCIPAC screening done

── 48 / 51 ─────────────────────────────────────────────────────────────────────
ℹ [2026/04/11 12:15:01] Start SCIPAC screening
ℹ [2026/04/11 12:15:01] Find common variable geme (hvg = 500)
Normalizing layer: counts
Performing log-normalization
0%   10   20   30   40   50   60   70   80   90   100%
[----|----|----|----|----|----|----|----|----|----|
**************************************************|
Finding variable features for layer counts
Calculating gene variances
0%   10   20   30   40   50   60   70   80   90   100%
[----|----|----|----|----|----|----|----|----|----|
**************************************************|
Calculating feature variances of standardized and clipped values
0%   10   20   30   40   50   60   70   80   90   100%
[----|----|----|----|----|----|----|----|----|----|
**************************************************|
ℹ [2026/04/11 12:15:19] Running PCA (n_pc = 60)
ℹ [2026/04/11 12:15:19] Clustering (resolution = 2)
Warning: Data is of class matrix. Coercing to dgCMatrix.
Computing nearest neighbor graph
Computing SNN
Modularity Optimizer version 1.3.0 by Ludo Waltman and Nees Jan van Eck

Number of nodes: 31872
Number of edges: 1485643

Running Louvain algorithm...
0%   10   20   30   40   50   60   70   80   90   100%
[----|----|----|----|----|----|----|----|----|----|
**************************************************|
Maximum modularity in 10 random starts: 0.8723
Number of communities: 44
Elapsed time: 7 seconds
ℹ [2026/04/11 12:15:39] Screening ("60 bootstrap")
Warning in lognet(x, is.sparse, y, weights, offset, alpha, nobs, nvars,  :
  one multinomial or binomial class has fewer than 8  observations; dangerous ground
Warning in lognet(x, is.sparse, y, weights, offset, alpha, nobs, nvars,  :
  one multinomial or binomial class has fewer than 8  observations; dangerous ground
Warning in lognet(x, is.sparse, y, weights, offset, alpha, nobs, nvars,  :
  one multinomial or binomial class has fewer than 8  observations; dangerous ground
Warning in lognet(x, is.sparse, y, weights, offset, alpha, nobs, nvars,  :
  one multinomial or binomial class has fewer than 8  observations; dangerous ground
Warning in lognet(x, is.sparse, y, weights, offset, alpha, nobs, nvars,  :
  one multinomial or binomial class has fewer than 8  observations; dangerous ground
Warning in lognet(x, is.sparse, y, weights, offset, alpha, nobs, nvars,  :
  one multinomial or binomial class has fewer than 8  observations; dangerous ground
ℹ [2026/04/11 12:15:44] SCIPAC screening done

── 49 / 51 ─────────────────────────────────────────────────────────────────────
ℹ [2026/04/11 12:15:45] Start SCIPAC screening
ℹ [2026/04/11 12:15:45] Find common variable geme (hvg = 3500)
Normalizing layer: counts
Performing log-normalization
0%   10   20   30   40   50   60   70   80   90   100%
[----|----|----|----|----|----|----|----|----|----|
**************************************************|
Finding variable features for layer counts
Calculating gene variances
0%   10   20   30   40   50   60   70   80   90   100%
[----|----|----|----|----|----|----|----|----|----|
**************************************************|
Calculating feature variances of standardized and clipped values
0%   10   20   30   40   50   60   70   80   90   100%
[----|----|----|----|----|----|----|----|----|----|
**************************************************|
ℹ [2026/04/11 12:16:04] Running PCA (n_pc = 60)
ℹ [2026/04/11 12:16:09] Clustering (resolution = 2)
Warning: Data is of class matrix. Coercing to dgCMatrix.
Computing nearest neighbor graph
Computing SNN
Modularity Optimizer version 1.3.0 by Ludo Waltman and Nees Jan van Eck

Number of nodes: 31872
Number of edges: 1452030

Running Louvain algorithm...
0%   10   20   30   40   50   60   70   80   90   100%
[----|----|----|----|----|----|----|----|----|----|
**************************************************|
Maximum modularity in 10 random starts: 0.8688
Number of communities: 43
Elapsed time: 7 seconds
ℹ [2026/04/11 12:16:29] Screening ("20 bootstrap")
ℹ [2026/04/11 12:16:32] SCIPAC screening done

── 50 / 51 ─────────────────────────────────────────────────────────────────────
ℹ [2026/04/11 12:16:33] Start SCIPAC screening
ℹ [2026/04/11 12:16:33] Find common variable geme (hvg = 2000)
Normalizing layer: counts
Performing log-normalization
0%   10   20   30   40   50   60   70   80   90   100%
[----|----|----|----|----|----|----|----|----|----|
**************************************************|
Finding variable features for layer counts
Calculating gene variances
0%   10   20   30   40   50   60   70   80   90   100%
[----|----|----|----|----|----|----|----|----|----|
**************************************************|
Calculating feature variances of standardized and clipped values
0%   10   20   30   40   50   60   70   80   90   100%
[----|----|----|----|----|----|----|----|----|----|
**************************************************|
ℹ [2026/04/11 12:16:53] Running PCA (n_pc = 60)
ℹ [2026/04/11 12:16:55] Clustering (resolution = 2)
Warning: Data is of class matrix. Coercing to dgCMatrix.
Computing nearest neighbor graph
Computing SNN
Modularity Optimizer version 1.3.0 by Ludo Waltman and Nees Jan van Eck

Number of nodes: 31872
Number of edges: 1476831

Running Louvain algorithm...
0%   10   20   30   40   50   60   70   80   90   100%
[----|----|----|----|----|----|----|----|----|----|
**************************************************|
Maximum modularity in 10 random starts: 0.8693
Number of communities: 40
Elapsed time: 6 seconds
ℹ [2026/04/11 12:17:13] Screening ("50 bootstrap")
Warning in lognet(x, is.sparse, y, weights, offset, alpha, nobs, nvars,  :
  one multinomial or binomial class has fewer than 8  observations; dangerous ground
Warning in lognet(x, is.sparse, y, weights, offset, alpha, nobs, nvars,  :
  one multinomial or binomial class has fewer than 8  observations; dangerous ground
Warning in lognet(x, is.sparse, y, weights, offset, alpha, nobs, nvars,  :
  one multinomial or binomial class has fewer than 8  observations; dangerous ground
Warning in lognet(x, is.sparse, y, weights, offset, alpha, nobs, nvars,  :
  one multinomial or binomial class has fewer than 8  observations; dangerous ground
Warning in lognet(x, is.sparse, y, weights, offset, alpha, nobs, nvars,  :
  one multinomial or binomial class has fewer than 8  observations; dangerous ground
ℹ [2026/04/11 12:17:18] SCIPAC screening done

── 51 / 51 ─────────────────────────────────────────────────────────────────────
ℹ [2026/04/11 12:17:19] Start SCIPAC screening
ℹ [2026/04/11 12:17:19] Find common variable geme (hvg = 1000)
Normalizing layer: counts
Performing log-normalization
0%   10   20   30   40   50   60   70   80   90   100%
[----|----|----|----|----|----|----|----|----|----|
**************************************************|
Finding variable features for layer counts
Calculating gene variances
0%   10   20   30   40   50   60   70   80   90   100%
[----|----|----|----|----|----|----|----|----|----|
**************************************************|
Calculating feature variances of standardized and clipped values
0%   10   20   30   40   50   60   70   80   90   100%
[----|----|----|----|----|----|----|----|----|----|
**************************************************|
ℹ [2026/04/11 12:17:38] Running PCA (n_pc = 60)
ℹ [2026/04/11 12:17:39] Clustering (resolution = 2)
Warning: Data is of class matrix. Coercing to dgCMatrix.
Computing nearest neighbor graph
Computing SNN
Modularity Optimizer version 1.3.0 by Ludo Waltman and Nees Jan van Eck

Number of nodes: 31872
Number of edges: 1491565

Running Louvain algorithm...
0%   10   20   30   40   50   60   70   80   90   100%
[----|----|----|----|----|----|----|----|----|----|
**************************************************|
Maximum modularity in 10 random starts: 0.8732
Number of communities: 45
Elapsed time: 6 seconds
ℹ [2026/04/11 12:17:58] Screening ("50 bootstrap")
ℹ [2026/04/11 12:18:02] SCIPAC screening done
            used   (Mb) gc trigger    (Mb)   max used    (Mb)
Ncells   3756637  200.7    7077467   378.0    7077467   378.0
Vcells 428852776 3271.9 1425779560 10877.9 1424010533 10864.4
✔ (2) scipac random search part2 completed.
