nohup: ignoring input
✔ Setting active project to "/home/yyx/R/Project/R_code/paper_SigBridgeR".

Attaching package: ‘dplyr’

The following objects are masked from ‘package:stats’:

    filter, lag

The following objects are masked from ‘package:base’:

    intersect, setdiff, setequal, union

ℹ bulk data loaded: dim = (54675 and 121)
ℹ pheno data loaded: 1~tumor, 0~normal
pheno_bi
  0   1 
 17 104 
ℹ [2026/04/10 09:01:39] Scissor start...
ℹ [2026/04/10 09:01:39] Loading data from 'TCGA_BRCA_her2_scissor_cache2.RData'
ℹ [2026/04/10 09:02:20] Screening...

── At alpha = 0.001 ──

Scissor identified 14759 Scissor+ cells and 11522 Scissor- cells.
The percentage of selected cell is: 82.458%

── At alpha = 0.05 ──

Scissor identified 6115 Scissor+ cells and 3654 Scissor- cells.
The percentage of selected cell is: 30.651%

── At alpha = 0.1 ──

Scissor identified 4431 Scissor+ cells and 2693 Scissor- cells.
The percentage of selected cell is: 22.352%

── At alpha = 0.15 ──

Scissor identified 3441 Scissor+ cells and 2139 Scissor- cells.
The percentage of selected cell is: 17.508%

── At alpha = 0.2 ──

Scissor identified 2760 Scissor+ cells and 1810 Scissor- cells.
The percentage of selected cell is: 14.339%

── At alpha = 0.25 ──

Scissor identified 2261 Scissor+ cells and 1563 Scissor- cells.
The percentage of selected cell is: 11.998%

── At alpha = 0.3 ──

Scissor identified 1929 Scissor+ cells and 1347 Scissor- cells.
The percentage of selected cell is: 10.279%

── At alpha = 0.35 ──

Scissor identified 1646 Scissor+ cells and 1133 Scissor- cells.
The percentage of selected cell is: 8.719%

── At alpha = 0.4 ──

Scissor identified 1399 Scissor+ cells and 989 Scissor- cells.
The percentage of selected cell is: 7.492%

── At alpha = 0.45 ──

Scissor identified 1234 Scissor+ cells and 870 Scissor- cells.
The percentage of selected cell is: 6.601%

── At alpha = 0.5 ──

Scissor identified 1077 Scissor+ cells and 752 Scissor- cells.
The percentage of selected cell is: 5.739%

── At alpha = 0.55 ──

Scissor identified 918 Scissor+ cells and 660 Scissor- cells.
The percentage of selected cell is: 4.951%
ℹ [2026/04/10 10:37:45] Scissor Ended.
ℹ [2026/04/10 10:37:45] Scissor start...
ℹ [2026/04/10 10:37:45] Loading data from 'TCGA_BRCA_her2_scissor_cache2.RData'
ℹ [2026/04/10 10:38:27] Screening...

── At alpha = 0.001 ──

Scissor identified 14759 Scissor+ cells and 11522 Scissor- cells.
The percentage of selected cell is: 82.458%

── At alpha = 0.05 ──

Scissor identified 6115 Scissor+ cells and 3654 Scissor- cells.
The percentage of selected cell is: 30.651%

── At alpha = 0.1 ──

Scissor identified 4431 Scissor+ cells and 2693 Scissor- cells.
The percentage of selected cell is: 22.352%

── At alpha = 0.15 ──

Scissor identified 3441 Scissor+ cells and 2139 Scissor- cells.
The percentage of selected cell is: 17.508%

── At alpha = 0.2 ──

Scissor identified 2760 Scissor+ cells and 1810 Scissor- cells.
The percentage of selected cell is: 14.339%

── At alpha = 0.25 ──

Scissor identified 2261 Scissor+ cells and 1563 Scissor- cells.
The percentage of selected cell is: 11.998%

── At alpha = 0.3 ──

Scissor identified 1929 Scissor+ cells and 1347 Scissor- cells.
The percentage of selected cell is: 10.279%

── At alpha = 0.35 ──

Scissor identified 1646 Scissor+ cells and 1133 Scissor- cells.
The percentage of selected cell is: 8.719%
ℹ [2026/04/10 11:42:02] Scissor Ended.
ℹ [2026/04/10 11:42:02] Scissor start...
ℹ [2026/04/10 11:42:02] Loading data from 'TCGA_BRCA_her2_scissor_cache2.RData'
ℹ [2026/04/10 11:42:43] Screening...

── At alpha = 0.001 ──

Scissor identified 14759 Scissor+ cells and 11522 Scissor- cells.
The percentage of selected cell is: 82.458%

── At alpha = 0.05 ──

Scissor identified 6115 Scissor+ cells and 3654 Scissor- cells.
The percentage of selected cell is: 30.651%

── At alpha = 0.1 ──

Scissor identified 4431 Scissor+ cells and 2693 Scissor- cells.
The percentage of selected cell is: 22.352%

── At alpha = 0.15 ──

Scissor identified 3441 Scissor+ cells and 2139 Scissor- cells.
The percentage of selected cell is: 17.508%

── At alpha = 0.2 ──

Scissor identified 2760 Scissor+ cells and 1810 Scissor- cells.
The percentage of selected cell is: 14.339%
ℹ [2026/04/10 12:21:28] Scissor Ended.
ℹ [2026/04/10 12:21:28] Scissor start...
ℹ [2026/04/10 12:21:28] Loading data from 'TCGA_BRCA_her2_scissor_cache2.RData'
ℹ [2026/04/10 12:22:09] Screening...

── At alpha = 0.001 ──

Scissor identified 14759 Scissor+ cells and 11522 Scissor- cells.
The percentage of selected cell is: 82.458%

── At alpha = 0.05 ──

Scissor identified 6115 Scissor+ cells and 3654 Scissor- cells.
The percentage of selected cell is: 30.651%

── At alpha = 0.1 ──

Scissor identified 4431 Scissor+ cells and 2693 Scissor- cells.
The percentage of selected cell is: 22.352%

── At alpha = 0.15 ──

Scissor identified 3441 Scissor+ cells and 2139 Scissor- cells.
The percentage of selected cell is: 17.508%
ℹ [2026/04/10 12:53:32] Scissor Ended.
ℹ [2026/04/10 12:53:32] Scissor start...
ℹ [2026/04/10 12:53:32] Loading data from 'TCGA_BRCA_her2_scissor_cache2.RData'
ℹ [2026/04/10 12:54:13] Screening...

── At alpha = 0.001 ──

Scissor identified 14759 Scissor+ cells and 11522 Scissor- cells.
The percentage of selected cell is: 82.458%

── At alpha = 0.05 ──

Scissor identified 6115 Scissor+ cells and 3654 Scissor- cells.
The percentage of selected cell is: 30.651%

── At alpha = 0.1 ──

Scissor identified 4431 Scissor+ cells and 2693 Scissor- cells.
The percentage of selected cell is: 22.352%
ℹ [2026/04/10 13:19:42] Scissor Ended.
ℹ [2026/04/10 13:19:42] Scissor start...
ℹ [2026/04/10 13:19:42] Loading data from 'TCGA_BRCA_her2_scissor_cache2.RData'
ℹ [2026/04/10 13:20:23] Screening...

── At alpha = 0.001 ──

Scissor identified 14759 Scissor+ cells and 11522 Scissor- cells.
The percentage of selected cell is: 82.458%

── At alpha = 0.05 ──

Scissor identified 6115 Scissor+ cells and 3654 Scissor- cells.
The percentage of selected cell is: 30.651%

── At alpha = 0.1 ──

Scissor identified 4431 Scissor+ cells and 2693 Scissor- cells.
The percentage of selected cell is: 22.352%
ℹ [2026/04/10 13:43:47] Scissor Ended.
ℹ [2026/04/10 13:43:47] Scissor start...
ℹ [2026/04/10 13:43:47] Loading data from 'TCGA_BRCA_her2_scissor_cache2.RData'
ℹ [2026/04/10 13:44:28] Screening...

── At alpha = 0.001 ──

Scissor identified 14759 Scissor+ cells and 11522 Scissor- cells.
The percentage of selected cell is: 82.458%

── At alpha = 0.05 ──

Scissor identified 6115 Scissor+ cells and 3654 Scissor- cells.
The percentage of selected cell is: 30.651%
ℹ [2026/04/10 14:00:57] Scissor Ended.
ℹ [2026/04/10 14:00:57] Scissor start...
ℹ [2026/04/10 14:00:57] Loading data from 'TCGA_BRCA_her2_scissor_cache2.RData'
ℹ [2026/04/10 14:01:38] Screening...

── At alpha = 0.001 ──

Scissor identified 14759 Scissor+ cells and 11522 Scissor- cells.
The percentage of selected cell is: 82.458%

── At alpha = 0.05 ──

Scissor identified 6115 Scissor+ cells and 3654 Scissor- cells.
The percentage of selected cell is: 30.651%
ℹ [2026/04/10 14:18:39] Scissor Ended.
ℹ [2026/04/10 14:18:39] Scissor start...
ℹ [2026/04/10 14:18:39] Loading data from 'TCGA_BRCA_her2_scissor_cache2.RData'
ℹ [2026/04/10 14:19:21] Screening...

── At alpha = 0.001 ──

Scissor identified 14759 Scissor+ cells and 11522 Scissor- cells.
The percentage of selected cell is: 82.458%

── At alpha = 0.05 ──

Scissor identified 6115 Scissor+ cells and 3654 Scissor- cells.
The percentage of selected cell is: 30.651%
ℹ [2026/04/10 14:36:12] Scissor Ended.
ℹ [2026/04/10 14:36:12] Scissor start...
ℹ [2026/04/10 14:36:12] Loading data from 'TCGA_BRCA_her2_scissor_cache2.RData'
ℹ [2026/04/10 14:36:53] Screening...

── At alpha = 0.001 ──

Scissor identified 14759 Scissor+ cells and 11522 Scissor- cells.
The percentage of selected cell is: 82.458%

── At alpha = 0.05 ──

Scissor identified 6115 Scissor+ cells and 3654 Scissor- cells.
The percentage of selected cell is: 30.651%
ℹ [2026/04/10 14:55:48] Scissor Ended.
ℹ scissor_label_mat2.csv saved
