nohup: ignoring input
✔ Setting active project to "/home/yyx/R/Project/R_code/paper_SigBridgeR".

Attaching package: ‘dplyr’

The following objects are masked from ‘package:stats’:

    filter, lag

The following objects are masked from ‘package:base’:

    intersect, setdiff, setequal, union

ℹ bulk data loaded: dim = (54675 and 121)
ℹ pheno data loaded: 1~tumor, 0~normal
pheno_bi
  0   1 
 17 104 

── 1 / 51 ──────────────────────────────────────────────────────────────────────
ℹ [2026/04/10 15:40:41] Start scPP screening.
ℹ [2026/04/10 15:40:41] Finding overall markers...
ℹ [2026/04/10 15:40:42] Screening...
ℹ [2026/04/10 15:40:42] Running fixed threshold mode with prob = 0.13
ℹ [2026/04/10 15:40:44] Computing AUC scores...
Registered S3 methods overwritten by 'Seqinfo':
  method                from        
  as.data.frame.Seqinfo GenomeInfoDb
  merge.Seqinfo         GenomeInfoDb
  summary.Seqinfo       GenomeInfoDb
Genes in the gene sets NOT available in the dataset: 
	gene_pos: 	934 (19% of 5014)
	gene_neg: 	1112 (28% of 3909)
✔ [2026/04/10 15:41:28] Classified 1731 Positive, 2517 Negative cells
ℹ [2026/04/10 15:41:28] Finding markers between `Positive` and `Negative` group...
✔ [2026/04/10 15:41:32] Found 4713 positive markers, 1155 negative markers
✔ [2026/04/10 15:41:32] scPP screening done.

── 2 / 51 ──────────────────────────────────────────────────────────────────────
ℹ [2026/04/10 15:41:35] Start scPP screening.
ℹ [2026/04/10 15:41:35] Finding overall markers...
ℹ [2026/04/10 15:41:35] Screening...
! scPP result is not complete, maybe not suitable for this parameter pair, using all FALSE.prob = 0.5, Log2FC_cutoff = 0.237, process_2

── 3 / 51 ──────────────────────────────────────────────────────────────────────
ℹ [2026/04/10 15:41:35] Start scPP screening.
ℹ [2026/04/10 15:41:35] Finding overall markers...
ℹ [2026/04/10 15:41:36] Screening...
ℹ [2026/04/10 15:41:36] Running fixed threshold mode with prob = 0.15
ℹ [2026/04/10 15:41:37] Computing AUC scores...
Genes in the gene sets NOT available in the dataset: 
	gene_pos: 	526 (17% of 3026)
	gene_neg: 	805 (30% of 2693)
✔ [2026/04/10 15:42:06] Classified 1383 Positive, 2589 Negative cells
ℹ [2026/04/10 15:42:06] Finding markers between `Positive` and `Negative` group...
✔ [2026/04/10 15:42:10] Found 4393 positive markers, 1052 negative markers
✔ [2026/04/10 15:42:10] scPP screening done.

── 4 / 51 ──────────────────────────────────────────────────────────────────────
ℹ [2026/04/10 15:42:12] Start scPP screening.
ℹ [2026/04/10 15:42:12] Finding overall markers...
ℹ [2026/04/10 15:42:13] Screening...
ℹ [2026/04/10 15:42:13] Running fixed threshold mode with prob = 0.25
ℹ [2026/04/10 15:42:13] Computing AUC scores...
Genes in the gene sets NOT available in the dataset: 
	gene_pos: 	1098 (19% of 5704)
	gene_neg: 	1367 (31% of 4463)
✔ [2026/04/10 15:42:46] Classified 4505 Positive, 5425 Negative cells
ℹ [2026/04/10 15:42:46] Finding markers between `Positive` and `Negative` group...
✔ [2026/04/10 15:42:52] Found 4112 positive markers, 1292 negative markers
✔ [2026/04/10 15:42:52] scPP screening done.

── 5 / 51 ──────────────────────────────────────────────────────────────────────
ℹ [2026/04/10 15:42:55] Start scPP screening.
ℹ [2026/04/10 15:42:55] Finding overall markers...
ℹ [2026/04/10 15:42:55] Screening...
ℹ [2026/04/10 15:42:55] Running fixed threshold mode with prob = 0.27
ℹ [2026/04/10 15:42:56] Computing AUC scores...
Genes in the gene sets NOT available in the dataset: 
	gene_pos: 	364 (16% of 2216)
	gene_neg: 	682 (32% of 2122)
✔ [2026/04/10 15:43:22] Classified 3572 Positive, 5281 Negative cells
ℹ [2026/04/10 15:43:22] Finding markers between `Positive` and `Negative` group...
✔ [2026/04/10 15:43:27] Found 3974 positive markers, 1190 negative markers
✔ [2026/04/10 15:43:27] scPP screening done.

── 6 / 51 ──────────────────────────────────────────────────────────────────────
ℹ [2026/04/10 15:43:29] Start scPP screening.
ℹ [2026/04/10 15:43:29] Finding overall markers...
ℹ [2026/04/10 15:43:30] Screening...
ℹ [2026/04/10 15:43:30] Running fixed threshold mode with prob = 0.23
ℹ [2026/04/10 15:43:31] Computing AUC scores...
Genes in the gene sets NOT available in the dataset: 
	gene_pos: 	566 (18% of 3193)
	gene_neg: 	827 (30% of 2796)
✔ [2026/04/10 15:43:58] Classified 3029 Positive, 4485 Negative cells
ℹ [2026/04/10 15:43:58] Finding markers between `Positive` and `Negative` group...
✔ [2026/04/10 15:44:03] Found 4088 positive markers, 1181 negative markers
✔ [2026/04/10 15:44:03] scPP screening done.

── 7 / 51 ──────────────────────────────────────────────────────────────────────
ℹ [2026/04/10 15:44:05] Start scPP screening.
ℹ [2026/04/10 15:44:05] Finding overall markers...
ℹ [2026/04/10 15:44:05] Screening...
ℹ [2026/04/10 15:44:05] Running fixed threshold mode with prob = 0.28
ℹ [2026/04/10 15:44:06] Computing AUC scores...
Genes in the gene sets NOT available in the dataset: 
	gene_pos: 	366 (16% of 2232)
	gene_neg: 	686 (32% of 2139)
✔ [2026/04/10 15:44:32] Classified 3844 Positive, 5506 Negative cells
ℹ [2026/04/10 15:44:32] Finding markers between `Positive` and `Negative` group...
✔ [2026/04/10 15:44:37] Found 3919 positive markers, 1200 negative markers
✔ [2026/04/10 15:44:38] scPP screening done.

── 8 / 51 ──────────────────────────────────────────────────────────────────────
ℹ [2026/04/10 15:44:40] Start scPP screening.
ℹ [2026/04/10 15:44:40] Finding overall markers...
ℹ [2026/04/10 15:44:40] Screening...
ℹ [2026/04/10 15:44:40] Running fixed threshold mode with prob = 0.1
ℹ [2026/04/10 15:44:41] Computing AUC scores...
Genes in the gene sets NOT available in the dataset: 
	gene_pos: 	1125 (19% of 5778)
	gene_neg: 	1483 (32% of 4638)
✔ [2026/04/10 15:45:13] Classified 1469 Positive, 1848 Negative cells
ℹ [2026/04/10 15:45:13] Finding markers between `Positive` and `Negative` group...
✔ [2026/04/10 15:45:16] Found 5024 positive markers, 1136 negative markers
✔ [2026/04/10 15:45:16] scPP screening done.

── 9 / 51 ──────────────────────────────────────────────────────────────────────
ℹ [2026/04/10 15:45:18] Start scPP screening.
ℹ [2026/04/10 15:45:18] Finding overall markers...
ℹ [2026/04/10 15:45:19] Screening...
ℹ [2026/04/10 15:45:19] Running fixed threshold mode with prob = 0.31
ℹ [2026/04/10 15:45:20] Computing AUC scores...
Genes in the gene sets NOT available in the dataset: 
	gene_pos: 	386 (16% of 2347)
	gene_neg: 	699 (31% of 2220)
✔ [2026/04/10 15:45:46] Classified 4673 Positive, 6195 Negative cells
ℹ [2026/04/10 15:45:46] Finding markers between `Positive` and `Negative` group...
✔ [2026/04/10 15:45:52] Found 3878 positive markers, 1232 negative markers
✔ [2026/04/10 15:45:52] scPP screening done.

── 10 / 51 ─────────────────────────────────────────────────────────────────────
ℹ [2026/04/10 15:45:54] Start scPP screening.
ℹ [2026/04/10 15:45:54] Finding overall markers...
ℹ [2026/04/10 15:45:55] Screening...
ℹ [2026/04/10 15:45:55] Running fixed threshold mode with prob = 0.23
ℹ [2026/04/10 15:45:55] Computing AUC scores...
Genes in the gene sets NOT available in the dataset: 
	gene_pos: 	1149 (20% of 5841)
	gene_neg: 	1821 (36% of 5119)
✔ [2026/04/10 15:46:26] Classified 3935 Positive, 4868 Negative cells
ℹ [2026/04/10 15:46:26] Finding markers between `Positive` and `Negative` group...
✔ [2026/04/10 15:46:32] Found 4186 positive markers, 1294 negative markers
✔ [2026/04/10 15:46:32] scPP screening done.

── 11 / 51 ─────────────────────────────────────────────────────────────────────
ℹ [2026/04/10 15:46:34] Start scPP screening.
ℹ [2026/04/10 15:46:34] Finding overall markers...
ℹ [2026/04/10 15:46:35] Screening...
ℹ [2026/04/10 15:46:35] Running fixed threshold mode with prob = 0.01
ℹ [2026/04/10 15:46:36] Computing AUC scores...
Genes in the gene sets NOT available in the dataset: 
	gene_pos: 	727 (18% of 4054)
	gene_neg: 	949 (29% of 3320)
✔ [2026/04/10 15:47:05] Classified 57 Positive, 79 Negative cells
ℹ [2026/04/10 15:47:05] Finding markers between `Positive` and `Negative` group...
✔ [2026/04/10 15:47:07] Found 598 positive markers, 229 negative markers
✔ [2026/04/10 15:47:07] scPP screening done.

── 12 / 51 ─────────────────────────────────────────────────────────────────────
ℹ [2026/04/10 15:47:09] Start scPP screening.
ℹ [2026/04/10 15:47:09] Finding overall markers...
ℹ [2026/04/10 15:47:09] Screening...
ℹ [2026/04/10 15:47:09] Running fixed threshold mode with prob = 0.21
ℹ [2026/04/10 15:47:10] Computing AUC scores...
Genes in the gene sets NOT available in the dataset: 
	gene_pos: 	392 (17% of 2361)
	gene_neg: 	704 (31% of 2235)
✔ [2026/04/10 15:47:36] Classified 2360 Positive, 3830 Negative cells
ℹ [2026/04/10 15:47:36] Finding markers between `Positive` and `Negative` group...
✔ [2026/04/10 15:47:40] Found 4235 positive markers, 1144 negative markers
✔ [2026/04/10 15:47:40] scPP screening done.

── 13 / 51 ─────────────────────────────────────────────────────────────────────
ℹ [2026/04/10 15:47:42] Start scPP screening.
ℹ [2026/04/10 15:47:42] Finding overall markers...
ℹ [2026/04/10 15:47:42] Screening...
ℹ [2026/04/10 15:47:42] Running fixed threshold mode with prob = 0.1
ℹ [2026/04/10 15:47:43] Computing AUC scores...
Genes in the gene sets NOT available in the dataset: 
	gene_pos: 	632 (18% of 3567)
	gene_neg: 	878 (29% of 3000)
✔ [2026/04/10 15:48:09] Classified 857 Positive, 1677 Negative cells
ℹ [2026/04/10 15:48:09] Finding markers between `Positive` and `Negative` group...
✔ [2026/04/10 15:48:11] Found 4666 positive markers, 976 negative markers
✔ [2026/04/10 15:48:11] scPP screening done.

── 14 / 51 ─────────────────────────────────────────────────────────────────────
ℹ [2026/04/10 15:48:13] Start scPP screening.
ℹ [2026/04/10 15:48:13] Finding overall markers...
ℹ [2026/04/10 15:48:13] Screening...
ℹ [2026/04/10 15:48:13] Running fixed threshold mode with prob = 0.37
ℹ [2026/04/10 15:48:14] Computing AUC scores...
Genes in the gene sets NOT available in the dataset: 
	gene_pos: 	836 (18% of 4617)
	gene_neg: 	1045 (28% of 3688)
✔ [2026/04/10 15:48:42] Classified 7353 Positive, 8167 Negative cells
ℹ [2026/04/10 15:48:42] Finding markers between `Positive` and `Negative` group...
✔ [2026/04/10 15:48:50] Found 3596 positive markers, 1211 negative markers
✔ [2026/04/10 15:48:50] scPP screening done.

── 15 / 51 ─────────────────────────────────────────────────────────────────────
ℹ [2026/04/10 15:48:52] Start scPP screening.
ℹ [2026/04/10 15:48:52] Finding overall markers...
ℹ [2026/04/10 15:48:52] Screening...
ℹ [2026/04/10 15:48:52] Running fixed threshold mode with prob = 0.38
ℹ [2026/04/10 15:48:53] Computing AUC scores...
Genes in the gene sets NOT available in the dataset: 
	gene_pos: 	1001 (19% of 5324)
	gene_neg: 	1181 (29% of 4113)
✔ [2026/04/10 15:49:22] Classified 7819 Positive, 8410 Negative cells
ℹ [2026/04/10 15:49:22] Finding markers between `Positive` and `Negative` group...
✔ [2026/04/10 15:49:30] Found 3526 positive markers, 1201 negative markers
✔ [2026/04/10 15:49:30] scPP screening done.

── 16 / 51 ─────────────────────────────────────────────────────────────────────
ℹ [2026/04/10 15:49:32] Start scPP screening.
ℹ [2026/04/10 15:49:32] Finding overall markers...
ℹ [2026/04/10 15:49:32] Screening...
ℹ [2026/04/10 15:49:32] Running fixed threshold mode with prob = 0.29
ℹ [2026/04/10 15:49:33] Computing AUC scores...
Genes in the gene sets NOT available in the dataset: 
	gene_pos: 	1038 (19% of 5480)
	gene_neg: 	1232 (29% of 4233)
✔ [2026/04/10 15:50:07] Classified 5515 Positive, 6291 Negative cells
ℹ [2026/04/10 15:50:07] Finding markers between `Positive` and `Negative` group...
✔ [2026/04/10 15:50:14] Found 3918 positive markers, 1271 negative markers
✔ [2026/04/10 15:50:14] scPP screening done.

── 17 / 51 ─────────────────────────────────────────────────────────────────────
ℹ [2026/04/10 15:50:17] Start scPP screening.
ℹ [2026/04/10 15:50:17] Finding overall markers...
ℹ [2026/04/10 15:50:18] Screening...
ℹ [2026/04/10 15:50:18] Running fixed threshold mode with prob = 0.09
ℹ [2026/04/10 15:50:19] Computing AUC scores...
Genes in the gene sets NOT available in the dataset: 
	gene_pos: 	1153 (20% of 5853)
	gene_neg: 	2762 (44% of 6332)
✔ [2026/04/10 15:50:52] Classified 1144 Positive, 1477 Negative cells
ℹ [2026/04/10 15:50:52] Finding markers between `Positive` and `Negative` group...
✔ [2026/04/10 15:50:54] Found 4897 positive markers, 1081 negative markers
✔ [2026/04/10 15:50:54] scPP screening done.

── 18 / 51 ─────────────────────────────────────────────────────────────────────
ℹ [2026/04/10 15:50:57] Start scPP screening.
ℹ [2026/04/10 15:50:57] Finding overall markers...
ℹ [2026/04/10 15:50:58] Screening...
ℹ [2026/04/10 15:50:58] Running fixed threshold mode with prob = 0.16
ℹ [2026/04/10 15:50:58] Computing AUC scores...
Genes in the gene sets NOT available in the dataset: 
	gene_pos: 	712 (18% of 3964)
	gene_neg: 	934 (29% of 3251)
✔ [2026/04/10 15:51:27] Classified 1988 Positive, 3154 Negative cells
ℹ [2026/04/10 15:51:27] Finding markers between `Positive` and `Negative` group...
✔ [2026/04/10 15:51:31] Found 4511 positive markers, 1151 negative markers
✔ [2026/04/10 15:51:31] scPP screening done.

── 19 / 51 ─────────────────────────────────────────────────────────────────────
ℹ [2026/04/10 15:51:33] Start scPP screening.
ℹ [2026/04/10 15:51:33] Finding overall markers...
ℹ [2026/04/10 15:51:33] Screening...
ℹ [2026/04/10 15:51:33] Running fixed threshold mode with prob = 0.31
ℹ [2026/04/10 15:51:34] Computing AUC scores...
Genes in the gene sets NOT available in the dataset: 
	gene_pos: 	379 (16% of 2299)
	gene_neg: 	691 (32% of 2186)
✔ [2026/04/10 15:52:00] Classified 4654 Positive, 6224 Negative cells
ℹ [2026/04/10 15:52:00] Finding markers between `Positive` and `Negative` group...
✔ [2026/04/10 15:52:06] Found 3854 positive markers, 1239 negative markers
✔ [2026/04/10 15:52:06] scPP screening done.

── 20 / 51 ─────────────────────────────────────────────────────────────────────
ℹ [2026/04/10 15:52:08] Start scPP screening.
ℹ [2026/04/10 15:52:08] Finding overall markers...
ℹ [2026/04/10 15:52:08] Screening...
ℹ [2026/04/10 15:52:08] Running fixed threshold mode with prob = 0.39
ℹ [2026/04/10 15:52:09] Computing AUC scores...
Genes in the gene sets NOT available in the dataset: 
	gene_pos: 	669 (18% of 3757)
	gene_neg: 	905 (29% of 3120)
✔ [2026/04/10 15:52:37] Classified 7673 Positive, 8599 Negative cells
ℹ [2026/04/10 15:52:38] Finding markers between `Positive` and `Negative` group...
✔ [2026/04/10 15:52:45] Found 3533 positive markers, 1238 negative markers
✔ [2026/04/10 15:52:46] scPP screening done.

── 21 / 51 ─────────────────────────────────────────────────────────────────────
ℹ [2026/04/10 15:52:48] Start scPP screening.
ℹ [2026/04/10 15:52:48] Finding overall markers...
ℹ [2026/04/10 15:52:48] Screening...
ℹ [2026/04/10 15:52:48] Running fixed threshold mode with prob = 0.38
ℹ [2026/04/10 15:52:49] Computing AUC scores...
Genes in the gene sets NOT available in the dataset: 
	gene_pos: 	829 (18% of 4585)
	gene_neg: 	1043 (28% of 3673)
✔ [2026/04/10 15:53:19] Classified 7705 Positive, 8459 Negative cells
ℹ [2026/04/10 15:53:19] Finding markers between `Positive` and `Negative` group...
✔ [2026/04/10 15:53:27] Found 3566 positive markers, 1214 negative markers
✔ [2026/04/10 15:53:27] scPP screening done.

── 22 / 51 ─────────────────────────────────────────────────────────────────────
ℹ [2026/04/10 15:53:29] Start scPP screening.
ℹ [2026/04/10 15:53:29] Finding overall markers...
ℹ [2026/04/10 15:53:30] Screening...
ℹ [2026/04/10 15:53:30] Running fixed threshold mode with prob = 0.37
ℹ [2026/04/10 15:53:30] Computing AUC scores...
Genes in the gene sets NOT available in the dataset: 
	gene_pos: 	1149 (20% of 5841)
	gene_neg: 	1816 (36% of 5110)
✔ [2026/04/10 15:54:03] Classified 7463 Positive, 7949 Negative cells
ℹ [2026/04/10 15:54:03] Finding markers between `Positive` and `Negative` group...
✔ [2026/04/10 15:54:11] Found 3509 positive markers, 1235 negative markers
✔ [2026/04/10 15:54:11] scPP screening done.

── 23 / 51 ─────────────────────────────────────────────────────────────────────
ℹ [2026/04/10 15:54:13] Start scPP screening.
ℹ [2026/04/10 15:54:13] Finding overall markers...
ℹ [2026/04/10 15:54:14] Screening...
ℹ [2026/04/10 15:54:14] Running fixed threshold mode with prob = 0.29
ℹ [2026/04/10 15:54:15] Computing AUC scores...
Genes in the gene sets NOT available in the dataset: 
	gene_pos: 	460 (17% of 2677)
	gene_neg: 	749 (31% of 2426)
✔ [2026/04/10 15:54:41] Classified 4406 Positive, 5784 Negative cells
ℹ [2026/04/10 15:54:41] Finding markers between `Positive` and `Negative` group...
✔ [2026/04/10 15:54:47] Found 3952 positive markers, 1217 negative markers
✔ [2026/04/10 15:54:47] scPP screening done.

── 24 / 51 ─────────────────────────────────────────────────────────────────────
ℹ [2026/04/10 15:54:50] Start scPP screening.
ℹ [2026/04/10 15:54:50] Finding overall markers...
ℹ [2026/04/10 15:54:51] Screening...
! scPP result is not complete, maybe not suitable for this parameter pair, using all FALSE.prob = 0, Log2FC_cutoff = 0.514, process_24

── 25 / 51 ─────────────────────────────────────────────────────────────────────
ℹ [2026/04/10 15:54:51] Start scPP screening.
ℹ [2026/04/10 15:54:51] Finding overall markers...
ℹ [2026/04/10 15:54:51] Screening...
ℹ [2026/04/10 15:54:51] Running fixed threshold mode with prob = 0.11
ℹ [2026/04/10 15:54:52] Computing AUC scores...
Genes in the gene sets NOT available in the dataset: 
	gene_pos: 	1153 (20% of 5854)
	gene_neg: 	3075 (46% of 6746)
✔ [2026/04/10 15:55:23] Classified 1437 Positive, 1910 Negative cells
ℹ [2026/04/10 15:55:23] Finding markers between `Positive` and `Negative` group...
✔ [2026/04/10 15:55:25] Found 4789 positive markers, 1131 negative markers
✔ [2026/04/10 15:55:25] scPP screening done.

── 26 / 51 ─────────────────────────────────────────────────────────────────────
ℹ [2026/04/10 15:55:27] Start scPP screening.
ℹ [2026/04/10 15:55:27] Finding overall markers...
ℹ [2026/04/10 15:55:28] Screening...
ℹ [2026/04/10 15:55:28] Running fixed threshold mode with prob = 0.19
ℹ [2026/04/10 15:55:28] Computing AUC scores...
Genes in the gene sets NOT available in the dataset: 
	gene_pos: 	1153 (20% of 5854)
	gene_neg: 	3002 (45% of 6656)
✔ [2026/04/10 15:55:59] Classified 2953 Positive, 3877 Negative cells
ℹ [2026/04/10 15:55:59] Finding markers between `Positive` and `Negative` group...
✔ [2026/04/10 15:56:03] Found 4332 positive markers, 1271 negative markers
✔ [2026/04/10 15:56:03] scPP screening done.

── 27 / 51 ─────────────────────────────────────────────────────────────────────
ℹ [2026/04/10 15:56:05] Start scPP screening.
ℹ [2026/04/10 15:56:05] Finding overall markers...
ℹ [2026/04/10 15:56:06] Screening...
ℹ [2026/04/10 15:56:06] Running fixed threshold mode with prob = 0.07
ℹ [2026/04/10 15:56:06] Computing AUC scores...
Genes in the gene sets NOT available in the dataset: 
	gene_pos: 	1149 (20% of 5843)
	gene_neg: 	1849 (36% of 5159)
✔ [2026/04/10 15:56:37] Classified 924 Positive, 1073 Negative cells
ℹ [2026/04/10 15:56:37] Finding markers between `Positive` and `Negative` group...
✔ [2026/04/10 15:56:39] Found 4962 positive markers, 1016 negative markers
✔ [2026/04/10 15:56:39] scPP screening done.

── 28 / 51 ─────────────────────────────────────────────────────────────────────
ℹ [2026/04/10 15:56:41] Start scPP screening.
ℹ [2026/04/10 15:56:41] Finding overall markers...
ℹ [2026/04/10 15:56:42] Screening...
ℹ [2026/04/10 15:56:42] Running fixed threshold mode with prob = 0.11
ℹ [2026/04/10 15:56:42] Computing AUC scores...
Genes in the gene sets NOT available in the dataset: 
	gene_pos: 	1062 (19% of 5586)
	gene_neg: 	1273 (29% of 4321)
✔ [2026/04/10 15:57:14] Classified 1633 Positive, 2109 Negative cells
ℹ [2026/04/10 15:57:14] Finding markers between `Positive` and `Negative` group...
✔ [2026/04/10 15:57:17] Found 4929 positive markers, 1182 negative markers
✔ [2026/04/10 15:57:17] scPP screening done.

── 29 / 51 ─────────────────────────────────────────────────────────────────────
ℹ [2026/04/10 15:57:20] Start scPP screening.
ℹ [2026/04/10 15:57:20] Finding overall markers...
ℹ [2026/04/10 15:57:20] Screening...
ℹ [2026/04/10 15:57:20] Running fixed threshold mode with prob = 0.02
ℹ [2026/04/10 15:57:21] Computing AUC scores...
Genes in the gene sets NOT available in the dataset: 
	gene_pos: 	488 (17% of 2873)
	gene_neg: 	780 (30% of 2582)
✔ [2026/04/10 15:57:47] Classified 52 Positive, 133 Negative cells
ℹ [2026/04/10 15:57:47] Finding markers between `Positive` and `Negative` group...
✔ [2026/04/10 15:57:48] Found 1774 positive markers, 167 negative markers
✔ [2026/04/10 15:57:48] scPP screening done.

── 30 / 51 ─────────────────────────────────────────────────────────────────────
ℹ [2026/04/10 15:57:51] Start scPP screening.
ℹ [2026/04/10 15:57:51] Finding overall markers...
ℹ [2026/04/10 15:57:51] Screening...
ℹ [2026/04/10 15:57:51] Running fixed threshold mode with prob = 0.08
ℹ [2026/04/10 15:57:52] Computing AUC scores...
Genes in the gene sets NOT available in the dataset: 
	gene_pos: 	842 (18% of 4639)
	gene_neg: 	1049 (28% of 3696)
✔ [2026/04/10 15:58:21] Classified 865 Positive, 1339 Negative cells
ℹ [2026/04/10 15:58:21] Finding markers between `Positive` and `Negative` group...
✔ [2026/04/10 15:58:23] Found 4853 positive markers, 978 negative markers
✔ [2026/04/10 15:58:23] scPP screening done.

── 31 / 51 ─────────────────────────────────────────────────────────────────────
ℹ [2026/04/10 15:58:25] Start scPP screening.
ℹ [2026/04/10 15:58:25] Finding overall markers...
ℹ [2026/04/10 15:58:26] Screening...
ℹ [2026/04/10 15:58:26] Running fixed threshold mode with prob = 0.13
ℹ [2026/04/10 15:58:26] Computing AUC scores...
Genes in the gene sets NOT available in the dataset: 
	gene_pos: 	514 (17% of 2968)
	gene_neg: 	797 (30% of 2652)
✔ [2026/04/10 15:58:52] Classified 1116 Positive, 2130 Negative cells
ℹ [2026/04/10 15:58:52] Finding markers between `Positive` and `Negative` group...
✔ [2026/04/10 15:58:55] Found 4503 positive markers, 1008 negative markers
✔ [2026/04/10 15:58:55] scPP screening done.

── 32 / 51 ─────────────────────────────────────────────────────────────────────
ℹ [2026/04/10 15:58:58] Start scPP screening.
ℹ [2026/04/10 15:58:58] Finding overall markers...
ℹ [2026/04/10 15:58:58] Screening...
ℹ [2026/04/10 15:58:58] Running fixed threshold mode with prob = 0.12
ℹ [2026/04/10 15:58:59] Computing AUC scores...
Genes in the gene sets NOT available in the dataset: 
	gene_pos: 	1153 (20% of 5853)
	gene_neg: 	2622 (43% of 6157)
✔ [2026/04/10 15:59:28] Classified 1622 Positive, 2206 Negative cells
ℹ [2026/04/10 15:59:28] Finding markers between `Positive` and `Negative` group...
✔ [2026/04/10 15:59:31] Found 4782 positive markers, 1158 negative markers
✔ [2026/04/10 15:59:31] scPP screening done.

── 33 / 51 ─────────────────────────────────────────────────────────────────────
ℹ [2026/04/10 15:59:33] Start scPP screening.
ℹ [2026/04/10 15:59:33] Finding overall markers...
ℹ [2026/04/10 15:59:34] Screening...
ℹ [2026/04/10 15:59:34] Running fixed threshold mode with prob = 0.19
ℹ [2026/04/10 15:59:34] Computing AUC scores...
Genes in the gene sets NOT available in the dataset: 
	gene_pos: 	411 (17% of 2436)
	gene_neg: 	713 (31% of 2274)
✔ [2026/04/10 15:59:59] Classified 1993 Positive, 3361 Negative cells
ℹ [2026/04/10 15:59:59] Finding markers between `Positive` and `Negative` group...
✔ [2026/04/10 16:00:03] Found 4329 positive markers, 1135 negative markers
✔ [2026/04/10 16:00:03] scPP screening done.

── 34 / 51 ─────────────────────────────────────────────────────────────────────
ℹ [2026/04/10 16:00:05] Start scPP screening.
ℹ [2026/04/10 16:00:05] Finding overall markers...
ℹ [2026/04/10 16:00:05] Screening...
ℹ [2026/04/10 16:00:05] Running fixed threshold mode with prob = 0.41
ℹ [2026/04/10 16:00:06] Computing AUC scores...
Genes in the gene sets NOT available in the dataset: 
	gene_pos: 	509 (17% of 2950)
	gene_neg: 	791 (30% of 2635)
✔ [2026/04/10 16:00:31] Classified 8033 Positive, 8873 Negative cells
ℹ [2026/04/10 16:00:31] Finding markers between `Positive` and `Negative` group...
✔ [2026/04/10 16:00:39] Found 3588 positive markers, 1277 negative markers
✔ [2026/04/10 16:00:39] scPP screening done.

── 35 / 51 ─────────────────────────────────────────────────────────────────────
ℹ [2026/04/10 16:00:41] Start scPP screening.
ℹ [2026/04/10 16:00:41] Finding overall markers...
ℹ [2026/04/10 16:00:42] Screening...
ℹ [2026/04/10 16:00:42] Running fixed threshold mode with prob = 0.15
ℹ [2026/04/10 16:00:42] Computing AUC scores...
Genes in the gene sets NOT available in the dataset: 
	gene_pos: 	1153 (20% of 5853)
	gene_neg: 	2442 (41% of 5923)
✔ [2026/04/10 16:01:14] Classified 2236 Positive, 2995 Negative cells
ℹ [2026/04/10 16:01:14] Finding markers between `Positive` and `Negative` group...
✔ [2026/04/10 16:01:17] Found 4617 positive markers, 1215 negative markers
✔ [2026/04/10 16:01:17] scPP screening done.

── 36 / 51 ─────────────────────────────────────────────────────────────────────
ℹ [2026/04/10 16:01:19] Start scPP screening.
ℹ [2026/04/10 16:01:19] Finding overall markers...
ℹ [2026/04/10 16:01:19] Screening...
ℹ [2026/04/10 16:01:19] Running fixed threshold mode with prob = 0.15
ℹ [2026/04/10 16:01:20] Computing AUC scores...
Genes in the gene sets NOT available in the dataset: 
	gene_pos: 	727 (18% of 4052)
	gene_neg: 	949 (29% of 3316)
✔ [2026/04/10 16:01:47] Classified 1814 Positive, 2921 Negative cells
ℹ [2026/04/10 16:01:47] Finding markers between `Positive` and `Negative` group...
✔ [2026/04/10 16:01:50] Found 4588 positive markers, 1132 negative markers
✔ [2026/04/10 16:01:50] scPP screening done.

── 37 / 51 ─────────────────────────────────────────────────────────────────────
ℹ [2026/04/10 16:01:52] Start scPP screening.
ℹ [2026/04/10 16:01:52] Finding overall markers...
ℹ [2026/04/10 16:01:52] Screening...
ℹ [2026/04/10 16:01:52] Running fixed threshold mode with prob = 0.31
ℹ [2026/04/10 16:01:53] Computing AUC scores...
Genes in the gene sets NOT available in the dataset: 
	gene_pos: 	605 (18% of 3429)
	gene_neg: 	858 (29% of 2927)
✔ [2026/04/10 16:02:19] Classified 5008 Positive, 6328 Negative cells
ℹ [2026/04/10 16:02:19] Finding markers between `Positive` and `Negative` group...
✔ [2026/04/10 16:02:24] Found 3857 positive markers, 1213 negative markers
✔ [2026/04/10 16:02:25] scPP screening done.

── 38 / 51 ─────────────────────────────────────────────────────────────────────
ℹ [2026/04/10 16:02:27] Start scPP screening.
ℹ [2026/04/10 16:02:27] Finding overall markers...
ℹ [2026/04/10 16:02:27] Screening...
ℹ [2026/04/10 16:02:27] Running fixed threshold mode with prob = 0.33
ℹ [2026/04/10 16:02:28] Computing AUC scores...
Genes in the gene sets NOT available in the dataset: 
	gene_pos: 	824 (18% of 4559)
	gene_neg: 	1039 (28% of 3656)
✔ [2026/04/10 16:02:56] Classified 6176 Positive, 7236 Negative cells
ℹ [2026/04/10 16:02:56] Finding markers between `Positive` and `Negative` group...
✔ [2026/04/10 16:03:03] Found 3718 positive markers, 1224 negative markers
✔ [2026/04/10 16:03:03] scPP screening done.

── 39 / 51 ─────────────────────────────────────────────────────────────────────
ℹ [2026/04/10 16:03:05] Start scPP screening.
ℹ [2026/04/10 16:03:05] Finding overall markers...
ℹ [2026/04/10 16:03:05] Screening...
ℹ [2026/04/10 16:03:05] Running fixed threshold mode with prob = 0.4
ℹ [2026/04/10 16:03:06] Computing AUC scores...
Genes in the gene sets NOT available in the dataset: 
	gene_pos: 	598 (18% of 3394)
	gene_neg: 	853 (29% of 2910)
✔ [2026/04/10 16:03:33] Classified 7779 Positive, 8649 Negative cells
ℹ [2026/04/10 16:03:33] Finding markers between `Positive` and `Negative` group...
✔ [2026/04/10 16:03:41] Found 3572 positive markers, 1249 negative markers
✔ [2026/04/10 16:03:41] scPP screening done.

── 40 / 51 ─────────────────────────────────────────────────────────────────────
ℹ [2026/04/10 16:03:43] Start scPP screening.
ℹ [2026/04/10 16:03:43] Finding overall markers...
ℹ [2026/04/10 16:03:44] Screening...
ℹ [2026/04/10 16:03:44] Running fixed threshold mode with prob = 0.31
ℹ [2026/04/10 16:03:44] Computing AUC scores...
Genes in the gene sets NOT available in the dataset: 
	gene_pos: 	568 (18% of 3220)
	gene_neg: 	828 (29% of 2818)
✔ [2026/04/10 16:04:12] Classified 4939 Positive, 6248 Negative cells
ℹ [2026/04/10 16:04:12] Finding markers between `Positive` and `Negative` group...
✔ [2026/04/10 16:04:18] Found 3847 positive markers, 1207 negative markers
✔ [2026/04/10 16:04:18] scPP screening done.

── 41 / 51 ─────────────────────────────────────────────────────────────────────
ℹ [2026/04/10 16:04:21] Start scPP screening.
ℹ [2026/04/10 16:04:21] Finding overall markers...
ℹ [2026/04/10 16:04:21] Screening...
ℹ [2026/04/10 16:04:21] Running fixed threshold mode with prob = 0.24
ℹ [2026/04/10 16:04:22] Computing AUC scores...
Genes in the gene sets NOT available in the dataset: 
	gene_pos: 	1152 (20% of 5851)
	gene_neg: 	2269 (40% of 5693)
✔ [2026/04/10 16:04:51] Classified 4184 Positive, 5061 Negative cells
ℹ [2026/04/10 16:04:51] Finding markers between `Positive` and `Negative` group...
✔ [2026/04/10 16:04:56] Found 4148 positive markers, 1290 negative markers
✔ [2026/04/10 16:04:56] scPP screening done.

── 42 / 51 ─────────────────────────────────────────────────────────────────────
ℹ [2026/04/10 16:04:58] Start scPP screening.
ℹ [2026/04/10 16:04:58] Finding overall markers...
ℹ [2026/04/10 16:04:59] Screening...
ℹ [2026/04/10 16:04:59] Running fixed threshold mode with prob = 0.35
ℹ [2026/04/10 16:04:59] Computing AUC scores...
Genes in the gene sets NOT available in the dataset: 
	gene_pos: 	977 (19% of 5204)
	gene_neg: 	1151 (29% of 4038)
✔ [2026/04/10 16:05:28] Classified 6764 Positive, 7617 Negative cells
ℹ [2026/04/10 16:05:28] Finding markers between `Positive` and `Negative` group...
✔ [2026/04/10 16:05:35] Found 3663 positive markers, 1221 negative markers
✔ [2026/04/10 16:05:35] scPP screening done.

── 43 / 51 ─────────────────────────────────────────────────────────────────────
ℹ [2026/04/10 16:05:37] Start scPP screening.
ℹ [2026/04/10 16:05:37] Finding overall markers...
ℹ [2026/04/10 16:05:37] Screening...
ℹ [2026/04/10 16:05:37] Running fixed threshold mode with prob = 0.39
ℹ [2026/04/10 16:05:38] Computing AUC scores...
Genes in the gene sets NOT available in the dataset: 
	gene_pos: 	1071 (19% of 5620)
	gene_neg: 	1289 (30% of 4354)
✔ [2026/04/10 16:06:07] Classified 8068 Positive, 8573 Negative cells
ℹ [2026/04/10 16:06:07] Finding markers between `Positive` and `Negative` group...
✔ [2026/04/10 16:06:15] Found 3420 positive markers, 1230 negative markers
✔ [2026/04/10 16:06:15] scPP screening done.

── 44 / 51 ─────────────────────────────────────────────────────────────────────
ℹ [2026/04/10 16:06:17] Start scPP screening.
ℹ [2026/04/10 16:06:17] Finding overall markers...
ℹ [2026/04/10 16:06:18] Screening...
ℹ [2026/04/10 16:06:18] Running fixed threshold mode with prob = 0.1
ℹ [2026/04/10 16:06:18] Computing AUC scores...
Genes in the gene sets NOT available in the dataset: 
	gene_pos: 	712 (18% of 3973)
	gene_neg: 	936 (29% of 3260)
✔ [2026/04/10 16:06:45] Classified 1042 Positive, 1730 Negative cells
ℹ [2026/04/10 16:06:45] Finding markers between `Positive` and `Negative` group...
✔ [2026/04/10 16:06:47] Found 4819 positive markers, 1015 negative markers
✔ [2026/04/10 16:06:47] scPP screening done.

── 45 / 51 ─────────────────────────────────────────────────────────────────────
ℹ [2026/04/10 16:06:49] Start scPP screening.
ℹ [2026/04/10 16:06:49] Finding overall markers...
ℹ [2026/04/10 16:06:50] Screening...
ℹ [2026/04/10 16:06:50] Running fixed threshold mode with prob = 0.37
ℹ [2026/04/10 16:06:50] Computing AUC scores...
Genes in the gene sets NOT available in the dataset: 
	gene_pos: 	367 (16% of 2248)
	gene_neg: 	689 (32% of 2157)
✔ [2026/04/10 16:07:16] Classified 6295 Positive, 7709 Negative cells
ℹ [2026/04/10 16:07:16] Finding markers between `Positive` and `Negative` group...
✔ [2026/04/10 16:07:22] Found 3700 positive markers, 1270 negative markers
✔ [2026/04/10 16:07:22] scPP screening done.

── 46 / 51 ─────────────────────────────────────────────────────────────────────
ℹ [2026/04/10 16:07:25] Start scPP screening.
ℹ [2026/04/10 16:07:25] Finding overall markers...
ℹ [2026/04/10 16:07:25] Screening...
ℹ [2026/04/10 16:07:25] Running fixed threshold mode with prob = 0.08
ℹ [2026/04/10 16:07:26] Computing AUC scores...
Genes in the gene sets NOT available in the dataset: 
	gene_pos: 	712 (18% of 3968)
	gene_neg: 	936 (29% of 3258)
✔ [2026/04/10 16:07:55] Classified 766 Positive, 1300 Negative cells
ℹ [2026/04/10 16:07:55] Finding markers between `Positive` and `Negative` group...
✔ [2026/04/10 16:07:56] Found 4884 positive markers, 932 negative markers
✔ [2026/04/10 16:07:56] scPP screening done.

── 47 / 51 ─────────────────────────────────────────────────────────────────────
ℹ [2026/04/10 16:07:58] Start scPP screening.
ℹ [2026/04/10 16:07:58] Finding overall markers...
ℹ [2026/04/10 16:07:58] Screening...
ℹ [2026/04/10 16:07:58] Running fixed threshold mode with prob = 0.04
ℹ [2026/04/10 16:07:59] Computing AUC scores...
Genes in the gene sets NOT available in the dataset: 
	gene_pos: 	813 (18% of 4514)
	gene_neg: 	1034 (28% of 3631)
✔ [2026/04/10 16:08:27] Classified 354 Positive, 522 Negative cells
ℹ [2026/04/10 16:08:27] Finding markers between `Positive` and `Negative` group...
✔ [2026/04/10 16:08:29] Found 4279 positive markers, 649 negative markers
✔ [2026/04/10 16:08:29] scPP screening done.

── 48 / 51 ─────────────────────────────────────────────────────────────────────
ℹ [2026/04/10 16:08:30] Start scPP screening.
ℹ [2026/04/10 16:08:30] Finding overall markers...
ℹ [2026/04/10 16:08:31] Screening...
ℹ [2026/04/10 16:08:31] Running fixed threshold mode with prob = 0.14
ℹ [2026/04/10 16:08:31] Computing AUC scores...
Genes in the gene sets NOT available in the dataset: 
	gene_pos: 	429 (17% of 2548)
	gene_neg: 	735 (31% of 2340)
✔ [2026/04/10 16:08:57] Classified 1180 Positive, 2294 Negative cells
ℹ [2026/04/10 16:08:57] Finding markers between `Positive` and `Negative` group...
✔ [2026/04/10 16:09:00] Found 4496 positive markers, 1044 negative markers
✔ [2026/04/10 16:09:00] scPP screening done.

── 49 / 51 ─────────────────────────────────────────────────────────────────────
ℹ [2026/04/10 16:09:02] Start scPP screening.
ℹ [2026/04/10 16:09:02] Finding overall markers...
ℹ [2026/04/10 16:09:02] Screening...
ℹ [2026/04/10 16:09:02] Running fixed threshold mode with prob = 0.18
ℹ [2026/04/10 16:09:03] Computing AUC scores...
Genes in the gene sets NOT available in the dataset: 
	gene_pos: 	687 (18% of 3853)
	gene_neg: 	922 (29% of 3185)
✔ [2026/04/10 16:09:30] Classified 2197 Positive, 3515 Negative cells
ℹ [2026/04/10 16:09:30] Finding markers between `Positive` and `Negative` group...
✔ [2026/04/10 16:09:34] Found 4397 positive markers, 1146 negative markers
✔ [2026/04/10 16:09:34] scPP screening done.

── 50 / 51 ─────────────────────────────────────────────────────────────────────
ℹ [2026/04/10 16:09:35] Start scPP screening.
ℹ [2026/04/10 16:09:35] Finding overall markers...
ℹ [2026/04/10 16:09:36] Screening...
ℹ [2026/04/10 16:09:36] Running fixed threshold mode with prob = 0.16
ℹ [2026/04/10 16:09:36] Computing AUC scores...
Genes in the gene sets NOT available in the dataset: 
	gene_pos: 	461 (17% of 2689)
	gene_neg: 	754 (31% of 2447)
✔ [2026/04/10 16:10:01] Classified 1613 Positive, 2727 Negative cells
ℹ [2026/04/10 16:10:01] Finding markers between `Positive` and `Negative` group...
✔ [2026/04/10 16:10:05] Found 4404 positive markers, 1106 negative markers
✔ [2026/04/10 16:10:05] scPP screening done.

── 51 / 51 ─────────────────────────────────────────────────────────────────────
ℹ [2026/04/10 16:10:06] Start scPP screening.
ℹ [2026/04/10 16:10:06] Finding overall markers...
ℹ [2026/04/10 16:10:07] Screening...
ℹ [2026/04/10 16:10:07] Running fixed threshold mode with prob = 0.2
ℹ [2026/04/10 16:10:07] Computing AUC scores...
Genes in the gene sets NOT available in the dataset: 
	gene_pos: 	744 (18% of 4151)
	gene_neg: 	955 (28% of 3363)
✔ [2026/04/10 16:10:34] Classified 2756 Positive, 4107 Negative cells
ℹ [2026/04/10 16:10:34] Finding markers between `Positive` and `Negative` group...
✔ [2026/04/10 16:10:38] Found 4286 positive markers, 1180 negative markers
✔ [2026/04/10 16:10:38] scPP screening done.
            used   (Mb) gc trigger    (Mb)   max used    (Mb)
Ncells  10292057  549.7   15363488   820.5   15363488   820.5
Vcells 441069285 3365.1 1397778264 10664.3 1397778202 10664.3
✔ (2) scpp random search completed.
