nohup: ignoring input

Attaching package: ‘dplyr’

The following objects are masked from ‘package:stats’:

    filter, lag

The following objects are masked from ‘package:base’:

    intersect, setdiff, setequal, union

Loading required package: SeuratObject
Loading required package: sp

Attaching package: ‘SeuratObject’

The following objects are masked from ‘package:base’:

    intersect, t

✔ SigBridgeR v3.3.0 loaded
  OpenMP version (_OPENMP)       201511
  omp_get_num_procs()            192
  R_DATATABLE_NUM_PROCS_PERCENT  unset (default 50)
  R_DATATABLE_NUM_THREADS        unset
  R_DATATABLE_THROTTLE           unset (default 1024)
  omp_get_thread_limit()         2147483647
  omp_get_max_threads()          192
  OMP_THREAD_LIMIT               unset
  OMP_NUM_THREADS                10
  RestoreAfterFork               true
  data.table is using 10 threads with throttle==1024. See ?setDTthreads.

── System-Level Configuration ──

• OMP_NUM_THREADS: unset -> 10
• data.table: 96 -> 10

── TensorFlow Configuration ──

• TF_NUM_INTEROP_THREADS: unset -> 2
• TF_NUM_INTRAOP_THREADS: unset -> 10
[1] TRUE
ℹ [2026/02/15 10:37:10] Starting PIPET screen
ℹ [2026/02/15 10:37:10] Creating marker genes from bulk data...
ℹ [2026/02/15 10:37:10] Fitting model with limma
Warning: No markers found, please try different `lg2FC` and `p.adjust`
ℹ [2026/02/15 10:37:11] Running PIPET correlation analysis...
Warning in min(table(markers$class)) :
  no non-missing arguments to min; returning Inf
Warning: ✖ No overlapping genes between markers and single-cell data, returning NULL
Error at i=1: PIPET screening failed.
ℹ [2026/02/15 10:37:15] Starting PIPET screen
ℹ [2026/02/15 10:37:15] Creating marker genes from bulk data...
ℹ [2026/02/15 10:37:15] Fitting model with limma
Warning: No markers found, please try different `lg2FC` and `p.adjust`
ℹ [2026/02/15 10:37:16] Running PIPET correlation analysis...
Warning in min(table(markers$class)) :
  no non-missing arguments to min; returning Inf
Warning: ✖ No overlapping genes between markers and single-cell data, returning NULL
Error at i=2: PIPET screening failed.
ℹ [2026/02/15 10:37:20] Starting PIPET screen
ℹ [2026/02/15 10:37:20] Creating marker genes from bulk data...
ℹ [2026/02/15 10:37:20] Fitting model with limma
Warning: No markers found, please try different `lg2FC` and `p.adjust`
ℹ [2026/02/15 10:37:21] Running PIPET correlation analysis...
Warning in min(table(markers$class)) :
  no non-missing arguments to min; returning Inf
Warning: ✖ No overlapping genes between markers and single-cell data, returning NULL
Error at i=3: PIPET screening failed.
ℹ [2026/02/15 10:37:24] Starting PIPET screen
ℹ [2026/02/15 10:37:24] Creating marker genes from bulk data...
ℹ [2026/02/15 10:37:24] Fitting model with limma
Warning: No markers found, please try different `lg2FC` and `p.adjust`
ℹ [2026/02/15 10:37:26] Running PIPET correlation analysis...
Warning in min(table(markers$class)) :
  no non-missing arguments to min; returning Inf
Warning: ✖ No overlapping genes between markers and single-cell data, returning NULL
Error at i=4: PIPET screening failed.
ℹ [2026/02/15 10:37:29] Starting PIPET screen
ℹ [2026/02/15 10:37:29] Creating marker genes from bulk data...
ℹ [2026/02/15 10:37:29] Fitting model with limma
Warning: No markers found, please try different `lg2FC` and `p.adjust`
ℹ [2026/02/15 10:37:30] Running PIPET correlation analysis...
Warning in min(table(markers$class)) :
  no non-missing arguments to min; returning Inf
Warning: ✖ No overlapping genes between markers and single-cell data, returning NULL
Error at i=5: PIPET screening failed.
ℹ [2026/02/15 10:37:34] Starting PIPET screen
ℹ [2026/02/15 10:37:34] Creating marker genes from bulk data...
ℹ [2026/02/15 10:37:34] Fitting model with limma
Warning: No markers found, please try different `lg2FC` and `p.adjust`
ℹ [2026/02/15 10:37:35] Running PIPET correlation analysis...
Warning in min(table(markers$class)) :
  no non-missing arguments to min; returning Inf
Warning: ✖ No overlapping genes between markers and single-cell data, returning NULL
Error at i=6: PIPET screening failed.
ℹ [2026/02/15 10:37:38] Starting PIPET screen
ℹ [2026/02/15 10:37:38] Creating marker genes from bulk data...
ℹ [2026/02/15 10:37:38] Fitting model with limma
Warning: No markers found, please try different `lg2FC` and `p.adjust`
ℹ [2026/02/15 10:37:39] Running PIPET correlation analysis...
Warning in min(table(markers$class)) :
  no non-missing arguments to min; returning Inf
Warning: ✖ No overlapping genes between markers and single-cell data, returning NULL
Error at i=7: PIPET screening failed.
ℹ [2026/02/15 10:37:42] Starting PIPET screen
ℹ [2026/02/15 10:37:42] Creating marker genes from bulk data...
ℹ [2026/02/15 10:37:42] Fitting model with limma
Warning: No markers found, please try different `lg2FC` and `p.adjust`
ℹ [2026/02/15 10:37:43] Running PIPET correlation analysis...
Warning in min(table(markers$class)) :
  no non-missing arguments to min; returning Inf
Warning: ✖ No overlapping genes between markers and single-cell data, returning NULL
Error at i=8: PIPET screening failed.
ℹ [2026/02/15 10:37:47] Starting PIPET screen
ℹ [2026/02/15 10:37:47] Creating marker genes from bulk data...
ℹ [2026/02/15 10:37:47] Fitting model with limma
Warning: No markers found, please try different `lg2FC` and `p.adjust`
ℹ [2026/02/15 10:37:47] Running PIPET correlation analysis...
Warning in min(table(markers$class)) :
  no non-missing arguments to min; returning Inf
Warning: ✖ No overlapping genes between markers and single-cell data, returning NULL
Error at i=9: PIPET screening failed.
ℹ [2026/02/15 10:37:51] Starting PIPET screen
ℹ [2026/02/15 10:37:51] Creating marker genes from bulk data...
ℹ [2026/02/15 10:37:51] Fitting model with limma
Warning: No markers found, please try different `lg2FC` and `p.adjust`
ℹ [2026/02/15 10:37:52] Running PIPET correlation analysis...
Warning in min(table(markers$class)) :
  no non-missing arguments to min; returning Inf
Warning: ✖ No overlapping genes between markers and single-cell data, returning NULL
Error at i=10: PIPET screening failed.
ℹ [2026/02/15 10:37:55] Starting PIPET screen
ℹ [2026/02/15 10:37:55] Creating marker genes from bulk data...
ℹ [2026/02/15 10:37:55] Fitting model with limma
Warning: No markers found, please try different `lg2FC` and `p.adjust`
ℹ [2026/02/15 10:37:56] Running PIPET correlation analysis...
Warning in min(table(markers$class)) :
  no non-missing arguments to min; returning Inf
Warning: ✖ No overlapping genes between markers and single-cell data, returning NULL
Error at i=11: PIPET screening failed.
ℹ [2026/02/15 10:38:00] Starting PIPET screen
ℹ [2026/02/15 10:38:00] Creating marker genes from bulk data...
ℹ [2026/02/15 10:38:00] Fitting model with limma
Warning: No markers found, please try different `lg2FC` and `p.adjust`
ℹ [2026/02/15 10:38:01] Running PIPET correlation analysis...
Warning in min(table(markers$class)) :
  no non-missing arguments to min; returning Inf
Warning: ✖ No overlapping genes between markers and single-cell data, returning NULL
Error at i=12: PIPET screening failed.
ℹ [2026/02/15 10:38:04] Starting PIPET screen
ℹ [2026/02/15 10:38:04] Creating marker genes from bulk data...
ℹ [2026/02/15 10:38:04] Fitting model with limma
Warning: No markers found, please try different `lg2FC` and `p.adjust`
ℹ [2026/02/15 10:38:05] Running PIPET correlation analysis...
Warning in min(table(markers$class)) :
  no non-missing arguments to min; returning Inf
Warning: ✖ No overlapping genes between markers and single-cell data, returning NULL
Error at i=13: PIPET screening failed.
ℹ [2026/02/15 10:38:09] Starting PIPET screen
ℹ [2026/02/15 10:38:09] Creating marker genes from bulk data...
ℹ [2026/02/15 10:38:09] Fitting model with limma
Warning: No markers found, please try different `lg2FC` and `p.adjust`
ℹ [2026/02/15 10:38:10] Running PIPET correlation analysis...
Warning in min(table(markers$class)) :
  no non-missing arguments to min; returning Inf
Warning: ✖ No overlapping genes between markers and single-cell data, returning NULL
Error at i=14: PIPET screening failed.
ℹ [2026/02/15 10:38:13] Starting PIPET screen
ℹ [2026/02/15 10:38:13] Creating marker genes from bulk data...
ℹ [2026/02/15 10:38:13] Fitting model with limma
Warning: No markers found, please try different `lg2FC` and `p.adjust`
ℹ [2026/02/15 10:38:14] Running PIPET correlation analysis...
Warning in min(table(markers$class)) :
  no non-missing arguments to min; returning Inf
Warning: ✖ No overlapping genes between markers and single-cell data, returning NULL
Error at i=15: PIPET screening failed.
ℹ [2026/02/15 10:38:18] Starting PIPET screen
ℹ [2026/02/15 10:38:18] Creating marker genes from bulk data...
ℹ [2026/02/15 10:38:18] Fitting model with limma
Warning: No markers found, please try different `lg2FC` and `p.adjust`
ℹ [2026/02/15 10:38:18] Running PIPET correlation analysis...
Warning in min(table(markers$class)) :
  no non-missing arguments to min; returning Inf
Warning: ✖ No overlapping genes between markers and single-cell data, returning NULL
Error at i=16: PIPET screening failed.
ℹ [2026/02/15 10:38:22] Starting PIPET screen
ℹ [2026/02/15 10:38:22] Creating marker genes from bulk data...
ℹ [2026/02/15 10:38:22] Fitting model with limma
Warning: No markers found, please try different `lg2FC` and `p.adjust`
ℹ [2026/02/15 10:38:23] Running PIPET correlation analysis...
Warning in min(table(markers$class)) :
  no non-missing arguments to min; returning Inf
Warning: ✖ No overlapping genes between markers and single-cell data, returning NULL
Error at i=17: PIPET screening failed.
ℹ [2026/02/15 10:38:27] Starting PIPET screen
ℹ [2026/02/15 10:38:27] Creating marker genes from bulk data...
ℹ [2026/02/15 10:38:27] Fitting model with limma
Warning: No markers found, please try different `lg2FC` and `p.adjust`
ℹ [2026/02/15 10:38:28] Running PIPET correlation analysis...
Warning in min(table(markers$class)) :
  no non-missing arguments to min; returning Inf
Warning: ✖ No overlapping genes between markers and single-cell data, returning NULL
Error at i=18: PIPET screening failed.
ℹ [2026/02/15 10:38:32] Starting PIPET screen
ℹ [2026/02/15 10:38:32] Creating marker genes from bulk data...
ℹ [2026/02/15 10:38:32] Fitting model with limma
Warning: No markers found, please try different `lg2FC` and `p.adjust`
ℹ [2026/02/15 10:38:32] Running PIPET correlation analysis...
Warning in min(table(markers$class)) :
  no non-missing arguments to min; returning Inf
Warning: ✖ No overlapping genes between markers and single-cell data, returning NULL
Error at i=19: PIPET screening failed.
ℹ [2026/02/15 10:38:36] Starting PIPET screen
ℹ [2026/02/15 10:38:36] Creating marker genes from bulk data...
ℹ [2026/02/15 10:38:36] Fitting model with limma
Warning: No markers found, please try different `lg2FC` and `p.adjust`
ℹ [2026/02/15 10:38:37] Running PIPET correlation analysis...
Warning in min(table(markers$class)) :
  no non-missing arguments to min; returning Inf
Warning: ✖ No overlapping genes between markers and single-cell data, returning NULL
Error at i=20: PIPET screening failed.
ℹ [2026/02/15 10:38:41] Starting PIPET screen
ℹ [2026/02/15 10:38:41] Creating marker genes from bulk data...
ℹ [2026/02/15 10:38:41] Fitting model with limma
Warning: No markers found, please try different `lg2FC` and `p.adjust`
ℹ [2026/02/15 10:38:41] Running PIPET correlation analysis...
Warning in min(table(markers$class)) :
  no non-missing arguments to min; returning Inf
Warning: ✖ No overlapping genes between markers and single-cell data, returning NULL
Error at i=21: PIPET screening failed.
ℹ [2026/02/15 10:38:45] Starting PIPET screen
ℹ [2026/02/15 10:38:45] Creating marker genes from bulk data...
ℹ [2026/02/15 10:38:45] Fitting model with limma
Warning: No markers found, please try different `lg2FC` and `p.adjust`
ℹ [2026/02/15 10:38:46] Running PIPET correlation analysis...
Warning in min(table(markers$class)) :
  no non-missing arguments to min; returning Inf
Warning: ✖ No overlapping genes between markers and single-cell data, returning NULL
Error at i=22: PIPET screening failed.
ℹ [2026/02/15 10:38:49] Starting PIPET screen
ℹ [2026/02/15 10:38:49] Creating marker genes from bulk data...
ℹ [2026/02/15 10:38:49] Fitting model with limma
Warning: No markers found, please try different `lg2FC` and `p.adjust`
ℹ [2026/02/15 10:38:50] Running PIPET correlation analysis...
Warning in min(table(markers$class)) :
  no non-missing arguments to min; returning Inf
Warning: ✖ No overlapping genes between markers and single-cell data, returning NULL
Error at i=23: PIPET screening failed.
ℹ [2026/02/15 10:38:53] Starting PIPET screen
ℹ [2026/02/15 10:38:53] Creating marker genes from bulk data...
ℹ [2026/02/15 10:38:54] Fitting model with limma
Warning: No markers found, please try different `lg2FC` and `p.adjust`
ℹ [2026/02/15 10:38:54] Running PIPET correlation analysis...
Warning in min(table(markers$class)) :
  no non-missing arguments to min; returning Inf
Warning: ✖ No overlapping genes between markers and single-cell data, returning NULL
Error at i=24: PIPET screening failed.
ℹ [2026/02/15 10:38:58] Starting PIPET screen
ℹ [2026/02/15 10:38:58] Creating marker genes from bulk data...
ℹ [2026/02/15 10:38:58] Fitting model with limma
Warning: No markers found, please try different `lg2FC` and `p.adjust`
ℹ [2026/02/15 10:38:59] Running PIPET correlation analysis...
Warning in min(table(markers$class)) :
  no non-missing arguments to min; returning Inf
Warning: ✖ No overlapping genes between markers and single-cell data, returning NULL
Error at i=25: PIPET screening failed.
ℹ [2026/02/15 10:39:02] Starting PIPET screen
ℹ [2026/02/15 10:39:02] Creating marker genes from bulk data...
ℹ [2026/02/15 10:39:02] Fitting model with limma
Warning: No markers found, please try different `lg2FC` and `p.adjust`
ℹ [2026/02/15 10:39:03] Running PIPET correlation analysis...
Warning in min(table(markers$class)) :
  no non-missing arguments to min; returning Inf
Warning: ✖ No overlapping genes between markers and single-cell data, returning NULL
Error at i=26: PIPET screening failed.
ℹ [2026/02/15 10:39:07] Starting PIPET screen
ℹ [2026/02/15 10:39:07] Creating marker genes from bulk data...
ℹ [2026/02/15 10:39:07] Fitting model with limma
Warning: No markers found, please try different `lg2FC` and `p.adjust`
ℹ [2026/02/15 10:39:07] Running PIPET correlation analysis...
Warning in min(table(markers$class)) :
  no non-missing arguments to min; returning Inf
Warning: ✖ No overlapping genes between markers and single-cell data, returning NULL
Error at i=27: PIPET screening failed.
ℹ [2026/02/15 10:39:11] Starting PIPET screen
ℹ [2026/02/15 10:39:11] Creating marker genes from bulk data...
ℹ [2026/02/15 10:39:11] Fitting model with limma
Warning: No markers found, please try different `lg2FC` and `p.adjust`
ℹ [2026/02/15 10:39:12] Running PIPET correlation analysis...
Warning in min(table(markers$class)) :
  no non-missing arguments to min; returning Inf
Warning: ✖ No overlapping genes between markers and single-cell data, returning NULL
Error at i=28: PIPET screening failed.
ℹ [2026/02/15 10:39:16] Starting PIPET screen
ℹ [2026/02/15 10:39:16] Creating marker genes from bulk data...
ℹ [2026/02/15 10:39:16] Fitting model with limma
Warning: No markers found, please try different `lg2FC` and `p.adjust`
ℹ [2026/02/15 10:39:16] Running PIPET correlation analysis...
Warning in min(table(markers$class)) :
  no non-missing arguments to min; returning Inf
Warning: ✖ No overlapping genes between markers and single-cell data, returning NULL
Error at i=29: PIPET screening failed.
ℹ [2026/02/15 10:39:20] Starting PIPET screen
ℹ [2026/02/15 10:39:20] Creating marker genes from bulk data...
ℹ [2026/02/15 10:39:20] Fitting model with limma
Warning: No markers found, please try different `lg2FC` and `p.adjust`
ℹ [2026/02/15 10:39:20] Running PIPET correlation analysis...
Warning in min(table(markers$class)) :
  no non-missing arguments to min; returning Inf
Warning: ✖ No overlapping genes between markers and single-cell data, returning NULL
Error at i=30: PIPET screening failed.
ℹ [2026/02/15 10:39:24] Starting PIPET screen
ℹ [2026/02/15 10:39:24] Creating marker genes from bulk data...
ℹ [2026/02/15 10:39:24] Fitting model with limma
Warning: No markers found, please try different `lg2FC` and `p.adjust`
ℹ [2026/02/15 10:39:25] Running PIPET correlation analysis...
Warning in min(table(markers$class)) :
  no non-missing arguments to min; returning Inf
Warning: ✖ No overlapping genes between markers and single-cell data, returning NULL
Error at i=31: PIPET screening failed.
ℹ [2026/02/15 10:39:28] Starting PIPET screen
ℹ [2026/02/15 10:39:28] Creating marker genes from bulk data...
ℹ [2026/02/15 10:39:28] Fitting model with limma
Warning: No markers found, please try different `lg2FC` and `p.adjust`
ℹ [2026/02/15 10:39:29] Running PIPET correlation analysis...
Warning in min(table(markers$class)) :
  no non-missing arguments to min; returning Inf
Warning: ✖ No overlapping genes between markers and single-cell data, returning NULL
Error at i=32: PIPET screening failed.
ℹ [2026/02/15 10:39:33] Starting PIPET screen
ℹ [2026/02/15 10:39:33] Creating marker genes from bulk data...
ℹ [2026/02/15 10:39:33] Fitting model with limma
Warning: No markers found, please try different `lg2FC` and `p.adjust`
ℹ [2026/02/15 10:39:33] Running PIPET correlation analysis...
Warning in min(table(markers$class)) :
  no non-missing arguments to min; returning Inf
Warning: ✖ No overlapping genes between markers and single-cell data, returning NULL
Error at i=33: PIPET screening failed.
ℹ [2026/02/15 10:39:37] Starting PIPET screen
ℹ [2026/02/15 10:39:37] Creating marker genes from bulk data...
ℹ [2026/02/15 10:39:37] Fitting model with limma
Warning: No markers found, please try different `lg2FC` and `p.adjust`
ℹ [2026/02/15 10:39:37] Running PIPET correlation analysis...
Warning in min(table(markers$class)) :
  no non-missing arguments to min; returning Inf
Warning: ✖ No overlapping genes between markers and single-cell data, returning NULL
Error at i=34: PIPET screening failed.
ℹ [2026/02/15 10:39:41] Starting PIPET screen
ℹ [2026/02/15 10:39:41] Creating marker genes from bulk data...
ℹ [2026/02/15 10:39:41] Fitting model with limma
Warning: No markers found, please try different `lg2FC` and `p.adjust`
ℹ [2026/02/15 10:39:42] Running PIPET correlation analysis...
Warning in min(table(markers$class)) :
  no non-missing arguments to min; returning Inf
Warning: ✖ No overlapping genes between markers and single-cell data, returning NULL
Error at i=35: PIPET screening failed.
ℹ [2026/02/15 10:39:45] Starting PIPET screen
ℹ [2026/02/15 10:39:45] Creating marker genes from bulk data...
ℹ [2026/02/15 10:39:45] Fitting model with limma
Warning: No markers found, please try different `lg2FC` and `p.adjust`
ℹ [2026/02/15 10:39:46] Running PIPET correlation analysis...
Warning in min(table(markers$class)) :
  no non-missing arguments to min; returning Inf
Warning: ✖ No overlapping genes between markers and single-cell data, returning NULL
Error at i=36: PIPET screening failed.
ℹ [2026/02/15 10:39:50] Starting PIPET screen
ℹ [2026/02/15 10:39:50] Creating marker genes from bulk data...
ℹ [2026/02/15 10:39:50] Fitting model with limma
Warning: No markers found, please try different `lg2FC` and `p.adjust`
ℹ [2026/02/15 10:39:50] Running PIPET correlation analysis...
Warning in min(table(markers$class)) :
  no non-missing arguments to min; returning Inf
Warning: ✖ No overlapping genes between markers and single-cell data, returning NULL
Error at i=37: PIPET screening failed.
ℹ [2026/02/15 10:39:54] Starting PIPET screen
ℹ [2026/02/15 10:39:54] Creating marker genes from bulk data...
ℹ [2026/02/15 10:39:54] Fitting model with limma
Warning: No markers found, please try different `lg2FC` and `p.adjust`
ℹ [2026/02/15 10:39:54] Running PIPET correlation analysis...
Warning in min(table(markers$class)) :
  no non-missing arguments to min; returning Inf
Warning: ✖ No overlapping genes between markers and single-cell data, returning NULL
Error at i=38: PIPET screening failed.
ℹ [2026/02/15 10:39:58] Starting PIPET screen
ℹ [2026/02/15 10:39:58] Creating marker genes from bulk data...
ℹ [2026/02/15 10:39:58] Fitting model with limma
Warning: No markers found, please try different `lg2FC` and `p.adjust`
ℹ [2026/02/15 10:39:59] Running PIPET correlation analysis...
Warning in min(table(markers$class)) :
  no non-missing arguments to min; returning Inf
Warning: ✖ No overlapping genes between markers and single-cell data, returning NULL
Error at i=39: PIPET screening failed.
ℹ [2026/02/15 10:40:02] Starting PIPET screen
ℹ [2026/02/15 10:40:02] Creating marker genes from bulk data...
ℹ [2026/02/15 10:40:02] Fitting model with limma
Warning: No markers found, please try different `lg2FC` and `p.adjust`
ℹ [2026/02/15 10:40:03] Running PIPET correlation analysis...
Warning in min(table(markers$class)) :
  no non-missing arguments to min; returning Inf
Warning: ✖ No overlapping genes between markers and single-cell data, returning NULL
Error at i=40: PIPET screening failed.
ℹ [2026/02/15 10:40:07] Starting PIPET screen
ℹ [2026/02/15 10:40:07] Creating marker genes from bulk data...
ℹ [2026/02/15 10:40:07] Fitting model with limma
Warning: No markers found, please try different `lg2FC` and `p.adjust`
ℹ [2026/02/15 10:40:07] Running PIPET correlation analysis...
Warning in min(table(markers$class)) :
  no non-missing arguments to min; returning Inf
Warning: ✖ No overlapping genes between markers and single-cell data, returning NULL
Error at i=41: PIPET screening failed.
ℹ [2026/02/15 10:40:11] Starting PIPET screen
ℹ [2026/02/15 10:40:11] Creating marker genes from bulk data...
ℹ [2026/02/15 10:40:11] Fitting model with limma
Warning: No markers found, please try different `lg2FC` and `p.adjust`
ℹ [2026/02/15 10:40:12] Running PIPET correlation analysis...
Warning in min(table(markers$class)) :
  no non-missing arguments to min; returning Inf
Warning: ✖ No overlapping genes between markers and single-cell data, returning NULL
Error at i=42: PIPET screening failed.
ℹ [2026/02/15 10:40:15] Starting PIPET screen
ℹ [2026/02/15 10:40:15] Creating marker genes from bulk data...
ℹ [2026/02/15 10:40:15] Fitting model with limma
Warning: No markers found, please try different `lg2FC` and `p.adjust`
ℹ [2026/02/15 10:40:16] Running PIPET correlation analysis...
Warning in min(table(markers$class)) :
  no non-missing arguments to min; returning Inf
Warning: ✖ No overlapping genes between markers and single-cell data, returning NULL
Error at i=43: PIPET screening failed.
ℹ [2026/02/15 10:40:19] Starting PIPET screen
ℹ [2026/02/15 10:40:19] Creating marker genes from bulk data...
ℹ [2026/02/15 10:40:19] Fitting model with limma
Warning: No markers found, please try different `lg2FC` and `p.adjust`
ℹ [2026/02/15 10:40:20] Running PIPET correlation analysis...
Warning in min(table(markers$class)) :
  no non-missing arguments to min; returning Inf
Warning: ✖ No overlapping genes between markers and single-cell data, returning NULL
Error at i=44: PIPET screening failed.
ℹ [2026/02/15 10:40:24] Starting PIPET screen
ℹ [2026/02/15 10:40:24] Creating marker genes from bulk data...
ℹ [2026/02/15 10:40:24] Fitting model with limma
Warning: No markers found, please try different `lg2FC` and `p.adjust`
ℹ [2026/02/15 10:40:24] Running PIPET correlation analysis...
Warning in min(table(markers$class)) :
  no non-missing arguments to min; returning Inf
Warning: ✖ No overlapping genes between markers and single-cell data, returning NULL
Error at i=45: PIPET screening failed.
ℹ [2026/02/15 10:40:28] Starting PIPET screen
ℹ [2026/02/15 10:40:28] Creating marker genes from bulk data...
ℹ [2026/02/15 10:40:28] Fitting model with limma
Warning: No markers found, please try different `lg2FC` and `p.adjust`
ℹ [2026/02/15 10:40:28] Running PIPET correlation analysis...
Warning in min(table(markers$class)) :
  no non-missing arguments to min; returning Inf
Warning: ✖ No overlapping genes between markers and single-cell data, returning NULL
Error at i=46: PIPET screening failed.
ℹ [2026/02/15 10:40:32] Starting PIPET screen
ℹ [2026/02/15 10:40:32] Creating marker genes from bulk data...
ℹ [2026/02/15 10:40:32] Fitting model with limma
Warning: No markers found, please try different `lg2FC` and `p.adjust`
ℹ [2026/02/15 10:40:33] Running PIPET correlation analysis...
Warning in min(table(markers$class)) :
  no non-missing arguments to min; returning Inf
Warning: ✖ No overlapping genes between markers and single-cell data, returning NULL
Error at i=47: PIPET screening failed.
ℹ [2026/02/15 10:40:36] Starting PIPET screen
ℹ [2026/02/15 10:40:36] Creating marker genes from bulk data...
ℹ [2026/02/15 10:40:36] Fitting model with limma
Warning: No markers found, please try different `lg2FC` and `p.adjust`
ℹ [2026/02/15 10:40:37] Running PIPET correlation analysis...
Warning in min(table(markers$class)) :
  no non-missing arguments to min; returning Inf
Warning: ✖ No overlapping genes between markers and single-cell data, returning NULL
Error at i=48: PIPET screening failed.
ℹ [2026/02/15 10:40:41] Starting PIPET screen
ℹ [2026/02/15 10:40:41] Creating marker genes from bulk data...
ℹ [2026/02/15 10:40:41] Fitting model with limma
Warning: No markers found, please try different `lg2FC` and `p.adjust`
ℹ [2026/02/15 10:40:41] Running PIPET correlation analysis...
Warning in min(table(markers$class)) :
  no non-missing arguments to min; returning Inf
Warning: ✖ No overlapping genes between markers and single-cell data, returning NULL
Error at i=49: PIPET screening failed.
ℹ [2026/02/15 10:40:45] Starting PIPET screen
ℹ [2026/02/15 10:40:45] Creating marker genes from bulk data...
ℹ [2026/02/15 10:40:45] Fitting model with limma
Warning: No markers found, please try different `lg2FC` and `p.adjust`
ℹ [2026/02/15 10:40:46] Running PIPET correlation analysis...
Warning in min(table(markers$class)) :
  no non-missing arguments to min; returning Inf
Warning: ✖ No overlapping genes between markers and single-cell data, returning NULL
Error at i=50: PIPET screening failed.
ℹ [2026/02/15 10:40:49] Starting PIPET screen
ℹ [2026/02/15 10:40:49] Creating marker genes from bulk data...
ℹ [2026/02/15 10:40:49] Fitting model with limma
Warning: No markers found, please try different `lg2FC` and `p.adjust`
ℹ [2026/02/15 10:40:50] Running PIPET correlation analysis...
Warning in min(table(markers$class)) :
  no non-missing arguments to min; returning Inf
Warning: ✖ No overlapping genes between markers and single-cell data, returning NULL
Error at i=51: PIPET screening failed.
Error in `.rowNamesDF<-`(x, value = value) : invalid 'row.names' length
Calls: rownames<- ... row.names<- -> row.names<-.data.frame -> .rowNamesDF<-
Execution halted
