nohup: ignoring input

Attaching package: ‘dplyr’

The following objects are masked from ‘package:stats’:

    filter, lag

The following objects are masked from ‘package:base’:

    intersect, setdiff, setequal, union


Attaching package: ‘data.table’

The following objects are masked from ‘package:dplyr’:

    between, first, last

Loading required package: SeuratObject
Loading required package: sp
‘SeuratObject’ was built with package ‘Matrix’ 1.7.3 but the current
version is 1.7.4; it is recomended that you reinstall ‘SeuratObject’ as
the ABI for ‘Matrix’ may have changed

Attaching package: ‘SeuratObject’

The following objects are masked from ‘package:base’:

    intersect, t

ℹ Updating SigBridgeR documentation
ℹ Loading SigBridgeR
Loading required package: Matrix
✔ SigBridgeR v2.4.1 loaded
[1] TRUE
ℹ [2025/09/25 18:47:02] Start scPP screening.
ℹ [2025/09/25 18:47:02] Finding markers...
Warning in coxph.fit(X, Y, istrat, offset, init, control, weights = weights,  :
  Loglik converged before variable  1 ; coefficient may be infinite. 
Warning in coxph.fit(X, Y, istrat, offset, init, control, weights = weights,  :
  Loglik converged before variable  1 ; coefficient may be infinite. 
Warning in coxph.fit(X, Y, istrat, offset, init, control, weights = weights,  :
  Loglik converged before variable  1 ; coefficient may be infinite. 
ℹ [2025/09/25 19:06:29] Screening...
Genes in the gene sets NOT available in the dataset: 
	gene_pos: 	24 (73% of 33)
	gene_neg: 	26 (55% of 47)
Warning: The `slot` argument of `GetAssayData()` is deprecated as of SeuratObject 5.0.0.
ℹ Please use the `layer` argument instead.
ℹ The deprecated feature was likely used in the Seurat package.
  Please report the issue at <https://github.com/satijalab/seurat/issues>.
Warning: `PackageCheck()` was deprecated in SeuratObject 5.0.0.
ℹ Please use `rlang::check_installed()` instead.
ℹ The deprecated feature was likely used in the Seurat package.
  Please report the issue at <https://github.com/satijalab/seurat/issues>.
✔ [2025/09/25 19:07:19] scPP screening done.
ℹ [2025/09/25 19:07:21] Start scPP screening.
ℹ [2025/09/25 19:07:21] Finding markers...
Warning in coxph.fit(X, Y, istrat, offset, init, control, weights = weights,  :
  Loglik converged before variable  1 ; coefficient may be infinite. 
Warning in coxph.fit(X, Y, istrat, offset, init, control, weights = weights,  :
  Loglik converged before variable  1 ; coefficient may be infinite. 
Warning in coxph.fit(X, Y, istrat, offset, init, control, weights = weights,  :
  Loglik converged before variable  1 ; coefficient may be infinite. 
ℹ [2025/09/25 19:31:27] Screening...
Genes in the gene sets NOT available in the dataset: 
	gene_pos: 	24 (73% of 33)
	gene_neg: 	26 (55% of 47)
✔ [2025/09/25 19:32:25] scPP screening done.
ℹ [2025/09/25 19:32:27] Start scPP screening.
ℹ [2025/09/25 19:32:27] Finding markers...
Warning in coxph.fit(X, Y, istrat, offset, init, control, weights = weights,  :
  Loglik converged before variable  1 ; coefficient may be infinite. 
Warning in coxph.fit(X, Y, istrat, offset, init, control, weights = weights,  :
  Loglik converged before variable  1 ; coefficient may be infinite. 
Warning in coxph.fit(X, Y, istrat, offset, init, control, weights = weights,  :
  Loglik converged before variable  1 ; coefficient may be infinite. 
ℹ [2025/09/25 19:52:04] Screening...
Genes in the gene sets NOT available in the dataset: 
	gene_pos: 	24 (73% of 33)
	gene_neg: 	26 (55% of 47)
✔ [2025/09/25 19:53:09] scPP screening done.
ℹ [2025/09/25 19:53:11] Start scPP screening.
ℹ [2025/09/25 19:53:11] Finding markers...
Warning in coxph.fit(X, Y, istrat, offset, init, control, weights = weights,  :
  Loglik converged before variable  1 ; coefficient may be infinite. 
Warning in coxph.fit(X, Y, istrat, offset, init, control, weights = weights,  :
  Loglik converged before variable  1 ; coefficient may be infinite. 
Warning in coxph.fit(X, Y, istrat, offset, init, control, weights = weights,  :
  Loglik converged before variable  1 ; coefficient may be infinite. 
ℹ [2025/09/25 20:13:43] Screening...
Genes in the gene sets NOT available in the dataset: 
	gene_pos: 	24 (73% of 33)
	gene_neg: 	26 (55% of 47)
✔ [2025/09/25 20:14:36] scPP screening done.
ℹ [2025/09/25 20:14:38] Start scPP screening.
ℹ [2025/09/25 20:14:38] Finding markers...
Warning in coxph.fit(X, Y, istrat, offset, init, control, weights = weights,  :
  Loglik converged before variable  1 ; coefficient may be infinite. 
Warning in coxph.fit(X, Y, istrat, offset, init, control, weights = weights,  :
  Loglik converged before variable  1 ; coefficient may be infinite. 
Warning in coxph.fit(X, Y, istrat, offset, init, control, weights = weights,  :
  Loglik converged before variable  1 ; coefficient may be infinite. 
ℹ [2025/09/25 20:38:58] Screening...
Genes in the gene sets NOT available in the dataset: 
	gene_pos: 	24 (73% of 33)
	gene_neg: 	26 (55% of 47)
✔ [2025/09/25 20:39:59] scPP screening done.
ℹ [2025/09/25 20:40:01] Start scPP screening.
ℹ [2025/09/25 20:40:01] Finding markers...
Warning in coxph.fit(X, Y, istrat, offset, init, control, weights = weights,  :
  Loglik converged before variable  1 ; coefficient may be infinite. 
Warning in coxph.fit(X, Y, istrat, offset, init, control, weights = weights,  :
  Loglik converged before variable  1 ; coefficient may be infinite. 
Warning in coxph.fit(X, Y, istrat, offset, init, control, weights = weights,  :
  Loglik converged before variable  1 ; coefficient may be infinite. 
ℹ [2025/09/25 20:59:30] Screening...
Genes in the gene sets NOT available in the dataset: 
	gene_pos: 	24 (73% of 33)
	gene_neg: 	26 (55% of 47)
✔ [2025/09/25 21:00:22] scPP screening done.
ℹ [2025/09/25 21:00:24] Start scPP screening.
ℹ [2025/09/25 21:00:24] Finding markers...
Warning in coxph.fit(X, Y, istrat, offset, init, control, weights = weights,  :
  Loglik converged before variable  1 ; coefficient may be infinite. 
Warning in coxph.fit(X, Y, istrat, offset, init, control, weights = weights,  :
  Loglik converged before variable  1 ; coefficient may be infinite. 
Warning in coxph.fit(X, Y, istrat, offset, init, control, weights = weights,  :
  Loglik converged before variable  1 ; coefficient may be infinite. 
ℹ [2025/09/25 21:20:57] Screening...
Genes in the gene sets NOT available in the dataset: 
	gene_pos: 	24 (73% of 33)
	gene_neg: 	26 (55% of 47)
✔ [2025/09/25 21:21:54] scPP screening done.
ℹ [2025/09/25 21:21:56] Start scPP screening.
ℹ [2025/09/25 21:21:56] Finding markers...
Warning in coxph.fit(X, Y, istrat, offset, init, control, weights = weights,  :
  Loglik converged before variable  1 ; coefficient may be infinite. 
Warning in coxph.fit(X, Y, istrat, offset, init, control, weights = weights,  :
  Loglik converged before variable  1 ; coefficient may be infinite. 
Warning in coxph.fit(X, Y, istrat, offset, init, control, weights = weights,  :
  Loglik converged before variable  1 ; coefficient may be infinite. 
ℹ [2025/09/25 21:44:25] Screening...
Genes in the gene sets NOT available in the dataset: 
	gene_pos: 	24 (73% of 33)
	gene_neg: 	26 (55% of 47)
✔ [2025/09/25 21:45:26] scPP screening done.
ℹ [2025/09/25 21:45:28] Start scPP screening.
ℹ [2025/09/25 21:45:28] Finding markers...
Warning in coxph.fit(X, Y, istrat, offset, init, control, weights = weights,  :
  Loglik converged before variable  1 ; coefficient may be infinite. 
Warning in coxph.fit(X, Y, istrat, offset, init, control, weights = weights,  :
  Loglik converged before variable  1 ; coefficient may be infinite. 
Warning in coxph.fit(X, Y, istrat, offset, init, control, weights = weights,  :
  Loglik converged before variable  1 ; coefficient may be infinite. 
ℹ [2025/09/25 22:05:56] Screening...
Genes in the gene sets NOT available in the dataset: 
	gene_pos: 	24 (73% of 33)
	gene_neg: 	26 (55% of 47)
✔ [2025/09/25 22:07:00] scPP screening done.
ℹ [2025/09/25 22:07:02] Start scPP screening.
ℹ [2025/09/25 22:07:02] Finding markers...
Warning in coxph.fit(X, Y, istrat, offset, init, control, weights = weights,  :
  Loglik converged before variable  1 ; coefficient may be infinite. 
Warning in coxph.fit(X, Y, istrat, offset, init, control, weights = weights,  :
  Loglik converged before variable  1 ; coefficient may be infinite. 
Warning in coxph.fit(X, Y, istrat, offset, init, control, weights = weights,  :
  Loglik converged before variable  1 ; coefficient may be infinite. 
ℹ [2025/09/25 22:32:02] Screening...
Genes in the gene sets NOT available in the dataset: 
	gene_pos: 	24 (73% of 33)
	gene_neg: 	26 (55% of 47)
✔ [2025/09/25 22:33:05] scPP screening done.
ℹ [2025/09/25 22:33:07] Start scPP screening.
ℹ [2025/09/25 22:33:07] Finding markers...
Warning in coxph.fit(X, Y, istrat, offset, init, control, weights = weights,  :
  Loglik converged before variable  1 ; coefficient may be infinite. 
Warning in coxph.fit(X, Y, istrat, offset, init, control, weights = weights,  :
  Loglik converged before variable  1 ; coefficient may be infinite. 
Warning in coxph.fit(X, Y, istrat, offset, init, control, weights = weights,  :
  Loglik converged before variable  1 ; coefficient may be infinite. 
ℹ [2025/09/25 22:52:52] Screening...
Genes in the gene sets NOT available in the dataset: 
	gene_pos: 	24 (73% of 33)
	gene_neg: 	26 (55% of 47)
✔ [2025/09/25 22:53:43] scPP screening done.
ℹ [2025/09/25 22:53:45] Start scPP screening.
ℹ [2025/09/25 22:53:45] Finding markers...
Warning in coxph.fit(X, Y, istrat, offset, init, control, weights = weights,  :
  Loglik converged before variable  1 ; coefficient may be infinite. 
Warning in coxph.fit(X, Y, istrat, offset, init, control, weights = weights,  :
  Loglik converged before variable  1 ; coefficient may be infinite. 
Warning in coxph.fit(X, Y, istrat, offset, init, control, weights = weights,  :
  Loglik converged before variable  1 ; coefficient may be infinite. 
ℹ [2025/09/25 23:14:34] Screening...
Genes in the gene sets NOT available in the dataset: 
	gene_pos: 	24 (73% of 33)
	gene_neg: 	26 (55% of 47)
✔ [2025/09/25 23:15:38] scPP screening done.
ℹ [2025/09/25 23:15:40] Start scPP screening.
ℹ [2025/09/25 23:15:40] Finding markers...
Warning in coxph.fit(X, Y, istrat, offset, init, control, weights = weights,  :
  Loglik converged before variable  1 ; coefficient may be infinite. 
Warning in coxph.fit(X, Y, istrat, offset, init, control, weights = weights,  :
  Loglik converged before variable  1 ; coefficient may be infinite. 
Warning in coxph.fit(X, Y, istrat, offset, init, control, weights = weights,  :
  Loglik converged before variable  1 ; coefficient may be infinite. 
ℹ [2025/09/25 23:40:08] Screening...
Genes in the gene sets NOT available in the dataset: 
	gene_pos: 	24 (73% of 33)
	gene_neg: 	26 (55% of 47)
✔ [2025/09/25 23:41:05] scPP screening done.
ℹ [2025/09/25 23:41:07] Start scPP screening.
ℹ [2025/09/25 23:41:07] Finding markers...
Warning in coxph.fit(X, Y, istrat, offset, init, control, weights = weights,  :
  Loglik converged before variable  1 ; coefficient may be infinite. 
Warning in coxph.fit(X, Y, istrat, offset, init, control, weights = weights,  :
  Loglik converged before variable  1 ; coefficient may be infinite. 
Warning in coxph.fit(X, Y, istrat, offset, init, control, weights = weights,  :
  Loglik converged before variable  1 ; coefficient may be infinite. 
ℹ [2025/09/26 00:01:44] Screening...
Genes in the gene sets NOT available in the dataset: 
	gene_pos: 	24 (73% of 33)
	gene_neg: 	26 (55% of 47)
✔ [2025/09/26 00:02:34] scPP screening done.
ℹ [2025/09/26 00:02:36] Start scPP screening.
ℹ [2025/09/26 00:02:36] Finding markers...
Warning in coxph.fit(X, Y, istrat, offset, init, control, weights = weights,  :
  Loglik converged before variable  1 ; coefficient may be infinite. 
Warning in coxph.fit(X, Y, istrat, offset, init, control, weights = weights,  :
  Loglik converged before variable  1 ; coefficient may be infinite. 
Warning in coxph.fit(X, Y, istrat, offset, init, control, weights = weights,  :
  Loglik converged before variable  1 ; coefficient may be infinite. 
ℹ [2025/09/26 00:23:31] Screening...
Genes in the gene sets NOT available in the dataset: 
	gene_pos: 	24 (73% of 33)
	gene_neg: 	26 (55% of 47)
✔ [2025/09/26 00:24:44] scPP screening done.
ℹ [2025/09/26 00:24:47] Start scPP screening.
ℹ [2025/09/26 00:24:47] Finding markers...
Warning in coxph.fit(X, Y, istrat, offset, init, control, weights = weights,  :
  Loglik converged before variable  1 ; coefficient may be infinite. 
Warning in coxph.fit(X, Y, istrat, offset, init, control, weights = weights,  :
  Loglik converged before variable  1 ; coefficient may be infinite. 
Warning in coxph.fit(X, Y, istrat, offset, init, control, weights = weights,  :
  Loglik converged before variable  1 ; coefficient may be infinite. 
ℹ [2025/09/26 00:46:13] Screening...
Genes in the gene sets NOT available in the dataset: 
	gene_pos: 	24 (73% of 33)
	gene_neg: 	26 (55% of 47)
✔ [2025/09/26 00:47:04] scPP screening done.
ℹ [2025/09/26 00:47:06] Start scPP screening.
ℹ [2025/09/26 00:47:06] Finding markers...
Warning in coxph.fit(X, Y, istrat, offset, init, control, weights = weights,  :
  Loglik converged before variable  1 ; coefficient may be infinite. 
Warning in coxph.fit(X, Y, istrat, offset, init, control, weights = weights,  :
  Loglik converged before variable  1 ; coefficient may be infinite. 
Warning in coxph.fit(X, Y, istrat, offset, init, control, weights = weights,  :
  Loglik converged before variable  1 ; coefficient may be infinite. 
ℹ [2025/09/26 01:07:19] Screening...
Genes in the gene sets NOT available in the dataset: 
	gene_pos: 	24 (73% of 33)
	gene_neg: 	26 (55% of 47)
✔ [2025/09/26 01:08:19] scPP screening done.
ℹ [2025/09/26 01:08:21] Start scPP screening.
ℹ [2025/09/26 01:08:21] Finding markers...
Warning in coxph.fit(X, Y, istrat, offset, init, control, weights = weights,  :
  Loglik converged before variable  1 ; coefficient may be infinite. 
Warning in coxph.fit(X, Y, istrat, offset, init, control, weights = weights,  :
  Loglik converged before variable  1 ; coefficient may be infinite. 
Warning in coxph.fit(X, Y, istrat, offset, init, control, weights = weights,  :
  Loglik converged before variable  1 ; coefficient may be infinite. 
ℹ [2025/09/26 01:29:35] Screening...
Genes in the gene sets NOT available in the dataset: 
	gene_pos: 	24 (73% of 33)
	gene_neg: 	26 (55% of 47)
✔ [2025/09/26 01:30:46] scPP screening done.
ℹ [2025/09/26 01:30:48] Start scPP screening.
ℹ [2025/09/26 01:30:48] Finding markers...
Warning in coxph.fit(X, Y, istrat, offset, init, control, weights = weights,  :
  Loglik converged before variable  1 ; coefficient may be infinite. 
Warning in coxph.fit(X, Y, istrat, offset, init, control, weights = weights,  :
  Loglik converged before variable  1 ; coefficient may be infinite. 
Warning in coxph.fit(X, Y, istrat, offset, init, control, weights = weights,  :
  Loglik converged before variable  1 ; coefficient may be infinite. 
ℹ [2025/09/26 01:53:25] Screening...
Genes in the gene sets NOT available in the dataset: 
	gene_pos: 	24 (73% of 33)
	gene_neg: 	26 (55% of 47)
✔ [2025/09/26 01:54:25] scPP screening done.
ℹ [2025/09/26 01:54:27] Start scPP screening.
ℹ [2025/09/26 01:54:27] Finding markers...
Warning in coxph.fit(X, Y, istrat, offset, init, control, weights = weights,  :
  Loglik converged before variable  1 ; coefficient may be infinite. 
Warning in coxph.fit(X, Y, istrat, offset, init, control, weights = weights,  :
  Loglik converged before variable  1 ; coefficient may be infinite. 
Warning in coxph.fit(X, Y, istrat, offset, init, control, weights = weights,  :
  Loglik converged before variable  1 ; coefficient may be infinite. 
ℹ [2025/09/26 02:14:56] Screening...
Genes in the gene sets NOT available in the dataset: 
	gene_pos: 	24 (73% of 33)
	gene_neg: 	26 (55% of 47)
✔ [2025/09/26 02:15:59] scPP screening done.
ℹ [2025/09/26 02:16:01] Start scPP screening.
ℹ [2025/09/26 02:16:01] Finding markers...
Warning in coxph.fit(X, Y, istrat, offset, init, control, weights = weights,  :
  Loglik converged before variable  1 ; coefficient may be infinite. 
Warning in coxph.fit(X, Y, istrat, offset, init, control, weights = weights,  :
  Loglik converged before variable  1 ; coefficient may be infinite. 
Warning in coxph.fit(X, Y, istrat, offset, init, control, weights = weights,  :
  Loglik converged before variable  1 ; coefficient may be infinite. 
ℹ [2025/09/26 02:38:52] Screening...
Genes in the gene sets NOT available in the dataset: 
	gene_pos: 	24 (73% of 33)
	gene_neg: 	26 (55% of 47)
✔ [2025/09/26 02:39:53] scPP screening done.
ℹ [2025/09/26 02:39:55] Start scPP screening.
ℹ [2025/09/26 02:39:55] Finding markers...
Warning in coxph.fit(X, Y, istrat, offset, init, control, weights = weights,  :
  Loglik converged before variable  1 ; coefficient may be infinite. 
Warning in coxph.fit(X, Y, istrat, offset, init, control, weights = weights,  :
  Loglik converged before variable  1 ; coefficient may be infinite. 
Warning in coxph.fit(X, Y, istrat, offset, init, control, weights = weights,  :
  Loglik converged before variable  1 ; coefficient may be infinite. 
ℹ [2025/09/26 02:59:40] Screening...
Genes in the gene sets NOT available in the dataset: 
	gene_pos: 	24 (73% of 33)
	gene_neg: 	26 (55% of 47)
✔ [2025/09/26 03:00:29] scPP screening done.
ℹ [2025/09/26 03:00:31] Start scPP screening.
ℹ [2025/09/26 03:00:31] Finding markers...
Warning in coxph.fit(X, Y, istrat, offset, init, control, weights = weights,  :
  Loglik converged before variable  1 ; coefficient may be infinite. 
Warning in coxph.fit(X, Y, istrat, offset, init, control, weights = weights,  :
  Loglik converged before variable  1 ; coefficient may be infinite. 
Warning in coxph.fit(X, Y, istrat, offset, init, control, weights = weights,  :
  Loglik converged before variable  1 ; coefficient may be infinite. 
ℹ [2025/09/26 03:20:41] Screening...
Genes in the gene sets NOT available in the dataset: 
	gene_pos: 	24 (73% of 33)
	gene_neg: 	26 (55% of 47)
✔ [2025/09/26 03:21:42] scPP screening done.
ℹ [2025/09/26 03:21:44] Start scPP screening.
ℹ [2025/09/26 03:21:44] Finding markers...
Warning in coxph.fit(X, Y, istrat, offset, init, control, weights = weights,  :
  Loglik converged before variable  1 ; coefficient may be infinite. 
Warning in coxph.fit(X, Y, istrat, offset, init, control, weights = weights,  :
  Loglik converged before variable  1 ; coefficient may be infinite. 
Warning in coxph.fit(X, Y, istrat, offset, init, control, weights = weights,  :
  Loglik converged before variable  1 ; coefficient may be infinite. 
ℹ [2025/09/26 03:44:26] Screening...
Genes in the gene sets NOT available in the dataset: 
	gene_pos: 	24 (73% of 33)
	gene_neg: 	26 (55% of 47)
✔ [2025/09/26 03:45:24] scPP screening done.
ℹ [2025/09/26 03:45:26] Start scPP screening.
ℹ [2025/09/26 03:45:26] Finding markers...
Warning in coxph.fit(X, Y, istrat, offset, init, control, weights = weights,  :
  Loglik converged before variable  1 ; coefficient may be infinite. 
Warning in coxph.fit(X, Y, istrat, offset, init, control, weights = weights,  :
  Loglik converged before variable  1 ; coefficient may be infinite. 
Warning in coxph.fit(X, Y, istrat, offset, init, control, weights = weights,  :
  Loglik converged before variable  1 ; coefficient may be infinite. 
ℹ [2025/09/26 04:06:39] Screening...
Genes in the gene sets NOT available in the dataset: 
	gene_pos: 	24 (73% of 33)
	gene_neg: 	26 (55% of 47)
✔ [2025/09/26 04:07:37] scPP screening done.
ℹ [2025/09/26 04:07:40] Start scPP screening.
ℹ [2025/09/26 04:07:40] Finding markers...
Warning in coxph.fit(X, Y, istrat, offset, init, control, weights = weights,  :
  Loglik converged before variable  1 ; coefficient may be infinite. 
Warning in coxph.fit(X, Y, istrat, offset, init, control, weights = weights,  :
  Loglik converged before variable  1 ; coefficient may be infinite. 
Warning in coxph.fit(X, Y, istrat, offset, init, control, weights = weights,  :
  Loglik converged before variable  1 ; coefficient may be infinite. 
ℹ [2025/09/26 04:32:36] Screening...
Genes in the gene sets NOT available in the dataset: 
	gene_pos: 	24 (73% of 33)
	gene_neg: 	26 (55% of 47)
✔ [2025/09/26 04:33:35] scPP screening done.
ℹ [2025/09/26 04:33:37] Start scPP screening.
ℹ [2025/09/26 04:33:37] Finding markers...
Warning in coxph.fit(X, Y, istrat, offset, init, control, weights = weights,  :
  Loglik converged before variable  1 ; coefficient may be infinite. 
Warning in coxph.fit(X, Y, istrat, offset, init, control, weights = weights,  :
  Loglik converged before variable  1 ; coefficient may be infinite. 
Warning in coxph.fit(X, Y, istrat, offset, init, control, weights = weights,  :
  Loglik converged before variable  1 ; coefficient may be infinite. 
ℹ [2025/09/26 04:53:23] Screening...
Genes in the gene sets NOT available in the dataset: 
	gene_pos: 	24 (73% of 33)
	gene_neg: 	26 (55% of 47)
✔ [2025/09/26 04:54:23] scPP screening done.
ℹ [2025/09/26 04:54:25] Start scPP screening.
ℹ [2025/09/26 04:54:25] Finding markers...
Warning in coxph.fit(X, Y, istrat, offset, init, control, weights = weights,  :
  Loglik converged before variable  1 ; coefficient may be infinite. 
Warning in coxph.fit(X, Y, istrat, offset, init, control, weights = weights,  :
  Loglik converged before variable  1 ; coefficient may be infinite. 
Warning in coxph.fit(X, Y, istrat, offset, init, control, weights = weights,  :
  Loglik converged before variable  1 ; coefficient may be infinite. 
ℹ [2025/09/26 05:16:09] Screening...
Genes in the gene sets NOT available in the dataset: 
	gene_pos: 	24 (73% of 33)
	gene_neg: 	26 (55% of 47)
✔ [2025/09/26 05:16:55] scPP screening done.
ℹ [2025/09/26 05:16:57] Start scPP screening.
ℹ [2025/09/26 05:16:57] Finding markers...
Warning in coxph.fit(X, Y, istrat, offset, init, control, weights = weights,  :
  Loglik converged before variable  1 ; coefficient may be infinite. 
Warning in coxph.fit(X, Y, istrat, offset, init, control, weights = weights,  :
  Loglik converged before variable  1 ; coefficient may be infinite. 
Warning in coxph.fit(X, Y, istrat, offset, init, control, weights = weights,  :
  Loglik converged before variable  1 ; coefficient may be infinite. 
ℹ [2025/09/26 05:41:05] Screening...
Genes in the gene sets NOT available in the dataset: 
	gene_pos: 	24 (73% of 33)
	gene_neg: 	26 (55% of 47)
✔ [2025/09/26 05:42:01] scPP screening done.
ℹ [2025/09/26 05:42:03] Start scPP screening.
ℹ [2025/09/26 05:42:03] Finding markers...
Warning in coxph.fit(X, Y, istrat, offset, init, control, weights = weights,  :
  Loglik converged before variable  1 ; coefficient may be infinite. 
Warning in coxph.fit(X, Y, istrat, offset, init, control, weights = weights,  :
  Loglik converged before variable  1 ; coefficient may be infinite. 
Warning in coxph.fit(X, Y, istrat, offset, init, control, weights = weights,  :
  Loglik converged before variable  1 ; coefficient may be infinite. 
ℹ [2025/09/26 06:02:04] Screening...
Genes in the gene sets NOT available in the dataset: 
	gene_pos: 	24 (73% of 33)
	gene_neg: 	26 (55% of 47)
✔ [2025/09/26 06:03:02] scPP screening done.
ℹ [2025/09/26 06:03:05] Start scPP screening.
ℹ [2025/09/26 06:03:05] Finding markers...
Warning in coxph.fit(X, Y, istrat, offset, init, control, weights = weights,  :
  Loglik converged before variable  1 ; coefficient may be infinite. 
Warning in coxph.fit(X, Y, istrat, offset, init, control, weights = weights,  :
  Loglik converged before variable  1 ; coefficient may be infinite. 
Warning in coxph.fit(X, Y, istrat, offset, init, control, weights = weights,  :
  Loglik converged before variable  1 ; coefficient may be infinite. 
ℹ [2025/09/26 06:26:27] Screening...
Genes in the gene sets NOT available in the dataset: 
	gene_pos: 	24 (73% of 33)
	gene_neg: 	26 (55% of 47)
✔ [2025/09/26 06:27:35] scPP screening done.
ℹ [2025/09/26 06:27:38] Start scPP screening.
ℹ [2025/09/26 06:27:38] Finding markers...
Warning in coxph.fit(X, Y, istrat, offset, init, control, weights = weights,  :
  Loglik converged before variable  1 ; coefficient may be infinite. 
Warning in coxph.fit(X, Y, istrat, offset, init, control, weights = weights,  :
  Loglik converged before variable  1 ; coefficient may be infinite. 
Warning in coxph.fit(X, Y, istrat, offset, init, control, weights = weights,  :
  Loglik converged before variable  1 ; coefficient may be infinite. 
ℹ [2025/09/26 06:48:25] Screening...
Genes in the gene sets NOT available in the dataset: 
	gene_pos: 	24 (73% of 33)
	gene_neg: 	26 (55% of 47)
✔ [2025/09/26 06:49:25] scPP screening done.
ℹ [2025/09/26 06:49:28] Start scPP screening.
ℹ [2025/09/26 06:49:28] Finding markers...
Warning in coxph.fit(X, Y, istrat, offset, init, control, weights = weights,  :
  Loglik converged before variable  1 ; coefficient may be infinite. 
Warning in coxph.fit(X, Y, istrat, offset, init, control, weights = weights,  :
  Loglik converged before variable  1 ; coefficient may be infinite. 
Warning in coxph.fit(X, Y, istrat, offset, init, control, weights = weights,  :
  Loglik converged before variable  1 ; coefficient may be infinite. 
ℹ [2025/09/26 07:10:48] Screening...
Genes in the gene sets NOT available in the dataset: 
	gene_pos: 	24 (73% of 33)
	gene_neg: 	26 (55% of 47)
✔ [2025/09/26 07:11:50] scPP screening done.
ℹ [2025/09/26 07:11:53] Start scPP screening.
ℹ [2025/09/26 07:11:53] Finding markers...
Warning in coxph.fit(X, Y, istrat, offset, init, control, weights = weights,  :
  Loglik converged before variable  1 ; coefficient may be infinite. 
Warning in coxph.fit(X, Y, istrat, offset, init, control, weights = weights,  :
  Loglik converged before variable  1 ; coefficient may be infinite. 
Warning in coxph.fit(X, Y, istrat, offset, init, control, weights = weights,  :
  Loglik converged before variable  1 ; coefficient may be infinite. 
ℹ [2025/09/26 07:36:37] Screening...
Genes in the gene sets NOT available in the dataset: 
	gene_pos: 	24 (73% of 33)
	gene_neg: 	26 (55% of 47)
✔ [2025/09/26 07:37:31] scPP screening done.
ℹ [2025/09/26 07:37:34] Start scPP screening.
ℹ [2025/09/26 07:37:34] Finding markers...
Warning in coxph.fit(X, Y, istrat, offset, init, control, weights = weights,  :
  Loglik converged before variable  1 ; coefficient may be infinite. 
Warning in coxph.fit(X, Y, istrat, offset, init, control, weights = weights,  :
  Loglik converged before variable  1 ; coefficient may be infinite. 
Warning in coxph.fit(X, Y, istrat, offset, init, control, weights = weights,  :
  Loglik converged before variable  1 ; coefficient may be infinite. 
ℹ [2025/09/26 07:58:28] Screening...
Genes in the gene sets NOT available in the dataset: 
	gene_pos: 	24 (73% of 33)
	gene_neg: 	26 (55% of 47)
✔ [2025/09/26 07:59:31] scPP screening done.
ℹ [2025/09/26 07:59:33] Start scPP screening.
ℹ [2025/09/26 07:59:33] Finding markers...
Warning in coxph.fit(X, Y, istrat, offset, init, control, weights = weights,  :
  Loglik converged before variable  1 ; coefficient may be infinite. 
Warning in coxph.fit(X, Y, istrat, offset, init, control, weights = weights,  :
  Loglik converged before variable  1 ; coefficient may be infinite. 
Warning in coxph.fit(X, Y, istrat, offset, init, control, weights = weights,  :
  Loglik converged before variable  1 ; coefficient may be infinite. 
ℹ [2025/09/26 08:24:42] Screening...
Genes in the gene sets NOT available in the dataset: 
	gene_pos: 	24 (73% of 33)
	gene_neg: 	26 (55% of 47)
✔ [2025/09/26 08:25:45] scPP screening done.
ℹ [2025/09/26 08:25:47] Start scPP screening.
ℹ [2025/09/26 08:25:47] Finding markers...
Warning in coxph.fit(X, Y, istrat, offset, init, control, weights = weights,  :
  Loglik converged before variable  1 ; coefficient may be infinite. 
Warning in coxph.fit(X, Y, istrat, offset, init, control, weights = weights,  :
  Loglik converged before variable  1 ; coefficient may be infinite. 
Warning in coxph.fit(X, Y, istrat, offset, init, control, weights = weights,  :
  Loglik converged before variable  1 ; coefficient may be infinite. 
ℹ [2025/09/26 08:46:00] Screening...
Genes in the gene sets NOT available in the dataset: 
	gene_pos: 	24 (73% of 33)
	gene_neg: 	26 (55% of 47)
✔ [2025/09/26 08:47:01] scPP screening done.
ℹ [2025/09/26 08:47:04] Start scPP screening.
ℹ [2025/09/26 08:47:04] Finding markers...
Warning in coxph.fit(X, Y, istrat, offset, init, control, weights = weights,  :
  Loglik converged before variable  1 ; coefficient may be infinite. 
Warning in coxph.fit(X, Y, istrat, offset, init, control, weights = weights,  :
  Loglik converged before variable  1 ; coefficient may be infinite. 
Warning in coxph.fit(X, Y, istrat, offset, init, control, weights = weights,  :
  Loglik converged before variable  1 ; coefficient may be infinite. 
ℹ [2025/09/26 09:08:25] Screening...
Genes in the gene sets NOT available in the dataset: 
	gene_pos: 	24 (73% of 33)
	gene_neg: 	26 (55% of 47)
✔ [2025/09/26 09:09:24] scPP screening done.
ℹ [2025/09/26 09:09:27] Start scPP screening.
ℹ [2025/09/26 09:09:27] Finding markers...
Warning in coxph.fit(X, Y, istrat, offset, init, control, weights = weights,  :
  Loglik converged before variable  1 ; coefficient may be infinite. 
Warning in coxph.fit(X, Y, istrat, offset, init, control, weights = weights,  :
  Loglik converged before variable  1 ; coefficient may be infinite. 
Warning in coxph.fit(X, Y, istrat, offset, init, control, weights = weights,  :
  Loglik converged before variable  1 ; coefficient may be infinite. 
ℹ [2025/09/26 09:33:28] Screening...
Genes in the gene sets NOT available in the dataset: 
	gene_pos: 	24 (73% of 33)
	gene_neg: 	26 (55% of 47)
✔ [2025/09/26 09:34:27] scPP screening done.
ℹ [2025/09/26 09:34:29] Start scPP screening.
ℹ [2025/09/26 09:34:29] Finding markers...
Warning in coxph.fit(X, Y, istrat, offset, init, control, weights = weights,  :
  Loglik converged before variable  1 ; coefficient may be infinite. 
Warning in coxph.fit(X, Y, istrat, offset, init, control, weights = weights,  :
  Loglik converged before variable  1 ; coefficient may be infinite. 
Warning in coxph.fit(X, Y, istrat, offset, init, control, weights = weights,  :
  Loglik converged before variable  1 ; coefficient may be infinite. 
ℹ [2025/09/26 09:54:26] Screening...
Genes in the gene sets NOT available in the dataset: 
	gene_pos: 	24 (73% of 33)
	gene_neg: 	26 (55% of 47)
✔ [2025/09/26 09:55:15] scPP screening done.
ℹ [2025/09/26 09:55:17] Start scPP screening.
ℹ [2025/09/26 09:55:17] Finding markers...
Warning in coxph.fit(X, Y, istrat, offset, init, control, weights = weights,  :
  Loglik converged before variable  1 ; coefficient may be infinite. 
Warning in coxph.fit(X, Y, istrat, offset, init, control, weights = weights,  :
  Loglik converged before variable  1 ; coefficient may be infinite. 
Warning in coxph.fit(X, Y, istrat, offset, init, control, weights = weights,  :
  Loglik converged before variable  1 ; coefficient may be infinite. 
ℹ [2025/09/26 10:18:59] Screening...
Genes in the gene sets NOT available in the dataset: 
	gene_pos: 	24 (73% of 33)
	gene_neg: 	26 (55% of 47)
✔ [2025/09/26 10:20:01] scPP screening done.
ℹ [2025/09/26 10:20:05] Start scPP screening.
ℹ [2025/09/26 10:20:05] Finding markers...
Warning in coxph.fit(X, Y, istrat, offset, init, control, weights = weights,  :
  Loglik converged before variable  1 ; coefficient may be infinite. 
Warning in coxph.fit(X, Y, istrat, offset, init, control, weights = weights,  :
  Loglik converged before variable  1 ; coefficient may be infinite. 
Warning in coxph.fit(X, Y, istrat, offset, init, control, weights = weights,  :
  Loglik converged before variable  1 ; coefficient may be infinite. 
ℹ [2025/09/26 10:40:30] Screening...
Genes in the gene sets NOT available in the dataset: 
	gene_pos: 	24 (73% of 33)
	gene_neg: 	26 (55% of 47)
✔ [2025/09/26 10:41:30] scPP screening done.
ℹ [2025/09/26 10:41:32] Start scPP screening.
ℹ [2025/09/26 10:41:32] Finding markers...
Warning in coxph.fit(X, Y, istrat, offset, init, control, weights = weights,  :
  Loglik converged before variable  1 ; coefficient may be infinite. 
Warning in coxph.fit(X, Y, istrat, offset, init, control, weights = weights,  :
  Loglik converged before variable  1 ; coefficient may be infinite. 
Warning in coxph.fit(X, Y, istrat, offset, init, control, weights = weights,  :
  Loglik converged before variable  1 ; coefficient may be infinite. 
ℹ [2025/09/26 11:03:04] Screening...
Genes in the gene sets NOT available in the dataset: 
	gene_pos: 	24 (73% of 33)
	gene_neg: 	26 (55% of 47)
✔ [2025/09/26 11:04:05] scPP screening done.
ℹ [2025/09/26 11:04:07] Start scPP screening.
ℹ [2025/09/26 11:04:07] Finding markers...
Warning in coxph.fit(X, Y, istrat, offset, init, control, weights = weights,  :
  Loglik converged before variable  1 ; coefficient may be infinite. 
Warning in coxph.fit(X, Y, istrat, offset, init, control, weights = weights,  :
  Loglik converged before variable  1 ; coefficient may be infinite. 
Warning in coxph.fit(X, Y, istrat, offset, init, control, weights = weights,  :
  Loglik converged before variable  1 ; coefficient may be infinite. 
ℹ [2025/09/26 11:23:30] Screening...
Genes in the gene sets NOT available in the dataset: 
	gene_pos: 	24 (73% of 33)
	gene_neg: 	26 (55% of 47)
✔ [2025/09/26 11:24:18] scPP screening done.
ℹ [2025/09/26 11:24:20] Start scPP screening.
ℹ [2025/09/26 11:24:20] Finding markers...
Warning in coxph.fit(X, Y, istrat, offset, init, control, weights = weights,  :
  Loglik converged before variable  1 ; coefficient may be infinite. 
Warning in coxph.fit(X, Y, istrat, offset, init, control, weights = weights,  :
  Loglik converged before variable  1 ; coefficient may be infinite. 
Warning in coxph.fit(X, Y, istrat, offset, init, control, weights = weights,  :
  Loglik converged before variable  1 ; coefficient may be infinite. 
ℹ [2025/09/26 11:52:32] Screening...
Genes in the gene sets NOT available in the dataset: 
	gene_pos: 	24 (73% of 33)
	gene_neg: 	26 (55% of 47)
✔ [2025/09/26 11:53:30] scPP screening done.
ℹ [2025/09/26 11:53:32] Start scPP screening.
ℹ [2025/09/26 11:53:32] Finding markers...
Warning in coxph.fit(X, Y, istrat, offset, init, control, weights = weights,  :
  Loglik converged before variable  1 ; coefficient may be infinite. 
Warning in coxph.fit(X, Y, istrat, offset, init, control, weights = weights,  :
  Loglik converged before variable  1 ; coefficient may be infinite. 
Warning in coxph.fit(X, Y, istrat, offset, init, control, weights = weights,  :
  Loglik converged before variable  1 ; coefficient may be infinite. 
ℹ [2025/09/26 12:13:46] Screening...
Genes in the gene sets NOT available in the dataset: 
	gene_pos: 	24 (73% of 33)
	gene_neg: 	26 (55% of 47)
✔ [2025/09/26 12:14:46] scPP screening done.
ℹ [2025/09/26 12:14:48] Start scPP screening.
ℹ [2025/09/26 12:14:48] Finding markers...
Warning in coxph.fit(X, Y, istrat, offset, init, control, weights = weights,  :
  Loglik converged before variable  1 ; coefficient may be infinite. 
Warning in coxph.fit(X, Y, istrat, offset, init, control, weights = weights,  :
  Loglik converged before variable  1 ; coefficient may be infinite. 
Warning in coxph.fit(X, Y, istrat, offset, init, control, weights = weights,  :
  Loglik converged before variable  1 ; coefficient may be infinite. 
ℹ [2025/09/26 12:34:09] Screening...
Genes in the gene sets NOT available in the dataset: 
	gene_pos: 	24 (73% of 33)
	gene_neg: 	26 (55% of 47)
✔ [2025/09/26 12:35:02] scPP screening done.
ℹ [2025/09/26 12:35:05] Start scPP screening.
ℹ [2025/09/26 12:35:05] Finding markers...
Warning in coxph.fit(X, Y, istrat, offset, init, control, weights = weights,  :
  Loglik converged before variable  1 ; coefficient may be infinite. 
Warning in coxph.fit(X, Y, istrat, offset, init, control, weights = weights,  :
  Loglik converged before variable  1 ; coefficient may be infinite. 
Warning in coxph.fit(X, Y, istrat, offset, init, control, weights = weights,  :
  Loglik converged before variable  1 ; coefficient may be infinite. 
ℹ [2025/09/26 12:55:12] Screening...
Genes in the gene sets NOT available in the dataset: 
	gene_pos: 	24 (73% of 33)
	gene_neg: 	26 (55% of 47)
✔ [2025/09/26 12:56:09] scPP screening done.
ℹ [2025/09/26 12:56:12] Start scPP screening.
ℹ [2025/09/26 12:56:12] Finding markers...
Warning in coxph.fit(X, Y, istrat, offset, init, control, weights = weights,  :
  Loglik converged before variable  1 ; coefficient may be infinite. 
Warning in coxph.fit(X, Y, istrat, offset, init, control, weights = weights,  :
  Loglik converged before variable  1 ; coefficient may be infinite. 
Warning in coxph.fit(X, Y, istrat, offset, init, control, weights = weights,  :
  Loglik converged before variable  1 ; coefficient may be infinite. 
ℹ [2025/09/26 13:15:32] Screening...
Genes in the gene sets NOT available in the dataset: 
	gene_pos: 	24 (73% of 33)
	gene_neg: 	26 (55% of 47)
✔ [2025/09/26 13:16:27] scPP screening done.
ℹ [2025/09/26 13:16:29] Start scPP screening.
ℹ [2025/09/26 13:16:29] Finding markers...
Warning in coxph.fit(X, Y, istrat, offset, init, control, weights = weights,  :
  Loglik converged before variable  1 ; coefficient may be infinite. 
Warning in coxph.fit(X, Y, istrat, offset, init, control, weights = weights,  :
  Loglik converged before variable  1 ; coefficient may be infinite. 
Warning in coxph.fit(X, Y, istrat, offset, init, control, weights = weights,  :
  Loglik converged before variable  1 ; coefficient may be infinite. 
ℹ [2025/09/26 13:35:30] Screening...
Genes in the gene sets NOT available in the dataset: 
	gene_pos: 	24 (73% of 33)
	gene_neg: 	26 (55% of 47)
✔ [2025/09/26 13:36:15] scPP screening done.
ℹ [2025/09/26 13:36:17] Start scPP screening.
ℹ [2025/09/26 13:36:17] Finding markers...
Warning in coxph.fit(X, Y, istrat, offset, init, control, weights = weights,  :
  Loglik converged before variable  1 ; coefficient may be infinite. 
Warning in coxph.fit(X, Y, istrat, offset, init, control, weights = weights,  :
  Loglik converged before variable  1 ; coefficient may be infinite. 
Warning in coxph.fit(X, Y, istrat, offset, init, control, weights = weights,  :
  Loglik converged before variable  1 ; coefficient may be infinite. 
ℹ [2025/09/26 13:56:14] Screening...
Genes in the gene sets NOT available in the dataset: 
	gene_pos: 	24 (73% of 33)
	gene_neg: 	26 (55% of 47)
✔ [2025/09/26 13:57:01] scPP screening done.
            used   (Mb) gc trigger    (Mb)   max used    (Mb)
Ncells  10152446  542.2   22333528  1192.8   22333528  1192.8
Vcells 947512264 7229.0 2452908132 18714.3 2452908130 18714.3
✔ scPP random search completed.
