nohup: ignoring input
Registered S3 methods overwritten by 'Seqinfo':
  method                from        
  as.data.frame.Seqinfo GenomeInfoDb
  merge.Seqinfo         GenomeInfoDb
  summary.Seqinfo       GenomeInfoDb

Attaching package: ‘dplyr’

The following objects are masked from ‘package:stats’:

    filter, lag

The following objects are masked from ‘package:base’:

    intersect, setdiff, setequal, union


Attaching package: ‘data.table’

The following objects are masked from ‘package:dplyr’:

    between, first, last

Warning in asMethod(object) :
  sparse->dense coercion: allocating vector of size 2.8 GiB
ℹ GSVA version 2.2.1
ℹ Using a MulticoreParam parallel back-end with 2 workers
ℹ Calculating GSVA ranks
ℹ kcdf='auto' (default)
ℹ GSVA dense (classical) algorithm
ℹ Direct row-wise ECDFs estimation
Estimating row ECDFs with 2 cores ■■■■■■■■■■                        30% | ETA: …
Estimating row ECDFs with 2 cores ■■■■■■■■■■■■■■■■                  50% | ETA: …
Estimating row ECDFs with 2 cores ■■■■■■■■■■■■■■■■■■■               60% | ETA: …
Estimating row ECDFs with 2 cores ■■■■■■■■■■■■■■■■■■■■■■            70% | ETA: …
Estimating row ECDFs with 2 cores ■■■■■■■■■■■■■■■■■■■■■■■■■         80% | ETA: …
Estimating row ECDFs with 2 cores ■■■■■■■■■■■■■■■■■■■■■■■■■■■■      90% | ETA: …
Estimating row ECDFs with 2 cores ■■■■■■■■■■■■■■■■■■■■■■■■■■■■■■■  100% | ETA: …
⠙ Calculating GSVA column ranks 6 done (2.8/s) | 2.1s
⠹ Calculating GSVA column ranks 12 done (2.5/s) | 4.8s
⠸ Calculating GSVA column ranks 18 done (2.2/s) | 8s
⠼ Calculating GSVA column ranks 23 done (2.1/s) | 11.2s
⠴ Calculating GSVA column ranks 27 done (1.9/s) | 13.9s
⠦ Calculating GSVA column ranks 32 done (1.7/s) | 19.2s
⠧ Calculating GSVA column ranks 34 done (1.6/s) | 20.7s
⠇ Calculating GSVA column ranks 38 done (1.6/s) | 23.5s
⠏ Calculating GSVA column ranks 42 done (1.6/s) | 26.9s
⠋ Calculating GSVA column ranks 46 done (1.5/s) | 30.3s
⠙ Calculating GSVA column ranks 49 done (1.5/s) | 33s
⠹ Calculating GSVA column ranks 52 done (1.5/s) | 35.7s
⠸ Calculating GSVA column ranks 56 done (1.4/s) | 39.6s
⠼ Calculating GSVA column ranks 59 done (1.4/s) | 42.7s
⠴ Calculating GSVA column ranks 62 done (1.3/s) | 46s
⠦ Calculating GSVA column ranks 65 done (1.3/s) | 49s
⠧ Calculating GSVA column ranks 67 done (1.3/s) | 51.4s
⠇ Calculating GSVA column ranks 70 done (1.3/s) | 55s
⠏ Calculating GSVA column ranks 73 done (1.3/s) | 58.3s
⠋ Calculating GSVA column ranks 75 done (1.2/s) | 1m 0.6s
⠙ Calculating GSVA column ranks 77 done (1.2/s) | 1m 4.6s
⠹ Calculating GSVA column ranks 79 done (1.2/s) | 1m 6.9s
⠸ Calculating GSVA column ranks 82 done (1.2/s) | 1m 10.6s
⠼ Calculating GSVA column ranks 84 done (1.1/s) | 1m 13.1s
⠴ Calculating GSVA column ranks 86 done (1.1/s) | 1m 15.9s
⠦ Calculating GSVA column ranks 88 done (1.1/s) | 1m 19s
⠧ Calculating GSVA column ranks 90 done (1.1/s) | 1m 21.8s
⠇ Calculating GSVA column ranks 92 done (1.1/s) | 1m 24.8s
⠏ Calculating GSVA column ranks 95 done (1.1/s) | 1m 29s
⠋ Calculating GSVA column ranks 97 done (1.1/s) | 1m 32.3s
⠙ Calculating GSVA column ranks 99 done (1/s) | 1m 35.4s
⠙ Calculating GSVA column ranks 100 done (1/s) | 1m 39.9s
ℹ Using a MulticoreParam parallel back-end with 2 workers
ℹ Calculating GSVA scores
ℹ Calculating GSVA scores with 2 cores
✔ Calculations finished
