nohup: ignoring input
✔ Setting active project to "/home/yyx/R/Project/R_code/paper_SigBridgeR".
Registered S3 methods overwritten by 'Seqinfo':
  method                from        
  as.data.frame.Seqinfo GenomeInfoDb
  merge.Seqinfo         GenomeInfoDb
  summary.Seqinfo       GenomeInfoDb

Attaching package: ‘dplyr’

The following objects are masked from ‘package:stats’:

    filter, lag

The following objects are masked from ‘package:base’:

    intersect, setdiff, setequal, union


Attaching package: ‘data.table’

The following objects are masked from ‘package:dplyr’:

    between, first, last

Warning in asMethod(object) :
  sparse->dense coercion: allocating vector of size 5.8 GiB
ℹ GSVA version 2.2.1
ℹ Using a MulticoreParam parallel back-end with 2 workers
ℹ Calculating GSVA ranks
ℹ kcdf='auto' (default)
ℹ GSVA dense (classical) algorithm
ℹ Direct row-wise ECDFs estimation
Estimating row ECDFs with 2 cores ■■■■■■■■■■                        30% | ETA: …
Estimating row ECDFs with 2 cores ■■■■■■■■■■■■■                     40% | ETA: …
Estimating row ECDFs with 2 cores ■■■■■■■■■■■■■■■■                  50% | ETA: …
Estimating row ECDFs with 2 cores ■■■■■■■■■■■■■■■■■■■               60% | ETA: …
Estimating row ECDFs with 2 cores ■■■■■■■■■■■■■■■■■■■■■■            70% | ETA: …
Estimating row ECDFs with 2 cores ■■■■■■■■■■■■■■■■■■■■■■■■■         80% | ETA: …
Estimating row ECDFs with 2 cores ■■■■■■■■■■■■■■■■■■■■■■■■■■■■      90% | ETA: …
Estimating row ECDFs with 2 cores ■■■■■■■■■■■■■■■■■■■■■■■■■■■■■■■  100% | ETA: …
⠙ Calculating GSVA column ranks 4 done (1.5/s) | 2.6s
⠹ Calculating GSVA column ranks 5 done (1.4/s) | 3.5s
⠸ Calculating GSVA column ranks 8 done (1.2/s) | 6.6s
⠼ Calculating GSVA column ranks 11 done (1.2/s) | 9.6s
⠴ Calculating GSVA column ranks 14 done (1.1/s) | 12.9s
⠦ Calculating GSVA column ranks 17 done (1.1/s) | 16s
⠧ Calculating GSVA column ranks 20 done (1/s) | 19.5s
⠇ Calculating GSVA column ranks 23 done (0.99/s) | 23.3s
⠏ Calculating GSVA column ranks 25 done (0.96/s) | 26.2s
⠋ Calculating GSVA column ranks 27 done (0.93/s) | 29.1s
⠙ Calculating GSVA column ranks 29 done (0.91/s) | 31.8s
⠹ Calculating GSVA column ranks 32 done (0.89/s) | 35.9s
⠸ Calculating GSVA column ranks 34 done (0.87/s) | 39s
⠼ Calculating GSVA column ranks 36 done (0.86/s) | 41.9s
⠴ Calculating GSVA column ranks 38 done (0.84/s) | 45s
⠦ Calculating GSVA column ranks 40 done (0.83/s) | 48.4s
⠧ Calculating GSVA column ranks 42 done (0.81/s) | 51.7s
⠇ Calculating GSVA column ranks 44 done (0.79/s) | 55.4s
⠏ Calculating GSVA column ranks 46 done (0.78/s) | 58.8s
⠋ Calculating GSVA column ranks 48 done (0.77/s) | 1m 2.3s
⠙ Calculating GSVA column ranks 50 done (0.76/s) | 1m 5.9s
⠹ Calculating GSVA column ranks 51 done (0.75/s) | 1m 7.8s
⠸ Calculating GSVA column ranks 53 done (0.74/s) | 1m 11.6s
⠼ Calculating GSVA column ranks 54 done (0.73/s) | 1m 13.5s
⠴ Calculating GSVA column ranks 56 done (0.71/s) | 1m 19.2s
⠦ Calculating GSVA column ranks 57 done (0.7/s) | 1m 21.1s
⠧ Calculating GSVA column ranks 58 done (0.7/s) | 1m 22.9s
⠇ Calculating GSVA column ranks 60 done (0.69/s) | 1m 26.7s
⠏ Calculating GSVA column ranks 61 done (0.69/s) | 1m 28.8s
⠋ Calculating GSVA column ranks 63 done (0.68/s) | 1m 33.2s
⠙ Calculating GSVA column ranks 64 done (0.67/s) | 1m 35.1s
⠹ Calculating GSVA column ranks 66 done (0.66/s) | 1m 39.3s
⠸ Calculating GSVA column ranks 67 done (0.66/s) | 1m 41.5s
⠼ Calculating GSVA column ranks 69 done (0.65/s) | 1m 46s
⠴ Calculating GSVA column ranks 70 done (0.65/s) | 1m 48.3s
⠦ Calculating GSVA column ranks 71 done (0.64/s) | 1m 50.5s
⠧ Calculating GSVA column ranks 72 done (0.64/s) | 1m 53s
⠇ Calculating GSVA column ranks 74 done (0.63/s) | 1m 57.6s
⠏ Calculating GSVA column ranks 75 done (0.62/s) | 2m 0.2s
⠋ Calculating GSVA column ranks 76 done (0.62/s) | 2m 2.6s
⠙ Calculating GSVA column ranks 77 done (0.62/s) | 2m 5s
⠹ Calculating GSVA column ranks 79 done (0.61/s) | 2m 10s
⠸ Calculating GSVA column ranks 80 done (0.6/s) | 2m 12.4s
⠼ Calculating GSVA column ranks 81 done (0.6/s) | 2m 14.8s
⠴ Calculating GSVA column ranks 82 done (0.6/s) | 2m 17.4s
⠦ Calculating GSVA column ranks 84 done (0.59/s) | 2m 22.7s
⠧ Calculating GSVA column ranks 85 done (0.59/s) | 2m 25.2s
⠇ Calculating GSVA column ranks 86 done (0.58/s) | 2m 27.7s
⠏ Calculating GSVA column ranks 87 done (0.58/s) | 2m 30.3s
⠋ Calculating GSVA column ranks 88 done (0.57/s) | 2m 33.1s
⠙ Calculating GSVA column ranks 90 done (0.57/s) | 2m 38.3s
⠹ Calculating GSVA column ranks 91 done (0.56/s) | 2m 42.7s
⠸ Calculating GSVA column ranks 93 done (0.55/s) | 2m 48s
⠼ Calculating GSVA column ranks 94 done (0.55/s) | 2m 50.6s
⠴ Calculating GSVA column ranks 95 done (0.55/s) | 2m 53.6s
⠦ Calculating GSVA column ranks 96 done (0.54/s) | 2m 56.3s
⠧ Calculating GSVA column ranks 97 done (0.54/s) | 2m 59.1s
⠇ Calculating GSVA column ranks 98 done (0.54/s) | 3m 2s
⠏ Calculating GSVA column ranks 99 done (0.54/s) | 3m 4.8s
⠋ Calculating GSVA column ranks 100 done (0.53/s) | 3m 7.8s
ℹ Using a MulticoreParam parallel back-end with 2 workers
ℹ Calculating GSVA scores
ℹ Calculating GSVA scores with 2 cores
✔ Calculations finished
✔ Done!
