nohup: ignoring input

Attaching package: ‘dplyr’

The following objects are masked from ‘package:stats’:

    filter, lag

The following objects are masked from ‘package:base’:

    intersect, setdiff, setequal, union

Registered S3 methods overwritten by 'Seqinfo':
  method                from        
  as.data.frame.Seqinfo GenomeInfoDb
  merge.Seqinfo         GenomeInfoDb
  summary.Seqinfo       GenomeInfoDb

Attaching package: ‘data.table’

The following objects are masked from ‘package:dplyr’:

    between, first, last

Warning in asMethod(object) :
  sparse->dense coercion: allocating vector of size 5.4 GiB
ℹ GSVA version 2.2.1
ℹ Using a MulticoreParam parallel back-end with 2 workers
ℹ Calculating GSVA ranks
ℹ kcdf='auto' (default)
ℹ GSVA dense (classical) algorithm
ℹ Direct row-wise ECDFs estimation
Estimating row ECDFs with 2 cores ■■■■■■■■■■                        30% | ETA: …
Estimating row ECDFs with 2 cores ■■■■■■■■■■■■■                     40% | ETA: …
Estimating row ECDFs with 2 cores ■■■■■■■■■■■■■■■■                  50% | ETA: …
Estimating row ECDFs with 2 cores ■■■■■■■■■■■■■■■■■■■               60% | ETA: …
Estimating row ECDFs with 2 cores ■■■■■■■■■■■■■■■■■■■■■■            70% | ETA: …
Estimating row ECDFs with 2 cores ■■■■■■■■■■■■■■■■■■■■■■■■■         80% | ETA: …
Estimating row ECDFs with 2 cores ■■■■■■■■■■■■■■■■■■■■■■■■■■■■      90% | ETA: …
Estimating row ECDFs with 2 cores ■■■■■■■■■■■■■■■■■■■■■■■■■■■■■■■  100% | ETA: …
⠙ Calculating GSVA column ranks 4 done (1.3/s) | 3.1s
⠹ Calculating GSVA column ranks 5 done (1.2/s) | 4.1s
⠸ Calculating GSVA column ranks 8 done (1.1/s) | 7.6s
⠼ Calculating GSVA column ranks 11 done (0.97/s) | 11.3s
⠴ Calculating GSVA column ranks 14 done (0.95/s) | 14.8s
⠦ Calculating GSVA column ranks 17 done (0.91/s) | 18.7s
⠧ Calculating GSVA column ranks 19 done (0.88/s) | 21.5s
⠇ Calculating GSVA column ranks 21 done (0.86/s) | 24.4s
⠏ Calculating GSVA column ranks 23 done (0.84/s) | 27.4s
⠋ Calculating GSVA column ranks 25 done (0.82/s) | 30.6s
⠙ Calculating GSVA column ranks 27 done (0.81/s) | 33.5s
⠹ Calculating GSVA column ranks 29 done (0.8/s) | 36.5s
⠸ Calculating GSVA column ranks 31 done (0.78/s) | 39.8s
⠼ Calculating GSVA column ranks 33 done (0.76/s) | 43.1s
⠴ Calculating GSVA column ranks 35 done (0.75/s) | 46.8s
⠦ Calculating GSVA column ranks 37 done (0.74/s) | 50.3s
⠧ Calculating GSVA column ranks 39 done (0.72/s) | 54s
⠇ Calculating GSVA column ranks 41 done (0.71/s) | 58.1s
⠏ Calculating GSVA column ranks 43 done (0.7/s) | 1m 1.7s
⠋ Calculating GSVA column ranks 45 done (0.69/s) | 1m 5.6s
⠙ Calculating GSVA column ranks 46 done (0.68/s) | 1m 7.9s
⠹ Calculating GSVA column ranks 48 done (0.67/s) | 1m 11.8s
⠸ Calculating GSVA column ranks 50 done (0.66/s) | 1m 15.8s
⠼ Calculating GSVA column ranks 51 done (0.65/s) | 1m 18s
⠴ Calculating GSVA column ranks 52 done (0.65/s) | 1m 20.1s
⠦ Calculating GSVA column ranks 54 done (0.64/s) | 1m 24.2s
⠧ Calculating GSVA column ranks 55 done (0.64/s) | 1m 26.6s
⠇ Calculating GSVA column ranks 57 done (0.63/s) | 1m 30.9s
⠏ Calculating GSVA column ranks 58 done (0.62/s) | 1m 33.1s
⠋ Calculating GSVA column ranks 59 done (0.61/s) | 1m 37.5s
⠙ Calculating GSVA column ranks 60 done (0.6/s) | 1m 39.5s
⠹ Calculating GSVA column ranks 62 done (0.6/s) | 1m 43.8s
⠸ Calculating GSVA column ranks 63 done (0.59/s) | 1m 46s
⠼ Calculating GSVA column ranks 65 done (0.59/s) | 1m 50.5s
⠴ Calculating GSVA column ranks 66 done (0.58/s) | 1m 53.3s
⠦ Calculating GSVA column ranks 67 done (0.58/s) | 1m 55.5s
⠧ Calculating GSVA column ranks 69 done (0.57/s) | 2m 0.1s
⠇ Calculating GSVA column ranks 70 done (0.57/s) | 2m 2.5s
⠏ Calculating GSVA column ranks 71 done (0.57/s) | 2m 5s
⠋ Calculating GSVA column ranks 72 done (0.56/s) | 2m 7.9s
⠙ Calculating GSVA column ranks 74 done (0.56/s) | 2m 12.6s
⠹ Calculating GSVA column ranks 75 done (0.56/s) | 2m 15s
⠸ Calculating GSVA column ranks 76 done (0.55/s) | 2m 17.8s
⠼ Calculating GSVA column ranks 77 done (0.55/s) | 2m 20.2s
⠴ Calculating GSVA column ranks 79 done (0.54/s) | 2m 25.5s
⠦ Calculating GSVA column ranks 80 done (0.54/s) | 2m 27.9s
⠧ Calculating GSVA column ranks 81 done (0.54/s) | 2m 30.4s
⠇ Calculating GSVA column ranks 82 done (0.54/s) | 2m 33s
⠏ Calculating GSVA column ranks 83 done (0.53/s) | 2m 35.8s
⠋ Calculating GSVA column ranks 84 done (0.53/s) | 2m 39.2s
⠙ Calculating GSVA column ranks 85 done (0.52/s) | 2m 42s
⠹ Calculating GSVA column ranks 86 done (0.52/s) | 2m 45s
⠸ Calculating GSVA column ranks 87 done (0.52/s) | 2m 48.1s
⠼ Calculating GSVA column ranks 88 done (0.51/s) | 2m 51s
⠴ Calculating GSVA column ranks 89 done (0.51/s) | 2m 54.3s
⠦ Calculating GSVA column ranks 90 done (0.51/s) | 2m 57.1s
⠧ Calculating GSVA column ranks 91 done (0.51/s) | 2m 59.9s
⠇ Calculating GSVA column ranks 92 done (0.5/s) | 3m 2.8s
⠏ Calculating GSVA column ranks 93 done (0.5/s) | 3m 6.1s
⠋ Calculating GSVA column ranks 94 done (0.5/s) | 3m 9s
⠙ Calculating GSVA column ranks 95 done (0.49/s) | 3m 12s
⠹ Calculating GSVA column ranks 96 done (0.49/s) | 3m 15.3s
⠸ Calculating GSVA column ranks 97 done (0.49/s) | 3m 18.5s
⠼ Calculating GSVA column ranks 98 done (0.49/s) | 3m 22.1s
⠴ Calculating GSVA column ranks 99 done (0.48/s) | 3m 25s
⠦ Calculating GSVA column ranks 100 done (0.48/s) | 3m 28s
ℹ Using a MulticoreParam parallel back-end with 2 workers
ℹ Calculating GSVA scores
ℹ Calculating GSVA scores with 2 cores
✔ Calculations finished
