nohup: ignoring input

Attaching package: ‘dplyr’

The following objects are masked from ‘package:stats’:

    filter, lag

The following objects are masked from ‘package:base’:

    intersect, setdiff, setequal, union


Attaching package: ‘data.table’

The following objects are masked from ‘package:dplyr’:

    between, first, last

ℹ Updating SigBridgeR documentation
ℹ Loading SigBridgeR
✔ SigBridgeR v2.5.4 loaded
ℹ [2025/11/25 15:49:33] Scissor start...
ℹ [2025/11/25 15:49:33] Start from raw data...
ℹ Using "RNA_snn" graph for network.
Warning in asMethod(object) :
  sparse->dense coercion: allocating vector of size 22.3 GiB
ℹ [2025/11/25 15:49:54] Normalizing quantiles of data
Warning in asMethod(object) :
  sparse->dense coercion: allocating vector of size 5.0 GiB
ℹ [2025/11/25 15:51:37] Subsetting data
ℹ [2025/11/25 15:51:45] Calculating correlation
----------------------------------------
Five-number summary of correlations:
0.404462 0.437457 0.448374 0.458635 0.486082
----------------------------------------
ℹ [2025/11/25 15:54:23] Perform cox regression on the given clinical outcomes...
✔ [2025/11/25 15:58:09] Statistics data saved to 'Scissor_inputs.RData'.
ℹ [2025/11/25 15:58:10] Screening...

── At alpha = 0.005 ──

Scissor identified 0 Scissor+ cells and 0 Scissor- cells.
The percentage of selected cell is: 0%
ℹ [2025/11/25 16:37:24] Scissor Ended.
