nohup: ignoring input
✔ Setting active project to "/home/yyx/R/Project/R_code/paper_SigBridgeR".
ℹ Data loaded
✔ Successfully merged 2 objects.
ℹ skip scissor
ℹ skip scpas
ℹ skip scab
ℹ skip scpp
ℹ LP_SGL has only 1 group
ℹ skip lp_sgl
ℹ DEGAS has only 1 group
ℹ skip degas
Calculate differential gene set : AUCell
Finish!
Calculate differential gene set : UCell
Finish!
Calculate differential gene set : singscore
Finish!
Calculate differential gene set : ssgsea
Finish!

── PIPET Done! ──

✔ All done!
