nohup: ignoring input

Attaching package: ‘dplyr’

The following objects are masked from ‘package:stats’:

    filter, lag

The following objects are masked from ‘package:base’:

    intersect, setdiff, setequal, union


Attaching package: ‘data.table’

The following objects are masked from ‘package:dplyr’:

    between, first, last

ℹ Updating SigBridgeR documentation
ℹ Loading SigBridgeR
✔ SigBridgeR v2.5.4 loaded
ℹ [2025/12/11 11:13:55] Start scPAS screening.
ℹ [2025/12/11 11:14:02] Quantile normalizing bulk data
ℹ [2025/12/11 11:14:02] Imputation of missing values in single cell RNA-sequencing data with "KNN"
Warning: Layer counts isn't present in the assay object; returning NULL
ℹ [2025/12/11 11:14:39] Extracting single-cell expression profiles...
ℹ [2025/12/11 11:14:46] Constructing a gene-gene similarity by single cell data
Building SNN based on a provided distance matrix
Computing SNN
ℹ [2025/12/11 11:15:00] Optimizing the network-regularized sparse regression model
ℹ [2025/12/11 11:15:00] Current phenotype contains 59 Type and 504 NA samples.
ℹ [2025/12/11 11:15:00] Perform logistic regression on the given phenotypes...

── At alpha = 0.001 ──

lambda = 2.74931911846964
scPAS identified 0 risk+ features and 0 risk- features.
The percentage of selected feature is: 0%
ℹ [2025/12/11 11:16:06] Calculating quantified risk scores...
ℹ [2025/12/11 11:16:13] Qualitative identification by permutation test program with 2000 times random perturbations...
✔ [2025/12/11 11:16:15] scPAS screening done.
ℹ [2025/12/11 11:16:16] Start scPAS screening.
ℹ [2025/12/11 11:16:21] Quantile normalizing bulk data
ℹ [2025/12/11 11:16:22] Extracting single-cell expression profiles...
ℹ [2025/12/11 11:16:22] Constructing a gene-gene similarity by single cell data
Building SNN based on a provided distance matrix
Computing SNN
ℹ [2025/12/11 11:16:27] Optimizing the network-regularized sparse regression model
ℹ [2025/12/11 11:16:27] Current phenotype contains 59 Type and 504 NA samples.
ℹ [2025/12/11 11:16:27] Perform logistic regression on the given phenotypes...

── At alpha = 0.001 ──

lambda = 2.75658060763513
scPAS identified 0 risk+ features and 0 risk- features.
The percentage of selected feature is: 0%
ℹ [2025/12/11 11:17:22] Calculating quantified risk scores...
ℹ [2025/12/11 11:17:24] Qualitative identification by permutation test program with 2000 times random perturbations...
✔ [2025/12/11 11:17:26] scPAS screening done.
ℹ [2025/12/11 11:17:27] Start scPAS screening.
ℹ [2025/12/11 11:17:32] Quantile normalizing bulk data
ℹ [2025/12/11 11:17:32] Extracting single-cell expression profiles...
ℹ [2025/12/11 11:17:33] Constructing a gene-gene similarity by single cell data
Building SNN based on a provided distance matrix
Computing SNN
ℹ [2025/12/11 11:17:37] Optimizing the network-regularized sparse regression model
ℹ [2025/12/11 11:17:37] Current phenotype contains 59 Type and 504 NA samples.
ℹ [2025/12/11 11:17:37] Perform logistic regression on the given phenotypes...

── At alpha = 0.001 ──

lambda = 2.75792352245311
scPAS identified 0 risk+ features and 0 risk- features.
The percentage of selected feature is: 0%
ℹ [2025/12/11 11:18:30] Calculating quantified risk scores...
ℹ [2025/12/11 11:18:32] Qualitative identification by permutation test program with 2000 times random perturbations...
✔ [2025/12/11 11:18:34] scPAS screening done.
ℹ [2025/12/11 11:18:34] Start scPAS screening.
ℹ [2025/12/11 11:18:40] Quantile normalizing bulk data
ℹ [2025/12/11 11:18:40] Imputation of missing values in single cell RNA-sequencing data with "ALRA"
ℹ [2025/12/11 11:18:40] Read matrix with 32178 cells and 11591 genes
ℹ [2025/12/11 11:19:14] Chose k = 62
ℹ [2025/12/11 11:19:14] Getting nonzeros
ℹ [2025/12/11 11:19:15] Randomized SVD
ℹ [2025/12/11 11:20:33] Find the 0.001 quantile of each gene
ℹ [2025/12/11 11:20:40] Sweeping
Warning in asMethod(object) :
  sparse->dense coercion: allocating vector of size 2.8 GiB
Warning in .sparse2dense(if (.M.shape(x) == "t") .M2gen(x) else x) :
  sparse->dense coercion: allocating vector of size 1.4 GiB
ℹ [2025/12/11 11:21:18] Scaling all except for 0 columns
ℹ [2025/12/11 11:21:38] 0% of the values became negative in the scaling process and were set to zero
ℹ [2025/12/11 11:21:50] The matrix went from 13.906% nonzero to 59.677% nonzero
Warning: Layer counts isn't present in the assay object; returning NULL
ℹ [2025/12/11 11:22:15] Extracting single-cell expression profiles...
ℹ [2025/12/11 11:22:18] Constructing a gene-gene similarity by single cell data
Building SNN based on a provided distance matrix
Computing SNN
ℹ [2025/12/11 11:22:24] Optimizing the network-regularized sparse regression model
ℹ [2025/12/11 11:22:24] Current phenotype contains 59 Type and 504 NA samples.
ℹ [2025/12/11 11:22:24] Perform logistic regression on the given phenotypes...

── At alpha = 0.001 ──

lambda = 2.7612086838005
scPAS identified 0 risk+ features and 0 risk- features.
The percentage of selected feature is: 0%
ℹ [2025/12/11 11:22:27] Calculating quantified risk scores...
ℹ [2025/12/11 11:22:27] Qualitative identification by permutation test program with 2000 times random perturbations...
✔ [2025/12/11 11:22:29] scPAS screening done.
ℹ [2025/12/11 11:22:29] Start scPAS screening.
ℹ [2025/12/11 11:22:35] Quantile normalizing bulk data
ℹ [2025/12/11 11:22:35] Extracting single-cell expression profiles...
ℹ [2025/12/11 11:22:37] Constructing a gene-gene similarity by single cell data
Warning in .M2v(x) :
  sparse->dense coercion: allocating vector of size 1.1 GiB
Building SNN based on a provided distance matrix
Computing SNN
ℹ [2025/12/11 11:22:50] Optimizing the network-regularized sparse regression model
ℹ [2025/12/11 11:22:50] Current phenotype contains 59 Type and 504 NA samples.
ℹ [2025/12/11 11:22:50] Perform logistic regression on the given phenotypes...

── At alpha = 0.001 ──

lambda = 2.80603536297031
scPAS identified 0 risk+ features and 0 risk- features.
The percentage of selected feature is: 0%
ℹ [2025/12/11 11:24:45] Calculating quantified risk scores...
ℹ [2025/12/11 11:24:51] Qualitative identification by permutation test program with 2000 times random perturbations...
✔ [2025/12/11 11:24:55] scPAS screening done.
ℹ [2025/12/11 11:24:55] Start scPAS screening.
ℹ [2025/12/11 11:25:00] Quantile normalizing bulk data
ℹ [2025/12/11 11:25:01] Imputation of missing values in single cell RNA-sequencing data with "KNN"
Warning: Layer counts isn't present in the assay object; returning NULL
ℹ [2025/12/11 11:25:35] Extracting single-cell expression profiles...
ℹ [2025/12/11 11:25:43] Constructing a gene-gene similarity by single cell data
Warning in .M2v(x) :
  sparse->dense coercion: allocating vector of size 1.1 GiB
Building SNN based on a provided distance matrix
Computing SNN
ℹ [2025/12/11 11:26:04] Optimizing the network-regularized sparse regression model
ℹ [2025/12/11 11:26:04] Current phenotype contains 59 Type and 504 NA samples.
ℹ [2025/12/11 11:26:04] Perform logistic regression on the given phenotypes...

── At alpha = 0.001 ──

lambda = 2.80568503208248
scPAS identified 0 risk+ features and 0 risk- features.
The percentage of selected feature is: 0%
ℹ [2025/12/11 11:27:28] Calculating quantified risk scores...
ℹ [2025/12/11 11:27:38] Qualitative identification by permutation test program with 2000 times random perturbations...
✔ [2025/12/11 11:27:41] scPAS screening done.
ℹ [2025/12/11 11:27:42] Start scPAS screening.
ℹ [2025/12/11 11:27:47] Quantile normalizing bulk data
ℹ [2025/12/11 11:27:47] Extracting single-cell expression profiles...
ℹ [2025/12/11 11:27:48] Constructing a gene-gene similarity by single cell data
Building SNN based on a provided distance matrix
Computing SNN
ℹ [2025/12/11 11:27:59] Optimizing the network-regularized sparse regression model
ℹ [2025/12/11 11:27:59] Current phenotype contains 59 Type and 504 NA samples.
ℹ [2025/12/11 11:27:59] Perform logistic regression on the given phenotypes...

── At alpha = 0.001 ──

lambda = 2.80325291396814
scPAS identified 0 risk+ features and 0 risk- features.
The percentage of selected feature is: 0%
ℹ [2025/12/11 11:29:43] Calculating quantified risk scores...
ℹ [2025/12/11 11:29:49] Qualitative identification by permutation test program with 2000 times random perturbations...
✔ [2025/12/11 11:29:52] scPAS screening done.
ℹ [2025/12/11 11:29:52] Start scPAS screening.
ℹ [2025/12/11 11:29:56] Quantile normalizing bulk data
ℹ [2025/12/11 11:29:57] Imputation of missing values in single cell RNA-sequencing data with "ALRA"
ℹ [2025/12/11 11:29:57] Read matrix with 32178 cells and 11591 genes
ℹ [2025/12/11 11:30:34] Chose k = 60
ℹ [2025/12/11 11:30:34] Getting nonzeros
ℹ [2025/12/11 11:30:35] Randomized SVD
ℹ [2025/12/11 11:31:51] Find the 0.001 quantile of each gene
ℹ [2025/12/11 11:31:58] Sweeping
Warning in asMethod(object) :
  sparse->dense coercion: allocating vector of size 2.8 GiB
Warning in .sparse2dense(if (.M.shape(x) == "t") .M2gen(x) else x) :
  sparse->dense coercion: allocating vector of size 1.4 GiB
ℹ [2025/12/11 11:32:38] Scaling all except for 0 columns
ℹ [2025/12/11 11:33:01] 0% of the values became negative in the scaling process and were set to zero
ℹ [2025/12/11 11:33:15] The matrix went from 13.906% nonzero to 59.892% nonzero
Warning: Layer counts isn't present in the assay object; returning NULL
ℹ [2025/12/11 11:33:43] Extracting single-cell expression profiles...
ℹ [2025/12/11 11:33:47] Constructing a gene-gene similarity by single cell data
Building SNN based on a provided distance matrix
Computing SNN
ℹ [2025/12/11 11:33:56] Optimizing the network-regularized sparse regression model
ℹ [2025/12/11 11:33:56] Current phenotype contains 59 Type and 504 NA samples.
ℹ [2025/12/11 11:33:56] Perform logistic regression on the given phenotypes...

── At alpha = 0.001 ──

lambda = 2.75792352245311
scPAS identified 0 risk+ features and 0 risk- features.
The percentage of selected feature is: 0%
ℹ [2025/12/11 11:34:16] Calculating quantified risk scores...
ℹ [2025/12/11 11:34:17] Qualitative identification by permutation test program with 2000 times random perturbations...
✔ [2025/12/11 11:34:20] scPAS screening done.
ℹ [2025/12/11 11:34:20] Start scPAS screening.
ℹ [2025/12/11 11:34:25] Quantile normalizing bulk data
ℹ [2025/12/11 11:34:25] Extracting single-cell expression profiles...
ℹ [2025/12/11 11:34:26] Constructing a gene-gene similarity by single cell data
Building SNN based on a provided distance matrix
Computing SNN
ℹ [2025/12/11 11:34:33] Optimizing the network-regularized sparse regression model
ℹ [2025/12/11 11:34:33] Current phenotype contains 59 Type and 504 NA samples.
ℹ [2025/12/11 11:34:33] Perform logistic regression on the given phenotypes...

── At alpha = 0.001 ──

lambda = 2.74181555056269
scPAS identified 0 risk+ features and 0 risk- features.
The percentage of selected feature is: 0%
ℹ [2025/12/11 11:35:53] Calculating quantified risk scores...
ℹ [2025/12/11 11:35:57] Qualitative identification by permutation test program with 2000 times random perturbations...
✔ [2025/12/11 11:35:59] scPAS screening done.
ℹ [2025/12/11 11:36:00] Start scPAS screening.
ℹ [2025/12/11 11:36:04] Quantile normalizing bulk data
ℹ [2025/12/11 11:36:04] Imputation of missing values in single cell RNA-sequencing data with "ALRA"
ℹ [2025/12/11 11:36:05] Read matrix with 32178 cells and 11591 genes
ℹ [2025/12/11 11:36:40] Chose k = 64
ℹ [2025/12/11 11:36:40] Getting nonzeros
ℹ [2025/12/11 11:36:40] Randomized SVD
ℹ [2025/12/11 11:38:04] Find the 0.001 quantile of each gene
ℹ [2025/12/11 11:38:10] Sweeping
Warning in asMethod(object) :
  sparse->dense coercion: allocating vector of size 2.8 GiB
Warning in .sparse2dense(if (.M.shape(x) == "t") .M2gen(x) else x) :
  sparse->dense coercion: allocating vector of size 1.4 GiB
ℹ [2025/12/11 11:38:48] Scaling all except for 0 columns
ℹ [2025/12/11 11:39:10] 0% of the values became negative in the scaling process and were set to zero
ℹ [2025/12/11 11:39:22] The matrix went from 13.906% nonzero to 59.376% nonzero
Warning: Layer counts isn't present in the assay object; returning NULL
ℹ [2025/12/11 11:39:51] Extracting single-cell expression profiles...
ℹ [2025/12/11 11:40:00] Constructing a gene-gene similarity by single cell data
Building SNN based on a provided distance matrix
Computing SNN
ℹ [2025/12/11 11:40:10] Optimizing the network-regularized sparse regression model
ℹ [2025/12/11 11:40:10] Current phenotype contains 59 Type and 504 NA samples.
ℹ [2025/12/11 11:40:10] Perform logistic regression on the given phenotypes...

── At alpha = 0.001 ──

lambda = 2.74180667424249
scPAS identified 0 risk+ features and 0 risk- features.
The percentage of selected feature is: 0%
ℹ [2025/12/11 11:40:49] Calculating quantified risk scores...
ℹ [2025/12/11 11:40:54] Qualitative identification by permutation test program with 2000 times random perturbations...
✔ [2025/12/11 11:40:57] scPAS screening done.
ℹ [2025/12/11 11:40:57] Start scPAS screening.
ℹ [2025/12/11 11:41:02] Quantile normalizing bulk data
ℹ [2025/12/11 11:41:02] Imputation of missing values in single cell RNA-sequencing data with "KNN"
Warning: Layer counts isn't present in the assay object; returning NULL
ℹ [2025/12/11 11:41:38] Extracting single-cell expression profiles...
ℹ [2025/12/11 11:41:43] Constructing a gene-gene similarity by single cell data
Building SNN based on a provided distance matrix
Computing SNN
ℹ [2025/12/11 11:41:55] Optimizing the network-regularized sparse regression model
ℹ [2025/12/11 11:41:55] Current phenotype contains 59 Type and 504 NA samples.
ℹ [2025/12/11 11:41:55] Perform logistic regression on the given phenotypes...

── At alpha = 0.001 ──

lambda = 2.74145956833427
scPAS identified 0 risk+ features and 0 risk- features.
The percentage of selected feature is: 0%
ℹ [2025/12/11 11:42:50] Calculating quantified risk scores...
ℹ [2025/12/11 11:42:56] Qualitative identification by permutation test program with 2000 times random perturbations...
✔ [2025/12/11 11:42:58] scPAS screening done.
ℹ [2025/12/11 11:42:59] Start scPAS screening.
ℹ [2025/12/11 11:43:03] Quantile normalizing bulk data
ℹ [2025/12/11 11:43:04] Imputation of missing values in single cell RNA-sequencing data with "ALRA"
ℹ [2025/12/11 11:43:04] Read matrix with 32178 cells and 11591 genes
ℹ [2025/12/11 11:43:38] Chose k = 60
ℹ [2025/12/11 11:43:38] Getting nonzeros
ℹ [2025/12/11 11:43:38] Randomized SVD
ℹ [2025/12/11 11:44:55] Find the 0.001 quantile of each gene
ℹ [2025/12/11 11:45:03] Sweeping
Warning in asMethod(object) :
  sparse->dense coercion: allocating vector of size 2.8 GiB
Warning in .sparse2dense(if (.M.shape(x) == "t") .M2gen(x) else x) :
  sparse->dense coercion: allocating vector of size 1.4 GiB
ℹ [2025/12/11 11:45:43] Scaling all except for 0 columns
ℹ [2025/12/11 11:46:05] 0% of the values became negative in the scaling process and were set to zero
ℹ [2025/12/11 11:46:17] The matrix went from 13.906% nonzero to 59.937% nonzero
Warning: Layer counts isn't present in the assay object; returning NULL
ℹ [2025/12/11 11:46:46] Extracting single-cell expression profiles...
ℹ [2025/12/11 11:46:50] Constructing a gene-gene similarity by single cell data
Building SNN based on a provided distance matrix
Computing SNN
ℹ [2025/12/11 11:46:57] Optimizing the network-regularized sparse regression model
ℹ [2025/12/11 11:46:57] Current phenotype contains 59 Type and 504 NA samples.
ℹ [2025/12/11 11:46:57] Perform logistic regression on the given phenotypes...

── At alpha = 0.001 ──

lambda = 2.76207231569285
scPAS identified 0 risk+ features and 0 risk- features.
The percentage of selected feature is: 0%
ℹ [2025/12/11 11:47:01] Calculating quantified risk scores...
ℹ [2025/12/11 11:47:02] Qualitative identification by permutation test program with 2000 times random perturbations...
✔ [2025/12/11 11:47:03] scPAS screening done.
ℹ [2025/12/11 11:47:04] Start scPAS screening.
ℹ [2025/12/11 11:47:08] Quantile normalizing bulk data
ℹ [2025/12/11 11:47:09] Imputation of missing values in single cell RNA-sequencing data with "KNN"
Warning: Layer counts isn't present in the assay object; returning NULL
ℹ [2025/12/11 11:47:43] Extracting single-cell expression profiles...
ℹ [2025/12/11 11:47:50] Constructing a gene-gene similarity by single cell data
Building SNN based on a provided distance matrix
Computing SNN
ℹ [2025/12/11 11:48:03] Optimizing the network-regularized sparse regression model
ℹ [2025/12/11 11:48:03] Current phenotype contains 59 Type and 504 NA samples.
ℹ [2025/12/11 11:48:03] Perform logistic regression on the given phenotypes...

── At alpha = 0.001 ──

lambda = 2.74145956833427
scPAS identified 0 risk+ features and 0 risk- features.
The percentage of selected feature is: 0%
ℹ [2025/12/11 11:48:58] Calculating quantified risk scores...
ℹ [2025/12/11 11:49:03] Qualitative identification by permutation test program with 2000 times random perturbations...
✔ [2025/12/11 11:49:06] scPAS screening done.
ℹ [2025/12/11 11:49:07] Start scPAS screening.
ℹ [2025/12/11 11:49:11] Quantile normalizing bulk data
ℹ [2025/12/11 11:49:12] Imputation of missing values in single cell RNA-sequencing data with "KNN"
Warning: Layer counts isn't present in the assay object; returning NULL
ℹ [2025/12/11 11:49:47] Extracting single-cell expression profiles...
ℹ [2025/12/11 11:49:53] Constructing a gene-gene similarity by single cell data
Building SNN based on a provided distance matrix
Computing SNN
ℹ [2025/12/11 11:50:06] Optimizing the network-regularized sparse regression model
ℹ [2025/12/11 11:50:06] Current phenotype contains 59 Type and 504 NA samples.
ℹ [2025/12/11 11:50:06] Perform logistic regression on the given phenotypes...

── At alpha = 0.001 ──

lambda = 2.74789130611531
scPAS identified 0 risk+ features and 0 risk- features.
The percentage of selected feature is: 0%
ℹ [2025/12/11 11:51:03] Calculating quantified risk scores...
ℹ [2025/12/11 11:51:09] Qualitative identification by permutation test program with 2000 times random perturbations...
✔ [2025/12/11 11:51:12] scPAS screening done.
ℹ [2025/12/11 11:51:12] Start scPAS screening.
ℹ [2025/12/11 11:51:17] Quantile normalizing bulk data
ℹ [2025/12/11 11:51:17] Imputation of missing values in single cell RNA-sequencing data with "ALRA"
ℹ [2025/12/11 11:51:18] Read matrix with 32178 cells and 11591 genes
ℹ [2025/12/11 11:51:51] Chose k = 65
ℹ [2025/12/11 11:51:51] Getting nonzeros
ℹ [2025/12/11 11:51:51] Randomized SVD
ℹ [2025/12/11 11:53:12] Find the 0.001 quantile of each gene
ℹ [2025/12/11 11:53:18] Sweeping
Warning in asMethod(object) :
  sparse->dense coercion: allocating vector of size 2.8 GiB
Warning in .sparse2dense(if (.M.shape(x) == "t") .M2gen(x) else x) :
  sparse->dense coercion: allocating vector of size 1.4 GiB
ℹ [2025/12/11 11:53:57] Scaling all except for 0 columns
ℹ [2025/12/11 11:54:19] 0% of the values became negative in the scaling process and were set to zero
ℹ [2025/12/11 11:54:31] The matrix went from 13.906% nonzero to 59.332% nonzero
Warning: Layer counts isn't present in the assay object; returning NULL
ℹ [2025/12/11 11:54:59] Extracting single-cell expression profiles...
ℹ [2025/12/11 11:55:03] Constructing a gene-gene similarity by single cell data
Building SNN based on a provided distance matrix
Computing SNN
ℹ [2025/12/11 11:55:09] Optimizing the network-regularized sparse regression model
ℹ [2025/12/11 11:55:09] Current phenotype contains 59 Type and 504 NA samples.
ℹ [2025/12/11 11:55:09] Perform logistic regression on the given phenotypes...

── At alpha = 0.001 ──

lambda = 2.76047017396828
scPAS identified 0 risk+ features and 0 risk- features.
The percentage of selected feature is: 0%
ℹ [2025/12/11 11:55:22] Calculating quantified risk scores...
ℹ [2025/12/11 11:55:22] Qualitative identification by permutation test program with 2000 times random perturbations...
✔ [2025/12/11 11:55:24] scPAS screening done.
ℹ [2025/12/11 11:55:25] Start scPAS screening.
ℹ [2025/12/11 11:55:29] Quantile normalizing bulk data
ℹ [2025/12/11 11:55:30] Imputation of missing values in single cell RNA-sequencing data with "KNN"
Warning: Layer counts isn't present in the assay object; returning NULL
ℹ [2025/12/11 11:56:05] Extracting single-cell expression profiles...
ℹ [2025/12/11 11:56:11] Constructing a gene-gene similarity by single cell data
Building SNN based on a provided distance matrix
Computing SNN
ℹ [2025/12/11 11:56:24] Optimizing the network-regularized sparse regression model
ℹ [2025/12/11 11:56:24] Current phenotype contains 59 Type and 504 NA samples.
ℹ [2025/12/11 11:56:24] Perform logistic regression on the given phenotypes...

── At alpha = 0.001 ──

lambda = 2.74792033837335
scPAS identified 0 risk+ features and 0 risk- features.
The percentage of selected feature is: 0%
ℹ [2025/12/11 11:57:24] Calculating quantified risk scores...
ℹ [2025/12/11 11:57:30] Qualitative identification by permutation test program with 2000 times random perturbations...
✔ [2025/12/11 11:57:33] scPAS screening done.
ℹ [2025/12/11 11:57:33] Start scPAS screening.
ℹ [2025/12/11 11:57:38] Quantile normalizing bulk data
ℹ [2025/12/11 11:57:39] Imputation of missing values in single cell RNA-sequencing data with "KNN"
Warning: Layer counts isn't present in the assay object; returning NULL
ℹ [2025/12/11 11:58:14] Extracting single-cell expression profiles...
ℹ [2025/12/11 11:58:20] Constructing a gene-gene similarity by single cell data
Building SNN based on a provided distance matrix
Computing SNN
ℹ [2025/12/11 11:58:37] Optimizing the network-regularized sparse regression model
ℹ [2025/12/11 11:58:37] Current phenotype contains 59 Type and 504 NA samples.
ℹ [2025/12/11 11:58:37] Perform logistic regression on the given phenotypes...

── At alpha = 0.001 ──

lambda = 2.80116677045483
scPAS identified 0 risk+ features and 0 risk- features.
The percentage of selected feature is: 0%
ℹ [2025/12/11 11:59:51] Calculating quantified risk scores...
ℹ [2025/12/11 11:59:59] Qualitative identification by permutation test program with 2000 times random perturbations...
✔ [2025/12/11 12:00:02] scPAS screening done.
ℹ [2025/12/11 12:00:02] Start scPAS screening.
ℹ [2025/12/11 12:00:07] Quantile normalizing bulk data
ℹ [2025/12/11 12:00:07] Imputation of missing values in single cell RNA-sequencing data with "ALRA"
ℹ [2025/12/11 12:00:08] Read matrix with 32178 cells and 11591 genes
ℹ [2025/12/11 12:00:42] Chose k = 63
ℹ [2025/12/11 12:00:42] Getting nonzeros
ℹ [2025/12/11 12:00:42] Randomized SVD
ℹ [2025/12/11 12:02:02] Find the 0.001 quantile of each gene
ℹ [2025/12/11 12:02:09] Sweeping
Warning in asMethod(object) :
  sparse->dense coercion: allocating vector of size 2.8 GiB
Warning in .sparse2dense(if (.M.shape(x) == "t") .M2gen(x) else x) :
  sparse->dense coercion: allocating vector of size 1.4 GiB
ℹ [2025/12/11 12:02:46] Scaling all except for 0 columns
ℹ [2025/12/11 12:03:08] 0% of the values became negative in the scaling process and were set to zero
ℹ [2025/12/11 12:03:20] The matrix went from 13.906% nonzero to 59.58% nonzero
Warning: Layer counts isn't present in the assay object; returning NULL
ℹ [2025/12/11 12:03:47] Extracting single-cell expression profiles...
ℹ [2025/12/11 12:03:52] Constructing a gene-gene similarity by single cell data
Building SNN based on a provided distance matrix
Computing SNN
ℹ [2025/12/11 12:03:58] Optimizing the network-regularized sparse regression model
ℹ [2025/12/11 12:03:58] Current phenotype contains 59 Type and 504 NA samples.
ℹ [2025/12/11 12:03:58] Perform logistic regression on the given phenotypes...

── At alpha = 0.001 ──

lambda = 2.76062535275541
scPAS identified 0 risk+ features and 0 risk- features.
The percentage of selected feature is: 0%
ℹ [2025/12/11 12:04:09] Calculating quantified risk scores...
ℹ [2025/12/11 12:04:10] Qualitative identification by permutation test program with 2000 times random perturbations...
✔ [2025/12/11 12:04:11] scPAS screening done.
ℹ [2025/12/11 12:04:12] Start scPAS screening.
ℹ [2025/12/11 12:04:15] Quantile normalizing bulk data
ℹ [2025/12/11 12:04:15] Imputation of missing values in single cell RNA-sequencing data with "ALRA"
ℹ [2025/12/11 12:04:16] Read matrix with 32178 cells and 11591 genes
ℹ [2025/12/11 12:04:49] Chose k = 63
ℹ [2025/12/11 12:04:50] Getting nonzeros
ℹ [2025/12/11 12:04:50] Randomized SVD
ℹ [2025/12/11 12:06:11] Find the 0.001 quantile of each gene
ℹ [2025/12/11 12:06:20] Sweeping
Warning in asMethod(object) :
  sparse->dense coercion: allocating vector of size 2.8 GiB
Warning in .sparse2dense(if (.M.shape(x) == "t") .M2gen(x) else x) :
  sparse->dense coercion: allocating vector of size 1.4 GiB
ℹ [2025/12/11 12:06:52] Scaling all except for 0 columns
ℹ [2025/12/11 12:07:09] 0% of the values became negative in the scaling process and were set to zero
ℹ [2025/12/11 12:07:19] The matrix went from 13.906% nonzero to 59.529% nonzero
Warning: Layer counts isn't present in the assay object; returning NULL
ℹ [2025/12/11 12:07:46] Extracting single-cell expression profiles...
ℹ [2025/12/11 12:07:51] Constructing a gene-gene similarity by single cell data
Building SNN based on a provided distance matrix
Computing SNN
ℹ [2025/12/11 12:08:02] Optimizing the network-regularized sparse regression model
ℹ [2025/12/11 12:08:02] Current phenotype contains 59 Type and 504 NA samples.
ℹ [2025/12/11 12:08:02] Perform logistic regression on the given phenotypes...

── At alpha = 0.001 ──

lambda = 2.74180667424249
scPAS identified 0 risk+ features and 0 risk- features.
The percentage of selected feature is: 0%
ℹ [2025/12/11 12:08:39] Calculating quantified risk scores...
ℹ [2025/12/11 12:08:42] Qualitative identification by permutation test program with 2000 times random perturbations...
✔ [2025/12/11 12:08:45] scPAS screening done.
ℹ [2025/12/11 12:08:45] Start scPAS screening.
ℹ [2025/12/11 12:08:48] Quantile normalizing bulk data
ℹ [2025/12/11 12:08:48] Extracting single-cell expression profiles...
ℹ [2025/12/11 12:08:49] Constructing a gene-gene similarity by single cell data
Building SNN based on a provided distance matrix
Computing SNN
ℹ [2025/12/11 12:08:51] Optimizing the network-regularized sparse regression model
ℹ [2025/12/11 12:08:51] Current phenotype contains 59 Type and 504 NA samples.
ℹ [2025/12/11 12:08:51] Perform logistic regression on the given phenotypes...

── At alpha = 0.001 ──

lambda = 2.76326166076853
scPAS identified 0 risk+ features and 0 risk- features.
The percentage of selected feature is: 0%
ℹ [2025/12/11 12:09:21] Calculating quantified risk scores...
ℹ [2025/12/11 12:09:22] Qualitative identification by permutation test program with 2000 times random perturbations...
✔ [2025/12/11 12:09:23] scPAS screening done.
ℹ [2025/12/11 12:09:23] Start scPAS screening.
ℹ [2025/12/11 12:09:27] Quantile normalizing bulk data
ℹ [2025/12/11 12:09:28] Imputation of missing values in single cell RNA-sequencing data with "KNN"
Warning: Layer counts isn't present in the assay object; returning NULL
ℹ [2025/12/11 12:09:57] Extracting single-cell expression profiles...
ℹ [2025/12/11 12:10:03] Constructing a gene-gene similarity by single cell data
Warning in .M2v(x) :
  sparse->dense coercion: allocating vector of size 1.1 GiB
Building SNN based on a provided distance matrix
Computing SNN
ℹ [2025/12/11 12:10:18] Optimizing the network-regularized sparse regression model
ℹ [2025/12/11 12:10:18] Current phenotype contains 59 Type and 504 NA samples.
ℹ [2025/12/11 12:10:18] Perform logistic regression on the given phenotypes...

── At alpha = 0.001 ──

lambda = 2.80603536297031
scPAS identified 0 risk+ features and 0 risk- features.
The percentage of selected feature is: 0%
ℹ [2025/12/11 12:11:41] Calculating quantified risk scores...
ℹ [2025/12/11 12:11:47] Qualitative identification by permutation test program with 2000 times random perturbations...
✔ [2025/12/11 12:11:49] scPAS screening done.
ℹ [2025/12/11 12:11:50] Start scPAS screening.
ℹ [2025/12/11 12:11:53] Quantile normalizing bulk data
ℹ [2025/12/11 12:11:53] Imputation of missing values in single cell RNA-sequencing data with "KNN"
Warning: Layer counts isn't present in the assay object; returning NULL
ℹ [2025/12/11 12:12:23] Extracting single-cell expression profiles...
ℹ [2025/12/11 12:12:26] Constructing a gene-gene similarity by single cell data
Building SNN based on a provided distance matrix
Computing SNN
ℹ [2025/12/11 12:12:29] Optimizing the network-regularized sparse regression model
ℹ [2025/12/11 12:12:29] Current phenotype contains 59 Type and 504 NA samples.
ℹ [2025/12/11 12:12:29] Perform logistic regression on the given phenotypes...

── At alpha = 0.001 ──

lambda = 2.76047017396828
scPAS identified 0 risk+ features and 0 risk- features.
The percentage of selected feature is: 0%
ℹ [2025/12/11 12:12:42] Calculating quantified risk scores...
ℹ [2025/12/11 12:12:44] Qualitative identification by permutation test program with 2000 times random perturbations...
✔ [2025/12/11 12:12:45] scPAS screening done.
ℹ [2025/12/11 12:12:45] Start scPAS screening.
ℹ [2025/12/11 12:12:49] Quantile normalizing bulk data
ℹ [2025/12/11 12:12:49] Extracting single-cell expression profiles...
ℹ [2025/12/11 12:12:50] Constructing a gene-gene similarity by single cell data
Building SNN based on a provided distance matrix
Computing SNN
ℹ [2025/12/11 12:12:53] Optimizing the network-regularized sparse regression model
ℹ [2025/12/11 12:12:53] Current phenotype contains 59 Type and 504 NA samples.
ℹ [2025/12/11 12:12:53] Perform logistic regression on the given phenotypes...

── At alpha = 0.001 ──

lambda = 2.7579978087833
scPAS identified 0 risk+ features and 0 risk- features.
The percentage of selected feature is: 0%
ℹ [2025/12/11 12:14:02] Calculating quantified risk scores...
ℹ [2025/12/11 12:14:04] Qualitative identification by permutation test program with 2000 times random perturbations...
✔ [2025/12/11 12:14:07] scPAS screening done.
ℹ [2025/12/11 12:14:07] Start scPAS screening.
ℹ [2025/12/11 12:14:12] Quantile normalizing bulk data
ℹ [2025/12/11 12:14:13] Imputation of missing values in single cell RNA-sequencing data with "KNN"
Warning: Layer counts isn't present in the assay object; returning NULL
ℹ [2025/12/11 12:14:48] Extracting single-cell expression profiles...
ℹ [2025/12/11 12:14:55] Constructing a gene-gene similarity by single cell data
Building SNN based on a provided distance matrix
Computing SNN
ℹ [2025/12/11 12:15:14] Optimizing the network-regularized sparse regression model
ℹ [2025/12/11 12:15:14] Current phenotype contains 59 Type and 504 NA samples.
ℹ [2025/12/11 12:15:14] Perform logistic regression on the given phenotypes...

── At alpha = 0.001 ──

lambda = 2.80224653951385
scPAS identified 0 risk+ features and 0 risk- features.
The percentage of selected feature is: 0%
ℹ [2025/12/11 12:16:31] Calculating quantified risk scores...
ℹ [2025/12/11 12:16:39] Qualitative identification by permutation test program with 2000 times random perturbations...
✔ [2025/12/11 12:16:42] scPAS screening done.
ℹ [2025/12/11 12:16:43] Start scPAS screening.
ℹ [2025/12/11 12:16:47] Quantile normalizing bulk data
ℹ [2025/12/11 12:16:48] Extracting single-cell expression profiles...
ℹ [2025/12/11 12:16:48] Constructing a gene-gene similarity by single cell data
Building SNN based on a provided distance matrix
Computing SNN
ℹ [2025/12/11 12:16:53] Optimizing the network-regularized sparse regression model
ℹ [2025/12/11 12:16:53] Current phenotype contains 59 Type and 504 NA samples.
ℹ [2025/12/11 12:16:53] Perform logistic regression on the given phenotypes...

── At alpha = 0.001 ──

lambda = 2.75792352245311
scPAS identified 0 risk+ features and 0 risk- features.
The percentage of selected feature is: 0%
ℹ [2025/12/11 12:17:44] Calculating quantified risk scores...
ℹ [2025/12/11 12:17:46] Qualitative identification by permutation test program with 2000 times random perturbations...
✔ [2025/12/11 12:17:48] scPAS screening done.
ℹ [2025/12/11 12:17:48] Start scPAS screening.
ℹ [2025/12/11 12:17:52] Quantile normalizing bulk data
ℹ [2025/12/11 12:17:53] Extracting single-cell expression profiles...
ℹ [2025/12/11 12:17:53] Constructing a gene-gene similarity by single cell data
Building SNN based on a provided distance matrix
Computing SNN
ℹ [2025/12/11 12:17:58] Optimizing the network-regularized sparse regression model
ℹ [2025/12/11 12:17:58] Current phenotype contains 59 Type and 504 NA samples.
ℹ [2025/12/11 12:17:58] Perform logistic regression on the given phenotypes...

── At alpha = 0.001 ──

lambda = 2.75541482926773
scPAS identified 0 risk+ features and 0 risk- features.
The percentage of selected feature is: 0%
ℹ [2025/12/11 12:18:59] Calculating quantified risk scores...
ℹ [2025/12/11 12:19:01] Qualitative identification by permutation test program with 2000 times random perturbations...
✔ [2025/12/11 12:19:03] scPAS screening done.

ℹ [2025/12/11 11:13:55] Start scPAS screening.
ℹ [2025/12/11 11:14:02] Quantile normalizing bulk data
ℹ [2025/12/11 11:14:03] Imputation of missing values in single cell RNA-sequencing data with "KNN"
Warning: Layer counts isn't present in the assay object; returning NULL
ℹ [2025/12/11 11:14:39] Extracting single-cell expression profiles...
ℹ [2025/12/11 11:14:47] Constructing a gene-gene similarity by single cell data
Warning in .M2v(x) :
  sparse->dense coercion: allocating vector of size 1.1 GiB
Building SNN based on a provided distance matrix
Computing SNN
ℹ [2025/12/11 11:15:09] Optimizing the network-regularized sparse regression model
ℹ [2025/12/11 11:15:09] Current phenotype contains 59 Type and 504 NA samples.
ℹ [2025/12/11 11:15:09] Perform logistic regression on the given phenotypes...

── At alpha = 0.001 ──

lambda = 2.80568503208248
scPAS identified 0 risk+ features and 0 risk- features.
The percentage of selected feature is: 0%
ℹ [2025/12/11 11:16:34] Calculating quantified risk scores...
ℹ [2025/12/11 11:16:44] Qualitative identification by permutation test program with 2000 times random perturbations...
✔ [2025/12/11 11:16:47] scPAS screening done.
ℹ [2025/12/11 11:16:48] Start scPAS screening.
ℹ [2025/12/11 11:16:53] Quantile normalizing bulk data
ℹ [2025/12/11 11:16:54] Imputation of missing values in single cell RNA-sequencing data with "ALRA"
ℹ [2025/12/11 11:16:54] Read matrix with 32178 cells and 11591 genes
ℹ [2025/12/11 11:17:30] Chose k = 61
ℹ [2025/12/11 11:17:30] Getting nonzeros
ℹ [2025/12/11 11:17:30] Randomized SVD
ℹ [2025/12/11 11:18:48] Find the 0.001 quantile of each gene
ℹ [2025/12/11 11:18:56] Sweeping
Warning in asMethod(object) :
  sparse->dense coercion: allocating vector of size 2.8 GiB
Warning in .sparse2dense(if (.M.shape(x) == "t") .M2gen(x) else x) :
  sparse->dense coercion: allocating vector of size 1.4 GiB
ℹ [2025/12/11 11:19:34] Scaling all except for 0 columns
ℹ [2025/12/11 11:19:55] 0% of the values became negative in the scaling process and were set to zero
ℹ [2025/12/11 11:20:07] The matrix went from 13.906% nonzero to 59.825% nonzero
Warning: Layer counts isn't present in the assay object; returning NULL
ℹ [2025/12/11 11:20:35] Extracting single-cell expression profiles...
ℹ [2025/12/11 11:20:42] Constructing a gene-gene similarity by single cell data
Warning in .M2v(x) :
  sparse->dense coercion: allocating vector of size 1.0 GiB
Building SNN based on a provided distance matrix
Computing SNN
ℹ [2025/12/11 11:21:03] Optimizing the network-regularized sparse regression model
ℹ [2025/12/11 11:21:03] Current phenotype contains 59 Type and 504 NA samples.
ℹ [2025/12/11 11:21:03] Perform logistic regression on the given phenotypes...

── At alpha = 0.001 ──

lambda = 2.80420933609294
scPAS identified 0 risk+ features and 0 risk- features.
The percentage of selected feature is: 0%
ℹ [2025/12/11 11:22:03] Calculating quantified risk scores...
ℹ [2025/12/11 11:22:11] Qualitative identification by permutation test program with 2000 times random perturbations...
✔ [2025/12/11 11:22:14] scPAS screening done.
ℹ [2025/12/11 11:22:14] Start scPAS screening.
ℹ [2025/12/11 11:22:18] Quantile normalizing bulk data
ℹ [2025/12/11 11:22:18] Imputation of missing values in single cell RNA-sequencing data with "ALRA"
ℹ [2025/12/11 11:22:18] Read matrix with 32178 cells and 11591 genes
ℹ [2025/12/11 11:22:53] Chose k = 60
ℹ [2025/12/11 11:22:53] Getting nonzeros
ℹ [2025/12/11 11:22:54] Randomized SVD
ℹ [2025/12/11 11:24:10] Find the 0.001 quantile of each gene
ℹ [2025/12/11 11:24:18] Sweeping
Warning in asMethod(object) :
  sparse->dense coercion: allocating vector of size 2.8 GiB
Warning in .sparse2dense(if (.M.shape(x) == "t") .M2gen(x) else x) :
  sparse->dense coercion: allocating vector of size 1.4 GiB
ℹ [2025/12/11 11:24:57] Scaling all except for 0 columns
ℹ [2025/12/11 11:25:19] 0% of the values became negative in the scaling process and were set to zero
ℹ [2025/12/11 11:25:31] The matrix went from 13.906% nonzero to 59.966% nonzero
Warning: Layer counts isn't present in the assay object; returning NULL
ℹ [2025/12/11 11:25:59] Extracting single-cell expression profiles...
ℹ [2025/12/11 11:26:04] Constructing a gene-gene similarity by single cell data
Building SNN based on a provided distance matrix
Computing SNN
ℹ [2025/12/11 11:26:11] Optimizing the network-regularized sparse regression model
ℹ [2025/12/11 11:26:11] Current phenotype contains 59 Type and 504 NA samples.
ℹ [2025/12/11 11:26:11] Perform logistic regression on the given phenotypes...

── At alpha = 0.001 ──

lambda = 2.76002120283178
scPAS identified 0 risk+ features and 0 risk- features.
The percentage of selected feature is: 0%
ℹ [2025/12/11 11:26:29] Calculating quantified risk scores...
ℹ [2025/12/11 11:26:31] Qualitative identification by permutation test program with 2000 times random perturbations...
✔ [2025/12/11 11:26:32] scPAS screening done.
ℹ [2025/12/11 11:26:32] Start scPAS screening.
ℹ [2025/12/11 11:26:36] Quantile normalizing bulk data
ℹ [2025/12/11 11:26:36] Extracting single-cell expression profiles...
ℹ [2025/12/11 11:26:37] Constructing a gene-gene similarity by single cell data
Building SNN based on a provided distance matrix
Computing SNN
ℹ [2025/12/11 11:26:40] Optimizing the network-regularized sparse regression model
ℹ [2025/12/11 11:26:40] Current phenotype contains 59 Type and 504 NA samples.
ℹ [2025/12/11 11:26:40] Perform logistic regression on the given phenotypes...

── At alpha = 0.001 ──

lambda = 2.75658060763513
scPAS identified 0 risk+ features and 0 risk- features.
The percentage of selected feature is: 0%
ℹ [2025/12/11 11:27:33] Calculating quantified risk scores...
ℹ [2025/12/11 11:27:35] Qualitative identification by permutation test program with 2000 times random perturbations...
✔ [2025/12/11 11:27:36] scPAS screening done.
ℹ [2025/12/11 11:27:37] Start scPAS screening.
ℹ [2025/12/11 11:27:40] Quantile normalizing bulk data
ℹ [2025/12/11 11:27:41] Imputation of missing values in single cell RNA-sequencing data with "KNN"
Warning: Layer counts isn't present in the assay object; returning NULL
ℹ [2025/12/11 11:28:14] Extracting single-cell expression profiles...
ℹ [2025/12/11 11:28:20] Constructing a gene-gene similarity by single cell data
Building SNN based on a provided distance matrix
Computing SNN
ℹ [2025/12/11 11:28:33] Optimizing the network-regularized sparse regression model
ℹ [2025/12/11 11:28:33] Current phenotype contains 59 Type and 504 NA samples.
ℹ [2025/12/11 11:28:33] Perform logistic regression on the given phenotypes...

── At alpha = 0.001 ──

lambda = 2.74933739169667
scPAS identified 0 risk+ features and 0 risk- features.
The percentage of selected feature is: 0%
ℹ [2025/12/11 11:29:42] Calculating quantified risk scores...
ℹ [2025/12/11 11:29:48] Qualitative identification by permutation test program with 2000 times random perturbations...
✔ [2025/12/11 11:29:51] scPAS screening done.
ℹ [2025/12/11 11:29:51] Start scPAS screening.
ℹ [2025/12/11 11:29:55] Quantile normalizing bulk data
ℹ [2025/12/11 11:29:55] Extracting single-cell expression profiles...
ℹ [2025/12/11 11:29:56] Constructing a gene-gene similarity by single cell data
Warning in .M2v(x) :
  sparse->dense coercion: allocating vector of size 1.1 GiB
Building SNN based on a provided distance matrix
Computing SNN
ℹ [2025/12/11 11:30:08] Optimizing the network-regularized sparse regression model
ℹ [2025/12/11 11:30:08] Current phenotype contains 59 Type and 504 NA samples.
ℹ [2025/12/11 11:30:08] Perform logistic regression on the given phenotypes...

── At alpha = 0.001 ──

lambda = 2.80603536297031
scPAS identified 0 risk+ features and 0 risk- features.
The percentage of selected feature is: 0%
ℹ [2025/12/11 11:32:01] Calculating quantified risk scores...
ℹ [2025/12/11 11:32:07] Qualitative identification by permutation test program with 2000 times random perturbations...
✔ [2025/12/11 11:32:09] scPAS screening done.
ℹ [2025/12/11 11:32:10] Start scPAS screening.
ℹ [2025/12/11 11:32:13] Quantile normalizing bulk data
ℹ [2025/12/11 11:32:14] Imputation of missing values in single cell RNA-sequencing data with "KNN"
Warning: Layer counts isn't present in the assay object; returning NULL
ℹ [2025/12/11 11:32:47] Extracting single-cell expression profiles...
ℹ [2025/12/11 11:32:54] Constructing a gene-gene similarity by single cell data
Warning in .M2v(x) :
  sparse->dense coercion: allocating vector of size 1.2 GiB
Building SNN based on a provided distance matrix
Computing SNN
ℹ [2025/12/11 11:33:16] Optimizing the network-regularized sparse regression model
ℹ [2025/12/11 11:33:16] Current phenotype contains 59 Type and 504 NA samples.
ℹ [2025/12/11 11:33:16] Perform logistic regression on the given phenotypes...

── At alpha = 0.001 ──

lambda = 2.80823181547593
scPAS identified 0 risk+ features and 0 risk- features.
The percentage of selected feature is: 0%
ℹ [2025/12/11 11:34:41] Calculating quantified risk scores...
ℹ [2025/12/11 11:34:51] Qualitative identification by permutation test program with 2000 times random perturbations...
✔ [2025/12/11 11:34:54] scPAS screening done.
ℹ [2025/12/11 11:34:55] Start scPAS screening.
ℹ [2025/12/11 11:34:58] Quantile normalizing bulk data
ℹ [2025/12/11 11:34:58] Extracting single-cell expression profiles...
ℹ [2025/12/11 11:34:59] Constructing a gene-gene similarity by single cell data
Building SNN based on a provided distance matrix
Computing SNN
ℹ [2025/12/11 11:35:01] Optimizing the network-regularized sparse regression model
ℹ [2025/12/11 11:35:01] Current phenotype contains 59 Type and 504 NA samples.
ℹ [2025/12/11 11:35:01] Perform logistic regression on the given phenotypes...

── At alpha = 0.001 ──

lambda = 2.76326166076853
scPAS identified 0 risk+ features and 0 risk- features.
The percentage of selected feature is: 0%
ℹ [2025/12/11 11:35:31] Calculating quantified risk scores...
ℹ [2025/12/11 11:35:31] Qualitative identification by permutation test program with 2000 times random perturbations...
✔ [2025/12/11 11:35:33] scPAS screening done.
ℹ [2025/12/11 11:35:33] Start scPAS screening.
ℹ [2025/12/11 11:35:37] Quantile normalizing bulk data
ℹ [2025/12/11 11:35:37] Imputation of missing values in single cell RNA-sequencing data with "ALRA"
ℹ [2025/12/11 11:35:37] Read matrix with 32178 cells and 11591 genes
ℹ [2025/12/11 11:36:11] Chose k = 63
ℹ [2025/12/11 11:36:11] Getting nonzeros
ℹ [2025/12/11 11:36:11] Randomized SVD
ℹ [2025/12/11 11:37:34] Find the 0.001 quantile of each gene
ℹ [2025/12/11 11:37:40] Sweeping
Warning in asMethod(object) :
  sparse->dense coercion: allocating vector of size 2.8 GiB
Warning in .sparse2dense(if (.M.shape(x) == "t") .M2gen(x) else x) :
  sparse->dense coercion: allocating vector of size 1.4 GiB
ℹ [2025/12/11 11:38:26] Scaling all except for 0 columns
ℹ [2025/12/11 11:38:49] 0% of the values became negative in the scaling process and were set to zero
ℹ [2025/12/11 11:39:01] The matrix went from 13.906% nonzero to 59.571% nonzero
Warning: Layer counts isn't present in the assay object; returning NULL
ℹ [2025/12/11 11:39:31] Extracting single-cell expression profiles...
ℹ [2025/12/11 11:39:34] Constructing a gene-gene similarity by single cell data
Building SNN based on a provided distance matrix
Computing SNN
ℹ [2025/12/11 11:39:41] Optimizing the network-regularized sparse regression model
ℹ [2025/12/11 11:39:41] Current phenotype contains 59 Type and 504 NA samples.
ℹ [2025/12/11 11:39:41] Perform logistic regression on the given phenotypes...

── At alpha = 0.001 ──

lambda = 2.76047017396828
scPAS identified 0 risk+ features and 0 risk- features.
The percentage of selected feature is: 0%
ℹ [2025/12/11 11:39:54] Calculating quantified risk scores...
ℹ [2025/12/11 11:39:55] Qualitative identification by permutation test program with 2000 times random perturbations...
✔ [2025/12/11 11:39:56] scPAS screening done.
ℹ [2025/12/11 11:39:57] Start scPAS screening.
ℹ [2025/12/11 11:40:00] Quantile normalizing bulk data
ℹ [2025/12/11 11:40:01] Imputation of missing values in single cell RNA-sequencing data with "ALRA"
ℹ [2025/12/11 11:40:01] Read matrix with 32178 cells and 11591 genes
ℹ [2025/12/11 11:40:35] Chose k = 62
ℹ [2025/12/11 11:40:35] Getting nonzeros
ℹ [2025/12/11 11:40:36] Randomized SVD
ℹ [2025/12/11 11:41:54] Find the 0.001 quantile of each gene
ℹ [2025/12/11 11:42:02] Sweeping
Warning in asMethod(object) :
  sparse->dense coercion: allocating vector of size 2.8 GiB
Warning in .sparse2dense(if (.M.shape(x) == "t") .M2gen(x) else x) :
  sparse->dense coercion: allocating vector of size 1.4 GiB
ℹ [2025/12/11 11:42:41] Scaling all except for 0 columns
ℹ [2025/12/11 11:43:03] 0% of the values became negative in the scaling process and were set to zero
ℹ [2025/12/11 11:43:15] The matrix went from 13.906% nonzero to 59.66% nonzero
Warning: Layer counts isn't present in the assay object; returning NULL
ℹ [2025/12/11 11:43:43] Extracting single-cell expression profiles...
ℹ [2025/12/11 11:43:51] Constructing a gene-gene similarity by single cell data
Warning in .M2v(x) :
  sparse->dense coercion: allocating vector of size 1.1 GiB
Building SNN based on a provided distance matrix
Computing SNN
ℹ [2025/12/11 11:44:12] Optimizing the network-regularized sparse regression model
ℹ [2025/12/11 11:44:12] Current phenotype contains 59 Type and 504 NA samples.
ℹ [2025/12/11 11:44:12] Perform logistic regression on the given phenotypes...

── At alpha = 0.001 ──

lambda = 2.80481734749377
scPAS identified 0 risk+ features and 0 risk- features.
The percentage of selected feature is: 0%
ℹ [2025/12/11 11:45:10] Calculating quantified risk scores...
ℹ [2025/12/11 11:45:18] Qualitative identification by permutation test program with 2000 times random perturbations...
✔ [2025/12/11 11:45:21] scPAS screening done.
ℹ [2025/12/11 11:45:22] Start scPAS screening.
ℹ [2025/12/11 11:45:25] Quantile normalizing bulk data
ℹ [2025/12/11 11:45:25] Imputation of missing values in single cell RNA-sequencing data with "KNN"
Warning: Layer counts isn't present in the assay object; returning NULL
ℹ [2025/12/11 11:45:59] Extracting single-cell expression profiles...
ℹ [2025/12/11 11:46:04] Constructing a gene-gene similarity by single cell data
Building SNN based on a provided distance matrix
Computing SNN
ℹ [2025/12/11 11:46:08] Optimizing the network-regularized sparse regression model
ℹ [2025/12/11 11:46:08] Current phenotype contains 59 Type and 504 NA samples.
ℹ [2025/12/11 11:46:08] Perform logistic regression on the given phenotypes...

── At alpha = 0.001 ──

lambda = 2.76033539659156
scPAS identified 0 risk+ features and 0 risk- features.
The percentage of selected feature is: 0%
ℹ [2025/12/11 11:46:24] Calculating quantified risk scores...
ℹ [2025/12/11 11:46:25] Qualitative identification by permutation test program with 2000 times random perturbations...
✔ [2025/12/11 11:46:26] scPAS screening done.
ℹ [2025/12/11 11:46:27] Start scPAS screening.
ℹ [2025/12/11 11:46:30] Quantile normalizing bulk data
ℹ [2025/12/11 11:46:31] Imputation of missing values in single cell RNA-sequencing data with "ALRA"
ℹ [2025/12/11 11:46:31] Read matrix with 32178 cells and 11591 genes
ℹ [2025/12/11 11:47:05] Chose k = 63
ℹ [2025/12/11 11:47:05] Getting nonzeros
ℹ [2025/12/11 11:47:06] Randomized SVD
ℹ [2025/12/11 11:48:27] Find the 0.001 quantile of each gene
ℹ [2025/12/11 11:48:33] Sweeping
Warning in asMethod(object) :
  sparse->dense coercion: allocating vector of size 2.8 GiB
Warning in .sparse2dense(if (.M.shape(x) == "t") .M2gen(x) else x) :
  sparse->dense coercion: allocating vector of size 1.4 GiB
ℹ [2025/12/11 11:49:12] Scaling all except for 0 columns
ℹ [2025/12/11 11:49:35] 0% of the values became negative in the scaling process and were set to zero
ℹ [2025/12/11 11:49:47] The matrix went from 13.906% nonzero to 59.581% nonzero
Warning: Layer counts isn't present in the assay object; returning NULL
ℹ [2025/12/11 11:50:16] Extracting single-cell expression profiles...
ℹ [2025/12/11 11:50:20] Constructing a gene-gene similarity by single cell data
Building SNN based on a provided distance matrix
Computing SNN
ℹ [2025/12/11 11:50:32] Optimizing the network-regularized sparse regression model
ℹ [2025/12/11 11:50:32] Current phenotype contains 59 Type and 504 NA samples.
ℹ [2025/12/11 11:50:32] Perform logistic regression on the given phenotypes...

── At alpha = 0.001 ──

lambda = 2.74725559023934
scPAS identified 0 risk+ features and 0 risk- features.
The percentage of selected feature is: 0%
ℹ [2025/12/11 11:51:01] Calculating quantified risk scores...
ℹ [2025/12/11 11:51:04] Qualitative identification by permutation test program with 2000 times random perturbations...
✔ [2025/12/11 11:51:06] scPAS screening done.
ℹ [2025/12/11 11:51:07] Start scPAS screening.
ℹ [2025/12/11 11:51:10] Quantile normalizing bulk data
ℹ [2025/12/11 11:51:10] Extracting single-cell expression profiles...
ℹ [2025/12/11 11:51:11] Constructing a gene-gene similarity by single cell data
Building SNN based on a provided distance matrix
Computing SNN
ℹ [2025/12/11 11:51:18] Optimizing the network-regularized sparse regression model
ℹ [2025/12/11 11:51:18] Current phenotype contains 59 Type and 504 NA samples.
ℹ [2025/12/11 11:51:18] Perform logistic regression on the given phenotypes...

── At alpha = 0.001 ──

lambda = 2.74145956833427
scPAS identified 0 risk+ features and 0 risk- features.
The percentage of selected feature is: 0%
ℹ [2025/12/11 11:52:45] Calculating quantified risk scores...
ℹ [2025/12/11 11:52:47] Qualitative identification by permutation test program with 2000 times random perturbations...
✔ [2025/12/11 11:52:49] scPAS screening done.
ℹ [2025/12/11 11:52:50] Start scPAS screening.
ℹ [2025/12/11 11:52:53] Quantile normalizing bulk data
ℹ [2025/12/11 11:52:53] Imputation of missing values in single cell RNA-sequencing data with "KNN"
Warning: Layer counts isn't present in the assay object; returning NULL
ℹ [2025/12/11 11:53:27] Extracting single-cell expression profiles...
ℹ [2025/12/11 11:53:30] Constructing a gene-gene similarity by single cell data
Building SNN based on a provided distance matrix
Computing SNN
ℹ [2025/12/11 11:53:33] Optimizing the network-regularized sparse regression model
ℹ [2025/12/11 11:53:33] Current phenotype contains 59 Type and 504 NA samples.
ℹ [2025/12/11 11:53:33] Perform logistic regression on the given phenotypes...

── At alpha = 0.001 ──

lambda = 2.76326166076853
scPAS identified 0 risk+ features and 0 risk- features.
The percentage of selected feature is: 0%
ℹ [2025/12/11 11:53:40] Calculating quantified risk scores...
ℹ [2025/12/11 11:53:41] Qualitative identification by permutation test program with 2000 times random perturbations...
✔ [2025/12/11 11:53:42] scPAS screening done.
ℹ [2025/12/11 11:53:42] Start scPAS screening.
ℹ [2025/12/11 11:53:45] Quantile normalizing bulk data
ℹ [2025/12/11 11:53:46] Imputation of missing values in single cell RNA-sequencing data with "KNN"
Warning: Layer counts isn't present in the assay object; returning NULL
ℹ [2025/12/11 11:54:20] Extracting single-cell expression profiles...
ℹ [2025/12/11 11:54:25] Constructing a gene-gene similarity by single cell data
Building SNN based on a provided distance matrix
Computing SNN
ℹ [2025/12/11 11:54:36] Optimizing the network-regularized sparse regression model
ℹ [2025/12/11 11:54:36] Current phenotype contains 59 Type and 504 NA samples.
ℹ [2025/12/11 11:54:36] Perform logistic regression on the given phenotypes...

── At alpha = 0.001 ──

lambda = 2.74145956833427
scPAS identified 0 risk+ features and 0 risk- features.
The percentage of selected feature is: 0%
ℹ [2025/12/11 11:55:31] Calculating quantified risk scores...
ℹ [2025/12/11 11:55:35] Qualitative identification by permutation test program with 2000 times random perturbations...
✔ [2025/12/11 11:55:37] scPAS screening done.
ℹ [2025/12/11 11:55:38] Start scPAS screening.
ℹ [2025/12/11 11:55:41] Quantile normalizing bulk data
ℹ [2025/12/11 11:55:41] Imputation of missing values in single cell RNA-sequencing data with "ALRA"
ℹ [2025/12/11 11:55:42] Read matrix with 32178 cells and 11591 genes
ℹ [2025/12/11 11:56:14] Chose k = 60
ℹ [2025/12/11 11:56:14] Getting nonzeros
ℹ [2025/12/11 11:56:15] Randomized SVD
ℹ [2025/12/11 11:57:30] Find the 0.001 quantile of each gene
ℹ [2025/12/11 11:57:37] Sweeping
Warning in asMethod(object) :
  sparse->dense coercion: allocating vector of size 2.8 GiB
Warning in .sparse2dense(if (.M.shape(x) == "t") .M2gen(x) else x) :
  sparse->dense coercion: allocating vector of size 1.4 GiB
ℹ [2025/12/11 11:58:15] Scaling all except for 0 columns
ℹ [2025/12/11 11:58:37] 0% of the values became negative in the scaling process and were set to zero
ℹ [2025/12/11 11:58:51] The matrix went from 13.906% nonzero to 59.876% nonzero
Warning: Layer counts isn't present in the assay object; returning NULL
ℹ [2025/12/11 11:59:19] Extracting single-cell expression profiles...
ℹ [2025/12/11 11:59:27] Constructing a gene-gene similarity by single cell data
Building SNN based on a provided distance matrix
Computing SNN
ℹ [2025/12/11 11:59:41] Optimizing the network-regularized sparse regression model
ℹ [2025/12/11 11:59:41] Current phenotype contains 59 Type and 504 NA samples.
ℹ [2025/12/11 11:59:41] Perform logistic regression on the given phenotypes...

── At alpha = 0.001 ──

lambda = 2.74933739169667
scPAS identified 0 risk+ features and 0 risk- features.
The percentage of selected feature is: 0%
ℹ [2025/12/11 12:00:21] Calculating quantified risk scores...
ℹ [2025/12/11 12:00:27] Qualitative identification by permutation test program with 2000 times random perturbations...
✔ [2025/12/11 12:00:30] scPAS screening done.
ℹ [2025/12/11 12:00:30] Start scPAS screening.
ℹ [2025/12/11 12:00:34] Quantile normalizing bulk data
ℹ [2025/12/11 12:00:34] Imputation of missing values in single cell RNA-sequencing data with "KNN"
Warning: Layer counts isn't present in the assay object; returning NULL
ℹ [2025/12/11 12:01:08] Extracting single-cell expression profiles...
ℹ [2025/12/11 12:01:15] Constructing a gene-gene similarity by single cell data
Warning in .M2v(x) :
  sparse->dense coercion: allocating vector of size 1.0 GiB
Building SNN based on a provided distance matrix
Computing SNN
ℹ [2025/12/11 12:01:33] Optimizing the network-regularized sparse regression model
ℹ [2025/12/11 12:01:33] Current phenotype contains 59 Type and 504 NA samples.
ℹ [2025/12/11 12:01:33] Perform logistic regression on the given phenotypes...

── At alpha = 0.001 ──

lambda = 2.80415321748029
scPAS identified 0 risk+ features and 0 risk- features.
The percentage of selected feature is: 0%
ℹ [2025/12/11 12:02:54] Calculating quantified risk scores...
ℹ [2025/12/11 12:03:02] Qualitative identification by permutation test program with 2000 times random perturbations...
✔ [2025/12/11 12:03:05] scPAS screening done.
ℹ [2025/12/11 12:03:05] Start scPAS screening.
ℹ [2025/12/11 12:03:09] Quantile normalizing bulk data
ℹ [2025/12/11 12:03:09] Extracting single-cell expression profiles...
ℹ [2025/12/11 12:03:10] Constructing a gene-gene similarity by single cell data
Building SNN based on a provided distance matrix
Computing SNN
ℹ [2025/12/11 12:03:16] Optimizing the network-regularized sparse regression model
ℹ [2025/12/11 12:03:16] Current phenotype contains 59 Type and 504 NA samples.
ℹ [2025/12/11 12:03:16] Perform logistic regression on the given phenotypes...

── At alpha = 0.001 ──

lambda = 2.74181555056269
scPAS identified 0 risk+ features and 0 risk- features.
The percentage of selected feature is: 0%
ℹ [2025/12/11 12:04:37] Calculating quantified risk scores...
ℹ [2025/12/11 12:04:40] Qualitative identification by permutation test program with 2000 times random perturbations...
✔ [2025/12/11 12:04:42] scPAS screening done.
ℹ [2025/12/11 12:04:43] Start scPAS screening.
ℹ [2025/12/11 12:04:46] Quantile normalizing bulk data
ℹ [2025/12/11 12:04:47] Imputation of missing values in single cell RNA-sequencing data with "ALRA"
ℹ [2025/12/11 12:04:47] Read matrix with 32178 cells and 11591 genes
ℹ [2025/12/11 12:05:22] Chose k = 62
ℹ [2025/12/11 12:05:22] Getting nonzeros
ℹ [2025/12/11 12:05:23] Randomized SVD
ℹ [2025/12/11 12:06:41] Find the 0.001 quantile of each gene
ℹ [2025/12/11 12:06:47] Sweeping
Warning in asMethod(object) :
  sparse->dense coercion: allocating vector of size 2.8 GiB
Warning in .sparse2dense(if (.M.shape(x) == "t") .M2gen(x) else x) :
  sparse->dense coercion: allocating vector of size 1.4 GiB
ℹ [2025/12/11 12:07:26] Scaling all except for 0 columns
ℹ [2025/12/11 12:07:48] 0% of the values became negative in the scaling process and were set to zero
ℹ [2025/12/11 12:07:59] The matrix went from 13.906% nonzero to 59.706% nonzero
Warning: Layer counts isn't present in the assay object; returning NULL
ℹ [2025/12/11 12:08:27] Extracting single-cell expression profiles...
ℹ [2025/12/11 12:08:32] Constructing a gene-gene similarity by single cell data
Building SNN based on a provided distance matrix
Computing SNN
ℹ [2025/12/11 12:08:50] Optimizing the network-regularized sparse regression model
ℹ [2025/12/11 12:08:50] Current phenotype contains 59 Type and 504 NA samples.
ℹ [2025/12/11 12:08:50] Perform logistic regression on the given phenotypes...

── At alpha = 0.001 ──

lambda = 2.80013014801428
scPAS identified 0 risk+ features and 0 risk- features.
The percentage of selected feature is: 0%
ℹ [2025/12/11 12:09:38] Calculating quantified risk scores...
ℹ [2025/12/11 12:09:44] Qualitative identification by permutation test program with 2000 times random perturbations...
✔ [2025/12/11 12:09:46] scPAS screening done.
ℹ [2025/12/11 12:09:47] Start scPAS screening.
ℹ [2025/12/11 12:09:50] Quantile normalizing bulk data
ℹ [2025/12/11 12:09:50] Imputation of missing values in single cell RNA-sequencing data with "ALRA"
ℹ [2025/12/11 12:09:51] Read matrix with 32178 cells and 11591 genes
ℹ [2025/12/11 12:10:24] Chose k = 66
ℹ [2025/12/11 12:10:24] Getting nonzeros
ℹ [2025/12/11 12:10:24] Randomized SVD
ℹ [2025/12/11 12:11:45] Find the 0.001 quantile of each gene
ℹ [2025/12/11 12:11:54] Sweeping
Warning in asMethod(object) :
  sparse->dense coercion: allocating vector of size 2.8 GiB
Warning in .sparse2dense(if (.M.shape(x) == "t") .M2gen(x) else x) :
  sparse->dense coercion: allocating vector of size 1.4 GiB
ℹ [2025/12/11 12:12:29] Scaling all except for 0 columns
ℹ [2025/12/11 12:12:47] 0% of the values became negative in the scaling process and were set to zero
ℹ [2025/12/11 12:12:58] The matrix went from 13.906% nonzero to 59.162% nonzero
Warning: Layer counts isn't present in the assay object; returning NULL
ℹ [2025/12/11 12:13:20] Extracting single-cell expression profiles...
ℹ [2025/12/11 12:13:25] Constructing a gene-gene similarity by single cell data
Building SNN based on a provided distance matrix
Computing SNN
ℹ [2025/12/11 12:13:40] Optimizing the network-regularized sparse regression model
ℹ [2025/12/11 12:13:40] Current phenotype contains 59 Type and 504 NA samples.
ℹ [2025/12/11 12:13:40] Perform logistic regression on the given phenotypes...

── At alpha = 0.001 ──

lambda = 2.74792033837335
scPAS identified 0 risk+ features and 0 risk- features.
The percentage of selected feature is: 0%
ℹ [2025/12/11 12:14:19] Calculating quantified risk scores...
ℹ [2025/12/11 12:14:24] Qualitative identification by permutation test program with 2000 times random perturbations...
✔ [2025/12/11 12:14:26] scPAS screening done.
ℹ [2025/12/11 12:14:27] Start scPAS screening.
ℹ [2025/12/11 12:14:30] Quantile normalizing bulk data
ℹ [2025/12/11 12:14:30] Imputation of missing values in single cell RNA-sequencing data with "ALRA"
ℹ [2025/12/11 12:14:31] Read matrix with 32178 cells and 11591 genes
ℹ [2025/12/11 12:15:04] Chose k = 63
ℹ [2025/12/11 12:15:04] Getting nonzeros
ℹ [2025/12/11 12:15:05] Randomized SVD
ℹ [2025/12/11 12:16:24] Find the 0.001 quantile of each gene
ℹ [2025/12/11 12:16:33] Sweeping
Warning in asMethod(object) :
  sparse->dense coercion: allocating vector of size 2.8 GiB
Warning in .sparse2dense(if (.M.shape(x) == "t") .M2gen(x) else x) :
  sparse->dense coercion: allocating vector of size 1.4 GiB
ℹ [2025/12/11 12:17:11] Scaling all except for 0 columns
ℹ [2025/12/11 12:17:34] 0% of the values became negative in the scaling process and were set to zero
ℹ [2025/12/11 12:17:44] The matrix went from 13.906% nonzero to 59.44% nonzero
Warning: Layer counts isn't present in the assay object; returning NULL
ℹ [2025/12/11 12:18:12] Extracting single-cell expression profiles...
ℹ [2025/12/11 12:18:16] Constructing a gene-gene similarity by single cell data
Building SNN based on a provided distance matrix
Computing SNN
ℹ [2025/12/11 12:18:22] Optimizing the network-regularized sparse regression model
ℹ [2025/12/11 12:18:22] Current phenotype contains 59 Type and 504 NA samples.
ℹ [2025/12/11 12:18:22] Perform logistic regression on the given phenotypes...

── At alpha = 0.001 ──

lambda = 2.76207231569285
scPAS identified 0 risk+ features and 0 risk- features.
The percentage of selected feature is: 0%
ℹ [2025/12/11 12:18:27] Calculating quantified risk scores...
ℹ [2025/12/11 12:18:27] Qualitative identification by permutation test program with 2000 times random perturbations...
✔ [2025/12/11 12:18:28] scPAS screening done.
ℹ [2025/12/11 12:18:29] Start scPAS screening.
ℹ [2025/12/11 12:18:32] Quantile normalizing bulk data
ℹ [2025/12/11 12:18:32] Imputation of missing values in single cell RNA-sequencing data with "KNN"
Warning: Layer counts isn't present in the assay object; returning NULL
ℹ [2025/12/11 12:19:06] Extracting single-cell expression profiles...
ℹ [2025/12/11 12:19:10] Constructing a gene-gene similarity by single cell data
Building SNN based on a provided distance matrix
Computing SNN
ℹ [2025/12/11 12:19:13] Optimizing the network-regularized sparse regression model
ℹ [2025/12/11 12:19:13] Current phenotype contains 59 Type and 504 NA samples.
ℹ [2025/12/11 12:19:13] Perform logistic regression on the given phenotypes...

── At alpha = 0.001 ──

lambda = 2.76062535275541
scPAS identified 0 risk+ features and 0 risk- features.
The percentage of selected feature is: 0%
ℹ [2025/12/11 12:19:23] Calculating quantified risk scores...
ℹ [2025/12/11 12:19:23] Qualitative identification by permutation test program with 2000 times random perturbations...
✔ [2025/12/11 12:19:24] scPAS screening done.
ℹ [2025/12/11 12:19:25] Start scPAS screening.
ℹ [2025/12/11 12:19:28] Quantile normalizing bulk data
ℹ [2025/12/11 12:19:28] Imputation of missing values in single cell RNA-sequencing data with "KNN"
Warning: Layer counts isn't present in the assay object; returning NULL
ℹ [2025/12/11 12:20:03] Extracting single-cell expression profiles...
ℹ [2025/12/11 12:20:08] Constructing a gene-gene similarity by single cell data
Building SNN based on a provided distance matrix
Computing SNN
ℹ [2025/12/11 12:20:12] Optimizing the network-regularized sparse regression model
ℹ [2025/12/11 12:20:12] Current phenotype contains 59 Type and 504 NA samples.
ℹ [2025/12/11 12:20:12] Perform logistic regression on the given phenotypes...

── At alpha = 0.001 ──

lambda = 2.76002120283178
scPAS identified 0 risk+ features and 0 risk- features.
The percentage of selected feature is: 0%
ℹ [2025/12/11 12:20:31] Calculating quantified risk scores...
ℹ [2025/12/11 12:20:32] Qualitative identification by permutation test program with 2000 times random perturbations...
✔ [2025/12/11 12:20:33] scPAS screening done.
ℹ [2025/12/11 12:20:33] Start scPAS screening.
ℹ [2025/12/11 12:20:37] Quantile normalizing bulk data
ℹ [2025/12/11 12:20:37] Imputation of missing values in single cell RNA-sequencing data with "ALRA"
ℹ [2025/12/11 12:20:37] Read matrix with 32178 cells and 11591 genes
ℹ [2025/12/11 12:21:11] Chose k = 64
ℹ [2025/12/11 12:21:11] Getting nonzeros
ℹ [2025/12/11 12:21:11] Randomized SVD
ℹ [2025/12/11 12:22:32] Find the 0.001 quantile of each gene
ℹ [2025/12/11 12:22:37] Sweeping
Warning in asMethod(object) :
  sparse->dense coercion: allocating vector of size 2.8 GiB
Warning in .sparse2dense(if (.M.shape(x) == "t") .M2gen(x) else x) :
  sparse->dense coercion: allocating vector of size 1.4 GiB
ℹ [2025/12/11 12:23:15] Scaling all except for 0 columns
ℹ [2025/12/11 12:23:37] 0% of the values became negative in the scaling process and were set to zero
ℹ [2025/12/11 12:23:47] The matrix went from 13.906% nonzero to 59.426% nonzero
Warning: Layer counts isn't present in the assay object; returning NULL
ℹ [2025/12/11 12:24:15] Extracting single-cell expression profiles...
ℹ [2025/12/11 12:24:20] Constructing a gene-gene similarity by single cell data
Building SNN based on a provided distance matrix
Computing SNN
ℹ [2025/12/11 12:24:25] Optimizing the network-regularized sparse regression model
ℹ [2025/12/11 12:24:25] Current phenotype contains 59 Type and 504 NA samples.
ℹ [2025/12/11 12:24:25] Perform logistic regression on the given phenotypes...

── At alpha = 0.001 ──

lambda = 2.7608709070848
scPAS identified 0 risk+ features and 0 risk- features.
The percentage of selected feature is: 0%
ℹ [2025/12/11 12:24:45] Calculating quantified risk scores...
ℹ [2025/12/11 12:24:45] Qualitative identification by permutation test program with 2000 times random perturbations...
✔ [2025/12/11 12:24:47] scPAS screening done.
ℹ [2025/12/11 12:24:47] Start scPAS screening.
ℹ [2025/12/11 12:24:51] Quantile normalizing bulk data
ℹ [2025/12/11 12:24:51] Extracting single-cell expression profiles...
ℹ [2025/12/11 12:24:51] Constructing a gene-gene similarity by single cell data
Building SNN based on a provided distance matrix
Computing SNN
ℹ [2025/12/11 12:24:55] Optimizing the network-regularized sparse regression model
ℹ [2025/12/11 12:24:55] Current phenotype contains 59 Type and 504 NA samples.
ℹ [2025/12/11 12:24:55] Perform logistic regression on the given phenotypes...

── At alpha = 0.001 ──

lambda = 2.7559130271473
scPAS identified 0 risk+ features and 0 risk- features.
The percentage of selected feature is: 0%
ℹ [2025/12/11 12:25:51] Calculating quantified risk scores...
ℹ [2025/12/11 12:25:52] Qualitative identification by permutation test program with 2000 times random perturbations...
✔ [2025/12/11 12:25:54] scPAS screening done.

            used   (Mb) gc trigger   (Mb)  max used   (Mb)
Ncells   4138564  221.1    7962594  425.3   7962594  425.3
Vcells 254011607 1938.0  329572810 2514.5 269784650 2058.3
✔ scPAS random search completed.
