nohup: ignoring input
✔ Setting active project to "/home/yyx/R/Project/R_code/paper_SigBridgeR".
Loading required package: SeuratObject
Loading required package: sp

Attaching package: ‘SeuratObject’

The following objects are masked from ‘package:base’:

    intersect, t

RcppML v0.5.5 using 'options(RcppML.threads = 0)' (all available threads), 'options(RcppML.verbose = FALSE)'
Validating object structure
Updating object slots
Ensuring keys are in the proper structure
Updating matrix keys for DimReduc ‘pca’
Updating matrix keys for DimReduc ‘umap’
Ensuring keys are in the proper structure
Ensuring feature names don't have underscores or pipes
Updating slots in RNA
Updating slots in RNA_nn
Setting default assay of RNA_nn to RNA
Updating slots in RNA_snn
Setting default assay of RNA_snn to RNA
Updating slots in pca
Updating slots in umap
Setting umap DimReduc to global
Setting assay used for ScaleData.RNA to RNA
Setting assay used for FindVariableFeatures.RNA to RNA
Setting assay used for RunPCA.RNA to RNA
Setting assay used for FindNeighbors.RNA.pca to RNA
No assay information could be found for FindClusters
Setting assay used for RunUMAP.RNA.pca to RNA
Validating object structure for Assay5 ‘RNA’
Validating object structure for Graph ‘RNA_nn’
Validating object structure for Graph ‘RNA_snn’
Validating object structure for DimReduc ‘pca’
Validating object structure for DimReduc ‘umap’
Object representation is consistent with the most current Seurat version
Error:
! The `slot` argument of `GetAssayData()` was deprecated in SeuratObject
  5.0.0 and is now defunct.
ℹ Please use the `layer` argument instead.
Backtrace:
    ▆
 1. └─irGSEA::irGSEA.score(...)
 2.   ├─SeuratObject::GetAssayData(object, assay = assay, slot = slot)
 3.   └─SeuratObject:::GetAssayData.Seurat(object, assay = assay, slot = slot)
 4.     └─SeuratObject::.Deprecate(...)
 5.       └─lifecycle::deprecate_stop(...)
 6.         └─lifecycle:::deprecate_stop0(msg)
 7.           └─rlang::cnd_signal(...)
Execution halted
