nohup: ignoring input

Attaching package: ‘dplyr’

The following objects are masked from ‘package:stats’:

    filter, lag

The following objects are masked from ‘package:base’:

    intersect, setdiff, setequal, union

Loading required package: SeuratObject
Loading required package: sp
‘SeuratObject’ was built under R 4.5.0 but the current version is
4.5.1; it is recomended that you reinstall ‘SeuratObject’ as the ABI
for R may have changed
‘SeuratObject’ was built with package ‘Matrix’ 1.7.3 but the current
version is 1.7.4; it is recomended that you reinstall ‘SeuratObject’ as
the ABI for ‘Matrix’ may have changed

Attaching package: ‘SeuratObject’

The following objects are masked from ‘package:base’:

    intersect, t

✔ scAB v1.0.0 loaded
ℹ Updating SigBridgeR documentation
ℹ Loading SigBridgeR
✔ SigBridgeR v2.5.4 loaded
ℹ  Using "RNA_snn" graph for network.
ℹ [2025/11/25 18:27:03] Calculating L, D and A
ℹ [2025/11/25 18:34:27] Normalizing quantiles of data
Warning in asMethod(object) :
  sparse->dense coercion: allocating vector of size 2.4 GiB
ℹ [2025/11/25 18:35:21] Calculating correlation
ℹ [2025/11/25 18:35:58] Guanranking
loss of 2: 0.00133966
loss of 3: 0.00136692
✔ Optimal K: 2
ℹ [2025/11/25 18:36:27] Selecting optimal `alpha` and `alpha_2`, this would take a while
Alpha = 0.00, alpha_2 = 0.00 ■■■■■■■                           20% | ETA:  1h
Alpha = 0.00, alpha_2 = 0.00 ■■■■■■■■■■■■■                     40% | ETA: 45m
Alpha = 0.00, alpha_2 = 0.00 ■■■■■■■■■■■■■■■■■■■               60% | ETA: 31m
Alpha = 0.00, alpha_2 = 0.00 ■■■■■■■■■■■■■■■■■■■■■■■■■         80% | ETA: 15m
Alpha = 0.00, alpha_2 = 0.00 ■■■■■■■■■■■■■■■■■■■■■■■■■■■■■■■  100% | ETA:  0s
Alpha = 0.00, alpha_2 = 0.00 ■■■■■■■                           20% | ETA:  1h
Alpha = 0.00, alpha_2 = 0.00 ■■■■■■■■■■■■■                     40% | ETA:  1h
Alpha = 0.00, alpha_2 = 0.00 ■■■■■■■■■■■■■■■■■■■               60% | ETA: 40m
Alpha = 0.00, alpha_2 = 0.00 ■■■■■■■■■■■■■■■■■■■■■■■■■         80% | ETA: 20m
Alpha = 0.00, alpha_2 = 0.00 ■■■■■■■■■■■■■■■■■■■■■■■■■■■■■■■  100% | ETA:  0s
Alpha = 0.01, alpha_2 = 0.00 ■■■■■■■                           20% | ETA:  2h
Alpha = 0.01, alpha_2 = 0.00 ■■■■■■■■■■■■■                     40% | ETA:  1h
Alpha = 0.01, alpha_2 = 0.00 ■■■■■■■■■■■■■■■■■■■               60% | ETA: 46m
Alpha = 0.01, alpha_2 = 0.00 ■■■■■■■■■■■■■■■■■■■■■■■■■         80% | ETA: 23m
Alpha = 0.01, alpha_2 = 0.00 ■■■■■■■■■■■■■■■■■■■■■■■■■■■■■■■  100% | ETA:  0s
Alpha = 0.01, alpha_2 = 0.00 ■■■■■■■                           20% | ETA:  2h
Alpha = 0.01, alpha_2 = 0.00 ■■■■■■■■■■■■■                     40% | ETA:  1h
Alpha = 0.01, alpha_2 = 0.00 ■■■■■■■■■■■■■■■■■■■               60% | ETA: 46m
Alpha = 0.01, alpha_2 = 0.00 ■■■■■■■■■■■■■■■■■■■■■■■■■         80% | ETA: 23m
Alpha = 0.01, alpha_2 = 0.00 ■■■■■■■■■■■■■■■■■■■■■■■■■■■■■■■  100% | ETA:  0s
Alpha = 0.05, alpha_2 = 0.00 ■■■■■■■                           20% | ETA:  2h
Alpha = 0.05, alpha_2 = 0.00 ■■■■■■■■■■■■■                     40% | ETA:  1h
Alpha = 0.05, alpha_2 = 0.00 ■■■■■■■■■■■■■■■■■■■               60% | ETA: 47m
Alpha = 0.05, alpha_2 = 0.00 ■■■■■■■■■■■■■■■■■■■■■■■■■         80% | ETA: 23m
Alpha = 0.05, alpha_2 = 0.00 ■■■■■■■■■■■■■■■■■■■■■■■■■■■■■■■  100% | ETA:  0s
Alpha = 0.00, alpha_2 = 0.00 ■■■■■■■                           20% | ETA:  1h
Alpha = 0.00, alpha_2 = 0.00 ■■■■■■■■■■■■■                     40% | ETA: 43m
Alpha = 0.00, alpha_2 = 0.00 ■■■■■■■■■■■■■■■■■■■               60% | ETA: 30m
Alpha = 0.00, alpha_2 = 0.00 ■■■■■■■■■■■■■■■■■■■■■■■■■         80% | ETA: 15m
Alpha = 0.00, alpha_2 = 0.00 ■■■■■■■■■■■■■■■■■■■■■■■■■■■■■■■  100% | ETA:  0s
Alpha = 0.00, alpha_2 = 0.00 ■■■■■■■                           20% | ETA:  1h
Alpha = 0.00, alpha_2 = 0.00 ■■■■■■■■■■■■■                     40% | ETA:  1h
Alpha = 0.00, alpha_2 = 0.00 ■■■■■■■■■■■■■■■■■■■               60% | ETA: 39m
Alpha = 0.00, alpha_2 = 0.00 ■■■■■■■■■■■■■■■■■■■■■■■■■         80% | ETA: 19m
Alpha = 0.00, alpha_2 = 0.00 ■■■■■■■■■■■■■■■■■■■■■■■■■■■■■■■  100% | ETA:  0s
Alpha = 0.01, alpha_2 = 0.00 ■■■■■■■                           20% | ETA:  1h
Alpha = 0.01, alpha_2 = 0.00 ■■■■■■■■■■■■■                     40% | ETA:  1h
Alpha = 0.01, alpha_2 = 0.00 ■■■■■■■■■■■■■■■■■■■               60% | ETA: 45m
Alpha = 0.01, alpha_2 = 0.00 ■■■■■■■■■■■■■■■■■■■■■■■■■         80% | ETA: 22m
Alpha = 0.01, alpha_2 = 0.00 ■■■■■■■■■■■■■■■■■■■■■■■■■■■■■■■  100% | ETA:  0s
Alpha = 0.01, alpha_2 = 0.00 ■■■■■■■                           20% | ETA:  2h
Alpha = 0.01, alpha_2 = 0.00 ■■■■■■■■■■■■■                     40% | ETA:  1h
Alpha = 0.01, alpha_2 = 0.00 ■■■■■■■■■■■■■■■■■■■               60% | ETA: 48m
Alpha = 0.01, alpha_2 = 0.00 ■■■■■■■■■■■■■■■■■■■■■■■■■         80% | ETA: 24m
Alpha = 0.01, alpha_2 = 0.00 ■■■■■■■■■■■■■■■■■■■■■■■■■■■■■■■  100% | ETA:  0s
Alpha = 0.05, alpha_2 = 0.00 ■■■■■■■                           20% | ETA:  2h
Alpha = 0.05, alpha_2 = 0.00 ■■■■■■■■■■■■■                     40% | ETA:  1h
Alpha = 0.05, alpha_2 = 0.00 ■■■■■■■■■■■■■■■■■■■               60% | ETA:  1h
Alpha = 0.05, alpha_2 = 0.00 ■■■■■■■■■■■■■■■■■■■■■■■■■         80% | ETA: 26m
Alpha = 0.05, alpha_2 = 0.00 ■■■■■■■■■■■■■■■■■■■■■■■■■■■■■■■  100% | ETA:  0s
Alpha = 0.00, alpha_2 = 0.01 ■■■■■■■                           20% | ETA: 49m
Alpha = 0.00, alpha_2 = 0.01 ■■■■■■■■■■■■■                     40% | ETA: 36m
Alpha = 0.00, alpha_2 = 0.01 ■■■■■■■■■■■■■■■■■■■               60% | ETA: 26m
Alpha = 0.00, alpha_2 = 0.01 ■■■■■■■■■■■■■■■■■■■■■■■■■         80% | ETA: 13m
Alpha = 0.00, alpha_2 = 0.01 ■■■■■■■■■■■■■■■■■■■■■■■■■■■■■■■  100% | ETA:  0s
Alpha = 0.00, alpha_2 = 0.01 ■■■■■■■                           20% | ETA:  1h
Alpha = 0.00, alpha_2 = 0.01 ■■■■■■■■■■■■■                     40% | ETA:  1h
Alpha = 0.00, alpha_2 = 0.01 ■■■■■■■■■■■■■■■■■■■               60% | ETA: 38m
Alpha = 0.00, alpha_2 = 0.01 ■■■■■■■■■■■■■■■■■■■■■■■■■         80% | ETA: 19m
Alpha = 0.00, alpha_2 = 0.01 ■■■■■■■■■■■■■■■■■■■■■■■■■■■■■■■  100% | ETA:  0s
Alpha = 0.01, alpha_2 = 0.01 ■■■■■■■                           20% | ETA:  2h
Alpha = 0.01, alpha_2 = 0.01 ■■■■■■■■■■■■■                     40% | ETA:  1h
Alpha = 0.01, alpha_2 = 0.01 ■■■■■■■■■■■■■■■■■■■               60% | ETA:  1h
Alpha = 0.01, alpha_2 = 0.01 ■■■■■■■■■■■■■■■■■■■■■■■■■         80% | ETA: 26m
Alpha = 0.01, alpha_2 = 0.01 ■■■■■■■■■■■■■■■■■■■■■■■■■■■■■■■  100% | ETA:  0s
Alpha = 0.01, alpha_2 = 0.01 ■■■■■■■                           20% | ETA:  2h
Alpha = 0.01, alpha_2 = 0.01 ■■■■■■■■■■■■■                     40% | ETA:  1h
Alpha = 0.01, alpha_2 = 0.01 ■■■■■■■■■■■■■■■■■■■               60% | ETA:  1h
Alpha = 0.01, alpha_2 = 0.01 ■■■■■■■■■■■■■■■■■■■■■■■■■         80% | ETA: 26m
Alpha = 0.01, alpha_2 = 0.01 ■■■■■■■■■■■■■■■■■■■■■■■■■■■■■■■  100% | ETA:  0s
Alpha = 0.05, alpha_2 = 0.01 ■■■■■■■                           20% | ETA:  2h
Alpha = 0.05, alpha_2 = 0.01 ■■■■■■■■■■■■■                     40% | ETA:  1h
Alpha = 0.05, alpha_2 = 0.01 ■■■■■■■■■■■■■■■■■■■               60% | ETA:  1h
Alpha = 0.05, alpha_2 = 0.01 ■■■■■■■■■■■■■■■■■■■■■■■■■         80% | ETA: 26m
Alpha = 0.05, alpha_2 = 0.01 ■■■■■■■■■■■■■■■■■■■■■■■■■■■■■■■  100% | ETA:  0s
Alpha = 0.00, alpha_2 = 0.01 ■■■■■■■                           20% | ETA: 37m
Alpha = 0.00, alpha_2 = 0.01 ■■■■■■■■■■■■■                     40% | ETA: 28m
Alpha = 0.00, alpha_2 = 0.01 ■■■■■■■■■■■■■■■■■■■               60% | ETA: 20m
Alpha = 0.00, alpha_2 = 0.01 ■■■■■■■■■■■■■■■■■■■■■■■■■         80% | ETA: 10m
Alpha = 0.00, alpha_2 = 0.01 ■■■■■■■■■■■■■■■■■■■■■■■■■■■■■■■  100% | ETA:  0s
Alpha = 0.00, alpha_2 = 0.01 ■■■■■■■                           20% | ETA:  1h
Alpha = 0.00, alpha_2 = 0.01 ■■■■■■■■■■■■■                     40% | ETA: 50m
Alpha = 0.00, alpha_2 = 0.01 ■■■■■■■■■■■■■■■■■■■               60% | ETA: 35m
Alpha = 0.00, alpha_2 = 0.01 ■■■■■■■■■■■■■■■■■■■■■■■■■         80% | ETA: 17m
Alpha = 0.00, alpha_2 = 0.01 ■■■■■■■■■■■■■■■■■■■■■■■■■■■■■■■  100% | ETA:  0s
Alpha = 0.01, alpha_2 = 0.01 ■■■■■■■                           20% | ETA:  2h
Alpha = 0.01, alpha_2 = 0.01 ■■■■■■■■■■■■■                     40% | ETA:  1h
Alpha = 0.01, alpha_2 = 0.01 ■■■■■■■■■■■■■■■■■■■               60% | ETA: 50m
Alpha = 0.01, alpha_2 = 0.01 ■■■■■■■■■■■■■■■■■■■■■■■■■         80% | ETA: 25m
Alpha = 0.01, alpha_2 = 0.01 ■■■■■■■■■■■■■■■■■■■■■■■■■■■■■■■  100% | ETA:  0s
Alpha = 0.01, alpha_2 = 0.01 ■■■■■■■                           20% | ETA:  2h
Alpha = 0.01, alpha_2 = 0.01 ■■■■■■■■■■■■■                     40% | ETA:  1h
Alpha = 0.01, alpha_2 = 0.01 ■■■■■■■■■■■■■■■■■■■               60% | ETA:  1h
Alpha = 0.01, alpha_2 = 0.01 ■■■■■■■■■■■■■■■■■■■■■■■■■         80% | ETA: 28m
Alpha = 0.01, alpha_2 = 0.01 ■■■■■■■■■■■■■■■■■■■■■■■■■■■■■■■  100% | ETA:  0s
Alpha = 0.05, alpha_2 = 0.01 ■■■■■■■                           20% | ETA:  2h
Alpha = 0.05, alpha_2 = 0.01 ■■■■■■■■■■■■■                     40% | ETA:  1h
Alpha = 0.05, alpha_2 = 0.01 ■■■■■■■■■■■■■■■■■■■               60% | ETA: 46m
Alpha = 0.05, alpha_2 = 0.01 ■■■■■■■■■■■■■■■■■■■■■■■■■         80% | ETA: 23m
Alpha = 0.05, alpha_2 = 0.01 ■■■■■■■■■■■■■■■■■■■■■■■■■■■■■■■  100% | ETA:  0s
Alpha = 0.00, alpha_2 = 0.05 ■■■■■■■                           20% | ETA: 24m
Alpha = 0.00, alpha_2 = 0.05 ■■■■■■■■■■■■■                     40% | ETA: 18m
Alpha = 0.00, alpha_2 = 0.05 ■■■■■■■■■■■■■■■■■■■               60% | ETA: 12m
Alpha = 0.00, alpha_2 = 0.05 ■■■■■■■■■■■■■■■■■■■■■■■■■         80% | ETA:  6m
Alpha = 0.00, alpha_2 = 0.05 ■■■■■■■■■■■■■■■■■■■■■■■■■■■■■■■  100% | ETA:  0s
Alpha = 0.00, alpha_2 = 0.05 ■■■■■■■                           20% | ETA: 28m
Alpha = 0.00, alpha_2 = 0.05 ■■■■■■■■■■■■■                     40% | ETA: 21m
Alpha = 0.00, alpha_2 = 0.05 ■■■■■■■■■■■■■■■■■■■               60% | ETA: 14m
Alpha = 0.00, alpha_2 = 0.05 ■■■■■■■■■■■■■■■■■■■■■■■■■         80% | ETA:  7m
Alpha = 0.00, alpha_2 = 0.05 ■■■■■■■■■■■■■■■■■■■■■■■■■■■■■■■  100% | ETA:  0s
Alpha = 0.01, alpha_2 = 0.05 ■■■■■■■                           20% | ETA:  1h
Alpha = 0.01, alpha_2 = 0.05 ■■■■■■■■■■■■■                     40% | ETA:  1h
Alpha = 0.01, alpha_2 = 0.05 ■■■■■■■■■■■■■■■■■■■               60% | ETA: 38m
Alpha = 0.01, alpha_2 = 0.05 ■■■■■■■■■■■■■■■■■■■■■■■■■         80% | ETA: 19m
Alpha = 0.01, alpha_2 = 0.05 ■■■■■■■■■■■■■■■■■■■■■■■■■■■■■■■  100% | ETA:  0s
Alpha = 0.01, alpha_2 = 0.05 ■■■■■■■                           20% | ETA:  1h
Alpha = 0.01, alpha_2 = 0.05 ■■■■■■■■■■■■■                     40% | ETA:  1h
Alpha = 0.01, alpha_2 = 0.05 ■■■■■■■■■■■■■■■■■■■               60% | ETA: 40m
Alpha = 0.01, alpha_2 = 0.05 ■■■■■■■■■■■■■■■■■■■■■■■■■         80% | ETA: 20m
Alpha = 0.01, alpha_2 = 0.05 ■■■■■■■■■■■■■■■■■■■■■■■■■■■■■■■  100% | ETA:  0s
Alpha = 0.05, alpha_2 = 0.05 ■■■■■■■                           20% | ETA:  1h
Alpha = 0.05, alpha_2 = 0.05 ■■■■■■■■■■■■■                     40% | ETA:  1h
Alpha = 0.05, alpha_2 = 0.05 ■■■■■■■■■■■■■■■■■■■               60% | ETA: 35m
Alpha = 0.05, alpha_2 = 0.05 ■■■■■■■■■■■■■■■■■■■■■■■■■         80% | ETA: 18m
Alpha = 0.05, alpha_2 = 0.05 ■■■■■■■■■■■■■■■■■■■■■■■■■■■■■■■  100% | ETA:  0s
✔ [2025/11/27 11:50:22] Best `alpha` and `alpha_2` are 5e-04 and 0.05
✔ Optimal parameters: alpha = 5e-04, alpha_2 = 0.05
[1] 1
